Fri 18 Apr 2025 18:56:24 INFO  
General Hyper Parameters:
gpu_id = 0
use_gpu = True
seed = 2020
state = INFO
reproducibility = True
data_path = dataset/mind
checkpoint_dir = ./saved/mind/
show_progress = True
save_dataset = True
dataset_save_path = None
save_dataloaders = True
dataloaders_save_path = None
log_wandb = False

Training Hyper Parameters:
epochs = 50
train_batch_size = 2048
learner = adam
learning_rate = 0.001
train_neg_sample_args = {'distribution': 'uniform', 'sample_num': 1, 'alpha': 1.0, 'dynamic': False, 'candidate_num': 0}
eval_step = 1
stopping_step = 50
clip_grad_norm = None
weight_decay = 0.0
loss_decimal_place = 4

Evaluation Hyper Parameters:
eval_args = {'split': {'RS': [0.8, 0.1, 0.1]}, 'group_by': 'user', 'order': 'RO', 'mode': 'full'}
repeatable = False
metrics = ['MRR']
topk = [10]
valid_metric = MRR@10
valid_metric_bigger = True
eval_batch_size = 4096
metric_decimal_place = 4

Dataset Hyper Parameters:
field_separator = 	
seq_separator =  
USER_ID_FIELD = user_id
ITEM_ID_FIELD = item_id
RATING_FIELD = rating
TIME_FIELD = timestamp
seq_len = None
LABEL_FIELD = label
threshold = None
NEG_PREFIX = neg_
load_col = {'inter': ['user_id', 'item_id']}
unload_col = None
unused_col = None
additional_feat_suffix = None
rm_dup_inter = None
val_interval = None
filter_inter_by_user_or_item = True
user_inter_num_interval = [0,inf)
item_inter_num_interval = [0,inf)
alias_of_user_id = None
alias_of_item_id = None
alias_of_entity_id = None
alias_of_relation_id = None
preload_weight = None
normalize_field = None
normalize_all = None
ITEM_LIST_LENGTH_FIELD = item_length
LIST_SUFFIX = _list
MAX_ITEM_LIST_LENGTH = 50
POSITION_FIELD = position_id
HEAD_ENTITY_ID_FIELD = head_id
TAIL_ENTITY_ID_FIELD = tail_id
RELATION_ID_FIELD = relation_id
ENTITY_ID_FIELD = entity_id
benchmark_filename = None

Other Hyper Parameters: 
worker = 0
wandb_project = recbole
shuffle = True
require_pow = False
enable_amp = False
enable_scaler = False
transform = None
algorithm = prod
embedding_size = 64
weight_size = 64
split_to = 0
reg_weights = [1e-07, 1e-07, 1e-05]
alpha = 0.0
beta = 0.5
pretrain_path = None
numerical_features = []
discretization = None
kg_reverse_r = False
entity_kg_num_interval = [0,inf)
relation_kg_num_interval = [0,inf)
MODEL_TYPE = ModelType.GENERAL
MODEL_INPUT_TYPE = InputType.POINTWISE
eval_type = EvaluatorType.RANKING
single_spec = True
local_rank = 0
device = cuda
eval_neg_sample_args = {'distribution': 'uniform', 'sample_num': 'none'}


Fri 18 Apr 2025 18:56:24 INFO  Load filtered dataset from: [./saved/mind/mind-Dataset.pth]
Fri 18 Apr 2025 18:56:24 INFO  mind
The number of users: 23680
Average actions of users: 44.282908906626126
The number of items: 4415
Average actions of items: 237.55663797009515
The number of inters: 1048575
The sparsity of the dataset: 98.9970319625968%
Remain Fields: ['user_id', 'item_id']
Fri 18 Apr 2025 18:56:32 INFO  Load split dataloaders from: [./saved/mind/mind-for-NAIS-dataloader.pth]
Fri 18 Apr 2025 18:56:32 INFO  [Training]: train_batch_size = [2048] train_neg_sample_args: [{'distribution': 'uniform', 'sample_num': 1, 'alpha': 1.0, 'dynamic': False, 'candidate_num': 0}]
Fri 18 Apr 2025 18:56:32 INFO  [Evaluation]: eval_batch_size = [4096] eval_args: [{'split': {'RS': [0.8, 0.1, 0.1]}, 'group_by': 'user', 'order': 'RO', 'mode': 'full'}]
Fri 18 Apr 2025 18:56:36 WARNING  Pay Attetion!! the `split_to` is set to 0. If you catch a OMM error in this case, you need to increase it 
			until the error disappears. For example, you can append it in the command line such as `--split_to=5`
Fri 18 Apr 2025 18:56:36 INFO  unused pretrain...
Fri 18 Apr 2025 18:56:36 INFO  NAIS(
  (item_src_embedding): Embedding(4415, 64, padding_idx=0)
  (item_dst_embedding): Embedding(4415, 64, padding_idx=0)
  (mlp_layers): MLPLayers(
    (mlp_layers): Sequential(
      (0): Dropout(p=0.0, inplace=False)
      (1): Linear(in_features=64, out_features=64, bias=True)
      (2): ReLU()
    )
  )
  (bceloss): BCEWithLogitsLoss()
)
Trainable parameters: 573759
Fri 18 Apr 2025 18:58:07 INFO  epoch 0 training [time: 83.34s, train loss: 165.5788]
Fri 18 Apr 2025 18:59:45 INFO  epoch 0 evaluating [time: 98.01s, valid_score: 0.499000]
Fri 18 Apr 2025 18:59:45 INFO  valid result: 
mrr@10 : 0.499
Fri 18 Apr 2025 18:59:45 INFO  Saving current: ./saved/mind/NAIS-Apr-18-2025_18-56-36.pth
Fri 18 Apr 2025 19:01:06 INFO  epoch 1 training [time: 81.19s, train loss: 67.6931]
Fri 18 Apr 2025 19:02:43 INFO  epoch 1 evaluating [time: 97.15s, valid_score: 0.411300]
Fri 18 Apr 2025 19:02:43 INFO  valid result: 
mrr@10 : 0.4113
Fri 18 Apr 2025 19:04:05 INFO  epoch 2 training [time: 81.21s, train loss: 15.7792]
Fri 18 Apr 2025 19:05:42 INFO  epoch 2 evaluating [time: 97.21s, valid_score: 0.264500]
Fri 18 Apr 2025 19:05:42 INFO  valid result: 
mrr@10 : 0.2645
Fri 18 Apr 2025 19:07:03 INFO  epoch 3 training [time: 81.13s, train loss: 6.8509]
Fri 18 Apr 2025 19:08:41 INFO  epoch 3 evaluating [time: 98.26s, valid_score: 0.199400]
Fri 18 Apr 2025 19:08:41 INFO  valid result: 
mrr@10 : 0.1994
Fri 18 Apr 2025 19:10:02 INFO  epoch 4 training [time: 81.27s, train loss: 4.1821]
Fri 18 Apr 2025 19:11:40 INFO  epoch 4 evaluating [time: 97.33s, valid_score: 0.176900]
Fri 18 Apr 2025 19:11:40 INFO  valid result: 
mrr@10 : 0.1769
Fri 18 Apr 2025 19:13:01 INFO  epoch 5 training [time: 81.22s, train loss: 3.0476]
Fri 18 Apr 2025 19:14:38 INFO  epoch 5 evaluating [time: 97.23s, valid_score: 0.187900]
Fri 18 Apr 2025 19:14:38 INFO  valid result: 
mrr@10 : 0.1879
Fri 18 Apr 2025 19:15:59 INFO  epoch 6 training [time: 81.21s, train loss: 2.4831]
Fri 18 Apr 2025 19:17:36 INFO  epoch 6 evaluating [time: 97.01s, valid_score: 0.188600]
Fri 18 Apr 2025 19:17:36 INFO  valid result: 
mrr@10 : 0.1886
Fri 18 Apr 2025 19:18:57 INFO  epoch 7 training [time: 81.07s, train loss: 2.0830]
Fri 18 Apr 2025 19:20:35 INFO  epoch 7 evaluating [time: 97.27s, valid_score: 0.149200]
Fri 18 Apr 2025 19:20:35 INFO  valid result: 
mrr@10 : 0.1492
Fri 18 Apr 2025 19:21:56 INFO  epoch 8 training [time: 81.18s, train loss: 1.7087]
Fri 18 Apr 2025 19:23:33 INFO  epoch 8 evaluating [time: 97.10s, valid_score: 0.159900]
Fri 18 Apr 2025 19:23:33 INFO  valid result: 
mrr@10 : 0.1599
Fri 18 Apr 2025 19:24:54 INFO  epoch 9 training [time: 81.18s, train loss: 1.5604]
Fri 18 Apr 2025 19:26:30 INFO  epoch 9 evaluating [time: 96.19s, valid_score: 0.162600]
Fri 18 Apr 2025 19:26:30 INFO  valid result: 
mrr@10 : 0.1626
Fri 18 Apr 2025 19:27:52 INFO  epoch 10 training [time: 81.14s, train loss: 1.4385]
Fri 18 Apr 2025 19:29:30 INFO  epoch 10 evaluating [time: 98.45s, valid_score: 0.177500]
Fri 18 Apr 2025 19:29:30 INFO  valid result: 
mrr@10 : 0.1775
Fri 18 Apr 2025 19:30:51 INFO  epoch 11 training [time: 81.28s, train loss: 1.1973]
Fri 18 Apr 2025 19:32:28 INFO  epoch 11 evaluating [time: 96.30s, valid_score: 0.156200]
Fri 18 Apr 2025 19:32:28 INFO  valid result: 
mrr@10 : 0.1562
Fri 18 Apr 2025 19:33:49 INFO  epoch 12 training [time: 81.15s, train loss: 1.1154]
Fri 18 Apr 2025 19:35:26 INFO  epoch 12 evaluating [time: 96.87s, valid_score: 0.151000]
Fri 18 Apr 2025 19:35:26 INFO  valid result: 
mrr@10 : 0.151
Fri 18 Apr 2025 19:36:47 INFO  epoch 13 training [time: 81.16s, train loss: 0.9928]
Fri 18 Apr 2025 19:38:24 INFO  epoch 13 evaluating [time: 96.92s, valid_score: 0.155500]
Fri 18 Apr 2025 19:38:24 INFO  valid result: 
mrr@10 : 0.1555
Fri 18 Apr 2025 19:39:45 INFO  epoch 14 training [time: 81.12s, train loss: 1.0633]
Fri 18 Apr 2025 19:41:21 INFO  epoch 14 evaluating [time: 96.22s, valid_score: 0.150800]
Fri 18 Apr 2025 19:41:21 INFO  valid result: 
mrr@10 : 0.1508
Fri 18 Apr 2025 19:42:42 INFO  epoch 15 training [time: 81.20s, train loss: 0.8800]
Fri 18 Apr 2025 19:44:18 INFO  epoch 15 evaluating [time: 95.87s, valid_score: 0.163600]
Fri 18 Apr 2025 19:44:18 INFO  valid result: 
mrr@10 : 0.1636
Fri 18 Apr 2025 19:45:39 INFO  epoch 16 training [time: 81.21s, train loss: 0.6651]
Fri 18 Apr 2025 19:47:16 INFO  epoch 16 evaluating [time: 96.44s, valid_score: 0.155200]
Fri 18 Apr 2025 19:47:16 INFO  valid result: 
mrr@10 : 0.1552
Fri 18 Apr 2025 19:48:37 INFO  epoch 17 training [time: 81.16s, train loss: 0.7271]
Fri 18 Apr 2025 19:50:13 INFO  epoch 17 evaluating [time: 95.94s, valid_score: 0.137000]
Fri 18 Apr 2025 19:50:13 INFO  valid result: 
mrr@10 : 0.137
Fri 18 Apr 2025 19:51:34 INFO  epoch 18 training [time: 81.22s, train loss: 0.7093]
Fri 18 Apr 2025 19:53:12 INFO  epoch 18 evaluating [time: 98.40s, valid_score: 0.142400]
Fri 18 Apr 2025 19:53:12 INFO  valid result: 
mrr@10 : 0.1424
Fri 18 Apr 2025 19:54:34 INFO  epoch 19 training [time: 81.13s, train loss: 0.6685]
Fri 18 Apr 2025 19:56:10 INFO  epoch 19 evaluating [time: 96.04s, valid_score: 0.135800]
Fri 18 Apr 2025 19:56:10 INFO  valid result: 
mrr@10 : 0.1358
Fri 18 Apr 2025 19:57:31 INFO  epoch 20 training [time: 81.13s, train loss: 0.5772]
Fri 18 Apr 2025 19:59:07 INFO  epoch 20 evaluating [time: 96.26s, valid_score: 0.140800]
Fri 18 Apr 2025 19:59:07 INFO  valid result: 
mrr@10 : 0.1408
Fri 18 Apr 2025 20:00:28 INFO  epoch 21 training [time: 81.16s, train loss: 0.6672]
Fri 18 Apr 2025 20:02:06 INFO  epoch 21 evaluating [time: 97.36s, valid_score: 0.158400]
Fri 18 Apr 2025 20:02:06 INFO  valid result: 
mrr@10 : 0.1584
Fri 18 Apr 2025 20:03:27 INFO  epoch 22 training [time: 81.14s, train loss: 0.5527]
Fri 18 Apr 2025 20:05:03 INFO  epoch 22 evaluating [time: 96.81s, valid_score: 0.204100]
Fri 18 Apr 2025 20:05:03 INFO  valid result: 
mrr@10 : 0.2041
Fri 18 Apr 2025 20:06:25 INFO  epoch 23 training [time: 81.21s, train loss: 0.5599]
Fri 18 Apr 2025 20:08:02 INFO  epoch 23 evaluating [time: 97.29s, valid_score: 0.180400]
Fri 18 Apr 2025 20:08:02 INFO  valid result: 
mrr@10 : 0.1804
Fri 18 Apr 2025 20:09:23 INFO  epoch 24 training [time: 81.12s, train loss: 0.4782]
Fri 18 Apr 2025 20:11:01 INFO  epoch 24 evaluating [time: 97.64s, valid_score: 0.183500]
Fri 18 Apr 2025 20:11:01 INFO  valid result: 
mrr@10 : 0.1835
Fri 18 Apr 2025 20:12:22 INFO  epoch 25 training [time: 81.18s, train loss: 0.4730]
Fri 18 Apr 2025 20:13:58 INFO  epoch 25 evaluating [time: 96.50s, valid_score: 0.160100]
Fri 18 Apr 2025 20:13:58 INFO  valid result: 
mrr@10 : 0.1601
Fri 18 Apr 2025 20:15:20 INFO  epoch 26 training [time: 81.13s, train loss: 0.3631]
Fri 18 Apr 2025 20:16:56 INFO  epoch 26 evaluating [time: 96.07s, valid_score: 0.161100]
Fri 18 Apr 2025 20:16:56 INFO  valid result: 
mrr@10 : 0.1611
Fri 18 Apr 2025 20:18:17 INFO  epoch 27 training [time: 81.11s, train loss: 0.4487]
Fri 18 Apr 2025 20:19:53 INFO  epoch 27 evaluating [time: 96.49s, valid_score: 0.163900]
Fri 18 Apr 2025 20:19:53 INFO  valid result: 
mrr@10 : 0.1639
Fri 18 Apr 2025 20:21:14 INFO  epoch 28 training [time: 81.12s, train loss: 0.4721]
Fri 18 Apr 2025 20:22:51 INFO  epoch 28 evaluating [time: 96.75s, valid_score: 0.168200]
Fri 18 Apr 2025 20:22:51 INFO  valid result: 
mrr@10 : 0.1682
Fri 18 Apr 2025 20:24:12 INFO  epoch 29 training [time: 81.09s, train loss: 0.4200]
Fri 18 Apr 2025 20:25:49 INFO  epoch 29 evaluating [time: 96.39s, valid_score: 0.154100]
Fri 18 Apr 2025 20:25:49 INFO  valid result: 
mrr@10 : 0.1541
Fri 18 Apr 2025 20:27:10 INFO  epoch 30 training [time: 81.18s, train loss: 0.4354]
Fri 18 Apr 2025 20:28:46 INFO  epoch 30 evaluating [time: 96.16s, valid_score: 0.147800]
Fri 18 Apr 2025 20:28:46 INFO  valid result: 
mrr@10 : 0.1478
Fri 18 Apr 2025 20:30:07 INFO  epoch 31 training [time: 81.12s, train loss: 0.4189]
Fri 18 Apr 2025 20:31:44 INFO  epoch 31 evaluating [time: 97.33s, valid_score: 0.164900]
Fri 18 Apr 2025 20:31:44 INFO  valid result: 
mrr@10 : 0.1649
Fri 18 Apr 2025 20:33:06 INFO  epoch 32 training [time: 81.14s, train loss: 0.3771]
Fri 18 Apr 2025 20:34:42 INFO  epoch 32 evaluating [time: 96.31s, valid_score: 0.140900]
Fri 18 Apr 2025 20:34:42 INFO  valid result: 
mrr@10 : 0.1409
Fri 18 Apr 2025 20:36:03 INFO  epoch 33 training [time: 81.13s, train loss: 0.3499]
Fri 18 Apr 2025 20:37:39 INFO  epoch 33 evaluating [time: 96.46s, valid_score: 0.149000]
Fri 18 Apr 2025 20:37:39 INFO  valid result: 
mrr@10 : 0.149
Fri 18 Apr 2025 20:39:00 INFO  epoch 34 training [time: 81.05s, train loss: 0.3523]
Fri 18 Apr 2025 20:40:37 INFO  epoch 34 evaluating [time: 96.83s, valid_score: 0.163700]
Fri 18 Apr 2025 20:40:37 INFO  valid result: 
mrr@10 : 0.1637
Fri 18 Apr 2025 20:41:58 INFO  epoch 35 training [time: 81.14s, train loss: 0.3146]
Fri 18 Apr 2025 20:43:34 INFO  epoch 35 evaluating [time: 96.04s, valid_score: 0.171600]
Fri 18 Apr 2025 20:43:34 INFO  valid result: 
mrr@10 : 0.1716
Fri 18 Apr 2025 20:44:56 INFO  epoch 36 training [time: 81.09s, train loss: 0.2867]
Fri 18 Apr 2025 20:46:32 INFO  epoch 36 evaluating [time: 96.27s, valid_score: 0.167300]
Fri 18 Apr 2025 20:46:32 INFO  valid result: 
mrr@10 : 0.1673
Fri 18 Apr 2025 20:47:53 INFO  epoch 37 training [time: 81.20s, train loss: 0.4676]
Fri 18 Apr 2025 20:49:30 INFO  epoch 37 evaluating [time: 96.48s, valid_score: 0.176600]
Fri 18 Apr 2025 20:49:30 INFO  valid result: 
mrr@10 : 0.1766
Fri 18 Apr 2025 20:50:51 INFO  epoch 38 training [time: 81.11s, train loss: 0.3313]
Fri 18 Apr 2025 20:52:27 INFO  epoch 38 evaluating [time: 96.46s, valid_score: 0.167500]
Fri 18 Apr 2025 20:52:27 INFO  valid result: 
mrr@10 : 0.1675
Fri 18 Apr 2025 20:53:48 INFO  epoch 39 training [time: 81.14s, train loss: 0.3425]
Fri 18 Apr 2025 20:55:25 INFO  epoch 39 evaluating [time: 96.98s, valid_score: 0.140400]
Fri 18 Apr 2025 20:55:25 INFO  valid result: 
mrr@10 : 0.1404
Fri 18 Apr 2025 20:56:46 INFO  epoch 40 training [time: 81.12s, train loss: 0.2612]
Fri 18 Apr 2025 20:58:23 INFO  epoch 40 evaluating [time: 97.07s, valid_score: 0.142700]
Fri 18 Apr 2025 20:58:23 INFO  valid result: 
mrr@10 : 0.1427
Fri 18 Apr 2025 20:59:44 INFO  epoch 41 training [time: 81.07s, train loss: 0.2479]
Fri 18 Apr 2025 21:01:20 INFO  epoch 41 evaluating [time: 95.71s, valid_score: 0.169900]
Fri 18 Apr 2025 21:01:20 INFO  valid result: 
mrr@10 : 0.1699
Fri 18 Apr 2025 21:02:41 INFO  epoch 42 training [time: 81.11s, train loss: 0.3253]
Fri 18 Apr 2025 21:04:19 INFO  epoch 42 evaluating [time: 97.28s, valid_score: 0.157300]
Fri 18 Apr 2025 21:04:19 INFO  valid result: 
mrr@10 : 0.1573
Fri 18 Apr 2025 21:05:40 INFO  epoch 43 training [time: 81.14s, train loss: 0.2182]
Fri 18 Apr 2025 21:07:17 INFO  epoch 43 evaluating [time: 96.96s, valid_score: 0.156500]
Fri 18 Apr 2025 21:07:17 INFO  valid result: 
mrr@10 : 0.1565
Fri 18 Apr 2025 21:08:38 INFO  epoch 44 training [time: 81.20s, train loss: 0.2790]
Fri 18 Apr 2025 21:10:14 INFO  epoch 44 evaluating [time: 96.29s, valid_score: 0.156200]
Fri 18 Apr 2025 21:10:14 INFO  valid result: 
mrr@10 : 0.1562
Fri 18 Apr 2025 21:11:35 INFO  epoch 45 training [time: 81.09s, train loss: 0.2542]
Fri 18 Apr 2025 21:13:11 INFO  epoch 45 evaluating [time: 96.11s, valid_score: 0.153000]
Fri 18 Apr 2025 21:13:11 INFO  valid result: 
mrr@10 : 0.153
Fri 18 Apr 2025 21:14:32 INFO  epoch 46 training [time: 81.09s, train loss: 0.3080]
Fri 18 Apr 2025 21:16:09 INFO  epoch 46 evaluating [time: 96.16s, valid_score: 0.146700]
Fri 18 Apr 2025 21:16:09 INFO  valid result: 
mrr@10 : 0.1467
Fri 18 Apr 2025 21:17:30 INFO  epoch 47 training [time: 81.11s, train loss: 0.2724]
Fri 18 Apr 2025 21:19:07 INFO  epoch 47 evaluating [time: 96.85s, valid_score: 0.157600]
Fri 18 Apr 2025 21:19:07 INFO  valid result: 
mrr@10 : 0.1576
Fri 18 Apr 2025 21:20:28 INFO  epoch 48 training [time: 81.09s, train loss: 0.2921]
Fri 18 Apr 2025 21:22:05 INFO  epoch 48 evaluating [time: 97.05s, valid_score: 0.182900]
Fri 18 Apr 2025 21:22:05 INFO  valid result: 
mrr@10 : 0.1829
Fri 18 Apr 2025 21:23:26 INFO  epoch 49 training [time: 81.12s, train loss: 0.2484]
Fri 18 Apr 2025 21:25:02 INFO  epoch 49 evaluating [time: 96.55s, valid_score: 0.177600]
Fri 18 Apr 2025 21:25:02 INFO  valid result: 
mrr@10 : 0.1776
Fri 18 Apr 2025 21:25:02 INFO  Loading model structure and parameters from ./saved/mind/NAIS-Apr-18-2025_18-56-36.pth
