Sun 06 Apr 2025 13:25:08 INFO  
General Hyper Parameters:
gpu_id = 0
use_gpu = True
seed = 2020
state = INFO
reproducibility = True
data_path = dataset/mind
checkpoint_dir = ./saved/mind/
show_progress = True
save_dataset = True
dataset_save_path = None
save_dataloaders = True
dataloaders_save_path = None
log_wandb = False

Training Hyper Parameters:
epochs = 50
train_batch_size = 2048
learner = adam
learning_rate = 0.001
train_neg_sample_args = {'distribution': 'uniform', 'sample_num': 1, 'alpha': 1.0, 'dynamic': False, 'candidate_num': 0}
eval_step = 1
stopping_step = 50
clip_grad_norm = None
weight_decay = 0.0
loss_decimal_place = 4

Evaluation Hyper Parameters:
eval_args = {'split': {'RS': [0.8, 0.1, 0.1]}, 'group_by': 'user', 'order': 'RO', 'mode': 'full'}
repeatable = False
metrics = ['Recall', 'MRR', 'NDCG', 'Hit', 'MAP', 'Precision', 'GAUC', 'ItemCoverage', 'AveragePopularity', 'GiniIndex', 'ShannonEntropy', 'TailPercentage']
topk = [10]
valid_metric = MRR@10
valid_metric_bigger = True
eval_batch_size = 4096
metric_decimal_place = 4

Dataset Hyper Parameters:
field_separator = 	
seq_separator =  
USER_ID_FIELD = user_id
ITEM_ID_FIELD = item_id
RATING_FIELD = rating
TIME_FIELD = timestamp
seq_len = None
LABEL_FIELD = label
threshold = None
NEG_PREFIX = neg_
load_col = {'inter': ['user_id', 'item_id']}
unload_col = None
unused_col = None
additional_feat_suffix = None
rm_dup_inter = None
val_interval = None
filter_inter_by_user_or_item = True
user_inter_num_interval = [0,inf)
item_inter_num_interval = [0,inf)
alias_of_user_id = None
alias_of_item_id = None
alias_of_entity_id = None
alias_of_relation_id = None
preload_weight = None
normalize_field = None
normalize_all = None
ITEM_LIST_LENGTH_FIELD = item_length
LIST_SUFFIX = _list
MAX_ITEM_LIST_LENGTH = 50
POSITION_FIELD = position_id
HEAD_ENTITY_ID_FIELD = head_id
TAIL_ENTITY_ID_FIELD = tail_id
RELATION_ID_FIELD = relation_id
ENTITY_ID_FIELD = entity_id
benchmark_filename = None

Other Hyper Parameters: 
worker = 0
wandb_project = recbole
shuffle = True
require_pow = False
enable_amp = False
enable_scaler = False
transform = None
algorithm = prod
embedding_size = 64
weight_size = 64
split_to = 0
reg_weights = [1e-07, 1e-07, 1e-05]
alpha = 0.0
beta = 0.5
pretrain_path = None
numerical_features = []
discretization = None
kg_reverse_r = False
entity_kg_num_interval = [0,inf)
relation_kg_num_interval = [0,inf)
MODEL_TYPE = ModelType.GENERAL
MODEL_INPUT_TYPE = InputType.POINTWISE
eval_type = EvaluatorType.RANKING
single_spec = True
local_rank = 0
device = cuda
eval_neg_sample_args = {'distribution': 'uniform', 'sample_num': 'none'}


Sun 06 Apr 2025 13:25:08 INFO  Load filtered dataset from: [./saved/mind/mind-Dataset.pth]
Sun 06 Apr 2025 13:25:08 INFO  mind
The number of users: 23680
Average actions of users: 44.282908906626126
The number of items: 4415
Average actions of items: 237.55663797009515
The number of inters: 1048575
The sparsity of the dataset: 98.9970319625968%
Remain Fields: ['user_id', 'item_id']
Sun 06 Apr 2025 13:25:11 INFO  Saving split dataloaders into: [./saved/mind/mind-for-NAIS-dataloader.pth]
Sun 06 Apr 2025 13:25:19 INFO  [Training]: train_batch_size = [2048] train_neg_sample_args: [{'distribution': 'uniform', 'sample_num': 1, 'alpha': 1.0, 'dynamic': False, 'candidate_num': 0}]
Sun 06 Apr 2025 13:25:19 INFO  [Evaluation]: eval_batch_size = [4096] eval_args: [{'split': {'RS': [0.8, 0.1, 0.1]}, 'group_by': 'user', 'order': 'RO', 'mode': 'full'}]
Sun 06 Apr 2025 13:25:24 WARNING  Pay Attetion!! the `split_to` is set to 0. If you catch a OMM error in this case, you need to increase it 
			until the error disappears. For example, you can append it in the command line such as `--split_to=5`
Sun 06 Apr 2025 13:25:24 INFO  unused pretrain...
Sun 06 Apr 2025 13:25:24 INFO  NAIS(
  (item_src_embedding): Embedding(4415, 64, padding_idx=0)
  (item_dst_embedding): Embedding(4415, 64, padding_idx=0)
  (mlp_layers): MLPLayers(
    (mlp_layers): Sequential(
      (0): Dropout(p=0.0, inplace=False)
      (1): Linear(in_features=64, out_features=64, bias=True)
      (2): ReLU()
    )
  )
  (bceloss): BCEWithLogitsLoss()
)
Trainable parameters: 573759
Sun 06 Apr 2025 13:26:55 INFO  epoch 0 training [time: 83.27s, train loss: 166.7394]
Sun 06 Apr 2025 13:29:08 INFO  epoch 0 evaluating [time: 133.22s, valid_score: 0.503700]
Sun 06 Apr 2025 13:29:08 INFO  valid result: 
recall@10 : 0.5646    mrr@10 : 0.5037    ndcg@10 : 0.434    hit@10 : 0.8466    map@10 : 0.3166    precision@10 : 0.1667    gauc : 0.9842    itemcoverage@10 : 0.1001    averagepopularity@10 : 5264.5054    giniindex@10 : 0.9786    shannonentropy@10 : 0.0109    tailpercentage@10 : 0.0
Sun 06 Apr 2025 13:29:08 INFO  Saving current: ./saved/mind/NAIS-Apr-06-2025_13-25-24.pth
Sun 06 Apr 2025 13:30:29 INFO  epoch 1 training [time: 81.28s, train loss: 75.9410]
Sun 06 Apr 2025 13:32:41 INFO  epoch 1 evaluating [time: 131.70s, valid_score: 0.442200]
Sun 06 Apr 2025 13:32:41 INFO  valid result: 
recall@10 : 0.4716    mrr@10 : 0.4422    ndcg@10 : 0.3635    hit@10 : 0.7703    map@10 : 0.2594    precision@10 : 0.1423    gauc : 0.9785    itemcoverage@10 : 0.3617    averagepopularity@10 : 4659.4743    giniindex@10 : 0.9499    shannonentropy@10 : 0.0033    tailpercentage@10 : 0.0
Sun 06 Apr 2025 13:34:02 INFO  epoch 2 training [time: 81.35s, train loss: 19.6567]
Sun 06 Apr 2025 13:36:13 INFO  epoch 2 evaluating [time: 131.26s, valid_score: 0.293300]
Sun 06 Apr 2025 13:36:13 INFO  valid result: 
recall@10 : 0.3029    mrr@10 : 0.2933    ndcg@10 : 0.2337    hit@10 : 0.5475    map@10 : 0.165    precision@10 : 0.0903    gauc : 0.9235    itemcoverage@10 : 0.6177    averagepopularity@10 : 2307.0066    giniindex@10 : 0.8647    shannonentropy@10 : 0.0023    tailpercentage@10 : 0.0023
Sun 06 Apr 2025 13:37:35 INFO  epoch 3 training [time: 81.34s, train loss: 8.3022]
Sun 06 Apr 2025 13:39:47 INFO  epoch 3 evaluating [time: 132.03s, valid_score: 0.236300]
Sun 06 Apr 2025 13:39:47 INFO  valid result: 
recall@10 : 0.2056    mrr@10 : 0.2363    ndcg@10 : 0.1709    hit@10 : 0.4268    map@10 : 0.1192    precision@10 : 0.0712    gauc : 0.8884    itemcoverage@10 : 0.7352    averagepopularity@10 : 1796.6394    giniindex@10 : 0.837    shannonentropy@10 : 0.002    tailpercentage@10 : 0.0198
Sun 06 Apr 2025 13:41:08 INFO  epoch 4 training [time: 81.49s, train loss: 4.8897]
Sun 06 Apr 2025 13:43:19 INFO  epoch 4 evaluating [time: 130.71s, valid_score: 0.184700]
Sun 06 Apr 2025 13:43:19 INFO  valid result: 
recall@10 : 0.1441    mrr@10 : 0.1847    ndcg@10 : 0.1256    hit@10 : 0.3306    map@10 : 0.0858    precision@10 : 0.0574    gauc : 0.8459    itemcoverage@10 : 0.771    averagepopularity@10 : 1325.7749    giniindex@10 : 0.8302    shannonentropy@10 : 0.0019    tailpercentage@10 : 0.0245
Sun 06 Apr 2025 13:44:40 INFO  epoch 5 training [time: 81.28s, train loss: 3.6026]
Sun 06 Apr 2025 13:46:51 INFO  epoch 5 evaluating [time: 130.70s, valid_score: 0.174700]
Sun 06 Apr 2025 13:46:51 INFO  valid result: 
recall@10 : 0.1198    mrr@10 : 0.1747    ndcg@10 : 0.1115    hit@10 : 0.2945    map@10 : 0.0767    precision@10 : 0.0523    gauc : 0.8282    itemcoverage@10 : 0.805    averagepopularity@10 : 1251.926    giniindex@10 : 0.8365    shannonentropy@10 : 0.0018    tailpercentage@10 : 0.0172
Sun 06 Apr 2025 13:48:12 INFO  epoch 6 training [time: 81.28s, train loss: 2.6161]
Sun 06 Apr 2025 13:50:24 INFO  epoch 6 evaluating [time: 132.06s, valid_score: 0.174900]
Sun 06 Apr 2025 13:50:24 INFO  valid result: 
recall@10 : 0.1312    mrr@10 : 0.1749    ndcg@10 : 0.1159    hit@10 : 0.3092    map@10 : 0.0784    precision@10 : 0.0543    gauc : 0.84    itemcoverage@10 : 0.8204    averagepopularity@10 : 1391.8156    giniindex@10 : 0.8353    shannonentropy@10 : 0.0018    tailpercentage@10 : 0.02
Sun 06 Apr 2025 13:51:46 INFO  epoch 7 training [time: 81.37s, train loss: 2.2153]
Sun 06 Apr 2025 13:53:56 INFO  epoch 7 evaluating [time: 130.05s, valid_score: 0.189000]
Sun 06 Apr 2025 13:53:56 INFO  valid result: 
recall@10 : 0.1406    mrr@10 : 0.189    ndcg@10 : 0.1245    hit@10 : 0.328    map@10 : 0.0849    precision@10 : 0.0566    gauc : 0.8334    itemcoverage@10 : 0.8156    averagepopularity@10 : 1482.8669    giniindex@10 : 0.8512    shannonentropy@10 : 0.0018    tailpercentage@10 : 0.0143
Sun 06 Apr 2025 13:55:17 INFO  epoch 8 training [time: 81.30s, train loss: 1.7982]
Sun 06 Apr 2025 13:57:28 INFO  epoch 8 evaluating [time: 130.61s, valid_score: 0.188600]
Sun 06 Apr 2025 13:57:28 INFO  valid result: 
recall@10 : 0.1416    mrr@10 : 0.1886    ndcg@10 : 0.127    hit@10 : 0.3175    map@10 : 0.0894    precision@10 : 0.0546    gauc : 0.8105    itemcoverage@10 : 0.8358    averagepopularity@10 : 1424.2165    giniindex@10 : 0.8376    shannonentropy@10 : 0.0018    tailpercentage@10 : 0.0208
Sun 06 Apr 2025 13:58:49 INFO  epoch 9 training [time: 81.30s, train loss: 1.5487]
Sun 06 Apr 2025 14:01:01 INFO  epoch 9 evaluating [time: 131.78s, valid_score: 0.176800]
Sun 06 Apr 2025 14:01:01 INFO  valid result: 
recall@10 : 0.1395    mrr@10 : 0.1768    ndcg@10 : 0.1216    hit@10 : 0.3082    map@10 : 0.0851    precision@10 : 0.0529    gauc : 0.7991    itemcoverage@10 : 0.8179    averagepopularity@10 : 1361.8269    giniindex@10 : 0.8577    shannonentropy@10 : 0.0017    tailpercentage@10 : 0.0141
Sun 06 Apr 2025 14:02:22 INFO  epoch 10 training [time: 81.29s, train loss: 1.3256]
Sun 06 Apr 2025 14:04:34 INFO  epoch 10 evaluating [time: 131.51s, valid_score: 0.164900]
Sun 06 Apr 2025 14:04:34 INFO  valid result: 
recall@10 : 0.1079    mrr@10 : 0.1649    ndcg@10 : 0.1041    hit@10 : 0.2626    map@10 : 0.0732    precision@10 : 0.0477    gauc : 0.79    itemcoverage@10 : 0.8249    averagepopularity@10 : 1029.7741    giniindex@10 : 0.8562    shannonentropy@10 : 0.0017    tailpercentage@10 : 0.0124
Sun 06 Apr 2025 14:05:55 INFO  epoch 11 training [time: 81.33s, train loss: 1.3229]
Sun 06 Apr 2025 14:08:05 INFO  epoch 11 evaluating [time: 130.32s, valid_score: 0.162700]
Sun 06 Apr 2025 14:08:05 INFO  valid result: 
recall@10 : 0.116    mrr@10 : 0.1627    ndcg@10 : 0.1073    hit@10 : 0.2651    map@10 : 0.0762    precision@10 : 0.0478    gauc : 0.8006    itemcoverage@10 : 0.8186    averagepopularity@10 : 1103.5207    giniindex@10 : 0.8663    shannonentropy@10 : 0.0017    tailpercentage@10 : 0.0306
Sun 06 Apr 2025 14:09:26 INFO  epoch 12 training [time: 81.12s, train loss: 1.2040]
Sun 06 Apr 2025 14:11:38 INFO  epoch 12 evaluating [time: 131.52s, valid_score: 0.165500]
Sun 06 Apr 2025 14:11:38 INFO  valid result: 
recall@10 : 0.1169    mrr@10 : 0.1655    ndcg@10 : 0.1083    hit@10 : 0.269    map@10 : 0.0766    precision@10 : 0.048    gauc : 0.7839    itemcoverage@10 : 0.827    averagepopularity@10 : 1086.2198    giniindex@10 : 0.8727    shannonentropy@10 : 0.0017    tailpercentage@10 : 0.0206
Sun 06 Apr 2025 14:12:59 INFO  epoch 13 training [time: 81.21s, train loss: 1.0155]
Sun 06 Apr 2025 14:15:11 INFO  epoch 13 evaluating [time: 132.01s, valid_score: 0.155200]
Sun 06 Apr 2025 14:15:11 INFO  valid result: 
recall@10 : 0.0999    mrr@10 : 0.1552    ndcg@10 : 0.0973    hit@10 : 0.2419    map@10 : 0.0686    precision@10 : 0.0446    gauc : 0.7612    itemcoverage@10 : 0.8371    averagepopularity@10 : 1018.3676    giniindex@10 : 0.8761    shannonentropy@10 : 0.0016    tailpercentage@10 : 0.0199
Sun 06 Apr 2025 14:16:32 INFO  epoch 14 training [time: 81.20s, train loss: 0.9382]
Sun 06 Apr 2025 14:18:45 INFO  epoch 14 evaluating [time: 132.63s, valid_score: 0.153600]
Sun 06 Apr 2025 14:18:45 INFO  valid result: 
recall@10 : 0.0987    mrr@10 : 0.1536    ndcg@10 : 0.0965    hit@10 : 0.2372    map@10 : 0.0686    precision@10 : 0.0441    gauc : 0.7713    itemcoverage@10 : 0.8358    averagepopularity@10 : 1023.7773    giniindex@10 : 0.8702    shannonentropy@10 : 0.0016    tailpercentage@10 : 0.0172
Sun 06 Apr 2025 14:20:06 INFO  epoch 15 training [time: 81.14s, train loss: 0.8562]
Sun 06 Apr 2025 14:22:17 INFO  epoch 15 evaluating [time: 130.58s, valid_score: 0.149500]
Sun 06 Apr 2025 14:22:17 INFO  valid result: 
recall@10 : 0.091    mrr@10 : 0.1495    ndcg@10 : 0.0927    hit@10 : 0.2235    map@10 : 0.0666    precision@10 : 0.0426    gauc : 0.7855    itemcoverage@10 : 0.8061    averagepopularity@10 : 841.8241    giniindex@10 : 0.8885    shannonentropy@10 : 0.0016    tailpercentage@10 : 0.011
Sun 06 Apr 2025 14:23:38 INFO  epoch 16 training [time: 81.32s, train loss: 0.8369]
Sun 06 Apr 2025 14:25:53 INFO  epoch 16 evaluating [time: 134.65s, valid_score: 0.169400]
Sun 06 Apr 2025 14:25:53 INFO  valid result: 
recall@10 : 0.1136    mrr@10 : 0.1694    ndcg@10 : 0.1097    hit@10 : 0.2566    map@10 : 0.0797    precision@10 : 0.0463    gauc : 0.7589    itemcoverage@10 : 0.8211    averagepopularity@10 : 1128.3459    giniindex@10 : 0.8842    shannonentropy@10 : 0.0016    tailpercentage@10 : 0.0223
Sun 06 Apr 2025 14:27:14 INFO  epoch 17 training [time: 81.19s, train loss: 0.8017]
Sun 06 Apr 2025 14:29:25 INFO  epoch 17 evaluating [time: 131.25s, valid_score: 0.142800]
Sun 06 Apr 2025 14:29:25 INFO  valid result: 
recall@10 : 0.0949    mrr@10 : 0.1428    ndcg@10 : 0.0899    hit@10 : 0.2255    map@10 : 0.0627    precision@10 : 0.0424    gauc : 0.7659    itemcoverage@10 : 0.7762    averagepopularity@10 : 720.1756    giniindex@10 : 0.9099    shannonentropy@10 : 0.0016    tailpercentage@10 : 0.0223
Sun 06 Apr 2025 14:30:46 INFO  epoch 18 training [time: 81.29s, train loss: 0.8227]
Sun 06 Apr 2025 14:32:58 INFO  epoch 18 evaluating [time: 131.32s, valid_score: 0.161000]
Sun 06 Apr 2025 14:32:58 INFO  valid result: 
recall@10 : 0.0986    mrr@10 : 0.161    ndcg@10 : 0.0988    hit@10 : 0.2501    map@10 : 0.0694    precision@10 : 0.046    gauc : 0.7645    itemcoverage@10 : 0.8233    averagepopularity@10 : 993.36    giniindex@10 : 0.8871    shannonentropy@10 : 0.0016    tailpercentage@10 : 0.0211
Sun 06 Apr 2025 14:34:19 INFO  epoch 19 training [time: 81.32s, train loss: 0.6793]
Sun 06 Apr 2025 14:36:31 INFO  epoch 19 evaluating [time: 132.06s, valid_score: 0.143900]
Sun 06 Apr 2025 14:36:31 INFO  valid result: 
recall@10 : 0.0868    mrr@10 : 0.1439    ndcg@10 : 0.0877    hit@10 : 0.217    map@10 : 0.0618    precision@10 : 0.0416    gauc : 0.746    itemcoverage@10 : 0.807    averagepopularity@10 : 708.1088    giniindex@10 : 0.8855    shannonentropy@10 : 0.0017    tailpercentage@10 : 0.0194
Sun 06 Apr 2025 14:37:52 INFO  epoch 20 training [time: 81.38s, train loss: 0.6046]
Sun 06 Apr 2025 14:40:04 INFO  epoch 20 evaluating [time: 131.49s, valid_score: 0.155600]
Sun 06 Apr 2025 14:40:04 INFO  valid result: 
recall@10 : 0.0937    mrr@10 : 0.1556    ndcg@10 : 0.0951    hit@10 : 0.2376    map@10 : 0.0675    precision@10 : 0.0444    gauc : 0.754    itemcoverage@10 : 0.8    averagepopularity@10 : 842.7071    giniindex@10 : 0.9003    shannonentropy@10 : 0.0016    tailpercentage@10 : 0.0164
Sun 06 Apr 2025 14:41:25 INFO  epoch 21 training [time: 81.32s, train loss: 0.5738]
Sun 06 Apr 2025 14:43:36 INFO  epoch 21 evaluating [time: 130.93s, valid_score: 0.136500]
Sun 06 Apr 2025 14:43:36 INFO  valid result: 
recall@10 : 0.0727    mrr@10 : 0.1365    ndcg@10 : 0.0796    hit@10 : 0.2039    map@10 : 0.0559    precision@10 : 0.0405    gauc : 0.7615    itemcoverage@10 : 0.8082    averagepopularity@10 : 631.2998    giniindex@10 : 0.9008    shannonentropy@10 : 0.0016    tailpercentage@10 : 0.0214
Sun 06 Apr 2025 14:44:57 INFO  epoch 22 training [time: 81.27s, train loss: 0.6104]
Sun 06 Apr 2025 14:47:09 INFO  epoch 22 evaluating [time: 132.07s, valid_score: 0.136700]
Sun 06 Apr 2025 14:47:09 INFO  valid result: 
recall@10 : 0.0718    mrr@10 : 0.1367    ndcg@10 : 0.0799    hit@10 : 0.1965    map@10 : 0.057    precision@10 : 0.0397    gauc : 0.7416    itemcoverage@10 : 0.8156    averagepopularity@10 : 567.2716    giniindex@10 : 0.9046    shannonentropy@10 : 0.0015    tailpercentage@10 : 0.0185
Sun 06 Apr 2025 14:48:31 INFO  epoch 23 training [time: 81.24s, train loss: 0.5677]
Sun 06 Apr 2025 14:50:43 INFO  epoch 23 evaluating [time: 132.68s, valid_score: 0.132500]
Sun 06 Apr 2025 14:50:43 INFO  valid result: 
recall@10 : 0.0653    mrr@10 : 0.1325    ndcg@10 : 0.0762    hit@10 : 0.1866    map@10 : 0.0548    precision@10 : 0.0383    gauc : 0.7358    itemcoverage@10 : 0.8143    averagepopularity@10 : 567.998    giniindex@10 : 0.9025    shannonentropy@10 : 0.0016    tailpercentage@10 : 0.0193
Sun 06 Apr 2025 14:52:05 INFO  epoch 24 training [time: 81.22s, train loss: 0.4743]
Sun 06 Apr 2025 14:54:15 INFO  epoch 24 evaluating [time: 130.79s, valid_score: 0.137200]
Sun 06 Apr 2025 14:54:15 INFO  valid result: 
recall@10 : 0.0785    mrr@10 : 0.1372    ndcg@10 : 0.0824    hit@10 : 0.2008    map@10 : 0.0586    precision@10 : 0.0397    gauc : 0.7498    itemcoverage@10 : 0.7681    averagepopularity@10 : 703.4167    giniindex@10 : 0.9279    shannonentropy@10 : 0.0015    tailpercentage@10 : 0.0187
Sun 06 Apr 2025 14:55:37 INFO  epoch 25 training [time: 81.32s, train loss: 0.5013]
Sun 06 Apr 2025 14:57:50 INFO  epoch 25 evaluating [time: 133.02s, valid_score: 0.144400]
Sun 06 Apr 2025 14:57:50 INFO  valid result: 
recall@10 : 0.0864    mrr@10 : 0.1444    ndcg@10 : 0.0886    hit@10 : 0.212    map@10 : 0.0637    precision@10 : 0.0408    gauc : 0.7585    itemcoverage@10 : 0.7556    averagepopularity@10 : 690.6699    giniindex@10 : 0.9338    shannonentropy@10 : 0.0015    tailpercentage@10 : 0.0235
Sun 06 Apr 2025 14:59:11 INFO  epoch 26 training [time: 81.28s, train loss: 0.4823]
Sun 06 Apr 2025 15:01:22 INFO  epoch 26 evaluating [time: 130.90s, valid_score: 0.179600]
Sun 06 Apr 2025 15:01:22 INFO  valid result: 
recall@10 : 0.1218    mrr@10 : 0.1796    ndcg@10 : 0.1183    hit@10 : 0.2652    map@10 : 0.0883    precision@10 : 0.0472    gauc : 0.7654    itemcoverage@10 : 0.7977    averagepopularity@10 : 1107.2702    giniindex@10 : 0.9134    shannonentropy@10 : 0.0016    tailpercentage@10 : 0.0642
Sun 06 Apr 2025 15:02:43 INFO  epoch 27 training [time: 81.23s, train loss: 0.4159]
Sun 06 Apr 2025 15:04:54 INFO  epoch 27 evaluating [time: 130.94s, valid_score: 0.141800]
Sun 06 Apr 2025 15:04:54 INFO  valid result: 
recall@10 : 0.0797    mrr@10 : 0.1418    ndcg@10 : 0.085    hit@10 : 0.2104    map@10 : 0.0605    precision@10 : 0.0412    gauc : 0.7531    itemcoverage@10 : 0.8068    averagepopularity@10 : 569.6999    giniindex@10 : 0.9001    shannonentropy@10 : 0.0016    tailpercentage@10 : 0.0542
Sun 06 Apr 2025 15:06:15 INFO  epoch 28 training [time: 81.24s, train loss: 0.4668]
Sun 06 Apr 2025 15:08:26 INFO  epoch 28 evaluating [time: 130.67s, valid_score: 0.162700]
Sun 06 Apr 2025 15:08:26 INFO  valid result: 
recall@10 : 0.094    mrr@10 : 0.1627    ndcg@10 : 0.0981    hit@10 : 0.2428    map@10 : 0.0699    precision@10 : 0.0453    gauc : 0.7826    itemcoverage@10 : 0.7912    averagepopularity@10 : 755.9091    giniindex@10 : 0.9174    shannonentropy@10 : 0.0016    tailpercentage@10 : 0.0482
Sun 06 Apr 2025 15:09:47 INFO  epoch 29 training [time: 81.16s, train loss: 0.4099]
Sun 06 Apr 2025 15:11:58 INFO  epoch 29 evaluating [time: 131.27s, valid_score: 0.140900]
Sun 06 Apr 2025 15:11:58 INFO  valid result: 
recall@10 : 0.0737    mrr@10 : 0.1409    ndcg@10 : 0.0827    hit@10 : 0.2007    map@10 : 0.0598    precision@10 : 0.0397    gauc : 0.7301    itemcoverage@10 : 0.7952    averagepopularity@10 : 538.9081    giniindex@10 : 0.9117    shannonentropy@10 : 0.0016    tailpercentage@10 : 0.0263
Sun 06 Apr 2025 15:13:20 INFO  epoch 30 training [time: 81.30s, train loss: 0.4002]
Sun 06 Apr 2025 15:15:32 INFO  epoch 30 evaluating [time: 132.39s, valid_score: 0.144700]
Sun 06 Apr 2025 15:15:32 INFO  valid result: 
recall@10 : 0.0841    mrr@10 : 0.1447    ndcg@10 : 0.0878    hit@10 : 0.2041    map@10 : 0.0639    precision@10 : 0.0396    gauc : 0.727    itemcoverage@10 : 0.7547    averagepopularity@10 : 680.9365    giniindex@10 : 0.934    shannonentropy@10 : 0.0016    tailpercentage@10 : 0.0198
Sun 06 Apr 2025 15:16:53 INFO  epoch 31 training [time: 81.32s, train loss: 0.4339]
Sun 06 Apr 2025 15:19:04 INFO  epoch 31 evaluating [time: 130.60s, valid_score: 0.141500]
Sun 06 Apr 2025 15:19:04 INFO  valid result: 
recall@10 : 0.079    mrr@10 : 0.1415    ndcg@10 : 0.0851    hit@10 : 0.1947    map@10 : 0.0625    precision@10 : 0.0385    gauc : 0.7247    itemcoverage@10 : 0.7422    averagepopularity@10 : 574.931    giniindex@10 : 0.9378    shannonentropy@10 : 0.0016    tailpercentage@10 : 0.0259
Sun 06 Apr 2025 15:20:25 INFO  epoch 32 training [time: 81.29s, train loss: 0.3982]
Sun 06 Apr 2025 15:22:38 INFO  epoch 32 evaluating [time: 132.15s, valid_score: 0.141200]
Sun 06 Apr 2025 15:22:38 INFO  valid result: 
recall@10 : 0.0774    mrr@10 : 0.1412    ndcg@10 : 0.0848    hit@10 : 0.2004    map@10 : 0.0618    precision@10 : 0.0399    gauc : 0.7475    itemcoverage@10 : 0.7946    averagepopularity@10 : 551.708    giniindex@10 : 0.914    shannonentropy@10 : 0.0016    tailpercentage@10 : 0.0222
Sun 06 Apr 2025 15:23:59 INFO  epoch 33 training [time: 81.12s, train loss: 0.4420]
Sun 06 Apr 2025 15:26:10 INFO  epoch 33 evaluating [time: 130.95s, valid_score: 0.143100]
Sun 06 Apr 2025 15:26:10 INFO  valid result: 
recall@10 : 0.0829    mrr@10 : 0.1431    ndcg@10 : 0.0869    hit@10 : 0.209    map@10 : 0.0626    precision@10 : 0.0406    gauc : 0.7168    itemcoverage@10 : 0.7937    averagepopularity@10 : 574.0147    giniindex@10 : 0.9189    shannonentropy@10 : 0.0015    tailpercentage@10 : 0.0169
Sun 06 Apr 2025 15:27:31 INFO  epoch 34 training [time: 81.24s, train loss: 0.4126]
Sun 06 Apr 2025 15:29:45 INFO  epoch 34 evaluating [time: 134.63s, valid_score: 0.152000]
Sun 06 Apr 2025 15:29:45 INFO  valid result: 
recall@10 : 0.0985    mrr@10 : 0.152    ndcg@10 : 0.0959    hit@10 : 0.2312    map@10 : 0.0686    precision@10 : 0.0434    gauc : 0.7557    itemcoverage@10 : 0.7971    averagepopularity@10 : 803.174    giniindex@10 : 0.919    shannonentropy@10 : 0.0015    tailpercentage@10 : 0.0193
Sun 06 Apr 2025 15:31:07 INFO  epoch 35 training [time: 81.24s, train loss: 0.3701]
Sun 06 Apr 2025 15:33:18 INFO  epoch 35 evaluating [time: 130.89s, valid_score: 0.166600]
Sun 06 Apr 2025 15:33:18 INFO  valid result: 
recall@10 : 0.1107    mrr@10 : 0.1666    ndcg@10 : 0.1052    hit@10 : 0.2599    map@10 : 0.0742    precision@10 : 0.0473    gauc : 0.746    itemcoverage@10 : 0.7898    averagepopularity@10 : 889.9432    giniindex@10 : 0.9226    shannonentropy@10 : 0.0015    tailpercentage@10 : 0.0165
Sun 06 Apr 2025 15:34:39 INFO  epoch 36 training [time: 81.23s, train loss: 0.3415]
Sun 06 Apr 2025 15:36:50 INFO  epoch 36 evaluating [time: 130.96s, valid_score: 0.147500]
Sun 06 Apr 2025 15:36:50 INFO  valid result: 
recall@10 : 0.093    mrr@10 : 0.1475    ndcg@10 : 0.0921    hit@10 : 0.2279    map@10 : 0.0654    precision@10 : 0.0431    gauc : 0.7335    itemcoverage@10 : 0.7626    averagepopularity@10 : 668.1808    giniindex@10 : 0.9314    shannonentropy@10 : 0.0015    tailpercentage@10 : 0.0205
Sun 06 Apr 2025 15:38:11 INFO  epoch 37 training [time: 81.27s, train loss: 0.3969]
Sun 06 Apr 2025 15:40:23 INFO  epoch 37 evaluating [time: 131.68s, valid_score: 0.193900]
Sun 06 Apr 2025 15:40:23 INFO  valid result: 
recall@10 : 0.1264    mrr@10 : 0.1939    ndcg@10 : 0.1273    hit@10 : 0.2822    map@10 : 0.0967    precision@10 : 0.0494    gauc : 0.7567    itemcoverage@10 : 0.7721    averagepopularity@10 : 1298.5754    giniindex@10 : 0.9281    shannonentropy@10 : 0.0015    tailpercentage@10 : 0.0145
Sun 06 Apr 2025 15:41:44 INFO  epoch 38 training [time: 81.24s, train loss: 0.3407]
Sun 06 Apr 2025 15:43:56 INFO  epoch 38 evaluating [time: 132.07s, valid_score: 0.161900]
Sun 06 Apr 2025 15:43:56 INFO  valid result: 
recall@10 : 0.1047    mrr@10 : 0.1619    ndcg@10 : 0.105    hit@10 : 0.2396    map@10 : 0.0782    precision@10 : 0.044    gauc : 0.7396    itemcoverage@10 : 0.7647    averagepopularity@10 : 794.8394    giniindex@10 : 0.9304    shannonentropy@10 : 0.0015    tailpercentage@10 : 0.0349
Sun 06 Apr 2025 15:45:17 INFO  epoch 39 training [time: 81.29s, train loss: 0.2934]
Sun 06 Apr 2025 15:47:29 INFO  epoch 39 evaluating [time: 131.62s, valid_score: 0.145900]
Sun 06 Apr 2025 15:47:29 INFO  valid result: 
recall@10 : 0.0912    mrr@10 : 0.1459    ndcg@10 : 0.0919    hit@10 : 0.214    map@10 : 0.0671    precision@10 : 0.0409    gauc : 0.7098    itemcoverage@10 : 0.7511    averagepopularity@10 : 591.991    giniindex@10 : 0.9365    shannonentropy@10 : 0.0015    tailpercentage@10 : 0.051
Sun 06 Apr 2025 15:48:50 INFO  epoch 40 training [time: 81.22s, train loss: 0.3457]
Sun 06 Apr 2025 15:51:03 INFO  epoch 40 evaluating [time: 132.54s, valid_score: 0.144200]
Sun 06 Apr 2025 15:51:03 INFO  valid result: 
recall@10 : 0.0836    mrr@10 : 0.1442    ndcg@10 : 0.0886    hit@10 : 0.2018    map@10 : 0.0656    precision@10 : 0.0395    gauc : 0.7177    itemcoverage@10 : 0.749    averagepopularity@10 : 539.9184    giniindex@10 : 0.9328    shannonentropy@10 : 0.0016    tailpercentage@10 : 0.045
Sun 06 Apr 2025 15:52:24 INFO  epoch 41 training [time: 81.19s, train loss: 0.3294]
Sun 06 Apr 2025 15:54:35 INFO  epoch 41 evaluating [time: 130.98s, valid_score: 0.165000]
Sun 06 Apr 2025 15:54:35 INFO  valid result: 
recall@10 : 0.1083    mrr@10 : 0.165    ndcg@10 : 0.1064    hit@10 : 0.2487    map@10 : 0.0777    precision@10 : 0.0456    gauc : 0.7603    itemcoverage@10 : 0.7631    averagepopularity@10 : 987.8127    giniindex@10 : 0.9304    shannonentropy@10 : 0.0015    tailpercentage@10 : 0.0647
Sun 06 Apr 2025 15:55:56 INFO  epoch 42 training [time: 81.26s, train loss: 0.2746]
Sun 06 Apr 2025 15:58:09 INFO  epoch 42 evaluating [time: 132.68s, valid_score: 0.164100]
Sun 06 Apr 2025 15:58:09 INFO  valid result: 
recall@10 : 0.127    mrr@10 : 0.1641    ndcg@10 : 0.1126    hit@10 : 0.2597    map@10 : 0.0815    precision@10 : 0.046    gauc : 0.737    itemcoverage@10 : 0.7212    averagepopularity@10 : 1032.118    giniindex@10 : 0.9435    shannonentropy@10 : 0.0016    tailpercentage@10 : 0.0491
Sun 06 Apr 2025 15:59:30 INFO  epoch 43 training [time: 81.26s, train loss: 0.2904]
Sun 06 Apr 2025 16:01:41 INFO  epoch 43 evaluating [time: 130.95s, valid_score: 0.155500]
Sun 06 Apr 2025 16:01:41 INFO  valid result: 
recall@10 : 0.1036    mrr@10 : 0.1555    ndcg@10 : 0.1013    hit@10 : 0.231    map@10 : 0.0746    precision@10 : 0.0428    gauc : 0.712    itemcoverage@10 : 0.7554    averagepopularity@10 : 781.6122    giniindex@10 : 0.933    shannonentropy@10 : 0.0015    tailpercentage@10 : 0.0421
Sun 06 Apr 2025 16:03:02 INFO  epoch 44 training [time: 81.25s, train loss: 0.2216]
Sun 06 Apr 2025 16:05:13 INFO  epoch 44 evaluating [time: 130.84s, valid_score: 0.156800]
Sun 06 Apr 2025 16:05:13 INFO  valid result: 
recall@10 : 0.114    mrr@10 : 0.1568    ndcg@10 : 0.105    hit@10 : 0.2443    map@10 : 0.0761    precision@10 : 0.0446    gauc : 0.7479    itemcoverage@10 : 0.8072    averagepopularity@10 : 905.6986    giniindex@10 : 0.9149    shannonentropy@10 : 0.0015    tailpercentage@10 : 0.0297
Sun 06 Apr 2025 16:06:34 INFO  epoch 45 training [time: 81.26s, train loss: 0.3342]
Sun 06 Apr 2025 16:08:46 INFO  epoch 45 evaluating [time: 132.00s, valid_score: 0.162000]
Sun 06 Apr 2025 16:08:46 INFO  valid result: 
recall@10 : 0.1186    mrr@10 : 0.162    ndcg@10 : 0.1083    hit@10 : 0.2545    map@10 : 0.0781    precision@10 : 0.0456    gauc : 0.7557    itemcoverage@10 : 0.7504    averagepopularity@10 : 1168.042    giniindex@10 : 0.9357    shannonentropy@10 : 0.0015    tailpercentage@10 : 0.0238
Sun 06 Apr 2025 16:10:08 INFO  epoch 46 training [time: 81.22s, train loss: 0.2745]
Sun 06 Apr 2025 16:12:19 INFO  epoch 46 evaluating [time: 131.59s, valid_score: 0.169800]
Sun 06 Apr 2025 16:12:19 INFO  valid result: 
recall@10 : 0.1357    mrr@10 : 0.1698    ndcg@10 : 0.1173    hit@10 : 0.2824    map@10 : 0.0833    precision@10 : 0.0493    gauc : 0.7907    itemcoverage@10 : 0.7749    averagepopularity@10 : 1249.6191    giniindex@10 : 0.9259    shannonentropy@10 : 0.0015    tailpercentage@10 : 0.0307
Sun 06 Apr 2025 16:13:40 INFO  epoch 47 training [time: 81.17s, train loss: 0.2260]
Sun 06 Apr 2025 16:15:51 INFO  epoch 47 evaluating [time: 130.86s, valid_score: 0.178400]
Sun 06 Apr 2025 16:15:51 INFO  valid result: 
recall@10 : 0.1459    mrr@10 : 0.1784    ndcg@10 : 0.1258    hit@10 : 0.2892    map@10 : 0.0914    precision@10 : 0.0494    gauc : 0.7708    itemcoverage@10 : 0.7198    averagepopularity@10 : 1681.2095    giniindex@10 : 0.9493    shannonentropy@10 : 0.0015    tailpercentage@10 : 0.0189
Sun 06 Apr 2025 16:17:12 INFO  epoch 48 training [time: 81.11s, train loss: 0.2358]
Sun 06 Apr 2025 16:19:24 INFO  epoch 48 evaluating [time: 131.50s, valid_score: 0.175100]
Sun 06 Apr 2025 16:19:24 INFO  valid result: 
recall@10 : 0.1416    mrr@10 : 0.1751    ndcg@10 : 0.1236    hit@10 : 0.2857    map@10 : 0.0896    precision@10 : 0.0492    gauc : 0.7361    itemcoverage@10 : 0.7882    averagepopularity@10 : 1462.5163    giniindex@10 : 0.9245    shannonentropy@10 : 0.0015    tailpercentage@10 : 0.0246
Sun 06 Apr 2025 16:20:45 INFO  epoch 49 training [time: 81.14s, train loss: 0.2056]
Sun 06 Apr 2025 16:22:56 INFO  epoch 49 evaluating [time: 131.47s, valid_score: 0.183400]
Sun 06 Apr 2025 16:22:56 INFO  valid result: 
recall@10 : 0.1587    mrr@10 : 0.1834    ndcg@10 : 0.1316    hit@10 : 0.3184    map@10 : 0.0929    precision@10 : 0.0534    gauc : 0.7903    itemcoverage@10 : 0.7928    averagepopularity@10 : 1650.3186    giniindex@10 : 0.9187    shannonentropy@10 : 0.0015    tailpercentage@10 : 0.0364
Sun 06 Apr 2025 16:22:56 INFO  Loading model structure and parameters from ./saved/mind/NAIS-Apr-06-2025_13-25-24.pth
