Thu 17 Apr 2025 21:21:33 INFO  
General Hyper Parameters:
gpu_id = 0
use_gpu = True
seed = 2020
state = INFO
reproducibility = True
data_path = dataset/movielens
checkpoint_dir = ./saved/movielens/
show_progress = True
save_dataset = True
dataset_save_path = None
save_dataloaders = False
dataloaders_save_path = None
log_wandb = False

Training Hyper Parameters:
epochs = 50
train_batch_size = 2048
learner = adam
learning_rate = 0.001
train_neg_sample_args = {'distribution': 'uniform', 'sample_num': 1, 'alpha': 1.0, 'dynamic': False, 'candidate_num': 0}
eval_step = 1
stopping_step = 50
clip_grad_norm = None
weight_decay = 0.0
loss_decimal_place = 4

Evaluation Hyper Parameters:
eval_args = {'split': {'RS': [0.8, 0.1, 0.1]}, 'group_by': 'user', 'order': 'RO', 'mode': 'full'}
repeatable = False
metrics = ['MRR']
topk = [10]
valid_metric = MRR@10
valid_metric_bigger = True
eval_batch_size = 4096
metric_decimal_place = 4

Dataset Hyper Parameters:
field_separator = 	
seq_separator =  
USER_ID_FIELD = user_id
ITEM_ID_FIELD = item_id
RATING_FIELD = rating
TIME_FIELD = timestamp
seq_len = None
LABEL_FIELD = label
threshold = None
NEG_PREFIX = neg_
load_col = {'inter': ['user_id', 'item_id', 'rating', 'timestamp'], 'kg': ['head_id', 'relation_id', 'tail_id'], 'link': ['item_id', 'entity_id']}
unload_col = None
unused_col = None
additional_feat_suffix = None
rm_dup_inter = None
val_interval = None
filter_inter_by_user_or_item = True
user_inter_num_interval = [0,inf)
item_inter_num_interval = [0,inf)
alias_of_user_id = None
alias_of_item_id = None
alias_of_entity_id = None
alias_of_relation_id = None
preload_weight = None
normalize_field = None
normalize_all = None
ITEM_LIST_LENGTH_FIELD = item_length
LIST_SUFFIX = _list
MAX_ITEM_LIST_LENGTH = 50
POSITION_FIELD = position_id
HEAD_ENTITY_ID_FIELD = head_id
TAIL_ENTITY_ID_FIELD = tail_id
RELATION_ID_FIELD = relation_id
ENTITY_ID_FIELD = entity_id
benchmark_filename = None

Other Hyper Parameters: 
worker = 0
wandb_project = recbole
shuffle = True
require_pow = False
enable_amp = False
enable_scaler = False
transform = None
embedding_size = 64
n_hop = 2
n_memory = 16
kg_weight = 0.01
reg_weight = 1e-07
numerical_features = []
discretization = None
kg_reverse_r = False
entity_kg_num_interval = [0,inf)
relation_kg_num_interval = [0,inf)
MODEL_TYPE = ModelType.KNOWLEDGE
MODEL_INPUT_TYPE = InputType.POINTWISE
eval_type = EvaluatorType.RANKING
single_spec = True
local_rank = 0
device = cuda
eval_neg_sample_args = {'distribution': 'uniform', 'sample_num': 'none'}


Thu 17 Apr 2025 21:21:35 INFO  Saving filtered dataset into [./saved/movielens/movielens-dataset.pth]
Thu 17 Apr 2025 21:21:35 INFO  movielens
The number of users: 6037
Average actions of users: 114.7589463220676
The number of items: 2824
Average actions of items: 245.37194473963868
The number of inters: 692685
The sparsity of the dataset: 95.93697106746357%
Remain Fields: ['entity_id', 'user_id', 'item_id', 'head_id', 'tail_id', 'relation_id']
The number of entities: 20454
The number of relations: 13
The number of triples: 70668
The number of items that have been linked to KG: 2823
Thu 17 Apr 2025 21:21:37 INFO  [Training]: train_batch_size = [2048] train_neg_sample_args: [{'distribution': 'uniform', 'sample_num': 1, 'alpha': 1.0, 'dynamic': False, 'candidate_num': 0}]
Thu 17 Apr 2025 21:21:37 INFO  [Evaluation]: eval_batch_size = [4096] eval_args: [{'split': {'RS': [0.8, 0.1, 0.1]}, 'group_by': 'user', 'order': 'RO', 'mode': 'full'}]
Thu 17 Apr 2025 21:21:47 INFO  0 among 6036 users are padded
Thu 17 Apr 2025 21:21:47 INFO  RippleNet(
  (entity_embedding): Embedding(20454, 64)
  (relation_embedding): Embedding(13, 4096)
  (transform_matrix): Linear(in_features=64, out_features=64, bias=False)
  (softmax): Softmax(dim=1)
  (sigmoid): Sigmoid()
  (rec_loss): BPRLoss()
  (l2_loss): EmbLoss()
  (loss): BCEWithLogitsLoss()
)
Trainable parameters: 1366400
Thu 17 Apr 2025 21:24:03 INFO  epoch 0 training [time: 128.28s, train loss: 284.3193]
Thu 17 Apr 2025 21:24:16 INFO  epoch 0 evaluating [time: 12.68s, valid_score: 0.122000]
Thu 17 Apr 2025 21:24:16 INFO  valid result: 
mrr@10 : 0.122
Thu 17 Apr 2025 21:24:18 INFO  Saving current: ./saved/movielens/RippleNet-Apr-17-2025_21-21-47.pth
Thu 17 Apr 2025 21:26:24 INFO  epoch 1 training [time: 126.52s, train loss: 271.2734]
Thu 17 Apr 2025 21:26:38 INFO  epoch 1 evaluating [time: 14.00s, valid_score: 0.124800]
Thu 17 Apr 2025 21:26:38 INFO  valid result: 
mrr@10 : 0.1248
Thu 17 Apr 2025 21:26:40 INFO  Saving current: ./saved/movielens/RippleNet-Apr-17-2025_21-21-47.pth
Thu 17 Apr 2025 21:28:46 INFO  epoch 2 training [time: 126.30s, train loss: 264.1556]
Thu 17 Apr 2025 21:28:59 INFO  epoch 2 evaluating [time: 12.68s, valid_score: 0.144900]
Thu 17 Apr 2025 21:28:59 INFO  valid result: 
mrr@10 : 0.1449
Thu 17 Apr 2025 21:29:01 INFO  Saving current: ./saved/movielens/RippleNet-Apr-17-2025_21-21-47.pth
Thu 17 Apr 2025 21:31:07 INFO  epoch 3 training [time: 126.39s, train loss: 247.0681]
Thu 17 Apr 2025 21:31:20 INFO  epoch 3 evaluating [time: 12.91s, valid_score: 0.154700]
Thu 17 Apr 2025 21:31:20 INFO  valid result: 
mrr@10 : 0.1547
Thu 17 Apr 2025 21:31:22 INFO  Saving current: ./saved/movielens/RippleNet-Apr-17-2025_21-21-47.pth
Thu 17 Apr 2025 21:33:28 INFO  epoch 4 training [time: 126.02s, train loss: 237.8300]
Thu 17 Apr 2025 21:33:41 INFO  epoch 4 evaluating [time: 12.83s, valid_score: 0.166400]
Thu 17 Apr 2025 21:33:41 INFO  valid result: 
mrr@10 : 0.1664
Thu 17 Apr 2025 21:33:42 INFO  Saving current: ./saved/movielens/RippleNet-Apr-17-2025_21-21-47.pth
Thu 17 Apr 2025 21:35:49 INFO  epoch 5 training [time: 126.69s, train loss: 230.4620]
Thu 17 Apr 2025 21:36:04 INFO  epoch 5 evaluating [time: 15.41s, valid_score: 0.164400]
Thu 17 Apr 2025 21:36:04 INFO  valid result: 
mrr@10 : 0.1644
Thu 17 Apr 2025 21:38:10 INFO  epoch 6 training [time: 125.88s, train loss: 225.5138]
Thu 17 Apr 2025 21:38:23 INFO  epoch 6 evaluating [time: 12.85s, valid_score: 0.170700]
Thu 17 Apr 2025 21:38:23 INFO  valid result: 
mrr@10 : 0.1707
Thu 17 Apr 2025 21:38:25 INFO  Saving current: ./saved/movielens/RippleNet-Apr-17-2025_21-21-47.pth
Thu 17 Apr 2025 21:40:31 INFO  epoch 7 training [time: 126.55s, train loss: 220.3308]
Thu 17 Apr 2025 21:40:45 INFO  epoch 7 evaluating [time: 13.35s, valid_score: 0.174000]
Thu 17 Apr 2025 21:40:45 INFO  valid result: 
mrr@10 : 0.174
Thu 17 Apr 2025 21:40:46 INFO  Saving current: ./saved/movielens/RippleNet-Apr-17-2025_21-21-47.pth
Thu 17 Apr 2025 21:42:52 INFO  epoch 8 training [time: 126.12s, train loss: 216.4818]
Thu 17 Apr 2025 21:43:06 INFO  epoch 8 evaluating [time: 13.32s, valid_score: 0.175900]
Thu 17 Apr 2025 21:43:06 INFO  valid result: 
mrr@10 : 0.1759
Thu 17 Apr 2025 21:43:08 INFO  Saving current: ./saved/movielens/RippleNet-Apr-17-2025_21-21-47.pth
Thu 17 Apr 2025 21:45:14 INFO  epoch 9 training [time: 125.96s, train loss: 213.0014]
Thu 17 Apr 2025 21:45:26 INFO  epoch 9 evaluating [time: 12.82s, valid_score: 0.183500]
Thu 17 Apr 2025 21:45:26 INFO  valid result: 
mrr@10 : 0.1835
Thu 17 Apr 2025 21:45:28 INFO  Saving current: ./saved/movielens/RippleNet-Apr-17-2025_21-21-47.pth
Thu 17 Apr 2025 21:47:34 INFO  epoch 10 training [time: 125.98s, train loss: 210.2226]
Thu 17 Apr 2025 21:47:47 INFO  epoch 10 evaluating [time: 12.69s, valid_score: 0.186600]
Thu 17 Apr 2025 21:47:47 INFO  valid result: 
mrr@10 : 0.1866
Thu 17 Apr 2025 21:47:49 INFO  Saving current: ./saved/movielens/RippleNet-Apr-17-2025_21-21-47.pth
Thu 17 Apr 2025 21:49:55 INFO  epoch 11 training [time: 126.22s, train loss: 207.1410]
Thu 17 Apr 2025 21:50:08 INFO  epoch 11 evaluating [time: 12.88s, valid_score: 0.185600]
Thu 17 Apr 2025 21:50:08 INFO  valid result: 
mrr@10 : 0.1856
Thu 17 Apr 2025 21:52:13 INFO  epoch 12 training [time: 125.72s, train loss: 204.2546]
Thu 17 Apr 2025 21:52:26 INFO  epoch 12 evaluating [time: 12.70s, valid_score: 0.188800]
Thu 17 Apr 2025 21:52:26 INFO  valid result: 
mrr@10 : 0.1888
Thu 17 Apr 2025 21:52:28 INFO  Saving current: ./saved/movielens/RippleNet-Apr-17-2025_21-21-47.pth
Thu 17 Apr 2025 21:54:34 INFO  epoch 13 training [time: 126.03s, train loss: 201.5783]
Thu 17 Apr 2025 21:54:49 INFO  epoch 13 evaluating [time: 15.06s, valid_score: 0.187700]
Thu 17 Apr 2025 21:54:49 INFO  valid result: 
mrr@10 : 0.1877
Thu 17 Apr 2025 21:56:55 INFO  epoch 14 training [time: 125.83s, train loss: 198.5608]
Thu 17 Apr 2025 21:57:08 INFO  epoch 14 evaluating [time: 12.82s, valid_score: 0.193900]
Thu 17 Apr 2025 21:57:08 INFO  valid result: 
mrr@10 : 0.1939
Thu 17 Apr 2025 21:57:09 INFO  Saving current: ./saved/movielens/RippleNet-Apr-17-2025_21-21-47.pth
Thu 17 Apr 2025 21:59:15 INFO  epoch 15 training [time: 125.85s, train loss: 196.2437]
Thu 17 Apr 2025 21:59:29 INFO  epoch 15 evaluating [time: 14.04s, valid_score: 0.190300]
Thu 17 Apr 2025 21:59:29 INFO  valid result: 
mrr@10 : 0.1903
Thu 17 Apr 2025 22:01:35 INFO  epoch 16 training [time: 125.99s, train loss: 193.6684]
Thu 17 Apr 2025 22:01:48 INFO  epoch 16 evaluating [time: 12.92s, valid_score: 0.194200]
Thu 17 Apr 2025 22:01:48 INFO  valid result: 
mrr@10 : 0.1942
Thu 17 Apr 2025 22:01:50 INFO  Saving current: ./saved/movielens/RippleNet-Apr-17-2025_21-21-47.pth
Thu 17 Apr 2025 22:03:56 INFO  epoch 17 training [time: 126.07s, train loss: 191.6931]
Thu 17 Apr 2025 22:04:08 INFO  epoch 17 evaluating [time: 12.36s, valid_score: 0.189000]
Thu 17 Apr 2025 22:04:08 INFO  valid result: 
mrr@10 : 0.189
Thu 17 Apr 2025 22:06:14 INFO  epoch 18 training [time: 125.73s, train loss: 188.9770]
Thu 17 Apr 2025 22:06:26 INFO  epoch 18 evaluating [time: 12.73s, valid_score: 0.188500]
Thu 17 Apr 2025 22:06:26 INFO  valid result: 
mrr@10 : 0.1885
Thu 17 Apr 2025 22:08:32 INFO  epoch 19 training [time: 126.01s, train loss: 186.7297]
Thu 17 Apr 2025 22:08:45 INFO  epoch 19 evaluating [time: 12.88s, valid_score: 0.180700]
Thu 17 Apr 2025 22:08:45 INFO  valid result: 
mrr@10 : 0.1807
Thu 17 Apr 2025 22:10:51 INFO  epoch 20 training [time: 125.74s, train loss: 184.1153]
Thu 17 Apr 2025 22:11:04 INFO  epoch 20 evaluating [time: 12.65s, valid_score: 0.177500]
Thu 17 Apr 2025 22:11:04 INFO  valid result: 
mrr@10 : 0.1775
Thu 17 Apr 2025 22:13:09 INFO  epoch 21 training [time: 125.73s, train loss: 182.0258]
Thu 17 Apr 2025 22:13:22 INFO  epoch 21 evaluating [time: 12.92s, valid_score: 0.179700]
Thu 17 Apr 2025 22:13:22 INFO  valid result: 
mrr@10 : 0.1797
Thu 17 Apr 2025 22:15:28 INFO  epoch 22 training [time: 125.92s, train loss: 179.3706]
Thu 17 Apr 2025 22:15:41 INFO  epoch 22 evaluating [time: 12.66s, valid_score: 0.174400]
Thu 17 Apr 2025 22:15:41 INFO  valid result: 
mrr@10 : 0.1744
Thu 17 Apr 2025 22:17:47 INFO  epoch 23 training [time: 126.13s, train loss: 177.0416]
Thu 17 Apr 2025 22:18:00 INFO  epoch 23 evaluating [time: 13.00s, valid_score: 0.181400]
Thu 17 Apr 2025 22:18:00 INFO  valid result: 
mrr@10 : 0.1814
Thu 17 Apr 2025 22:20:06 INFO  epoch 24 training [time: 125.75s, train loss: 175.0952]
Thu 17 Apr 2025 22:20:19 INFO  epoch 24 evaluating [time: 12.88s, valid_score: 0.178400]
Thu 17 Apr 2025 22:20:19 INFO  valid result: 
mrr@10 : 0.1784
Thu 17 Apr 2025 22:22:24 INFO  epoch 25 training [time: 125.81s, train loss: 173.0248]
Thu 17 Apr 2025 22:22:37 INFO  epoch 25 evaluating [time: 12.87s, valid_score: 0.169000]
Thu 17 Apr 2025 22:22:37 INFO  valid result: 
mrr@10 : 0.169
Thu 17 Apr 2025 22:24:43 INFO  epoch 26 training [time: 126.06s, train loss: 170.3090]
Thu 17 Apr 2025 22:24:56 INFO  epoch 26 evaluating [time: 12.51s, valid_score: 0.164000]
Thu 17 Apr 2025 22:24:56 INFO  valid result: 
mrr@10 : 0.164
Thu 17 Apr 2025 22:27:02 INFO  epoch 27 training [time: 125.70s, train loss: 168.4584]
Thu 17 Apr 2025 22:27:16 INFO  epoch 27 evaluating [time: 14.07s, valid_score: 0.167300]
Thu 17 Apr 2025 22:27:16 INFO  valid result: 
mrr@10 : 0.1673
Thu 17 Apr 2025 22:29:22 INFO  epoch 28 training [time: 125.90s, train loss: 166.1873]
Thu 17 Apr 2025 22:29:34 INFO  epoch 28 evaluating [time: 12.68s, valid_score: 0.165200]
Thu 17 Apr 2025 22:29:34 INFO  valid result: 
mrr@10 : 0.1652
Thu 17 Apr 2025 22:31:40 INFO  epoch 29 training [time: 125.75s, train loss: 164.4290]
Thu 17 Apr 2025 22:31:53 INFO  epoch 29 evaluating [time: 12.75s, valid_score: 0.167000]
Thu 17 Apr 2025 22:31:53 INFO  valid result: 
mrr@10 : 0.167
Thu 17 Apr 2025 22:33:59 INFO  epoch 30 training [time: 125.89s, train loss: 161.8640]
Thu 17 Apr 2025 22:34:12 INFO  epoch 30 evaluating [time: 12.94s, valid_score: 0.160800]
Thu 17 Apr 2025 22:34:12 INFO  valid result: 
mrr@10 : 0.1608
Thu 17 Apr 2025 22:36:17 INFO  epoch 31 training [time: 125.68s, train loss: 160.1176]
Thu 17 Apr 2025 22:36:30 INFO  epoch 31 evaluating [time: 12.94s, valid_score: 0.154800]
Thu 17 Apr 2025 22:36:30 INFO  valid result: 
mrr@10 : 0.1548
Thu 17 Apr 2025 22:38:36 INFO  epoch 32 training [time: 125.75s, train loss: 157.9858]
Thu 17 Apr 2025 22:38:49 INFO  epoch 32 evaluating [time: 12.95s, valid_score: 0.156400]
Thu 17 Apr 2025 22:38:49 INFO  valid result: 
mrr@10 : 0.1564
Thu 17 Apr 2025 22:40:55 INFO  epoch 33 training [time: 125.98s, train loss: 156.1507]
Thu 17 Apr 2025 22:41:07 INFO  epoch 33 evaluating [time: 12.49s, valid_score: 0.155800]
Thu 17 Apr 2025 22:41:07 INFO  valid result: 
mrr@10 : 0.1558
Thu 17 Apr 2025 22:43:13 INFO  epoch 34 training [time: 125.83s, train loss: 154.5998]
Thu 17 Apr 2025 22:43:26 INFO  epoch 34 evaluating [time: 12.71s, valid_score: 0.151900]
Thu 17 Apr 2025 22:43:26 INFO  valid result: 
mrr@10 : 0.1519
Thu 17 Apr 2025 22:45:32 INFO  epoch 35 training [time: 125.57s, train loss: 152.5354]
Thu 17 Apr 2025 22:45:44 INFO  epoch 35 evaluating [time: 12.63s, valid_score: 0.153500]
Thu 17 Apr 2025 22:45:44 INFO  valid result: 
mrr@10 : 0.1535
Thu 17 Apr 2025 22:47:50 INFO  epoch 36 training [time: 125.84s, train loss: 150.9502]
Thu 17 Apr 2025 22:48:03 INFO  epoch 36 evaluating [time: 12.53s, valid_score: 0.151300]
Thu 17 Apr 2025 22:48:03 INFO  valid result: 
mrr@10 : 0.1513
Thu 17 Apr 2025 22:50:09 INFO  epoch 37 training [time: 126.02s, train loss: 148.7954]
Thu 17 Apr 2025 22:50:22 INFO  epoch 37 evaluating [time: 13.42s, valid_score: 0.145400]
Thu 17 Apr 2025 22:50:22 INFO  valid result: 
mrr@10 : 0.1454
Thu 17 Apr 2025 22:52:28 INFO  epoch 38 training [time: 125.60s, train loss: 147.4816]
Thu 17 Apr 2025 22:52:40 INFO  epoch 38 evaluating [time: 12.38s, valid_score: 0.142800]
Thu 17 Apr 2025 22:52:40 INFO  valid result: 
mrr@10 : 0.1428
Thu 17 Apr 2025 22:54:46 INFO  epoch 39 training [time: 125.80s, train loss: 145.9691]
Thu 17 Apr 2025 22:54:58 INFO  epoch 39 evaluating [time: 12.40s, valid_score: 0.142500]
Thu 17 Apr 2025 22:54:58 INFO  valid result: 
mrr@10 : 0.1425
Thu 17 Apr 2025 22:57:04 INFO  epoch 40 training [time: 125.96s, train loss: 144.3605]
Thu 17 Apr 2025 22:57:17 INFO  epoch 40 evaluating [time: 12.83s, valid_score: 0.136200]
Thu 17 Apr 2025 22:57:17 INFO  valid result: 
mrr@10 : 0.1362
Thu 17 Apr 2025 22:59:23 INFO  epoch 41 training [time: 125.98s, train loss: 142.6096]
Thu 17 Apr 2025 22:59:35 INFO  epoch 41 evaluating [time: 12.46s, valid_score: 0.143600]
Thu 17 Apr 2025 22:59:35 INFO  valid result: 
mrr@10 : 0.1436
Thu 17 Apr 2025 23:01:41 INFO  epoch 42 training [time: 125.97s, train loss: 141.7625]
Thu 17 Apr 2025 23:01:54 INFO  epoch 42 evaluating [time: 12.27s, valid_score: 0.133000]
Thu 17 Apr 2025 23:01:54 INFO  valid result: 
mrr@10 : 0.133
Thu 17 Apr 2025 23:04:00 INFO  epoch 43 training [time: 126.01s, train loss: 139.5708]
Thu 17 Apr 2025 23:04:12 INFO  epoch 43 evaluating [time: 12.86s, valid_score: 0.134600]
Thu 17 Apr 2025 23:04:12 INFO  valid result: 
mrr@10 : 0.1346
Thu 17 Apr 2025 23:06:18 INFO  epoch 44 training [time: 125.81s, train loss: 138.7443]
Thu 17 Apr 2025 23:06:31 INFO  epoch 44 evaluating [time: 12.76s, valid_score: 0.132300]
Thu 17 Apr 2025 23:06:31 INFO  valid result: 
mrr@10 : 0.1323
Thu 17 Apr 2025 23:08:37 INFO  epoch 45 training [time: 125.75s, train loss: 137.0230]
Thu 17 Apr 2025 23:08:50 INFO  epoch 45 evaluating [time: 13.37s, valid_score: 0.136000]
Thu 17 Apr 2025 23:08:50 INFO  valid result: 
mrr@10 : 0.136
Thu 17 Apr 2025 23:10:56 INFO  epoch 46 training [time: 125.89s, train loss: 136.1860]
Thu 17 Apr 2025 23:11:09 INFO  epoch 46 evaluating [time: 12.58s, valid_score: 0.132600]
Thu 17 Apr 2025 23:11:09 INFO  valid result: 
mrr@10 : 0.1326
Thu 17 Apr 2025 23:13:14 INFO  epoch 47 training [time: 125.79s, train loss: 134.4898]
Thu 17 Apr 2025 23:13:27 INFO  epoch 47 evaluating [time: 12.32s, valid_score: 0.130000]
Thu 17 Apr 2025 23:13:27 INFO  valid result: 
mrr@10 : 0.13
Thu 17 Apr 2025 23:15:32 INFO  epoch 48 training [time: 125.62s, train loss: 133.5515]
Thu 17 Apr 2025 23:15:45 INFO  epoch 48 evaluating [time: 12.31s, valid_score: 0.130500]
Thu 17 Apr 2025 23:15:45 INFO  valid result: 
mrr@10 : 0.1305
Thu 17 Apr 2025 23:17:50 INFO  epoch 49 training [time: 125.63s, train loss: 131.4769]
Thu 17 Apr 2025 23:18:03 INFO  epoch 49 evaluating [time: 12.40s, valid_score: 0.131600]
Thu 17 Apr 2025 23:18:03 INFO  valid result: 
mrr@10 : 0.1316
Thu 17 Apr 2025 23:18:05 INFO  Loading model structure and parameters from ./saved/movielens/RippleNet-Apr-17-2025_21-21-47.pth
