Sun 20 Apr 2025 01:54:02 INFO  
General Hyper Parameters:
gpu_id = 0
use_gpu = True
seed = 2020
state = INFO
reproducibility = True
data_path = dataset/amazon
checkpoint_dir = ./saved/amazon/
show_progress = True
save_dataset = True
dataset_save_path = None
save_dataloaders = False
dataloaders_save_path = None
log_wandb = False

Training Hyper Parameters:
epochs = 20
train_batch_size = 2048
learner = adam
learning_rate = 0.001
train_neg_sample_args = {'distribution': 'uniform', 'sample_num': 1, 'alpha': 1.0, 'dynamic': False, 'candidate_num': 0}
eval_step = 1
stopping_step = 50
clip_grad_norm = None
weight_decay = 0.0
loss_decimal_place = 4

Evaluation Hyper Parameters:
eval_args = {'split': {'RS': [0.8, 0.1, 0.1]}, 'group_by': 'user', 'order': 'RO', 'mode': 'full'}
repeatable = False
metrics = ['MRR']
topk = [10]
valid_metric = MRR@10
valid_metric_bigger = True
eval_batch_size = 4096
metric_decimal_place = 4

Dataset Hyper Parameters:
field_separator = 	
seq_separator =  
USER_ID_FIELD = user_id
ITEM_ID_FIELD = item_id
RATING_FIELD = rating
TIME_FIELD = timestamp
seq_len = None
LABEL_FIELD = label
threshold = None
NEG_PREFIX = neg_
load_col = {'inter': ['user_id', 'item_id', 'rating', 'timestamp'], 'kg': ['head_id', 'relation_id', 'tail_id'], 'link': ['item_id', 'entity_id']}
unload_col = None
unused_col = None
additional_feat_suffix = None
rm_dup_inter = None
val_interval = None
filter_inter_by_user_or_item = True
user_inter_num_interval = [0,inf)
item_inter_num_interval = [0,inf)
alias_of_user_id = None
alias_of_item_id = None
alias_of_entity_id = None
alias_of_relation_id = None
preload_weight = None
normalize_field = None
normalize_all = None
ITEM_LIST_LENGTH_FIELD = item_length
LIST_SUFFIX = _list
MAX_ITEM_LIST_LENGTH = 50
POSITION_FIELD = position_id
HEAD_ENTITY_ID_FIELD = head_id
TAIL_ENTITY_ID_FIELD = tail_id
RELATION_ID_FIELD = relation_id
ENTITY_ID_FIELD = entity_id
benchmark_filename = None

Other Hyper Parameters: 
worker = 0
wandb_project = recbole
shuffle = True
require_pow = False
enable_amp = False
enable_scaler = False
transform = None
embedding_size = 64
n_iter = 1
aggregator = sum
reg_weight = 1e-07
neighbor_sample_size = 4
numerical_features = []
discretization = None
kg_reverse_r = False
entity_kg_num_interval = [0,inf)
relation_kg_num_interval = [0,inf)
MODEL_TYPE = ModelType.KNOWLEDGE
MODEL_INPUT_TYPE = InputType.PAIRWISE
eval_type = EvaluatorType.RANKING
single_spec = True
local_rank = 0
device = cuda
eval_neg_sample_args = {'distribution': 'uniform', 'sample_num': 'none'}


Sun 20 Apr 2025 01:54:07 INFO  Saving filtered dataset into [./saved/amazon/amazon-dataset.pth]
Sun 20 Apr 2025 01:54:07 INFO  amazon
The number of users: 20201
Average actions of users: 17.4280198019802
The number of items: 10879
Average actions of items: 32.36311822026108
The number of inters: 352046
The sparsity of the dataset: 99.83980920055674%
Remain Fields: ['entity_id', 'user_id', 'item_id', 'rating', 'head_id', 'tail_id', 'relation_id']
The number of entities: 26316
The number of relations: 18
The number of triples: 96476
The number of items that have been linked to KG: 10878
Sun 20 Apr 2025 01:54:09 INFO  [Training]: train_batch_size = [2048] train_neg_sample_args: [{'distribution': 'uniform', 'sample_num': 1, 'alpha': 1.0, 'dynamic': False, 'candidate_num': 0}]
Sun 20 Apr 2025 01:54:09 INFO  [Evaluation]: eval_batch_size = [4096] eval_args: [{'split': {'RS': [0.8, 0.1, 0.1]}, 'group_by': 'user', 'order': 'RO', 'mode': 'full'}]
Sun 20 Apr 2025 01:54:09 INFO  KGCN(
  (user_embedding): Embedding(20201, 64)
  (entity_embedding): Embedding(26316, 64)
  (relation_embedding): Embedding(19, 64)
  (softmax): Softmax(dim=-1)
  (linear_layers): ModuleList(
    (0): Linear(in_features=64, out_features=64, bias=True)
  )
  (ReLU): ReLU()
  (Tanh): Tanh()
  (bce_loss): BCEWithLogitsLoss()
  (l2_loss): EmbLoss()
)
Trainable parameters: 2982464
Sun 20 Apr 2025 01:54:20 INFO  epoch 0 training [time: 5.31s, train loss: 95.1969]
Sun 20 Apr 2025 01:55:57 INFO  epoch 0 evaluating [time: 97.26s, valid_score: 0.014500]
Sun 20 Apr 2025 01:55:57 INFO  valid result: 
mrr@10 : 0.0145
Sun 20 Apr 2025 01:55:57 INFO  Saving current: ./saved/amazon/KGCN-Apr-20-2025_01-54-09.pth
Sun 20 Apr 2025 01:56:02 INFO  epoch 1 training [time: 5.33s, train loss: 79.3045]
Sun 20 Apr 2025 01:57:41 INFO  epoch 1 evaluating [time: 99.08s, valid_score: 0.017900]
Sun 20 Apr 2025 01:57:41 INFO  valid result: 
mrr@10 : 0.0179
Sun 20 Apr 2025 01:57:41 INFO  Saving current: ./saved/amazon/KGCN-Apr-20-2025_01-54-09.pth
Sun 20 Apr 2025 01:57:47 INFO  epoch 2 training [time: 5.34s, train loss: 69.7990]
Sun 20 Apr 2025 01:59:24 INFO  epoch 2 evaluating [time: 97.40s, valid_score: 0.018100]
Sun 20 Apr 2025 01:59:24 INFO  valid result: 
mrr@10 : 0.0181
Sun 20 Apr 2025 01:59:24 INFO  Saving current: ./saved/amazon/KGCN-Apr-20-2025_01-54-09.pth
Sun 20 Apr 2025 01:59:29 INFO  epoch 3 training [time: 5.33s, train loss: 65.8314]
Sun 20 Apr 2025 02:01:07 INFO  epoch 3 evaluating [time: 97.57s, valid_score: 0.018700]
Sun 20 Apr 2025 02:01:07 INFO  valid result: 
mrr@10 : 0.0187
Sun 20 Apr 2025 02:01:07 INFO  Saving current: ./saved/amazon/KGCN-Apr-20-2025_01-54-09.pth
Sun 20 Apr 2025 02:01:12 INFO  epoch 4 training [time: 5.39s, train loss: 63.0223]
Sun 20 Apr 2025 02:02:50 INFO  epoch 4 evaluating [time: 97.76s, valid_score: 0.018500]
Sun 20 Apr 2025 02:02:50 INFO  valid result: 
mrr@10 : 0.0185
Sun 20 Apr 2025 02:02:55 INFO  epoch 5 training [time: 5.38s, train loss: 61.0142]
Sun 20 Apr 2025 02:04:36 INFO  epoch 5 evaluating [time: 100.36s, valid_score: 0.019900]
Sun 20 Apr 2025 02:04:36 INFO  valid result: 
mrr@10 : 0.0199
Sun 20 Apr 2025 02:04:36 INFO  Saving current: ./saved/amazon/KGCN-Apr-20-2025_01-54-09.pth
Sun 20 Apr 2025 02:04:41 INFO  epoch 6 training [time: 5.45s, train loss: 59.5314]
Sun 20 Apr 2025 02:06:19 INFO  epoch 6 evaluating [time: 97.76s, valid_score: 0.019900]
Sun 20 Apr 2025 02:06:19 INFO  valid result: 
mrr@10 : 0.0199
Sun 20 Apr 2025 02:06:19 INFO  Saving current: ./saved/amazon/KGCN-Apr-20-2025_01-54-09.pth
Sun 20 Apr 2025 02:06:24 INFO  epoch 7 training [time: 5.35s, train loss: 58.2141]
Sun 20 Apr 2025 02:08:02 INFO  epoch 7 evaluating [time: 97.44s, valid_score: 0.021100]
Sun 20 Apr 2025 02:08:02 INFO  valid result: 
mrr@10 : 0.0211
Sun 20 Apr 2025 02:08:02 INFO  Saving current: ./saved/amazon/KGCN-Apr-20-2025_01-54-09.pth
Sun 20 Apr 2025 02:08:07 INFO  epoch 8 training [time: 5.34s, train loss: 56.5631]
Sun 20 Apr 2025 02:09:46 INFO  epoch 8 evaluating [time: 98.34s, valid_score: 0.021200]
Sun 20 Apr 2025 02:09:46 INFO  valid result: 
mrr@10 : 0.0212
Sun 20 Apr 2025 02:09:46 INFO  Saving current: ./saved/amazon/KGCN-Apr-20-2025_01-54-09.pth
Sun 20 Apr 2025 02:09:51 INFO  epoch 9 training [time: 5.36s, train loss: 55.1099]
Sun 20 Apr 2025 02:11:29 INFO  epoch 9 evaluating [time: 98.25s, valid_score: 0.021300]
Sun 20 Apr 2025 02:11:29 INFO  valid result: 
mrr@10 : 0.0213
Sun 20 Apr 2025 02:11:29 INFO  Saving current: ./saved/amazon/KGCN-Apr-20-2025_01-54-09.pth
Sun 20 Apr 2025 02:11:35 INFO  epoch 10 training [time: 5.32s, train loss: 53.7399]
Sun 20 Apr 2025 02:13:13 INFO  epoch 10 evaluating [time: 98.00s, valid_score: 0.022400]
Sun 20 Apr 2025 02:13:13 INFO  valid result: 
mrr@10 : 0.0224
Sun 20 Apr 2025 02:13:13 INFO  Saving current: ./saved/amazon/KGCN-Apr-20-2025_01-54-09.pth
Sun 20 Apr 2025 02:13:18 INFO  epoch 11 training [time: 5.29s, train loss: 52.4754]
Sun 20 Apr 2025 02:14:57 INFO  epoch 11 evaluating [time: 99.02s, valid_score: 0.022800]
Sun 20 Apr 2025 02:14:57 INFO  valid result: 
mrr@10 : 0.0228
Sun 20 Apr 2025 02:14:57 INFO  Saving current: ./saved/amazon/KGCN-Apr-20-2025_01-54-09.pth
Sun 20 Apr 2025 02:15:02 INFO  epoch 12 training [time: 5.34s, train loss: 51.3413]
Sun 20 Apr 2025 02:16:40 INFO  epoch 12 evaluating [time: 97.88s, valid_score: 0.023300]
Sun 20 Apr 2025 02:16:40 INFO  valid result: 
mrr@10 : 0.0233
Sun 20 Apr 2025 02:16:40 INFO  Saving current: ./saved/amazon/KGCN-Apr-20-2025_01-54-09.pth
Sun 20 Apr 2025 02:16:46 INFO  epoch 13 training [time: 5.42s, train loss: 50.4350]
Sun 20 Apr 2025 02:18:24 INFO  epoch 13 evaluating [time: 98.72s, valid_score: 0.023300]
Sun 20 Apr 2025 02:18:24 INFO  valid result: 
mrr@10 : 0.0233
Sun 20 Apr 2025 02:18:24 INFO  Saving current: ./saved/amazon/KGCN-Apr-20-2025_01-54-09.pth
Sun 20 Apr 2025 02:18:30 INFO  epoch 14 training [time: 5.42s, train loss: 49.4824]
Sun 20 Apr 2025 02:20:08 INFO  epoch 14 evaluating [time: 98.45s, valid_score: 0.023300]
Sun 20 Apr 2025 02:20:08 INFO  valid result: 
mrr@10 : 0.0233
Sun 20 Apr 2025 02:20:08 INFO  Saving current: ./saved/amazon/KGCN-Apr-20-2025_01-54-09.pth
Sun 20 Apr 2025 02:20:14 INFO  epoch 15 training [time: 5.31s, train loss: 48.3667]
Sun 20 Apr 2025 02:21:51 INFO  epoch 15 evaluating [time: 97.26s, valid_score: 0.023700]
Sun 20 Apr 2025 02:21:51 INFO  valid result: 
mrr@10 : 0.0237
Sun 20 Apr 2025 02:21:51 INFO  Saving current: ./saved/amazon/KGCN-Apr-20-2025_01-54-09.pth
Sun 20 Apr 2025 02:21:56 INFO  epoch 16 training [time: 5.27s, train loss: 47.4688]
Sun 20 Apr 2025 02:23:35 INFO  epoch 16 evaluating [time: 98.31s, valid_score: 0.023900]
Sun 20 Apr 2025 02:23:35 INFO  valid result: 
mrr@10 : 0.0239
Sun 20 Apr 2025 02:23:35 INFO  Saving current: ./saved/amazon/KGCN-Apr-20-2025_01-54-09.pth
Sun 20 Apr 2025 02:23:40 INFO  epoch 17 training [time: 5.38s, train loss: 46.7283]
Sun 20 Apr 2025 02:25:19 INFO  epoch 17 evaluating [time: 99.11s, valid_score: 0.024500]
Sun 20 Apr 2025 02:25:19 INFO  valid result: 
mrr@10 : 0.0245
Sun 20 Apr 2025 02:25:19 INFO  Saving current: ./saved/amazon/KGCN-Apr-20-2025_01-54-09.pth
Sun 20 Apr 2025 02:25:25 INFO  epoch 18 training [time: 5.38s, train loss: 45.8560]
Sun 20 Apr 2025 02:27:02 INFO  epoch 18 evaluating [time: 97.63s, valid_score: 0.025100]
Sun 20 Apr 2025 02:27:02 INFO  valid result: 
mrr@10 : 0.0251
Sun 20 Apr 2025 02:27:02 INFO  Saving current: ./saved/amazon/KGCN-Apr-20-2025_01-54-09.pth
Sun 20 Apr 2025 02:27:08 INFO  epoch 19 training [time: 5.37s, train loss: 45.1026]
Sun 20 Apr 2025 02:28:45 INFO  epoch 19 evaluating [time: 97.33s, valid_score: 0.025100]
Sun 20 Apr 2025 02:28:45 INFO  valid result: 
mrr@10 : 0.0251
Sun 20 Apr 2025 02:28:45 INFO  Saving current: ./saved/amazon/KGCN-Apr-20-2025_01-54-09.pth
Sun 20 Apr 2025 02:28:45 INFO  Loading model structure and parameters from ./saved/amazon/KGCN-Apr-20-2025_01-54-09.pth
