Thu 17 Apr 2025 06:05:15 INFO  
General Hyper Parameters:
gpu_id = 0
use_gpu = True
seed = 2020
state = INFO
reproducibility = True
data_path = dataset/movielens
checkpoint_dir = ./saved/movielens/
show_progress = True
save_dataset = True
dataset_save_path = None
save_dataloaders = False
dataloaders_save_path = None
log_wandb = False

Training Hyper Parameters:
epochs = 50
train_batch_size = 2048
learner = adam
learning_rate = 0.001
train_neg_sample_args = {'distribution': 'uniform', 'sample_num': 1, 'alpha': 1.0, 'dynamic': False, 'candidate_num': 0}
eval_step = 1
stopping_step = 50
clip_grad_norm = None
weight_decay = 0.0
loss_decimal_place = 4

Evaluation Hyper Parameters:
eval_args = {'split': {'RS': [0.8, 0.1, 0.1]}, 'group_by': 'user', 'order': 'RO', 'mode': 'full'}
repeatable = False
metrics = ['MRR']
topk = [10]
valid_metric = MRR@10
valid_metric_bigger = True
eval_batch_size = 4096
metric_decimal_place = 4

Dataset Hyper Parameters:
field_separator = 	
seq_separator =  
USER_ID_FIELD = user_id
ITEM_ID_FIELD = item_id
RATING_FIELD = rating
TIME_FIELD = timestamp
seq_len = None
LABEL_FIELD = label
threshold = None
NEG_PREFIX = neg_
load_col = {'inter': ['user_id', 'item_id', 'rating', 'timestamp'], 'kg': ['head_id', 'relation_id', 'tail_id'], 'link': ['item_id', 'entity_id']}
unload_col = None
unused_col = None
additional_feat_suffix = None
rm_dup_inter = None
val_interval = None
filter_inter_by_user_or_item = True
user_inter_num_interval = [0,inf)
item_inter_num_interval = [0,inf)
alias_of_user_id = None
alias_of_item_id = None
alias_of_entity_id = None
alias_of_relation_id = None
preload_weight = None
normalize_field = None
normalize_all = None
ITEM_LIST_LENGTH_FIELD = item_length
LIST_SUFFIX = _list
MAX_ITEM_LIST_LENGTH = 50
POSITION_FIELD = position_id
HEAD_ENTITY_ID_FIELD = head_id
TAIL_ENTITY_ID_FIELD = tail_id
RELATION_ID_FIELD = relation_id
ENTITY_ID_FIELD = entity_id
benchmark_filename = None

Other Hyper Parameters: 
worker = 0
wandb_project = recbole
shuffle = True
require_pow = False
enable_amp = False
enable_scaler = False
transform = None
embedding_size = 64
n_iter = 1
aggregator = sum
reg_weight = 1e-07
neighbor_sample_size = 4
numerical_features = []
discretization = None
kg_reverse_r = False
entity_kg_num_interval = [0,inf)
relation_kg_num_interval = [0,inf)
MODEL_TYPE = ModelType.KNOWLEDGE
MODEL_INPUT_TYPE = InputType.PAIRWISE
eval_type = EvaluatorType.RANKING
single_spec = True
local_rank = 0
device = cuda
eval_neg_sample_args = {'distribution': 'uniform', 'sample_num': 'none'}


Thu 17 Apr 2025 06:05:18 INFO  Saving filtered dataset into [./saved/movielens/movielens-dataset.pth]
Thu 17 Apr 2025 06:05:18 INFO  movielens
The number of users: 6037
Average actions of users: 114.7589463220676
The number of items: 2824
Average actions of items: 245.37194473963868
The number of inters: 692685
The sparsity of the dataset: 95.93697106746357%
Remain Fields: ['entity_id', 'user_id', 'item_id', 'head_id', 'tail_id', 'relation_id']
The number of entities: 20454
The number of relations: 13
The number of triples: 70668
The number of items that have been linked to KG: 2823
Thu 17 Apr 2025 06:05:19 INFO  [Training]: train_batch_size = [2048] train_neg_sample_args: [{'distribution': 'uniform', 'sample_num': 1, 'alpha': 1.0, 'dynamic': False, 'candidate_num': 0}]
Thu 17 Apr 2025 06:05:19 INFO  [Evaluation]: eval_batch_size = [4096] eval_args: [{'split': {'RS': [0.8, 0.1, 0.1]}, 'group_by': 'user', 'order': 'RO', 'mode': 'full'}]
Thu 17 Apr 2025 06:05:20 INFO  KGCN(
  (user_embedding): Embedding(6037, 64)
  (entity_embedding): Embedding(20454, 64)
  (relation_embedding): Embedding(14, 64)
  (softmax): Softmax(dim=-1)
  (linear_layers): ModuleList(
    (0): Linear(in_features=64, out_features=64, bias=True)
  )
  (ReLU): ReLU()
  (Tanh): Tanh()
  (bce_loss): BCEWithLogitsLoss()
  (l2_loss): EmbLoss()
)
Trainable parameters: 1700480
Thu 17 Apr 2025 06:05:35 INFO  epoch 0 training [time: 10.55s, train loss: 162.6255]
Thu 17 Apr 2025 06:05:49 INFO  epoch 0 evaluating [time: 14.15s, valid_score: 0.130000]
Thu 17 Apr 2025 06:05:49 INFO  valid result: 
mrr@10 : 0.13
Thu 17 Apr 2025 06:05:49 INFO  Saving current: ./saved/movielens/KGCN-Apr-17-2025_06-05-20.pth
Thu 17 Apr 2025 06:06:00 INFO  epoch 1 training [time: 10.90s, train loss: 141.1845]
Thu 17 Apr 2025 06:06:14 INFO  epoch 1 evaluating [time: 14.06s, valid_score: 0.132000]
Thu 17 Apr 2025 06:06:14 INFO  valid result: 
mrr@10 : 0.132
Thu 17 Apr 2025 06:06:14 INFO  Saving current: ./saved/movielens/KGCN-Apr-17-2025_06-05-20.pth
Thu 17 Apr 2025 06:06:25 INFO  epoch 2 training [time: 10.87s, train loss: 139.9557]
Thu 17 Apr 2025 06:06:39 INFO  epoch 2 evaluating [time: 13.95s, valid_score: 0.132700]
Thu 17 Apr 2025 06:06:39 INFO  valid result: 
mrr@10 : 0.1327
Thu 17 Apr 2025 06:06:39 INFO  Saving current: ./saved/movielens/KGCN-Apr-17-2025_06-05-20.pth
Thu 17 Apr 2025 06:06:50 INFO  epoch 3 training [time: 10.87s, train loss: 136.6844]
Thu 17 Apr 2025 06:07:04 INFO  epoch 3 evaluating [time: 14.01s, valid_score: 0.147100]
Thu 17 Apr 2025 06:07:04 INFO  valid result: 
mrr@10 : 0.1471
Thu 17 Apr 2025 06:07:04 INFO  Saving current: ./saved/movielens/KGCN-Apr-17-2025_06-05-20.pth
Thu 17 Apr 2025 06:07:15 INFO  epoch 4 training [time: 10.95s, train loss: 128.3501]
Thu 17 Apr 2025 06:07:29 INFO  epoch 4 evaluating [time: 14.07s, valid_score: 0.164600]
Thu 17 Apr 2025 06:07:29 INFO  valid result: 
mrr@10 : 0.1646
Thu 17 Apr 2025 06:07:29 INFO  Saving current: ./saved/movielens/KGCN-Apr-17-2025_06-05-20.pth
Thu 17 Apr 2025 06:07:40 INFO  epoch 5 training [time: 10.89s, train loss: 123.7711]
Thu 17 Apr 2025 06:07:54 INFO  epoch 5 evaluating [time: 13.96s, valid_score: 0.173600]
Thu 17 Apr 2025 06:07:54 INFO  valid result: 
mrr@10 : 0.1736
Thu 17 Apr 2025 06:07:54 INFO  Saving current: ./saved/movielens/KGCN-Apr-17-2025_06-05-20.pth
Thu 17 Apr 2025 06:08:05 INFO  epoch 6 training [time: 10.97s, train loss: 120.8217]
Thu 17 Apr 2025 06:08:19 INFO  epoch 6 evaluating [time: 14.39s, valid_score: 0.178400]
Thu 17 Apr 2025 06:08:19 INFO  valid result: 
mrr@10 : 0.1784
Thu 17 Apr 2025 06:08:19 INFO  Saving current: ./saved/movielens/KGCN-Apr-17-2025_06-05-20.pth
Thu 17 Apr 2025 06:08:30 INFO  epoch 7 training [time: 10.80s, train loss: 118.6800]
Thu 17 Apr 2025 06:08:44 INFO  epoch 7 evaluating [time: 14.26s, valid_score: 0.180000]
Thu 17 Apr 2025 06:08:44 INFO  valid result: 
mrr@10 : 0.18
Thu 17 Apr 2025 06:08:44 INFO  Saving current: ./saved/movielens/KGCN-Apr-17-2025_06-05-20.pth
Thu 17 Apr 2025 06:08:55 INFO  epoch 8 training [time: 10.92s, train loss: 117.4558]
Thu 17 Apr 2025 06:09:10 INFO  epoch 8 evaluating [time: 14.22s, valid_score: 0.184700]
Thu 17 Apr 2025 06:09:10 INFO  valid result: 
mrr@10 : 0.1847
Thu 17 Apr 2025 06:09:10 INFO  Saving current: ./saved/movielens/KGCN-Apr-17-2025_06-05-20.pth
Thu 17 Apr 2025 06:09:21 INFO  epoch 9 training [time: 10.87s, train loss: 116.4234]
Thu 17 Apr 2025 06:09:35 INFO  epoch 9 evaluating [time: 14.31s, valid_score: 0.184700]
Thu 17 Apr 2025 06:09:35 INFO  valid result: 
mrr@10 : 0.1847
Thu 17 Apr 2025 06:09:35 INFO  Saving current: ./saved/movielens/KGCN-Apr-17-2025_06-05-20.pth
Thu 17 Apr 2025 06:09:46 INFO  epoch 10 training [time: 10.90s, train loss: 114.8027]
Thu 17 Apr 2025 06:10:00 INFO  epoch 10 evaluating [time: 14.06s, valid_score: 0.191700]
Thu 17 Apr 2025 06:10:00 INFO  valid result: 
mrr@10 : 0.1917
Thu 17 Apr 2025 06:10:00 INFO  Saving current: ./saved/movielens/KGCN-Apr-17-2025_06-05-20.pth
Thu 17 Apr 2025 06:10:11 INFO  epoch 11 training [time: 10.94s, train loss: 113.3209]
Thu 17 Apr 2025 06:10:25 INFO  epoch 11 evaluating [time: 14.10s, valid_score: 0.191300]
Thu 17 Apr 2025 06:10:25 INFO  valid result: 
mrr@10 : 0.1913
Thu 17 Apr 2025 06:10:36 INFO  epoch 12 training [time: 10.87s, train loss: 111.9762]
Thu 17 Apr 2025 06:10:50 INFO  epoch 12 evaluating [time: 14.45s, valid_score: 0.197300]
Thu 17 Apr 2025 06:10:50 INFO  valid result: 
mrr@10 : 0.1973
Thu 17 Apr 2025 06:10:50 INFO  Saving current: ./saved/movielens/KGCN-Apr-17-2025_06-05-20.pth
Thu 17 Apr 2025 06:11:01 INFO  epoch 13 training [time: 10.88s, train loss: 110.3020]
Thu 17 Apr 2025 06:11:15 INFO  epoch 13 evaluating [time: 14.20s, valid_score: 0.203500]
Thu 17 Apr 2025 06:11:15 INFO  valid result: 
mrr@10 : 0.2035
Thu 17 Apr 2025 06:11:15 INFO  Saving current: ./saved/movielens/KGCN-Apr-17-2025_06-05-20.pth
Thu 17 Apr 2025 06:11:26 INFO  epoch 14 training [time: 10.81s, train loss: 109.3228]
Thu 17 Apr 2025 06:11:40 INFO  epoch 14 evaluating [time: 14.11s, valid_score: 0.204100]
Thu 17 Apr 2025 06:11:40 INFO  valid result: 
mrr@10 : 0.2041
Thu 17 Apr 2025 06:11:40 INFO  Saving current: ./saved/movielens/KGCN-Apr-17-2025_06-05-20.pth
Thu 17 Apr 2025 06:11:51 INFO  epoch 15 training [time: 10.77s, train loss: 108.1047]
Thu 17 Apr 2025 06:12:06 INFO  epoch 15 evaluating [time: 14.75s, valid_score: 0.206100]
Thu 17 Apr 2025 06:12:06 INFO  valid result: 
mrr@10 : 0.2061
Thu 17 Apr 2025 06:12:06 INFO  Saving current: ./saved/movielens/KGCN-Apr-17-2025_06-05-20.pth
Thu 17 Apr 2025 06:12:17 INFO  epoch 16 training [time: 10.65s, train loss: 107.1340]
Thu 17 Apr 2025 06:12:31 INFO  epoch 16 evaluating [time: 14.21s, valid_score: 0.207500]
Thu 17 Apr 2025 06:12:31 INFO  valid result: 
mrr@10 : 0.2075
Thu 17 Apr 2025 06:12:31 INFO  Saving current: ./saved/movielens/KGCN-Apr-17-2025_06-05-20.pth
Thu 17 Apr 2025 06:12:42 INFO  epoch 17 training [time: 10.96s, train loss: 106.0177]
Thu 17 Apr 2025 06:12:56 INFO  epoch 17 evaluating [time: 14.06s, valid_score: 0.209400]
Thu 17 Apr 2025 06:12:56 INFO  valid result: 
mrr@10 : 0.2094
Thu 17 Apr 2025 06:12:56 INFO  Saving current: ./saved/movielens/KGCN-Apr-17-2025_06-05-20.pth
Thu 17 Apr 2025 06:13:07 INFO  epoch 18 training [time: 10.91s, train loss: 104.8472]
Thu 17 Apr 2025 06:13:21 INFO  epoch 18 evaluating [time: 14.28s, valid_score: 0.207700]
Thu 17 Apr 2025 06:13:21 INFO  valid result: 
mrr@10 : 0.2077
Thu 17 Apr 2025 06:13:32 INFO  epoch 19 training [time: 10.93s, train loss: 104.1223]
Thu 17 Apr 2025 06:13:46 INFO  epoch 19 evaluating [time: 14.34s, valid_score: 0.210000]
Thu 17 Apr 2025 06:13:46 INFO  valid result: 
mrr@10 : 0.21
Thu 17 Apr 2025 06:13:46 INFO  Saving current: ./saved/movielens/KGCN-Apr-17-2025_06-05-20.pth
Thu 17 Apr 2025 06:13:57 INFO  epoch 20 training [time: 10.79s, train loss: 103.5139]
Thu 17 Apr 2025 06:14:11 INFO  epoch 20 evaluating [time: 14.22s, valid_score: 0.211700]
Thu 17 Apr 2025 06:14:11 INFO  valid result: 
mrr@10 : 0.2117
Thu 17 Apr 2025 06:14:11 INFO  Saving current: ./saved/movielens/KGCN-Apr-17-2025_06-05-20.pth
Thu 17 Apr 2025 06:14:22 INFO  epoch 21 training [time: 10.69s, train loss: 102.2634]
Thu 17 Apr 2025 06:14:36 INFO  epoch 21 evaluating [time: 14.05s, valid_score: 0.211300]
Thu 17 Apr 2025 06:14:36 INFO  valid result: 
mrr@10 : 0.2113
Thu 17 Apr 2025 06:14:47 INFO  epoch 22 training [time: 10.91s, train loss: 101.7105]
Thu 17 Apr 2025 06:15:01 INFO  epoch 22 evaluating [time: 14.06s, valid_score: 0.208500]
Thu 17 Apr 2025 06:15:01 INFO  valid result: 
mrr@10 : 0.2085
Thu 17 Apr 2025 06:15:12 INFO  epoch 23 training [time: 10.81s, train loss: 100.7701]
Thu 17 Apr 2025 06:15:26 INFO  epoch 23 evaluating [time: 14.31s, valid_score: 0.212300]
Thu 17 Apr 2025 06:15:26 INFO  valid result: 
mrr@10 : 0.2123
Thu 17 Apr 2025 06:15:26 INFO  Saving current: ./saved/movielens/KGCN-Apr-17-2025_06-05-20.pth
Thu 17 Apr 2025 06:15:37 INFO  epoch 24 training [time: 10.88s, train loss: 100.3514]
Thu 17 Apr 2025 06:15:51 INFO  epoch 24 evaluating [time: 14.37s, valid_score: 0.210100]
Thu 17 Apr 2025 06:15:51 INFO  valid result: 
mrr@10 : 0.2101
Thu 17 Apr 2025 06:16:02 INFO  epoch 25 training [time: 10.84s, train loss: 99.5155]
Thu 17 Apr 2025 06:16:16 INFO  epoch 25 evaluating [time: 14.04s, valid_score: 0.214100]
Thu 17 Apr 2025 06:16:16 INFO  valid result: 
mrr@10 : 0.2141
Thu 17 Apr 2025 06:16:16 INFO  Saving current: ./saved/movielens/KGCN-Apr-17-2025_06-05-20.pth
Thu 17 Apr 2025 06:16:27 INFO  epoch 26 training [time: 10.81s, train loss: 98.8683]
Thu 17 Apr 2025 06:16:42 INFO  epoch 26 evaluating [time: 14.52s, valid_score: 0.213500]
Thu 17 Apr 2025 06:16:42 INFO  valid result: 
mrr@10 : 0.2135
Thu 17 Apr 2025 06:16:52 INFO  epoch 27 training [time: 10.63s, train loss: 98.4515]
Thu 17 Apr 2025 06:17:06 INFO  epoch 27 evaluating [time: 14.14s, valid_score: 0.212400]
Thu 17 Apr 2025 06:17:06 INFO  valid result: 
mrr@10 : 0.2124
Thu 17 Apr 2025 06:17:17 INFO  epoch 28 training [time: 10.91s, train loss: 97.7706]
Thu 17 Apr 2025 06:17:31 INFO  epoch 28 evaluating [time: 13.88s, valid_score: 0.214900]
Thu 17 Apr 2025 06:17:31 INFO  valid result: 
mrr@10 : 0.2149
Thu 17 Apr 2025 06:17:31 INFO  Saving current: ./saved/movielens/KGCN-Apr-17-2025_06-05-20.pth
Thu 17 Apr 2025 06:17:42 INFO  epoch 29 training [time: 10.57s, train loss: 97.1343]
Thu 17 Apr 2025 06:17:56 INFO  epoch 29 evaluating [time: 14.09s, valid_score: 0.216300]
Thu 17 Apr 2025 06:17:56 INFO  valid result: 
mrr@10 : 0.2163
Thu 17 Apr 2025 06:17:56 INFO  Saving current: ./saved/movielens/KGCN-Apr-17-2025_06-05-20.pth
Thu 17 Apr 2025 06:18:07 INFO  epoch 30 training [time: 10.75s, train loss: 96.5660]
Thu 17 Apr 2025 06:18:22 INFO  epoch 30 evaluating [time: 15.51s, valid_score: 0.210700]
Thu 17 Apr 2025 06:18:22 INFO  valid result: 
mrr@10 : 0.2107
Thu 17 Apr 2025 06:18:33 INFO  epoch 31 training [time: 10.89s, train loss: 95.9900]
Thu 17 Apr 2025 06:18:47 INFO  epoch 31 evaluating [time: 13.91s, valid_score: 0.214900]
Thu 17 Apr 2025 06:18:47 INFO  valid result: 
mrr@10 : 0.2149
Thu 17 Apr 2025 06:18:58 INFO  epoch 32 training [time: 10.91s, train loss: 95.4020]
Thu 17 Apr 2025 06:19:12 INFO  epoch 32 evaluating [time: 14.49s, valid_score: 0.211300]
Thu 17 Apr 2025 06:19:12 INFO  valid result: 
mrr@10 : 0.2113
Thu 17 Apr 2025 06:19:23 INFO  epoch 33 training [time: 10.81s, train loss: 94.8313]
Thu 17 Apr 2025 06:19:38 INFO  epoch 33 evaluating [time: 14.84s, valid_score: 0.215100]
Thu 17 Apr 2025 06:19:38 INFO  valid result: 
mrr@10 : 0.2151
Thu 17 Apr 2025 06:19:49 INFO  epoch 34 training [time: 10.71s, train loss: 94.6251]
Thu 17 Apr 2025 06:20:04 INFO  epoch 34 evaluating [time: 14.84s, valid_score: 0.214200]
Thu 17 Apr 2025 06:20:04 INFO  valid result: 
mrr@10 : 0.2142
Thu 17 Apr 2025 06:20:15 INFO  epoch 35 training [time: 10.94s, train loss: 93.8471]
Thu 17 Apr 2025 06:20:29 INFO  epoch 35 evaluating [time: 14.09s, valid_score: 0.211800]
Thu 17 Apr 2025 06:20:29 INFO  valid result: 
mrr@10 : 0.2118
Thu 17 Apr 2025 06:20:40 INFO  epoch 36 training [time: 10.91s, train loss: 93.2717]
Thu 17 Apr 2025 06:20:54 INFO  epoch 36 evaluating [time: 14.21s, valid_score: 0.213000]
Thu 17 Apr 2025 06:20:54 INFO  valid result: 
mrr@10 : 0.213
Thu 17 Apr 2025 06:21:04 INFO  epoch 37 training [time: 10.62s, train loss: 92.7836]
Thu 17 Apr 2025 06:21:19 INFO  epoch 37 evaluating [time: 14.74s, valid_score: 0.214900]
Thu 17 Apr 2025 06:21:19 INFO  valid result: 
mrr@10 : 0.2149
Thu 17 Apr 2025 06:21:30 INFO  epoch 38 training [time: 10.86s, train loss: 92.6747]
Thu 17 Apr 2025 06:21:44 INFO  epoch 38 evaluating [time: 14.33s, valid_score: 0.213500]
Thu 17 Apr 2025 06:21:44 INFO  valid result: 
mrr@10 : 0.2135
Thu 17 Apr 2025 06:21:55 INFO  epoch 39 training [time: 10.80s, train loss: 92.0694]
Thu 17 Apr 2025 06:22:09 INFO  epoch 39 evaluating [time: 13.78s, valid_score: 0.212700]
Thu 17 Apr 2025 06:22:09 INFO  valid result: 
mrr@10 : 0.2127
Thu 17 Apr 2025 06:22:20 INFO  epoch 40 training [time: 10.85s, train loss: 91.3991]
Thu 17 Apr 2025 06:22:34 INFO  epoch 40 evaluating [time: 13.98s, valid_score: 0.212500]
Thu 17 Apr 2025 06:22:34 INFO  valid result: 
mrr@10 : 0.2125
Thu 17 Apr 2025 06:22:45 INFO  epoch 41 training [time: 11.01s, train loss: 90.9255]
Thu 17 Apr 2025 06:22:59 INFO  epoch 41 evaluating [time: 14.24s, valid_score: 0.214400]
Thu 17 Apr 2025 06:22:59 INFO  valid result: 
mrr@10 : 0.2144
Thu 17 Apr 2025 06:23:10 INFO  epoch 42 training [time: 10.94s, train loss: 90.6390]
Thu 17 Apr 2025 06:23:24 INFO  epoch 42 evaluating [time: 14.10s, valid_score: 0.210700]
Thu 17 Apr 2025 06:23:24 INFO  valid result: 
mrr@10 : 0.2107
Thu 17 Apr 2025 06:23:35 INFO  epoch 43 training [time: 10.95s, train loss: 90.1559]
Thu 17 Apr 2025 06:23:49 INFO  epoch 43 evaluating [time: 14.13s, valid_score: 0.210900]
Thu 17 Apr 2025 06:23:49 INFO  valid result: 
mrr@10 : 0.2109
Thu 17 Apr 2025 06:24:00 INFO  epoch 44 training [time: 10.85s, train loss: 89.6131]
Thu 17 Apr 2025 06:24:14 INFO  epoch 44 evaluating [time: 14.18s, valid_score: 0.212000]
Thu 17 Apr 2025 06:24:14 INFO  valid result: 
mrr@10 : 0.212
Thu 17 Apr 2025 06:24:25 INFO  epoch 45 training [time: 10.85s, train loss: 89.3173]
Thu 17 Apr 2025 06:24:40 INFO  epoch 45 evaluating [time: 14.63s, valid_score: 0.214400]
Thu 17 Apr 2025 06:24:40 INFO  valid result: 
mrr@10 : 0.2144
Thu 17 Apr 2025 06:24:50 INFO  epoch 46 training [time: 10.80s, train loss: 89.0764]
Thu 17 Apr 2025 06:25:05 INFO  epoch 46 evaluating [time: 14.50s, valid_score: 0.215400]
Thu 17 Apr 2025 06:25:05 INFO  valid result: 
mrr@10 : 0.2154
Thu 17 Apr 2025 06:25:16 INFO  epoch 47 training [time: 10.84s, train loss: 88.6062]
Thu 17 Apr 2025 06:25:30 INFO  epoch 47 evaluating [time: 14.29s, valid_score: 0.216900]
Thu 17 Apr 2025 06:25:30 INFO  valid result: 
mrr@10 : 0.2169
Thu 17 Apr 2025 06:25:30 INFO  Saving current: ./saved/movielens/KGCN-Apr-17-2025_06-05-20.pth
Thu 17 Apr 2025 06:25:41 INFO  epoch 48 training [time: 10.99s, train loss: 88.2596]
Thu 17 Apr 2025 06:25:55 INFO  epoch 48 evaluating [time: 13.99s, valid_score: 0.215000]
Thu 17 Apr 2025 06:25:55 INFO  valid result: 
mrr@10 : 0.215
Thu 17 Apr 2025 06:26:06 INFO  epoch 49 training [time: 10.88s, train loss: 87.9949]
Thu 17 Apr 2025 06:26:20 INFO  epoch 49 evaluating [time: 14.03s, valid_score: 0.212900]
Thu 17 Apr 2025 06:26:20 INFO  valid result: 
mrr@10 : 0.2129
Thu 17 Apr 2025 06:26:20 INFO  Loading model structure and parameters from ./saved/movielens/KGCN-Apr-17-2025_06-05-20.pth
