Sat 05 Apr 2025 22:03:30 INFO  
General Hyper Parameters:
gpu_id = 0
use_gpu = True
seed = 2020
state = INFO
reproducibility = True
data_path = dataset/movielens
checkpoint_dir = ./saved/movielens/
show_progress = True
save_dataset = True
dataset_save_path = None
save_dataloaders = False
dataloaders_save_path = None
log_wandb = False

Training Hyper Parameters:
epochs = 50
train_batch_size = 2048
learner = adam
learning_rate = 0.001
train_neg_sample_args = {'distribution': 'uniform', 'sample_num': 1, 'alpha': 1.0, 'dynamic': False, 'candidate_num': 0}
eval_step = 1
stopping_step = 50
clip_grad_norm = None
weight_decay = 0.0
loss_decimal_place = 4

Evaluation Hyper Parameters:
eval_args = {'split': {'RS': [0.8, 0.1, 0.1]}, 'group_by': 'user', 'order': 'RO', 'mode': 'full'}
repeatable = False
metrics = ['Recall', 'MRR', 'NDCG', 'Hit', 'MAP', 'Precision', 'GAUC', 'ItemCoverage', 'AveragePopularity', 'GiniIndex', 'ShannonEntropy', 'TailPercentage']
topk = [10]
valid_metric = MRR@10
valid_metric_bigger = True
eval_batch_size = 4096
metric_decimal_place = 4

Dataset Hyper Parameters:
field_separator = 	
seq_separator =  
USER_ID_FIELD = user_id
ITEM_ID_FIELD = item_id
RATING_FIELD = rating
TIME_FIELD = timestamp
seq_len = None
LABEL_FIELD = label
threshold = None
NEG_PREFIX = neg_
load_col = {'inter': ['user_id', 'item_id', 'rating', 'timestamp'], 'kg': ['head_id', 'relation_id', 'tail_id'], 'link': ['item_id', 'entity_id']}
unload_col = None
unused_col = None
additional_feat_suffix = None
rm_dup_inter = None
val_interval = None
filter_inter_by_user_or_item = True
user_inter_num_interval = [0,inf)
item_inter_num_interval = [0,inf)
alias_of_user_id = None
alias_of_item_id = None
alias_of_entity_id = None
alias_of_relation_id = None
preload_weight = None
normalize_field = None
normalize_all = None
ITEM_LIST_LENGTH_FIELD = item_length
LIST_SUFFIX = _list
MAX_ITEM_LIST_LENGTH = 50
POSITION_FIELD = position_id
HEAD_ENTITY_ID_FIELD = head_id
TAIL_ENTITY_ID_FIELD = tail_id
RELATION_ID_FIELD = relation_id
ENTITY_ID_FIELD = entity_id
benchmark_filename = None

Other Hyper Parameters: 
worker = 0
wandb_project = recbole
shuffle = True
require_pow = False
enable_amp = False
enable_scaler = False
transform = None
embedding_size = 64
n_iter = 1
aggregator = sum
reg_weight = 1e-07
neighbor_sample_size = 4
numerical_features = []
discretization = None
kg_reverse_r = False
entity_kg_num_interval = [0,inf)
relation_kg_num_interval = [0,inf)
MODEL_TYPE = ModelType.KNOWLEDGE
MODEL_INPUT_TYPE = InputType.PAIRWISE
eval_type = EvaluatorType.RANKING
single_spec = True
local_rank = 0
device = cuda
eval_neg_sample_args = {'distribution': 'uniform', 'sample_num': 'none'}


Sat 05 Apr 2025 22:03:32 INFO  Saving filtered dataset into [./saved/movielens/movielens-dataset.pth]
Sat 05 Apr 2025 22:03:32 INFO  movielens
The number of users: 6037
Average actions of users: 114.7589463220676
The number of items: 2824
Average actions of items: 245.37194473963868
The number of inters: 692685
The sparsity of the dataset: 95.93697106746357%
Remain Fields: ['entity_id', 'user_id', 'item_id', 'head_id', 'tail_id', 'relation_id']
The number of entities: 20454
The number of relations: 13
The number of triples: 70668
The number of items that have been linked to KG: 2823
Sat 05 Apr 2025 22:03:33 INFO  [Training]: train_batch_size = [2048] train_neg_sample_args: [{'distribution': 'uniform', 'sample_num': 1, 'alpha': 1.0, 'dynamic': False, 'candidate_num': 0}]
Sat 05 Apr 2025 22:03:33 INFO  [Evaluation]: eval_batch_size = [4096] eval_args: [{'split': {'RS': [0.8, 0.1, 0.1]}, 'group_by': 'user', 'order': 'RO', 'mode': 'full'}]
Sat 05 Apr 2025 22:03:34 INFO  KGCN(
  (user_embedding): Embedding(6037, 64)
  (entity_embedding): Embedding(20454, 64)
  (relation_embedding): Embedding(14, 64)
  (softmax): Softmax(dim=-1)
  (linear_layers): ModuleList(
    (0): Linear(in_features=64, out_features=64, bias=True)
  )
  (ReLU): ReLU()
  (Tanh): Tanh()
  (bce_loss): BCEWithLogitsLoss()
  (l2_loss): EmbLoss()
)
Trainable parameters: 1700480
Sat 05 Apr 2025 22:03:49 INFO  epoch 0 training [time: 10.27s, train loss: 162.6255]
Sat 05 Apr 2025 22:04:12 INFO  epoch 0 evaluating [time: 22.96s, valid_score: 0.130000]
Sat 05 Apr 2025 22:04:12 INFO  valid result: 
recall@10 : 0.0563    mrr@10 : 0.13    ndcg@10 : 0.0642    hit@10 : 0.3555    map@10 : 0.0273    precision@10 : 0.0509    gauc : 0.8177    itemcoverage@10 : 0.0457    averagepopularity@10 : 1587.0455    giniindex@10 : 0.9946    shannonentropy@10 : 0.0228    tailpercentage@10 : 0.0027
Sat 05 Apr 2025 22:04:12 INFO  Saving current: ./saved/movielens/KGCN-Apr-05-2025_22-03-34.pth
Sat 05 Apr 2025 22:04:23 INFO  epoch 1 training [time: 10.52s, train loss: 141.1845]
Sat 05 Apr 2025 22:04:46 INFO  epoch 1 evaluating [time: 23.08s, valid_score: 0.132000]
Sat 05 Apr 2025 22:04:46 INFO  valid result: 
recall@10 : 0.054    mrr@10 : 0.132    ndcg@10 : 0.0635    hit@10 : 0.3484    map@10 : 0.0271    precision@10 : 0.0495    gauc : 0.819    itemcoverage@10 : 0.0365    averagepopularity@10 : 1581.6276    giniindex@10 : 0.9947    shannonentropy@10 : 0.0285    tailpercentage@10 : 0.0011
Sat 05 Apr 2025 22:04:46 INFO  Saving current: ./saved/movielens/KGCN-Apr-05-2025_22-03-34.pth
Sat 05 Apr 2025 22:04:56 INFO  epoch 2 training [time: 10.58s, train loss: 139.9557]
Sat 05 Apr 2025 22:05:19 INFO  epoch 2 evaluating [time: 22.63s, valid_score: 0.132700]
Sat 05 Apr 2025 22:05:19 INFO  valid result: 
recall@10 : 0.058    mrr@10 : 0.1327    ndcg@10 : 0.0657    hit@10 : 0.3549    map@10 : 0.0282    precision@10 : 0.0513    gauc : 0.8217    itemcoverage@10 : 0.0457    averagepopularity@10 : 1570.3771    giniindex@10 : 0.9945    shannonentropy@10 : 0.023    tailpercentage@10 : 0.0003
Sat 05 Apr 2025 22:05:19 INFO  Saving current: ./saved/movielens/KGCN-Apr-05-2025_22-03-34.pth
Sat 05 Apr 2025 22:05:29 INFO  epoch 3 training [time: 10.50s, train loss: 136.6844]
Sat 05 Apr 2025 22:05:52 INFO  epoch 3 evaluating [time: 23.07s, valid_score: 0.147100]
Sat 05 Apr 2025 22:05:52 INFO  valid result: 
recall@10 : 0.0666    mrr@10 : 0.1471    ndcg@10 : 0.0738    hit@10 : 0.39    map@10 : 0.032    precision@10 : 0.057    gauc : 0.8437    itemcoverage@10 : 0.0783    averagepopularity@10 : 1521.158    giniindex@10 : 0.9915    shannonentropy@10 : 0.0156    tailpercentage@10 : 0.0
Sat 05 Apr 2025 22:05:53 INFO  Saving current: ./saved/movielens/KGCN-Apr-05-2025_22-03-34.pth
Sat 05 Apr 2025 22:06:03 INFO  epoch 4 training [time: 10.48s, train loss: 128.3501]
Sat 05 Apr 2025 22:06:26 INFO  epoch 4 evaluating [time: 23.07s, valid_score: 0.164600]
Sat 05 Apr 2025 22:06:26 INFO  valid result: 
recall@10 : 0.077    mrr@10 : 0.1646    ndcg@10 : 0.0844    hit@10 : 0.4231    map@10 : 0.0382    precision@10 : 0.0629    gauc : 0.8589    itemcoverage@10 : 0.1115    averagepopularity@10 : 1386.8574    giniindex@10 : 0.9837    shannonentropy@10 : 0.013    tailpercentage@10 : 0.0
Sat 05 Apr 2025 22:06:26 INFO  Saving current: ./saved/movielens/KGCN-Apr-05-2025_22-03-34.pth
Sat 05 Apr 2025 22:06:37 INFO  epoch 5 training [time: 10.49s, train loss: 123.7711]
Sat 05 Apr 2025 22:07:00 INFO  epoch 5 evaluating [time: 23.10s, valid_score: 0.173600]
Sat 05 Apr 2025 22:07:00 INFO  valid result: 
recall@10 : 0.0826    mrr@10 : 0.1736    ndcg@10 : 0.0894    hit@10 : 0.4428    map@10 : 0.0405    precision@10 : 0.0663    gauc : 0.8661    itemcoverage@10 : 0.1441    averagepopularity@10 : 1298.901    giniindex@10 : 0.9763    shannonentropy@10 : 0.011    tailpercentage@10 : 0.0
Sat 05 Apr 2025 22:07:00 INFO  Saving current: ./saved/movielens/KGCN-Apr-05-2025_22-03-34.pth
Sat 05 Apr 2025 22:07:10 INFO  epoch 6 training [time: 10.48s, train loss: 120.8217]
Sat 05 Apr 2025 22:07:33 INFO  epoch 6 evaluating [time: 22.64s, valid_score: 0.178400]
Sat 05 Apr 2025 22:07:33 INFO  valid result: 
recall@10 : 0.0865    mrr@10 : 0.1784    ndcg@10 : 0.0923    hit@10 : 0.4473    map@10 : 0.0418    precision@10 : 0.068    gauc : 0.8703    itemcoverage@10 : 0.1579    averagepopularity@10 : 1245.3908    giniindex@10 : 0.9707    shannonentropy@10 : 0.0105    tailpercentage@10 : 0.0
Sat 05 Apr 2025 22:07:33 INFO  Saving current: ./saved/movielens/KGCN-Apr-05-2025_22-03-34.pth
Sat 05 Apr 2025 22:07:43 INFO  epoch 7 training [time: 10.40s, train loss: 118.6800]
Sat 05 Apr 2025 22:08:06 INFO  epoch 7 evaluating [time: 22.89s, valid_score: 0.180000]
Sat 05 Apr 2025 22:08:06 INFO  valid result: 
recall@10 : 0.0864    mrr@10 : 0.18    ndcg@10 : 0.0924    hit@10 : 0.4488    map@10 : 0.042    precision@10 : 0.0678    gauc : 0.872    itemcoverage@10 : 0.1749    averagepopularity@10 : 1219.7419    giniindex@10 : 0.9689    shannonentropy@10 : 0.0096    tailpercentage@10 : 0.0
Sat 05 Apr 2025 22:08:06 INFO  Saving current: ./saved/movielens/KGCN-Apr-05-2025_22-03-34.pth
Sat 05 Apr 2025 22:08:17 INFO  epoch 8 training [time: 10.46s, train loss: 117.4558]
Sat 05 Apr 2025 22:08:39 INFO  epoch 8 evaluating [time: 22.77s, valid_score: 0.184700]
Sat 05 Apr 2025 22:08:39 INFO  valid result: 
recall@10 : 0.0892    mrr@10 : 0.1847    ndcg@10 : 0.0947    hit@10 : 0.4602    map@10 : 0.043    precision@10 : 0.0693    gauc : 0.874    itemcoverage@10 : 0.1891    averagepopularity@10 : 1209.2555    giniindex@10 : 0.9669    shannonentropy@10 : 0.009    tailpercentage@10 : 0.0
Sat 05 Apr 2025 22:08:39 INFO  Saving current: ./saved/movielens/KGCN-Apr-05-2025_22-03-34.pth
Sat 05 Apr 2025 22:08:50 INFO  epoch 9 training [time: 10.53s, train loss: 116.4234]
Sat 05 Apr 2025 22:09:13 INFO  epoch 9 evaluating [time: 22.62s, valid_score: 0.184700]
Sat 05 Apr 2025 22:09:13 INFO  valid result: 
recall@10 : 0.088    mrr@10 : 0.1847    ndcg@10 : 0.0945    hit@10 : 0.4586    map@10 : 0.043    precision@10 : 0.0692    gauc : 0.8761    itemcoverage@10 : 0.2139    averagepopularity@10 : 1192.8962    giniindex@10 : 0.9636    shannonentropy@10 : 0.0081    tailpercentage@10 : 0.0
Sat 05 Apr 2025 22:09:13 INFO  Saving current: ./saved/movielens/KGCN-Apr-05-2025_22-03-34.pth
Sat 05 Apr 2025 22:09:23 INFO  epoch 10 training [time: 10.41s, train loss: 114.8027]
Sat 05 Apr 2025 22:09:46 INFO  epoch 10 evaluating [time: 22.49s, valid_score: 0.191700]
Sat 05 Apr 2025 22:09:46 INFO  valid result: 
recall@10 : 0.0898    mrr@10 : 0.1917    ndcg@10 : 0.0977    hit@10 : 0.4694    map@10 : 0.0445    precision@10 : 0.0717    gauc : 0.8786    itemcoverage@10 : 0.2394    averagepopularity@10 : 1159.5172    giniindex@10 : 0.958    shannonentropy@10 : 0.0074    tailpercentage@10 : 0.0
Sat 05 Apr 2025 22:09:46 INFO  Saving current: ./saved/movielens/KGCN-Apr-05-2025_22-03-34.pth
Sat 05 Apr 2025 22:09:56 INFO  epoch 11 training [time: 10.44s, train loss: 113.3209]
Sat 05 Apr 2025 22:10:18 INFO  epoch 11 evaluating [time: 22.46s, valid_score: 0.191300]
Sat 05 Apr 2025 22:10:18 INFO  valid result: 
recall@10 : 0.0924    mrr@10 : 0.1913    ndcg@10 : 0.0985    hit@10 : 0.4775    map@10 : 0.0446    precision@10 : 0.0726    gauc : 0.8813    itemcoverage@10 : 0.2606    averagepopularity@10 : 1131.2368    giniindex@10 : 0.9524    shannonentropy@10 : 0.007    tailpercentage@10 : 0.0
Sat 05 Apr 2025 22:10:29 INFO  epoch 12 training [time: 10.40s, train loss: 111.9762]
Sat 05 Apr 2025 22:10:51 INFO  epoch 12 evaluating [time: 22.58s, valid_score: 0.197300]
Sat 05 Apr 2025 22:10:51 INFO  valid result: 
recall@10 : 0.0954    mrr@10 : 0.1973    ndcg@10 : 0.1023    hit@10 : 0.4876    map@10 : 0.0468    precision@10 : 0.075    gauc : 0.8833    itemcoverage@10 : 0.2939    averagepopularity@10 : 1095.3083    giniindex@10 : 0.9458    shannonentropy@10 : 0.0063    tailpercentage@10 : 0.0
Sat 05 Apr 2025 22:10:51 INFO  Saving current: ./saved/movielens/KGCN-Apr-05-2025_22-03-34.pth
Sat 05 Apr 2025 22:11:02 INFO  epoch 13 training [time: 10.43s, train loss: 110.3020]
Sat 05 Apr 2025 22:11:25 INFO  epoch 13 evaluating [time: 22.90s, valid_score: 0.203500]
Sat 05 Apr 2025 22:11:25 INFO  valid result: 
recall@10 : 0.0987    mrr@10 : 0.2035    ndcg@10 : 0.1052    hit@10 : 0.495    map@10 : 0.0485    precision@10 : 0.0763    gauc : 0.8849    itemcoverage@10 : 0.3123    averagepopularity@10 : 1092.7975    giniindex@10 : 0.9426    shannonentropy@10 : 0.006    tailpercentage@10 : 0.0
Sat 05 Apr 2025 22:11:25 INFO  Saving current: ./saved/movielens/KGCN-Apr-05-2025_22-03-34.pth
Sat 05 Apr 2025 22:11:35 INFO  epoch 14 training [time: 10.48s, train loss: 109.3228]
Sat 05 Apr 2025 22:11:58 INFO  epoch 14 evaluating [time: 23.06s, valid_score: 0.204100]
Sat 05 Apr 2025 22:11:58 INFO  valid result: 
recall@10 : 0.0998    mrr@10 : 0.2041    ndcg@10 : 0.1065    hit@10 : 0.4992    map@10 : 0.0492    precision@10 : 0.0777    gauc : 0.8862    itemcoverage@10 : 0.3144    averagepopularity@10 : 1081.6549    giniindex@10 : 0.9399    shannonentropy@10 : 0.006    tailpercentage@10 : 0.0
Sat 05 Apr 2025 22:11:58 INFO  Saving current: ./saved/movielens/KGCN-Apr-05-2025_22-03-34.pth
Sat 05 Apr 2025 22:12:09 INFO  epoch 15 training [time: 10.44s, train loss: 108.1047]
Sat 05 Apr 2025 22:12:32 INFO  epoch 15 evaluating [time: 23.23s, valid_score: 0.206100]
Sat 05 Apr 2025 22:12:32 INFO  valid result: 
recall@10 : 0.1028    mrr@10 : 0.2061    ndcg@10 : 0.1082    hit@10 : 0.504    map@10 : 0.0501    precision@10 : 0.0786    gauc : 0.8878    itemcoverage@10 : 0.3304    averagepopularity@10 : 1080.0898    giniindex@10 : 0.9382    shannonentropy@10 : 0.0058    tailpercentage@10 : 0.0
Sat 05 Apr 2025 22:12:32 INFO  Saving current: ./saved/movielens/KGCN-Apr-05-2025_22-03-34.pth
Sat 05 Apr 2025 22:12:43 INFO  epoch 16 training [time: 10.54s, train loss: 107.1340]
Sat 05 Apr 2025 22:13:06 INFO  epoch 16 evaluating [time: 23.02s, valid_score: 0.207500]
Sat 05 Apr 2025 22:13:06 INFO  valid result: 
recall@10 : 0.1029    mrr@10 : 0.2075    ndcg@10 : 0.1085    hit@10 : 0.5093    map@10 : 0.0497    precision@10 : 0.0792    gauc : 0.8889    itemcoverage@10 : 0.3414    averagepopularity@10 : 1058.7939    giniindex@10 : 0.9334    shannonentropy@10 : 0.0057    tailpercentage@10 : 0.0
Sat 05 Apr 2025 22:13:06 INFO  Saving current: ./saved/movielens/KGCN-Apr-05-2025_22-03-34.pth
Sat 05 Apr 2025 22:13:16 INFO  epoch 17 training [time: 10.54s, train loss: 106.0177]
Sat 05 Apr 2025 22:13:39 INFO  epoch 17 evaluating [time: 22.55s, valid_score: 0.209400]
Sat 05 Apr 2025 22:13:39 INFO  valid result: 
recall@10 : 0.1048    mrr@10 : 0.2094    ndcg@10 : 0.1107    hit@10 : 0.5164    map@10 : 0.0512    precision@10 : 0.081    gauc : 0.8899    itemcoverage@10 : 0.347    averagepopularity@10 : 1039.4808    giniindex@10 : 0.9286    shannonentropy@10 : 0.0056    tailpercentage@10 : 0.0
Sat 05 Apr 2025 22:13:39 INFO  Saving current: ./saved/movielens/KGCN-Apr-05-2025_22-03-34.pth
Sat 05 Apr 2025 22:13:49 INFO  epoch 18 training [time: 10.57s, train loss: 104.8472]
Sat 05 Apr 2025 22:14:12 INFO  epoch 18 evaluating [time: 22.82s, valid_score: 0.207700]
Sat 05 Apr 2025 22:14:12 INFO  valid result: 
recall@10 : 0.1063    mrr@10 : 0.2077    ndcg@10 : 0.1108    hit@10 : 0.5186    map@10 : 0.0511    precision@10 : 0.081    gauc : 0.8909    itemcoverage@10 : 0.369    averagepopularity@10 : 1030.1472    giniindex@10 : 0.9251    shannonentropy@10 : 0.0053    tailpercentage@10 : 0.0
Sat 05 Apr 2025 22:14:23 INFO  epoch 19 training [time: 10.51s, train loss: 104.1223]
Sat 05 Apr 2025 22:14:46 INFO  epoch 19 evaluating [time: 23.18s, valid_score: 0.210000]
Sat 05 Apr 2025 22:14:46 INFO  valid result: 
recall@10 : 0.1063    mrr@10 : 0.21    ndcg@10 : 0.1115    hit@10 : 0.5141    map@10 : 0.0517    precision@10 : 0.0809    gauc : 0.8918    itemcoverage@10 : 0.3757    averagepopularity@10 : 1009.5836    giniindex@10 : 0.9209    shannonentropy@10 : 0.0053    tailpercentage@10 : 0.0
Sat 05 Apr 2025 22:14:46 INFO  Saving current: ./saved/movielens/KGCN-Apr-05-2025_22-03-34.pth
Sat 05 Apr 2025 22:14:56 INFO  epoch 20 training [time: 10.60s, train loss: 103.5139]
Sat 05 Apr 2025 22:15:19 INFO  epoch 20 evaluating [time: 22.94s, valid_score: 0.211700]
Sat 05 Apr 2025 22:15:19 INFO  valid result: 
recall@10 : 0.1069    mrr@10 : 0.2117    ndcg@10 : 0.1124    hit@10 : 0.5202    map@10 : 0.0524    precision@10 : 0.0816    gauc : 0.8923    itemcoverage@10 : 0.3856    averagepopularity@10 : 996.4946    giniindex@10 : 0.9171    shannonentropy@10 : 0.0052    tailpercentage@10 : 0.0
Sat 05 Apr 2025 22:15:19 INFO  Saving current: ./saved/movielens/KGCN-Apr-05-2025_22-03-34.pth
Sat 05 Apr 2025 22:15:30 INFO  epoch 21 training [time: 10.44s, train loss: 102.2634]
Sat 05 Apr 2025 22:15:53 INFO  epoch 21 evaluating [time: 23.20s, valid_score: 0.211300]
Sat 05 Apr 2025 22:15:53 INFO  valid result: 
recall@10 : 0.1053    mrr@10 : 0.2113    ndcg@10 : 0.1117    hit@10 : 0.5164    map@10 : 0.0519    precision@10 : 0.0813    gauc : 0.893    itemcoverage@10 : 0.3948    averagepopularity@10 : 1004.1844    giniindex@10 : 0.9179    shannonentropy@10 : 0.0051    tailpercentage@10 : 0.0
Sat 05 Apr 2025 22:16:04 INFO  epoch 22 training [time: 10.50s, train loss: 101.7105]
Sat 05 Apr 2025 22:16:26 INFO  epoch 22 evaluating [time: 22.79s, valid_score: 0.208500]
Sat 05 Apr 2025 22:16:26 INFO  valid result: 
recall@10 : 0.1077    mrr@10 : 0.2085    ndcg@10 : 0.1118    hit@10 : 0.5171    map@10 : 0.0516    precision@10 : 0.0819    gauc : 0.8934    itemcoverage@10 : 0.4033    averagepopularity@10 : 1005.5761    giniindex@10 : 0.9159    shannonentropy@10 : 0.005    tailpercentage@10 : 0.0
Sat 05 Apr 2025 22:16:37 INFO  epoch 23 training [time: 10.65s, train loss: 100.7701]
Sat 05 Apr 2025 22:17:01 INFO  epoch 23 evaluating [time: 24.08s, valid_score: 0.212300]
Sat 05 Apr 2025 22:17:01 INFO  valid result: 
recall@10 : 0.1103    mrr@10 : 0.2123    ndcg@10 : 0.1134    hit@10 : 0.5247    map@10 : 0.0526    precision@10 : 0.0822    gauc : 0.8936    itemcoverage@10 : 0.4062    averagepopularity@10 : 981.345    giniindex@10 : 0.9116    shannonentropy@10 : 0.005    tailpercentage@10 : 0.0
Sat 05 Apr 2025 22:17:01 INFO  Saving current: ./saved/movielens/KGCN-Apr-05-2025_22-03-34.pth
Sat 05 Apr 2025 22:17:12 INFO  epoch 24 training [time: 10.53s, train loss: 100.3514]
Sat 05 Apr 2025 22:17:35 INFO  epoch 24 evaluating [time: 23.06s, valid_score: 0.210100]
Sat 05 Apr 2025 22:17:35 INFO  valid result: 
recall@10 : 0.1094    mrr@10 : 0.2101    ndcg@10 : 0.1125    hit@10 : 0.5222    map@10 : 0.0519    precision@10 : 0.0819    gauc : 0.8941    itemcoverage@10 : 0.4115    averagepopularity@10 : 977.9279    giniindex@10 : 0.9108    shannonentropy@10 : 0.005    tailpercentage@10 : 0.0
Sat 05 Apr 2025 22:17:45 INFO  epoch 25 training [time: 10.34s, train loss: 99.5155]
Sat 05 Apr 2025 22:18:08 INFO  epoch 25 evaluating [time: 22.50s, valid_score: 0.214100]
Sat 05 Apr 2025 22:18:08 INFO  valid result: 
recall@10 : 0.1105    mrr@10 : 0.2141    ndcg@10 : 0.1144    hit@10 : 0.5222    map@10 : 0.0536    precision@10 : 0.0826    gauc : 0.8946    itemcoverage@10 : 0.421    averagepopularity@10 : 967.414    giniindex@10 : 0.9068    shannonentropy@10 : 0.0049    tailpercentage@10 : 0.0
Sat 05 Apr 2025 22:18:08 INFO  Saving current: ./saved/movielens/KGCN-Apr-05-2025_22-03-34.pth
Sat 05 Apr 2025 22:18:18 INFO  epoch 26 training [time: 10.50s, train loss: 98.8683]
Sat 05 Apr 2025 22:18:41 INFO  epoch 26 evaluating [time: 23.30s, valid_score: 0.213500]
Sat 05 Apr 2025 22:18:41 INFO  valid result: 
recall@10 : 0.1112    mrr@10 : 0.2135    ndcg@10 : 0.1141    hit@10 : 0.5287    map@10 : 0.0526    precision@10 : 0.0828    gauc : 0.8948    itemcoverage@10 : 0.4345    averagepopularity@10 : 956.5674    giniindex@10 : 0.9052    shannonentropy@10 : 0.0047    tailpercentage@10 : 0.0
Sat 05 Apr 2025 22:18:52 INFO  epoch 27 training [time: 10.41s, train loss: 98.4515]
Sat 05 Apr 2025 22:19:15 INFO  epoch 27 evaluating [time: 22.98s, valid_score: 0.212400]
Sat 05 Apr 2025 22:19:15 INFO  valid result: 
recall@10 : 0.1116    mrr@10 : 0.2124    ndcg@10 : 0.1142    hit@10 : 0.5277    map@10 : 0.0531    precision@10 : 0.0825    gauc : 0.8949    itemcoverage@10 : 0.4341    averagepopularity@10 : 942.7411    giniindex@10 : 0.9014    shannonentropy@10 : 0.0048    tailpercentage@10 : 0.0
Sat 05 Apr 2025 22:19:25 INFO  epoch 28 training [time: 10.38s, train loss: 97.7706]
Sat 05 Apr 2025 22:19:47 INFO  epoch 28 evaluating [time: 22.32s, valid_score: 0.214900]
Sat 05 Apr 2025 22:19:47 INFO  valid result: 
recall@10 : 0.1116    mrr@10 : 0.2149    ndcg@10 : 0.1145    hit@10 : 0.5278    map@10 : 0.0531    precision@10 : 0.0824    gauc : 0.895    itemcoverage@10 : 0.4384    averagepopularity@10 : 952.1347    giniindex@10 : 0.903    shannonentropy@10 : 0.0047    tailpercentage@10 : 0.0
Sat 05 Apr 2025 22:19:47 INFO  Saving current: ./saved/movielens/KGCN-Apr-05-2025_22-03-34.pth
Sat 05 Apr 2025 22:19:58 INFO  epoch 29 training [time: 10.49s, train loss: 97.1343]
Sat 05 Apr 2025 22:20:20 INFO  epoch 29 evaluating [time: 22.54s, valid_score: 0.216300]
Sat 05 Apr 2025 22:20:20 INFO  valid result: 
recall@10 : 0.1115    mrr@10 : 0.2163    ndcg@10 : 0.1149    hit@10 : 0.5287    map@10 : 0.0535    precision@10 : 0.0826    gauc : 0.8953    itemcoverage@10 : 0.4377    averagepopularity@10 : 950.6302    giniindex@10 : 0.901    shannonentropy@10 : 0.0047    tailpercentage@10 : 0.0
Sat 05 Apr 2025 22:20:21 INFO  Saving current: ./saved/movielens/KGCN-Apr-05-2025_22-03-34.pth
Sat 05 Apr 2025 22:20:31 INFO  epoch 30 training [time: 10.51s, train loss: 96.5660]
Sat 05 Apr 2025 22:20:54 INFO  epoch 30 evaluating [time: 23.28s, valid_score: 0.210700]
Sat 05 Apr 2025 22:20:54 INFO  valid result: 
recall@10 : 0.1128    mrr@10 : 0.2107    ndcg@10 : 0.1146    hit@10 : 0.5305    map@10 : 0.0536    precision@10 : 0.0827    gauc : 0.8952    itemcoverage@10 : 0.454    averagepopularity@10 : 933.3454    giniindex@10 : 0.8958    shannonentropy@10 : 0.0046    tailpercentage@10 : 0.0
Sat 05 Apr 2025 22:21:05 INFO  epoch 31 training [time: 10.56s, train loss: 95.9900]
Sat 05 Apr 2025 22:21:28 INFO  epoch 31 evaluating [time: 23.25s, valid_score: 0.214900]
Sat 05 Apr 2025 22:21:28 INFO  valid result: 
recall@10 : 0.1129    mrr@10 : 0.2149    ndcg@10 : 0.1156    hit@10 : 0.5293    map@10 : 0.0542    precision@10 : 0.0829    gauc : 0.8955    itemcoverage@10 : 0.4543    averagepopularity@10 : 927.5874    giniindex@10 : 0.8947    shannonentropy@10 : 0.0046    tailpercentage@10 : 0.0
Sat 05 Apr 2025 22:21:39 INFO  epoch 32 training [time: 10.54s, train loss: 95.4020]
Sat 05 Apr 2025 22:22:03 INFO  epoch 32 evaluating [time: 24.46s, valid_score: 0.211300]
Sat 05 Apr 2025 22:22:03 INFO  valid result: 
recall@10 : 0.1135    mrr@10 : 0.2113    ndcg@10 : 0.1149    hit@10 : 0.5298    map@10 : 0.0537    precision@10 : 0.0827    gauc : 0.8957    itemcoverage@10 : 0.4607    averagepopularity@10 : 929.8935    giniindex@10 : 0.8948    shannonentropy@10 : 0.0046    tailpercentage@10 : 0.0
Sat 05 Apr 2025 22:22:14 INFO  epoch 33 training [time: 10.63s, train loss: 94.8313]
Sat 05 Apr 2025 22:22:36 INFO  epoch 33 evaluating [time: 22.52s, valid_score: 0.215100]
Sat 05 Apr 2025 22:22:36 INFO  valid result: 
recall@10 : 0.114    mrr@10 : 0.2151    ndcg@10 : 0.116    hit@10 : 0.5315    map@10 : 0.0547    precision@10 : 0.0824    gauc : 0.8958    itemcoverage@10 : 0.4579    averagepopularity@10 : 936.1529    giniindex@10 : 0.895    shannonentropy@10 : 0.0046    tailpercentage@10 : 0.0
Sat 05 Apr 2025 22:22:47 INFO  epoch 34 training [time: 10.61s, train loss: 94.6251]
Sat 05 Apr 2025 22:23:10 INFO  epoch 34 evaluating [time: 22.67s, valid_score: 0.214200]
Sat 05 Apr 2025 22:23:10 INFO  valid result: 
recall@10 : 0.1118    mrr@10 : 0.2142    ndcg@10 : 0.1149    hit@10 : 0.5277    map@10 : 0.0538    precision@10 : 0.0825    gauc : 0.8959    itemcoverage@10 : 0.4657    averagepopularity@10 : 919.8855    giniindex@10 : 0.8908    shannonentropy@10 : 0.0045    tailpercentage@10 : 0.0
Sat 05 Apr 2025 22:23:20 INFO  epoch 35 training [time: 10.58s, train loss: 93.8471]
Sat 05 Apr 2025 22:23:43 INFO  epoch 35 evaluating [time: 23.12s, valid_score: 0.211800]
Sat 05 Apr 2025 22:23:43 INFO  valid result: 
recall@10 : 0.1135    mrr@10 : 0.2118    ndcg@10 : 0.1148    hit@10 : 0.5303    map@10 : 0.0534    precision@10 : 0.0831    gauc : 0.8959    itemcoverage@10 : 0.4738    averagepopularity@10 : 917.9367    giniindex@10 : 0.8888    shannonentropy@10 : 0.0045    tailpercentage@10 : 0.0
Sat 05 Apr 2025 22:23:54 INFO  epoch 36 training [time: 10.46s, train loss: 93.2717]
Sat 05 Apr 2025 22:24:17 INFO  epoch 36 evaluating [time: 23.44s, valid_score: 0.213000]
Sat 05 Apr 2025 22:24:17 INFO  valid result: 
recall@10 : 0.1133    mrr@10 : 0.213    ndcg@10 : 0.1152    hit@10 : 0.5265    map@10 : 0.0541    precision@10 : 0.0827    gauc : 0.896    itemcoverage@10 : 0.4826    averagepopularity@10 : 910.7938    giniindex@10 : 0.8873    shannonentropy@10 : 0.0044    tailpercentage@10 : 0.0
Sat 05 Apr 2025 22:24:28 INFO  epoch 37 training [time: 10.69s, train loss: 92.7836]
Sat 05 Apr 2025 22:24:51 INFO  epoch 37 evaluating [time: 23.35s, valid_score: 0.214900]
Sat 05 Apr 2025 22:24:51 INFO  valid result: 
recall@10 : 0.115    mrr@10 : 0.2149    ndcg@10 : 0.1159    hit@10 : 0.5308    map@10 : 0.0543    precision@10 : 0.0826    gauc : 0.896    itemcoverage@10 : 0.4862    averagepopularity@10 : 910.4633    giniindex@10 : 0.8865    shannonentropy@10 : 0.0044    tailpercentage@10 : 0.0
Sat 05 Apr 2025 22:25:02 INFO  epoch 38 training [time: 10.59s, train loss: 92.6747]
Sat 05 Apr 2025 22:25:25 INFO  epoch 38 evaluating [time: 22.87s, valid_score: 0.213500]
Sat 05 Apr 2025 22:25:25 INFO  valid result: 
recall@10 : 0.1168    mrr@10 : 0.2135    ndcg@10 : 0.1161    hit@10 : 0.5323    map@10 : 0.0541    precision@10 : 0.0831    gauc : 0.8959    itemcoverage@10 : 0.4841    averagepopularity@10 : 906.0843    giniindex@10 : 0.8838    shannonentropy@10 : 0.0044    tailpercentage@10 : 0.0
Sat 05 Apr 2025 22:25:35 INFO  epoch 39 training [time: 10.54s, train loss: 92.0694]
Sat 05 Apr 2025 22:25:58 INFO  epoch 39 evaluating [time: 23.21s, valid_score: 0.212700]
Sat 05 Apr 2025 22:25:58 INFO  valid result: 
recall@10 : 0.1157    mrr@10 : 0.2127    ndcg@10 : 0.1152    hit@10 : 0.531    map@10 : 0.0537    precision@10 : 0.0823    gauc : 0.8959    itemcoverage@10 : 0.495    averagepopularity@10 : 898.5343    giniindex@10 : 0.8824    shannonentropy@10 : 0.0043    tailpercentage@10 : 0.0
Sat 05 Apr 2025 22:26:09 INFO  epoch 40 training [time: 10.55s, train loss: 91.3991]
Sat 05 Apr 2025 22:26:32 INFO  epoch 40 evaluating [time: 22.71s, valid_score: 0.212500]
Sat 05 Apr 2025 22:26:32 INFO  valid result: 
recall@10 : 0.1159    mrr@10 : 0.2125    ndcg@10 : 0.1157    hit@10 : 0.5355    map@10 : 0.054    precision@10 : 0.0829    gauc : 0.8957    itemcoverage@10 : 0.4958    averagepopularity@10 : 898.6003    giniindex@10 : 0.8813    shannonentropy@10 : 0.0043    tailpercentage@10 : 0.0
Sat 05 Apr 2025 22:26:42 INFO  epoch 41 training [time: 10.64s, train loss: 90.9255]
Sat 05 Apr 2025 22:27:06 INFO  epoch 41 evaluating [time: 23.46s, valid_score: 0.214400]
Sat 05 Apr 2025 22:27:06 INFO  valid result: 
recall@10 : 0.1159    mrr@10 : 0.2144    ndcg@10 : 0.1161    hit@10 : 0.533    map@10 : 0.054    precision@10 : 0.0832    gauc : 0.8956    itemcoverage@10 : 0.5028    averagepopularity@10 : 888.5291    giniindex@10 : 0.8783    shannonentropy@10 : 0.0043    tailpercentage@10 : 0.0
Sat 05 Apr 2025 22:27:16 INFO  epoch 42 training [time: 10.55s, train loss: 90.6390]
Sat 05 Apr 2025 22:27:40 INFO  epoch 42 evaluating [time: 23.69s, valid_score: 0.210700]
Sat 05 Apr 2025 22:27:40 INFO  valid result: 
recall@10 : 0.1144    mrr@10 : 0.2107    ndcg@10 : 0.1143    hit@10 : 0.533    map@10 : 0.053    precision@10 : 0.082    gauc : 0.8956    itemcoverage@10 : 0.506    averagepopularity@10 : 885.7927    giniindex@10 : 0.876    shannonentropy@10 : 0.0043    tailpercentage@10 : 0.0
Sat 05 Apr 2025 22:27:51 INFO  epoch 43 training [time: 10.66s, train loss: 90.1559]
Sat 05 Apr 2025 22:28:14 INFO  epoch 43 evaluating [time: 23.36s, valid_score: 0.210900]
Sat 05 Apr 2025 22:28:14 INFO  valid result: 
recall@10 : 0.1152    mrr@10 : 0.2109    ndcg@10 : 0.1154    hit@10 : 0.5328    map@10 : 0.054    precision@10 : 0.0828    gauc : 0.8956    itemcoverage@10 : 0.5195    averagepopularity@10 : 882.9351    giniindex@10 : 0.8745    shannonentropy@10 : 0.0042    tailpercentage@10 : 0.0
Sat 05 Apr 2025 22:28:25 INFO  epoch 44 training [time: 10.54s, train loss: 89.6131]
Sat 05 Apr 2025 22:28:47 INFO  epoch 44 evaluating [time: 22.79s, valid_score: 0.212000]
Sat 05 Apr 2025 22:28:47 INFO  valid result: 
recall@10 : 0.1131    mrr@10 : 0.212    ndcg@10 : 0.1147    hit@10 : 0.5244    map@10 : 0.0542    precision@10 : 0.0811    gauc : 0.8955    itemcoverage@10 : 0.5191    averagepopularity@10 : 887.7372    giniindex@10 : 0.8768    shannonentropy@10 : 0.0042    tailpercentage@10 : 0.0
Sat 05 Apr 2025 22:28:58 INFO  epoch 45 training [time: 10.55s, train loss: 89.3173]
Sat 05 Apr 2025 22:29:20 INFO  epoch 45 evaluating [time: 22.57s, valid_score: 0.214400]
Sat 05 Apr 2025 22:29:20 INFO  valid result: 
recall@10 : 0.1158    mrr@10 : 0.2144    ndcg@10 : 0.1163    hit@10 : 0.5283    map@10 : 0.0552    precision@10 : 0.0816    gauc : 0.8954    itemcoverage@10 : 0.522    averagepopularity@10 : 893.5709    giniindex@10 : 0.876    shannonentropy@10 : 0.0041    tailpercentage@10 : 0.0
Sat 05 Apr 2025 22:29:31 INFO  epoch 46 training [time: 10.72s, train loss: 89.0764]
Sat 05 Apr 2025 22:29:54 INFO  epoch 46 evaluating [time: 23.00s, valid_score: 0.215400]
Sat 05 Apr 2025 22:29:54 INFO  valid result: 
recall@10 : 0.1158    mrr@10 : 0.2154    ndcg@10 : 0.1163    hit@10 : 0.5288    map@10 : 0.0549    precision@10 : 0.082    gauc : 0.8952    itemcoverage@10 : 0.523    averagepopularity@10 : 886.5588    giniindex@10 : 0.8741    shannonentropy@10 : 0.0041    tailpercentage@10 : 0.0
Sat 05 Apr 2025 22:30:05 INFO  epoch 47 training [time: 10.61s, train loss: 88.6062]
Sat 05 Apr 2025 22:30:28 INFO  epoch 47 evaluating [time: 23.02s, valid_score: 0.216900]
Sat 05 Apr 2025 22:30:28 INFO  valid result: 
recall@10 : 0.1149    mrr@10 : 0.2169    ndcg@10 : 0.1162    hit@10 : 0.5283    map@10 : 0.0547    precision@10 : 0.082    gauc : 0.8951    itemcoverage@10 : 0.5287    averagepopularity@10 : 889.9538    giniindex@10 : 0.874    shannonentropy@10 : 0.0041    tailpercentage@10 : 0.0
Sat 05 Apr 2025 22:30:28 INFO  Saving current: ./saved/movielens/KGCN-Apr-05-2025_22-03-34.pth
Sat 05 Apr 2025 22:30:39 INFO  epoch 48 training [time: 10.77s, train loss: 88.2596]
Sat 05 Apr 2025 22:31:02 INFO  epoch 48 evaluating [time: 22.97s, valid_score: 0.215000]
Sat 05 Apr 2025 22:31:02 INFO  valid result: 
recall@10 : 0.1179    mrr@10 : 0.215    ndcg@10 : 0.1173    hit@10 : 0.5369    map@10 : 0.0553    precision@10 : 0.0827    gauc : 0.895    itemcoverage@10 : 0.529    averagepopularity@10 : 889.0612    giniindex@10 : 0.8729    shannonentropy@10 : 0.0041    tailpercentage@10 : 0.0
Sat 05 Apr 2025 22:31:12 INFO  epoch 49 training [time: 10.76s, train loss: 87.9949]
Sat 05 Apr 2025 22:31:36 INFO  epoch 49 evaluating [time: 23.22s, valid_score: 0.212900]
Sat 05 Apr 2025 22:31:36 INFO  valid result: 
recall@10 : 0.1162    mrr@10 : 0.2129    ndcg@10 : 0.1156    hit@10 : 0.532    map@10 : 0.054    precision@10 : 0.0823    gauc : 0.8949    itemcoverage@10 : 0.5308    averagepopularity@10 : 867.9958    giniindex@10 : 0.8681    shannonentropy@10 : 0.0041    tailpercentage@10 : 0.0
Sat 05 Apr 2025 22:31:36 INFO  Loading model structure and parameters from ./saved/movielens/KGCN-Apr-05-2025_22-03-34.pth
