Thu 10 Apr 2025 12:40:04 INFO  
General Hyper Parameters:
gpu_id = 0
use_gpu = True
seed = 2020
state = INFO
reproducibility = True
data_path = dataset/amazon
checkpoint_dir = ./saved/amazon/
show_progress = True
save_dataset = True
dataset_save_path = None
save_dataloaders = False
dataloaders_save_path = None
log_wandb = False

Training Hyper Parameters:
epochs = 20
train_batch_size = 2048
learner = adam
learning_rate = 0.001
train_neg_sample_args = {'distribution': 'uniform', 'sample_num': 1, 'alpha': 1.0, 'dynamic': False, 'candidate_num': 0}
eval_step = 1
stopping_step = 50
clip_grad_norm = None
weight_decay = 0.0
loss_decimal_place = 4

Evaluation Hyper Parameters:
eval_args = {'split': {'RS': [0.8, 0.1, 0.1]}, 'group_by': 'user', 'order': 'RO', 'mode': 'full'}
repeatable = False
metrics = ['Recall', 'MRR', 'NDCG', 'Hit', 'MAP', 'Precision', 'GAUC', 'ItemCoverage', 'AveragePopularity', 'GiniIndex', 'ShannonEntropy', 'TailPercentage']
topk = [10]
valid_metric = MRR@10
valid_metric_bigger = True
eval_batch_size = 4096
metric_decimal_place = 4

Dataset Hyper Parameters:
field_separator = 	
seq_separator =  
USER_ID_FIELD = user_id
ITEM_ID_FIELD = item_id
RATING_FIELD = rating
TIME_FIELD = timestamp
seq_len = None
LABEL_FIELD = label
threshold = None
NEG_PREFIX = neg_
load_col = {'inter': ['user_id', 'item_id', 'rating', 'timestamp'], 'kg': ['head_id', 'relation_id', 'tail_id'], 'link': ['item_id', 'entity_id']}
unload_col = None
unused_col = None
additional_feat_suffix = None
rm_dup_inter = None
val_interval = None
filter_inter_by_user_or_item = True
user_inter_num_interval = [0,inf)
item_inter_num_interval = [0,inf)
alias_of_user_id = None
alias_of_item_id = None
alias_of_entity_id = None
alias_of_relation_id = None
preload_weight = None
normalize_field = None
normalize_all = None
ITEM_LIST_LENGTH_FIELD = item_length
LIST_SUFFIX = _list
MAX_ITEM_LIST_LENGTH = 50
POSITION_FIELD = position_id
HEAD_ENTITY_ID_FIELD = head_id
TAIL_ENTITY_ID_FIELD = tail_id
RELATION_ID_FIELD = relation_id
ENTITY_ID_FIELD = entity_id
benchmark_filename = None

Other Hyper Parameters: 
worker = 0
wandb_project = recbole
shuffle = True
require_pow = False
enable_amp = False
enable_scaler = False
transform = None
embedding_size = 64
n_iter = 1
aggregator = sum
reg_weight = 1e-07
neighbor_sample_size = 4
numerical_features = []
discretization = None
kg_reverse_r = False
entity_kg_num_interval = [0,inf)
relation_kg_num_interval = [0,inf)
MODEL_TYPE = ModelType.KNOWLEDGE
MODEL_INPUT_TYPE = InputType.PAIRWISE
eval_type = EvaluatorType.RANKING
single_spec = True
local_rank = 0
device = cuda
eval_neg_sample_args = {'distribution': 'uniform', 'sample_num': 'none'}


Thu 10 Apr 2025 12:40:09 INFO  Saving filtered dataset into [./saved/amazon/amazon-dataset.pth]
Thu 10 Apr 2025 12:40:09 INFO  amazon
The number of users: 20201
Average actions of users: 17.4280198019802
The number of items: 10879
Average actions of items: 32.36311822026108
The number of inters: 352046
The sparsity of the dataset: 99.83980920055674%
Remain Fields: ['entity_id', 'user_id', 'item_id', 'rating', 'head_id', 'tail_id', 'relation_id']
The number of entities: 26316
The number of relations: 18
The number of triples: 96476
The number of items that have been linked to KG: 10878
Thu 10 Apr 2025 12:40:11 INFO  [Training]: train_batch_size = [2048] train_neg_sample_args: [{'distribution': 'uniform', 'sample_num': 1, 'alpha': 1.0, 'dynamic': False, 'candidate_num': 0}]
Thu 10 Apr 2025 12:40:11 INFO  [Evaluation]: eval_batch_size = [4096] eval_args: [{'split': {'RS': [0.8, 0.1, 0.1]}, 'group_by': 'user', 'order': 'RO', 'mode': 'full'}]
Thu 10 Apr 2025 12:40:12 INFO  KGCN(
  (user_embedding): Embedding(20201, 64)
  (entity_embedding): Embedding(26316, 64)
  (relation_embedding): Embedding(19, 64)
  (softmax): Softmax(dim=-1)
  (linear_layers): ModuleList(
    (0): Linear(in_features=64, out_features=64, bias=True)
  )
  (ReLU): ReLU()
  (Tanh): Tanh()
  (bce_loss): BCEWithLogitsLoss()
  (l2_loss): EmbLoss()
)
Trainable parameters: 2982464
Thu 10 Apr 2025 12:40:22 INFO  epoch 0 training [time: 5.24s, train loss: 95.1969]
Thu 10 Apr 2025 12:42:32 INFO  epoch 0 evaluating [time: 129.94s, valid_score: 0.014500]
Thu 10 Apr 2025 12:42:32 INFO  valid result: 
recall@10 : 0.0252    mrr@10 : 0.0145    ndcg@10 : 0.0143    hit@10 : 0.04    map@10 : 0.0091    precision@10 : 0.0044    gauc : 0.719    itemcoverage@10 : 0.1098    averagepopularity@10 : 251.6245    giniindex@10 : 0.9951    shannonentropy@10 : 0.0034    tailpercentage@10 : 0.0052
Thu 10 Apr 2025 12:42:32 INFO  Saving current: ./saved/amazon/KGCN-Apr-10-2025_12-40-12.pth
Thu 10 Apr 2025 12:42:37 INFO  epoch 1 training [time: 5.10s, train loss: 79.3045]
Thu 10 Apr 2025 12:44:49 INFO  epoch 1 evaluating [time: 131.54s, valid_score: 0.017900]
Thu 10 Apr 2025 12:44:49 INFO  valid result: 
recall@10 : 0.0284    mrr@10 : 0.0179    ndcg@10 : 0.0166    hit@10 : 0.0476    map@10 : 0.0105    precision@10 : 0.0051    gauc : 0.7989    itemcoverage@10 : 0.0377    averagepopularity@10 : 241.5924    giniindex@10 : 0.9929    shannonentropy@10 : 0.0113    tailpercentage@10 : 0.0082
Thu 10 Apr 2025 12:44:49 INFO  Saving current: ./saved/amazon/KGCN-Apr-10-2025_12-40-12.pth
Thu 10 Apr 2025 12:44:54 INFO  epoch 2 training [time: 5.16s, train loss: 69.7990]
Thu 10 Apr 2025 12:47:06 INFO  epoch 2 evaluating [time: 132.14s, valid_score: 0.018100]
Thu 10 Apr 2025 12:47:06 INFO  valid result: 
recall@10 : 0.0307    mrr@10 : 0.0181    ndcg@10 : 0.0173    hit@10 : 0.0523    map@10 : 0.0106    precision@10 : 0.0055    gauc : 0.8156    itemcoverage@10 : 0.0428    averagepopularity@10 : 247.5704    giniindex@10 : 0.9927    shannonentropy@10 : 0.01    tailpercentage@10 : 0.0065
Thu 10 Apr 2025 12:47:06 INFO  Saving current: ./saved/amazon/KGCN-Apr-10-2025_12-40-12.pth
Thu 10 Apr 2025 12:47:11 INFO  epoch 3 training [time: 5.24s, train loss: 65.8314]
Thu 10 Apr 2025 12:49:23 INFO  epoch 3 evaluating [time: 131.36s, valid_score: 0.018700]
Thu 10 Apr 2025 12:49:23 INFO  valid result: 
recall@10 : 0.0314    mrr@10 : 0.0187    ndcg@10 : 0.0177    hit@10 : 0.0527    map@10 : 0.0109    precision@10 : 0.0057    gauc : 0.8266    itemcoverage@10 : 0.0517    averagepopularity@10 : 252.7144    giniindex@10 : 0.9926    shannonentropy@10 : 0.0083    tailpercentage@10 : 0.0004
Thu 10 Apr 2025 12:49:23 INFO  Saving current: ./saved/amazon/KGCN-Apr-10-2025_12-40-12.pth
Thu 10 Apr 2025 12:49:28 INFO  epoch 4 training [time: 5.37s, train loss: 63.0223]
Thu 10 Apr 2025 12:51:39 INFO  epoch 4 evaluating [time: 130.72s, valid_score: 0.018500]
Thu 10 Apr 2025 12:51:39 INFO  valid result: 
recall@10 : 0.0312    mrr@10 : 0.0185    ndcg@10 : 0.0176    hit@10 : 0.0523    map@10 : 0.0107    precision@10 : 0.0056    gauc : 0.8323    itemcoverage@10 : 0.0673    averagepopularity@10 : 250.3052    giniindex@10 : 0.9922    shannonentropy@10 : 0.0065    tailpercentage@10 : 0.0002
Thu 10 Apr 2025 12:51:44 INFO  epoch 5 training [time: 5.26s, train loss: 61.0142]
Thu 10 Apr 2025 12:53:53 INFO  epoch 5 evaluating [time: 129.31s, valid_score: 0.019900]
Thu 10 Apr 2025 12:53:53 INFO  valid result: 
recall@10 : 0.0331    mrr@10 : 0.0199    ndcg@10 : 0.019    hit@10 : 0.054    map@10 : 0.0119    precision@10 : 0.0058    gauc : 0.8368    itemcoverage@10 : 0.0724    averagepopularity@10 : 257.344    giniindex@10 : 0.9923    shannonentropy@10 : 0.006    tailpercentage@10 : 0.0003
Thu 10 Apr 2025 12:53:53 INFO  Saving current: ./saved/amazon/KGCN-Apr-10-2025_12-40-12.pth
Thu 10 Apr 2025 12:53:59 INFO  epoch 6 training [time: 5.40s, train loss: 59.5314]
Thu 10 Apr 2025 12:56:10 INFO  epoch 6 evaluating [time: 130.98s, valid_score: 0.019900]
Thu 10 Apr 2025 12:56:10 INFO  valid result: 
recall@10 : 0.0335    mrr@10 : 0.0199    ndcg@10 : 0.0193    hit@10 : 0.0552    map@10 : 0.0122    precision@10 : 0.006    gauc : 0.8412    itemcoverage@10 : 0.0778    averagepopularity@10 : 258.6239    giniindex@10 : 0.9922    shannonentropy@10 : 0.0056    tailpercentage@10 : 0.0003
Thu 10 Apr 2025 12:56:10 INFO  Saving current: ./saved/amazon/KGCN-Apr-10-2025_12-40-12.pth
Thu 10 Apr 2025 12:56:15 INFO  epoch 7 training [time: 5.47s, train loss: 58.2141]
Thu 10 Apr 2025 12:58:27 INFO  epoch 7 evaluating [time: 131.96s, valid_score: 0.021100]
Thu 10 Apr 2025 12:58:27 INFO  valid result: 
recall@10 : 0.0339    mrr@10 : 0.0211    ndcg@10 : 0.02    hit@10 : 0.0572    map@10 : 0.0129    precision@10 : 0.0062    gauc : 0.8468    itemcoverage@10 : 0.089    averagepopularity@10 : 258.1491    giniindex@10 : 0.9918    shannonentropy@10 : 0.0049    tailpercentage@10 : 0.0002
Thu 10 Apr 2025 12:58:27 INFO  Saving current: ./saved/amazon/KGCN-Apr-10-2025_12-40-12.pth
Thu 10 Apr 2025 12:58:33 INFO  epoch 8 training [time: 5.34s, train loss: 56.5631]
Thu 10 Apr 2025 13:00:44 INFO  epoch 8 evaluating [time: 131.69s, valid_score: 0.021200]
Thu 10 Apr 2025 13:00:44 INFO  valid result: 
recall@10 : 0.0346    mrr@10 : 0.0212    ndcg@10 : 0.0201    hit@10 : 0.0583    map@10 : 0.0128    precision@10 : 0.0062    gauc : 0.8532    itemcoverage@10 : 0.0978    averagepopularity@10 : 252.2099    giniindex@10 : 0.991    shannonentropy@10 : 0.0045    tailpercentage@10 : 0.0002
Thu 10 Apr 2025 13:00:44 INFO  Saving current: ./saved/amazon/KGCN-Apr-10-2025_12-40-12.pth
Thu 10 Apr 2025 13:00:50 INFO  epoch 9 training [time: 5.20s, train loss: 55.1099]
Thu 10 Apr 2025 13:03:01 INFO  epoch 9 evaluating [time: 131.23s, valid_score: 0.021300]
Thu 10 Apr 2025 13:03:01 INFO  valid result: 
recall@10 : 0.0366    mrr@10 : 0.0213    ndcg@10 : 0.0208    hit@10 : 0.061    map@10 : 0.013    precision@10 : 0.0066    gauc : 0.8587    itemcoverage@10 : 0.103    averagepopularity@10 : 251.6682    giniindex@10 : 0.9902    shannonentropy@10 : 0.0044    tailpercentage@10 : 0.0003
Thu 10 Apr 2025 13:03:01 INFO  Saving current: ./saved/amazon/KGCN-Apr-10-2025_12-40-12.pth
Thu 10 Apr 2025 13:03:06 INFO  epoch 10 training [time: 5.37s, train loss: 53.7399]
Thu 10 Apr 2025 13:05:18 INFO  epoch 10 evaluating [time: 132.00s, valid_score: 0.022400]
Thu 10 Apr 2025 13:05:18 INFO  valid result: 
recall@10 : 0.0375    mrr@10 : 0.0224    ndcg@10 : 0.0217    hit@10 : 0.0633    map@10 : 0.0137    precision@10 : 0.0068    gauc : 0.8626    itemcoverage@10 : 0.1073    averagepopularity@10 : 249.579    giniindex@10 : 0.9896    shannonentropy@10 : 0.0042    tailpercentage@10 : 0.0002
Thu 10 Apr 2025 13:05:18 INFO  Saving current: ./saved/amazon/KGCN-Apr-10-2025_12-40-12.pth
Thu 10 Apr 2025 13:05:23 INFO  epoch 11 training [time: 5.05s, train loss: 52.4754]
Thu 10 Apr 2025 13:07:35 INFO  epoch 11 evaluating [time: 131.27s, valid_score: 0.022800]
Thu 10 Apr 2025 13:07:35 INFO  valid result: 
recall@10 : 0.0381    mrr@10 : 0.0228    ndcg@10 : 0.022    hit@10 : 0.064    map@10 : 0.0138    precision@10 : 0.0069    gauc : 0.866    itemcoverage@10 : 0.1116    averagepopularity@10 : 245.8577    giniindex@10 : 0.9887    shannonentropy@10 : 0.0041    tailpercentage@10 : 0.0001
Thu 10 Apr 2025 13:07:35 INFO  Saving current: ./saved/amazon/KGCN-Apr-10-2025_12-40-12.pth
Thu 10 Apr 2025 13:07:40 INFO  epoch 12 training [time: 5.22s, train loss: 51.3413]
Thu 10 Apr 2025 13:09:50 INFO  epoch 12 evaluating [time: 130.43s, valid_score: 0.023300]
Thu 10 Apr 2025 13:09:50 INFO  valid result: 
recall@10 : 0.0386    mrr@10 : 0.0233    ndcg@10 : 0.0223    hit@10 : 0.0656    map@10 : 0.014    precision@10 : 0.0071    gauc : 0.8688    itemcoverage@10 : 0.1153    averagepopularity@10 : 245.4909    giniindex@10 : 0.9882    shannonentropy@10 : 0.004    tailpercentage@10 : 0.0002
Thu 10 Apr 2025 13:09:50 INFO  Saving current: ./saved/amazon/KGCN-Apr-10-2025_12-40-12.pth
Thu 10 Apr 2025 13:09:56 INFO  epoch 13 training [time: 5.44s, train loss: 50.4350]
Thu 10 Apr 2025 13:12:08 INFO  epoch 13 evaluating [time: 132.65s, valid_score: 0.023300]
Thu 10 Apr 2025 13:12:08 INFO  valid result: 
recall@10 : 0.0399    mrr@10 : 0.0233    ndcg@10 : 0.0225    hit@10 : 0.0676    map@10 : 0.0138    precision@10 : 0.0073    gauc : 0.8717    itemcoverage@10 : 0.1231    averagepopularity@10 : 241.3942    giniindex@10 : 0.9874    shannonentropy@10 : 0.0038    tailpercentage@10 : 0.0003
Thu 10 Apr 2025 13:12:08 INFO  Saving current: ./saved/amazon/KGCN-Apr-10-2025_12-40-12.pth
Thu 10 Apr 2025 13:12:14 INFO  epoch 14 training [time: 5.38s, train loss: 49.4824]
Thu 10 Apr 2025 13:14:24 INFO  epoch 14 evaluating [time: 130.19s, valid_score: 0.023300]
Thu 10 Apr 2025 13:14:24 INFO  valid result: 
recall@10 : 0.0389    mrr@10 : 0.0233    ndcg@10 : 0.0222    hit@10 : 0.0669    map@10 : 0.0135    precision@10 : 0.0073    gauc : 0.8741    itemcoverage@10 : 0.1315    averagepopularity@10 : 238.6036    giniindex@10 : 0.9864    shannonentropy@10 : 0.0036    tailpercentage@10 : 0.0002
Thu 10 Apr 2025 13:14:24 INFO  Saving current: ./saved/amazon/KGCN-Apr-10-2025_12-40-12.pth
Thu 10 Apr 2025 13:14:29 INFO  epoch 15 training [time: 5.22s, train loss: 48.3667]
Thu 10 Apr 2025 13:16:41 INFO  epoch 15 evaluating [time: 131.44s, valid_score: 0.023700]
Thu 10 Apr 2025 13:16:41 INFO  valid result: 
recall@10 : 0.0381    mrr@10 : 0.0237    ndcg@10 : 0.0221    hit@10 : 0.0662    map@10 : 0.0137    precision@10 : 0.0072    gauc : 0.8763    itemcoverage@10 : 0.1448    averagepopularity@10 : 235.8608    giniindex@10 : 0.9857    shannonentropy@10 : 0.0033    tailpercentage@10 : 0.0002
Thu 10 Apr 2025 13:16:41 INFO  Saving current: ./saved/amazon/KGCN-Apr-10-2025_12-40-12.pth
Thu 10 Apr 2025 13:16:46 INFO  epoch 16 training [time: 5.17s, train loss: 47.4688]
Thu 10 Apr 2025 13:18:58 INFO  epoch 16 evaluating [time: 132.08s, valid_score: 0.023900]
Thu 10 Apr 2025 13:18:58 INFO  valid result: 
recall@10 : 0.0392    mrr@10 : 0.0239    ndcg@10 : 0.0224    hit@10 : 0.0683    map@10 : 0.0136    precision@10 : 0.0074    gauc : 0.8787    itemcoverage@10 : 0.1564    averagepopularity@10 : 233.9791    giniindex@10 : 0.9844    shannonentropy@10 : 0.0031    tailpercentage@10 : 0.0001
Thu 10 Apr 2025 13:18:58 INFO  Saving current: ./saved/amazon/KGCN-Apr-10-2025_12-40-12.pth
Thu 10 Apr 2025 13:19:04 INFO  epoch 17 training [time: 5.48s, train loss: 46.7283]
Thu 10 Apr 2025 13:21:14 INFO  epoch 17 evaluating [time: 130.59s, valid_score: 0.024500]
Thu 10 Apr 2025 13:21:14 INFO  valid result: 
recall@10 : 0.0406    mrr@10 : 0.0245    ndcg@10 : 0.023    hit@10 : 0.0709    map@10 : 0.0138    precision@10 : 0.0076    gauc : 0.8804    itemcoverage@10 : 0.1663    averagepopularity@10 : 231.0341    giniindex@10 : 0.9828    shannonentropy@10 : 0.003    tailpercentage@10 : 0.0001
Thu 10 Apr 2025 13:21:14 INFO  Saving current: ./saved/amazon/KGCN-Apr-10-2025_12-40-12.pth
Thu 10 Apr 2025 13:21:20 INFO  epoch 18 training [time: 5.53s, train loss: 45.8560]
Thu 10 Apr 2025 13:23:29 INFO  epoch 18 evaluating [time: 129.62s, valid_score: 0.025100]
Thu 10 Apr 2025 13:23:29 INFO  valid result: 
recall@10 : 0.0408    mrr@10 : 0.0251    ndcg@10 : 0.0234    hit@10 : 0.0716    map@10 : 0.0142    precision@10 : 0.0077    gauc : 0.8828    itemcoverage@10 : 0.174    averagepopularity@10 : 227.6061    giniindex@10 : 0.9816    shannonentropy@10 : 0.0029    tailpercentage@10 : 0.0002
Thu 10 Apr 2025 13:23:29 INFO  Saving current: ./saved/amazon/KGCN-Apr-10-2025_12-40-12.pth
Thu 10 Apr 2025 13:23:35 INFO  epoch 19 training [time: 5.15s, train loss: 45.1026]
Thu 10 Apr 2025 13:25:45 INFO  epoch 19 evaluating [time: 130.44s, valid_score: 0.025100]
Thu 10 Apr 2025 13:25:45 INFO  valid result: 
recall@10 : 0.0408    mrr@10 : 0.0251    ndcg@10 : 0.0234    hit@10 : 0.0713    map@10 : 0.0142    precision@10 : 0.0078    gauc : 0.8842    itemcoverage@10 : 0.1778    averagepopularity@10 : 225.1731    giniindex@10 : 0.9806    shannonentropy@10 : 0.0028    tailpercentage@10 : 0.0001
Thu 10 Apr 2025 13:25:45 INFO  Saving current: ./saved/amazon/KGCN-Apr-10-2025_12-40-12.pth
Thu 10 Apr 2025 13:25:45 INFO  Loading model structure and parameters from ./saved/amazon/KGCN-Apr-10-2025_12-40-12.pth
