Thu 17 Apr 2025 05:54:35 INFO  
General Hyper Parameters:
gpu_id = 0
use_gpu = True
seed = 2020
state = INFO
reproducibility = True
data_path = dataset/movielens
checkpoint_dir = ./saved/movielens/
show_progress = True
save_dataset = True
dataset_save_path = None
save_dataloaders = False
dataloaders_save_path = None
log_wandb = False

Training Hyper Parameters:
epochs = 50
train_batch_size = 2048
learner = adam
learning_rate = 0.001
train_neg_sample_args = {'distribution': 'uniform', 'sample_num': 1, 'alpha': 1.0, 'dynamic': False, 'candidate_num': 0}
eval_step = 1
stopping_step = 50
clip_grad_norm = None
weight_decay = 0.0
loss_decimal_place = 4

Evaluation Hyper Parameters:
eval_args = {'split': {'RS': [0.8, 0.1, 0.1]}, 'group_by': 'user', 'order': 'RO', 'mode': 'full'}
repeatable = False
metrics = ['MRR']
topk = [10]
valid_metric = MRR@10
valid_metric_bigger = True
eval_batch_size = 4096
metric_decimal_place = 4

Dataset Hyper Parameters:
field_separator = 	
seq_separator =  
USER_ID_FIELD = user_id
ITEM_ID_FIELD = item_id
RATING_FIELD = rating
TIME_FIELD = timestamp
seq_len = None
LABEL_FIELD = label
threshold = None
NEG_PREFIX = neg_
load_col = {'inter': ['user_id', 'item_id', 'rating', 'timestamp'], 'kg': ['head_id', 'relation_id', 'tail_id'], 'link': ['item_id', 'entity_id']}
unload_col = None
unused_col = None
additional_feat_suffix = None
rm_dup_inter = None
val_interval = None
filter_inter_by_user_or_item = True
user_inter_num_interval = [0,inf)
item_inter_num_interval = [0,inf)
alias_of_user_id = None
alias_of_item_id = None
alias_of_entity_id = None
alias_of_relation_id = None
preload_weight = None
normalize_field = None
normalize_all = None
ITEM_LIST_LENGTH_FIELD = item_length
LIST_SUFFIX = _list
MAX_ITEM_LIST_LENGTH = 50
POSITION_FIELD = position_id
HEAD_ENTITY_ID_FIELD = head_id
TAIL_ENTITY_ID_FIELD = tail_id
RELATION_ID_FIELD = relation_id
ENTITY_ID_FIELD = entity_id
benchmark_filename = None

Other Hyper Parameters: 
worker = 0
wandb_project = recbole
shuffle = True
require_pow = False
enable_amp = False
enable_scaler = False
transform = None
embedding_size = 64
loss_function = inner_product
margin = 1.0
numerical_features = []
discretization = None
kg_reverse_r = False
entity_kg_num_interval = [0,inf)
relation_kg_num_interval = [0,inf)
MODEL_TYPE = ModelType.KNOWLEDGE
MODEL_INPUT_TYPE = InputType.PAIRWISE
eval_type = EvaluatorType.RANKING
single_spec = True
local_rank = 0
device = cuda
eval_neg_sample_args = {'distribution': 'uniform', 'sample_num': 'none'}


Thu 17 Apr 2025 05:54:37 INFO  Saving filtered dataset into [./saved/movielens/movielens-dataset.pth]
Thu 17 Apr 2025 05:54:37 INFO  movielens
The number of users: 6037
Average actions of users: 114.7589463220676
The number of items: 2824
Average actions of items: 245.37194473963868
The number of inters: 692685
The sparsity of the dataset: 95.93697106746357%
Remain Fields: ['entity_id', 'user_id', 'item_id', 'head_id', 'tail_id', 'relation_id']
The number of entities: 20454
The number of relations: 13
The number of triples: 70668
The number of items that have been linked to KG: 2823
Thu 17 Apr 2025 05:54:38 INFO  [Training]: train_batch_size = [2048] train_neg_sample_args: [{'distribution': 'uniform', 'sample_num': 1, 'alpha': 1.0, 'dynamic': False, 'candidate_num': 0}]
Thu 17 Apr 2025 05:54:38 INFO  [Evaluation]: eval_batch_size = [4096] eval_args: [{'split': {'RS': [0.8, 0.1, 0.1]}, 'group_by': 'user', 'order': 'RO', 'mode': 'full'}]
Thu 17 Apr 2025 05:54:38 INFO  CFKG(
  (user_embedding): Embedding(6037, 64)
  (entity_embedding): Embedding(20454, 64)
  (relation_embedding): Embedding(14, 64)
  (rec_loss): InnerProductLoss()
)
Trainable parameters: 1696320
Thu 17 Apr 2025 05:54:49 INFO  epoch 0 training [time: 5.38s, train loss: 300.7370]
Thu 17 Apr 2025 05:54:56 INFO  epoch 0 evaluating [time: 6.87s, valid_score: 0.128800]
Thu 17 Apr 2025 05:54:56 INFO  valid result: 
mrr@10 : 0.1288
Thu 17 Apr 2025 05:54:56 INFO  Saving current: ./saved/movielens/CFKG-Apr-17-2025_05-54-38.pth
Thu 17 Apr 2025 05:55:01 INFO  epoch 1 training [time: 5.53s, train loss: 243.4077]
Thu 17 Apr 2025 05:55:08 INFO  epoch 1 evaluating [time: 6.71s, valid_score: 0.128600]
Thu 17 Apr 2025 05:55:08 INFO  valid result: 
mrr@10 : 0.1286
Thu 17 Apr 2025 05:55:13 INFO  epoch 2 training [time: 5.52s, train loss: 223.5748]
Thu 17 Apr 2025 05:55:21 INFO  epoch 2 evaluating [time: 8.12s, valid_score: 0.132100]
Thu 17 Apr 2025 05:55:21 INFO  valid result: 
mrr@10 : 0.1321
Thu 17 Apr 2025 05:55:21 INFO  Saving current: ./saved/movielens/CFKG-Apr-17-2025_05-54-38.pth
Thu 17 Apr 2025 05:55:27 INFO  epoch 3 training [time: 5.46s, train loss: 211.5734]
Thu 17 Apr 2025 05:55:34 INFO  epoch 3 evaluating [time: 7.12s, valid_score: 0.129100]
Thu 17 Apr 2025 05:55:34 INFO  valid result: 
mrr@10 : 0.1291
Thu 17 Apr 2025 05:55:40 INFO  epoch 4 training [time: 5.53s, train loss: 205.1547]
Thu 17 Apr 2025 05:55:46 INFO  epoch 4 evaluating [time: 6.74s, valid_score: 0.125900]
Thu 17 Apr 2025 05:55:46 INFO  valid result: 
mrr@10 : 0.1259
Thu 17 Apr 2025 05:55:52 INFO  epoch 5 training [time: 5.53s, train loss: 200.9959]
Thu 17 Apr 2025 05:55:59 INFO  epoch 5 evaluating [time: 6.81s, valid_score: 0.131100]
Thu 17 Apr 2025 05:55:59 INFO  valid result: 
mrr@10 : 0.1311
Thu 17 Apr 2025 05:56:04 INFO  epoch 6 training [time: 5.54s, train loss: 197.0080]
Thu 17 Apr 2025 05:56:11 INFO  epoch 6 evaluating [time: 6.97s, valid_score: 0.137600]
Thu 17 Apr 2025 05:56:11 INFO  valid result: 
mrr@10 : 0.1376
Thu 17 Apr 2025 05:56:11 INFO  Saving current: ./saved/movielens/CFKG-Apr-17-2025_05-54-38.pth
Thu 17 Apr 2025 05:56:17 INFO  epoch 7 training [time: 5.53s, train loss: 192.7896]
Thu 17 Apr 2025 05:56:23 INFO  epoch 7 evaluating [time: 6.78s, valid_score: 0.148200]
Thu 17 Apr 2025 05:56:23 INFO  valid result: 
mrr@10 : 0.1482
Thu 17 Apr 2025 05:56:23 INFO  Saving current: ./saved/movielens/CFKG-Apr-17-2025_05-54-38.pth
Thu 17 Apr 2025 05:56:29 INFO  epoch 8 training [time: 5.60s, train loss: 187.9470]
Thu 17 Apr 2025 05:56:36 INFO  epoch 8 evaluating [time: 6.74s, valid_score: 0.158000]
Thu 17 Apr 2025 05:56:36 INFO  valid result: 
mrr@10 : 0.158
Thu 17 Apr 2025 05:56:36 INFO  Saving current: ./saved/movielens/CFKG-Apr-17-2025_05-54-38.pth
Thu 17 Apr 2025 05:56:41 INFO  epoch 9 training [time: 5.58s, train loss: 183.4531]
Thu 17 Apr 2025 05:56:48 INFO  epoch 9 evaluating [time: 6.80s, valid_score: 0.169200]
Thu 17 Apr 2025 05:56:48 INFO  valid result: 
mrr@10 : 0.1692
Thu 17 Apr 2025 05:56:48 INFO  Saving current: ./saved/movielens/CFKG-Apr-17-2025_05-54-38.pth
Thu 17 Apr 2025 05:56:54 INFO  epoch 10 training [time: 5.58s, train loss: 178.8238]
Thu 17 Apr 2025 05:57:01 INFO  epoch 10 evaluating [time: 7.41s, valid_score: 0.174300]
Thu 17 Apr 2025 05:57:01 INFO  valid result: 
mrr@10 : 0.1743
Thu 17 Apr 2025 05:57:01 INFO  Saving current: ./saved/movielens/CFKG-Apr-17-2025_05-54-38.pth
Thu 17 Apr 2025 05:57:07 INFO  epoch 11 training [time: 5.51s, train loss: 174.3537]
Thu 17 Apr 2025 05:57:14 INFO  epoch 11 evaluating [time: 6.78s, valid_score: 0.184400]
Thu 17 Apr 2025 05:57:14 INFO  valid result: 
mrr@10 : 0.1844
Thu 17 Apr 2025 05:57:14 INFO  Saving current: ./saved/movielens/CFKG-Apr-17-2025_05-54-38.pth
Thu 17 Apr 2025 05:57:19 INFO  epoch 12 training [time: 5.57s, train loss: 170.1323]
Thu 17 Apr 2025 05:57:26 INFO  epoch 12 evaluating [time: 6.93s, valid_score: 0.188300]
Thu 17 Apr 2025 05:57:26 INFO  valid result: 
mrr@10 : 0.1883
Thu 17 Apr 2025 05:57:26 INFO  Saving current: ./saved/movielens/CFKG-Apr-17-2025_05-54-38.pth
Thu 17 Apr 2025 05:57:32 INFO  epoch 13 training [time: 5.62s, train loss: 165.9210]
Thu 17 Apr 2025 05:57:39 INFO  epoch 13 evaluating [time: 6.83s, valid_score: 0.198000]
Thu 17 Apr 2025 05:57:39 INFO  valid result: 
mrr@10 : 0.198
Thu 17 Apr 2025 05:57:39 INFO  Saving current: ./saved/movielens/CFKG-Apr-17-2025_05-54-38.pth
Thu 17 Apr 2025 05:57:44 INFO  epoch 14 training [time: 5.39s, train loss: 162.2634]
Thu 17 Apr 2025 05:57:51 INFO  epoch 14 evaluating [time: 6.94s, valid_score: 0.196200]
Thu 17 Apr 2025 05:57:51 INFO  valid result: 
mrr@10 : 0.1962
Thu 17 Apr 2025 05:57:56 INFO  epoch 15 training [time: 5.49s, train loss: 158.6789]
Thu 17 Apr 2025 05:58:04 INFO  epoch 15 evaluating [time: 7.18s, valid_score: 0.199600]
Thu 17 Apr 2025 05:58:04 INFO  valid result: 
mrr@10 : 0.1996
Thu 17 Apr 2025 05:58:04 INFO  Saving current: ./saved/movielens/CFKG-Apr-17-2025_05-54-38.pth
Thu 17 Apr 2025 05:58:09 INFO  epoch 16 training [time: 5.43s, train loss: 155.2914]
Thu 17 Apr 2025 05:58:16 INFO  epoch 16 evaluating [time: 7.23s, valid_score: 0.203600]
Thu 17 Apr 2025 05:58:16 INFO  valid result: 
mrr@10 : 0.2036
Thu 17 Apr 2025 05:58:16 INFO  Saving current: ./saved/movielens/CFKG-Apr-17-2025_05-54-38.pth
Thu 17 Apr 2025 05:58:22 INFO  epoch 17 training [time: 5.43s, train loss: 152.2802]
Thu 17 Apr 2025 05:58:29 INFO  epoch 17 evaluating [time: 7.02s, valid_score: 0.205600]
Thu 17 Apr 2025 05:58:29 INFO  valid result: 
mrr@10 : 0.2056
Thu 17 Apr 2025 05:58:29 INFO  Saving current: ./saved/movielens/CFKG-Apr-17-2025_05-54-38.pth
Thu 17 Apr 2025 05:58:34 INFO  epoch 18 training [time: 5.59s, train loss: 148.8276]
Thu 17 Apr 2025 05:58:41 INFO  epoch 18 evaluating [time: 6.70s, valid_score: 0.206700]
Thu 17 Apr 2025 05:58:41 INFO  valid result: 
mrr@10 : 0.2067
Thu 17 Apr 2025 05:58:41 INFO  Saving current: ./saved/movielens/CFKG-Apr-17-2025_05-54-38.pth
Thu 17 Apr 2025 05:58:47 INFO  epoch 19 training [time: 5.51s, train loss: 145.7877]
Thu 17 Apr 2025 05:58:53 INFO  epoch 19 evaluating [time: 6.85s, valid_score: 0.210500]
Thu 17 Apr 2025 05:58:53 INFO  valid result: 
mrr@10 : 0.2105
Thu 17 Apr 2025 05:58:53 INFO  Saving current: ./saved/movielens/CFKG-Apr-17-2025_05-54-38.pth
Thu 17 Apr 2025 05:58:59 INFO  epoch 20 training [time: 5.54s, train loss: 142.8821]
Thu 17 Apr 2025 05:59:06 INFO  epoch 20 evaluating [time: 7.08s, valid_score: 0.213400]
Thu 17 Apr 2025 05:59:06 INFO  valid result: 
mrr@10 : 0.2134
Thu 17 Apr 2025 05:59:06 INFO  Saving current: ./saved/movielens/CFKG-Apr-17-2025_05-54-38.pth
Thu 17 Apr 2025 05:59:12 INFO  epoch 21 training [time: 5.61s, train loss: 139.9277]
Thu 17 Apr 2025 05:59:19 INFO  epoch 21 evaluating [time: 6.82s, valid_score: 0.212400]
Thu 17 Apr 2025 05:59:19 INFO  valid result: 
mrr@10 : 0.2124
Thu 17 Apr 2025 05:59:24 INFO  epoch 22 training [time: 5.57s, train loss: 136.8599]
Thu 17 Apr 2025 05:59:31 INFO  epoch 22 evaluating [time: 6.79s, valid_score: 0.214600]
Thu 17 Apr 2025 05:59:31 INFO  valid result: 
mrr@10 : 0.2146
Thu 17 Apr 2025 05:59:31 INFO  Saving current: ./saved/movielens/CFKG-Apr-17-2025_05-54-38.pth
Thu 17 Apr 2025 05:59:36 INFO  epoch 23 training [time: 5.56s, train loss: 133.7134]
Thu 17 Apr 2025 05:59:43 INFO  epoch 23 evaluating [time: 6.80s, valid_score: 0.216800]
Thu 17 Apr 2025 05:59:43 INFO  valid result: 
mrr@10 : 0.2168
Thu 17 Apr 2025 05:59:43 INFO  Saving current: ./saved/movielens/CFKG-Apr-17-2025_05-54-38.pth
Thu 17 Apr 2025 05:59:49 INFO  epoch 24 training [time: 5.64s, train loss: 131.3048]
Thu 17 Apr 2025 05:59:56 INFO  epoch 24 evaluating [time: 6.76s, valid_score: 0.218700]
Thu 17 Apr 2025 05:59:56 INFO  valid result: 
mrr@10 : 0.2187
Thu 17 Apr 2025 05:59:56 INFO  Saving current: ./saved/movielens/CFKG-Apr-17-2025_05-54-38.pth
Thu 17 Apr 2025 06:00:01 INFO  epoch 25 training [time: 5.49s, train loss: 128.6415]
Thu 17 Apr 2025 06:00:08 INFO  epoch 25 evaluating [time: 6.94s, valid_score: 0.215800]
Thu 17 Apr 2025 06:00:08 INFO  valid result: 
mrr@10 : 0.2158
Thu 17 Apr 2025 06:00:14 INFO  epoch 26 training [time: 5.58s, train loss: 126.0534]
Thu 17 Apr 2025 06:00:21 INFO  epoch 26 evaluating [time: 7.06s, valid_score: 0.219200]
Thu 17 Apr 2025 06:00:21 INFO  valid result: 
mrr@10 : 0.2192
Thu 17 Apr 2025 06:00:21 INFO  Saving current: ./saved/movielens/CFKG-Apr-17-2025_05-54-38.pth
Thu 17 Apr 2025 06:00:26 INFO  epoch 27 training [time: 5.40s, train loss: 123.6567]
Thu 17 Apr 2025 06:00:33 INFO  epoch 27 evaluating [time: 7.11s, valid_score: 0.219100]
Thu 17 Apr 2025 06:00:33 INFO  valid result: 
mrr@10 : 0.2191
Thu 17 Apr 2025 06:00:39 INFO  epoch 28 training [time: 5.36s, train loss: 121.5437]
Thu 17 Apr 2025 06:00:46 INFO  epoch 28 evaluating [time: 6.87s, valid_score: 0.220600]
Thu 17 Apr 2025 06:00:46 INFO  valid result: 
mrr@10 : 0.2206
Thu 17 Apr 2025 06:00:46 INFO  Saving current: ./saved/movielens/CFKG-Apr-17-2025_05-54-38.pth
Thu 17 Apr 2025 06:00:51 INFO  epoch 29 training [time: 5.50s, train loss: 119.2310]
Thu 17 Apr 2025 06:00:58 INFO  epoch 29 evaluating [time: 6.84s, valid_score: 0.221000]
Thu 17 Apr 2025 06:00:58 INFO  valid result: 
mrr@10 : 0.221
Thu 17 Apr 2025 06:00:58 INFO  Saving current: ./saved/movielens/CFKG-Apr-17-2025_05-54-38.pth
Thu 17 Apr 2025 06:01:03 INFO  epoch 30 training [time: 5.50s, train loss: 116.6758]
Thu 17 Apr 2025 06:01:10 INFO  epoch 30 evaluating [time: 6.96s, valid_score: 0.219200]
Thu 17 Apr 2025 06:01:10 INFO  valid result: 
mrr@10 : 0.2192
Thu 17 Apr 2025 06:01:16 INFO  epoch 31 training [time: 5.53s, train loss: 114.7424]
Thu 17 Apr 2025 06:01:23 INFO  epoch 31 evaluating [time: 6.65s, valid_score: 0.220500]
Thu 17 Apr 2025 06:01:23 INFO  valid result: 
mrr@10 : 0.2205
Thu 17 Apr 2025 06:01:28 INFO  epoch 32 training [time: 5.57s, train loss: 112.8582]
Thu 17 Apr 2025 06:01:35 INFO  epoch 32 evaluating [time: 6.88s, valid_score: 0.220400]
Thu 17 Apr 2025 06:01:35 INFO  valid result: 
mrr@10 : 0.2204
Thu 17 Apr 2025 06:01:40 INFO  epoch 33 training [time: 5.48s, train loss: 110.8454]
Thu 17 Apr 2025 06:01:48 INFO  epoch 33 evaluating [time: 7.05s, valid_score: 0.220000]
Thu 17 Apr 2025 06:01:48 INFO  valid result: 
mrr@10 : 0.22
Thu 17 Apr 2025 06:01:53 INFO  epoch 34 training [time: 5.40s, train loss: 109.0229]
Thu 17 Apr 2025 06:02:00 INFO  epoch 34 evaluating [time: 7.21s, valid_score: 0.222400]
Thu 17 Apr 2025 06:02:00 INFO  valid result: 
mrr@10 : 0.2224
Thu 17 Apr 2025 06:02:00 INFO  Saving current: ./saved/movielens/CFKG-Apr-17-2025_05-54-38.pth
Thu 17 Apr 2025 06:02:06 INFO  epoch 35 training [time: 5.55s, train loss: 107.1727]
Thu 17 Apr 2025 06:02:13 INFO  epoch 35 evaluating [time: 6.94s, valid_score: 0.216800]
Thu 17 Apr 2025 06:02:13 INFO  valid result: 
mrr@10 : 0.2168
Thu 17 Apr 2025 06:02:18 INFO  epoch 36 training [time: 5.51s, train loss: 105.5739]
Thu 17 Apr 2025 06:02:25 INFO  epoch 36 evaluating [time: 6.61s, valid_score: 0.217300]
Thu 17 Apr 2025 06:02:25 INFO  valid result: 
mrr@10 : 0.2173
Thu 17 Apr 2025 06:02:30 INFO  epoch 37 training [time: 5.54s, train loss: 103.8471]
Thu 17 Apr 2025 06:02:37 INFO  epoch 37 evaluating [time: 6.77s, valid_score: 0.217000]
Thu 17 Apr 2025 06:02:37 INFO  valid result: 
mrr@10 : 0.217
Thu 17 Apr 2025 06:02:43 INFO  epoch 38 training [time: 5.48s, train loss: 102.3230]
Thu 17 Apr 2025 06:02:50 INFO  epoch 38 evaluating [time: 7.82s, valid_score: 0.214600]
Thu 17 Apr 2025 06:02:50 INFO  valid result: 
mrr@10 : 0.2146
Thu 17 Apr 2025 06:02:56 INFO  epoch 39 training [time: 5.27s, train loss: 100.8535]
Thu 17 Apr 2025 06:03:03 INFO  epoch 39 evaluating [time: 7.03s, valid_score: 0.218200]
Thu 17 Apr 2025 06:03:03 INFO  valid result: 
mrr@10 : 0.2182
Thu 17 Apr 2025 06:03:08 INFO  epoch 40 training [time: 5.52s, train loss: 99.4542]
Thu 17 Apr 2025 06:03:15 INFO  epoch 40 evaluating [time: 6.84s, valid_score: 0.217200]
Thu 17 Apr 2025 06:03:15 INFO  valid result: 
mrr@10 : 0.2172
Thu 17 Apr 2025 06:03:21 INFO  epoch 41 training [time: 5.54s, train loss: 97.9608]
Thu 17 Apr 2025 06:03:28 INFO  epoch 41 evaluating [time: 6.94s, valid_score: 0.214400]
Thu 17 Apr 2025 06:03:28 INFO  valid result: 
mrr@10 : 0.2144
Thu 17 Apr 2025 06:03:33 INFO  epoch 42 training [time: 5.61s, train loss: 96.7662]
Thu 17 Apr 2025 06:03:42 INFO  epoch 42 evaluating [time: 8.36s, valid_score: 0.218000]
Thu 17 Apr 2025 06:03:42 INFO  valid result: 
mrr@10 : 0.218
Thu 17 Apr 2025 06:03:47 INFO  epoch 43 training [time: 5.58s, train loss: 95.7402]
Thu 17 Apr 2025 06:03:54 INFO  epoch 43 evaluating [time: 6.96s, valid_score: 0.216400]
Thu 17 Apr 2025 06:03:54 INFO  valid result: 
mrr@10 : 0.2164
Thu 17 Apr 2025 06:03:59 INFO  epoch 44 training [time: 5.43s, train loss: 94.3973]
Thu 17 Apr 2025 06:04:06 INFO  epoch 44 evaluating [time: 7.00s, valid_score: 0.216500]
Thu 17 Apr 2025 06:04:06 INFO  valid result: 
mrr@10 : 0.2165
Thu 17 Apr 2025 06:04:12 INFO  epoch 45 training [time: 5.51s, train loss: 93.3919]
Thu 17 Apr 2025 06:04:19 INFO  epoch 45 evaluating [time: 7.03s, valid_score: 0.215300]
Thu 17 Apr 2025 06:04:19 INFO  valid result: 
mrr@10 : 0.2153
Thu 17 Apr 2025 06:04:25 INFO  epoch 46 training [time: 5.50s, train loss: 92.2515]
Thu 17 Apr 2025 06:04:32 INFO  epoch 46 evaluating [time: 7.03s, valid_score: 0.213300]
Thu 17 Apr 2025 06:04:32 INFO  valid result: 
mrr@10 : 0.2133
Thu 17 Apr 2025 06:04:37 INFO  epoch 47 training [time: 5.43s, train loss: 90.9926]
Thu 17 Apr 2025 06:04:44 INFO  epoch 47 evaluating [time: 6.79s, valid_score: 0.212700]
Thu 17 Apr 2025 06:04:44 INFO  valid result: 
mrr@10 : 0.2127
Thu 17 Apr 2025 06:04:49 INFO  epoch 48 training [time: 5.63s, train loss: 90.5376]
Thu 17 Apr 2025 06:04:56 INFO  epoch 48 evaluating [time: 6.78s, valid_score: 0.211800]
Thu 17 Apr 2025 06:04:56 INFO  valid result: 
mrr@10 : 0.2118
Thu 17 Apr 2025 06:05:02 INFO  epoch 49 training [time: 5.53s, train loss: 89.5076]
Thu 17 Apr 2025 06:05:09 INFO  epoch 49 evaluating [time: 6.92s, valid_score: 0.211100]
Thu 17 Apr 2025 06:05:09 INFO  valid result: 
mrr@10 : 0.2111
Thu 17 Apr 2025 06:05:09 INFO  Loading model structure and parameters from ./saved/movielens/CFKG-Apr-17-2025_05-54-38.pth
