Sat 05 Apr 2025 21:45:35 INFO  
General Hyper Parameters:
gpu_id = 0
use_gpu = True
seed = 2020
state = INFO
reproducibility = True
data_path = dataset/movielens
checkpoint_dir = ./saved/movielens/
show_progress = True
save_dataset = True
dataset_save_path = None
save_dataloaders = False
dataloaders_save_path = None
log_wandb = False

Training Hyper Parameters:
epochs = 50
train_batch_size = 2048
learner = adam
learning_rate = 0.001
train_neg_sample_args = {'distribution': 'uniform', 'sample_num': 1, 'alpha': 1.0, 'dynamic': False, 'candidate_num': 0}
eval_step = 1
stopping_step = 50
clip_grad_norm = None
weight_decay = 0.0
loss_decimal_place = 4

Evaluation Hyper Parameters:
eval_args = {'split': {'RS': [0.8, 0.1, 0.1]}, 'group_by': 'user', 'order': 'RO', 'mode': 'full'}
repeatable = False
metrics = ['Recall', 'MRR', 'NDCG', 'Hit', 'MAP', 'Precision', 'GAUC', 'ItemCoverage', 'AveragePopularity', 'GiniIndex', 'ShannonEntropy', 'TailPercentage']
topk = [10]
valid_metric = MRR@10
valid_metric_bigger = True
eval_batch_size = 4096
metric_decimal_place = 4

Dataset Hyper Parameters:
field_separator = 	
seq_separator =  
USER_ID_FIELD = user_id
ITEM_ID_FIELD = item_id
RATING_FIELD = rating
TIME_FIELD = timestamp
seq_len = None
LABEL_FIELD = label
threshold = None
NEG_PREFIX = neg_
load_col = {'inter': ['user_id', 'item_id', 'rating', 'timestamp'], 'kg': ['head_id', 'relation_id', 'tail_id'], 'link': ['item_id', 'entity_id']}
unload_col = None
unused_col = None
additional_feat_suffix = None
rm_dup_inter = None
val_interval = None
filter_inter_by_user_or_item = True
user_inter_num_interval = [0,inf)
item_inter_num_interval = [0,inf)
alias_of_user_id = None
alias_of_item_id = None
alias_of_entity_id = None
alias_of_relation_id = None
preload_weight = None
normalize_field = None
normalize_all = None
ITEM_LIST_LENGTH_FIELD = item_length
LIST_SUFFIX = _list
MAX_ITEM_LIST_LENGTH = 50
POSITION_FIELD = position_id
HEAD_ENTITY_ID_FIELD = head_id
TAIL_ENTITY_ID_FIELD = tail_id
RELATION_ID_FIELD = relation_id
ENTITY_ID_FIELD = entity_id
benchmark_filename = None

Other Hyper Parameters: 
worker = 0
wandb_project = recbole
shuffle = True
require_pow = False
enable_amp = False
enable_scaler = False
transform = None
embedding_size = 64
loss_function = inner_product
margin = 1.0
numerical_features = []
discretization = None
kg_reverse_r = False
entity_kg_num_interval = [0,inf)
relation_kg_num_interval = [0,inf)
MODEL_TYPE = ModelType.KNOWLEDGE
MODEL_INPUT_TYPE = InputType.PAIRWISE
eval_type = EvaluatorType.RANKING
single_spec = True
local_rank = 0
device = cuda
eval_neg_sample_args = {'distribution': 'uniform', 'sample_num': 'none'}


Sat 05 Apr 2025 21:45:38 INFO  Saving filtered dataset into [./saved/movielens/movielens-dataset.pth]
Sat 05 Apr 2025 21:45:38 INFO  movielens
The number of users: 6037
Average actions of users: 114.7589463220676
The number of items: 2824
Average actions of items: 245.37194473963868
The number of inters: 692685
The sparsity of the dataset: 95.93697106746357%
Remain Fields: ['entity_id', 'user_id', 'item_id', 'head_id', 'tail_id', 'relation_id']
The number of entities: 20454
The number of relations: 13
The number of triples: 70668
The number of items that have been linked to KG: 2823
Sat 05 Apr 2025 21:45:39 INFO  [Training]: train_batch_size = [2048] train_neg_sample_args: [{'distribution': 'uniform', 'sample_num': 1, 'alpha': 1.0, 'dynamic': False, 'candidate_num': 0}]
Sat 05 Apr 2025 21:45:39 INFO  [Evaluation]: eval_batch_size = [4096] eval_args: [{'split': {'RS': [0.8, 0.1, 0.1]}, 'group_by': 'user', 'order': 'RO', 'mode': 'full'}]
Sat 05 Apr 2025 21:45:39 INFO  CFKG(
  (user_embedding): Embedding(6037, 64)
  (entity_embedding): Embedding(20454, 64)
  (relation_embedding): Embedding(14, 64)
  (rec_loss): InnerProductLoss()
)
Trainable parameters: 1696320
Sat 05 Apr 2025 21:45:49 INFO  epoch 0 training [time: 5.25s, train loss: 300.7370]
Sat 05 Apr 2025 21:46:04 INFO  epoch 0 evaluating [time: 14.96s, valid_score: 0.128800]
Sat 05 Apr 2025 21:46:04 INFO  valid result: 
recall@10 : 0.0556    mrr@10 : 0.1288    ndcg@10 : 0.0628    hit@10 : 0.3456    map@10 : 0.0267    precision@10 : 0.0491    gauc : 0.8188    itemcoverage@10 : 0.0152    averagepopularity@10 : 1559.6631    giniindex@10 : 0.9948    shannonentropy@10 : 0.0673    tailpercentage@10 : 0.0
Sat 05 Apr 2025 21:46:04 INFO  Saving current: ./saved/movielens/CFKG-Apr-05-2025_21-45-39.pth
Sat 05 Apr 2025 21:46:10 INFO  epoch 1 training [time: 5.35s, train loss: 243.4077]
Sat 05 Apr 2025 21:46:25 INFO  epoch 1 evaluating [time: 15.44s, valid_score: 0.128600]
Sat 05 Apr 2025 21:46:25 INFO  valid result: 
recall@10 : 0.0578    mrr@10 : 0.1286    ndcg@10 : 0.0639    hit@10 : 0.3549    map@10 : 0.0271    precision@10 : 0.0503    gauc : 0.8192    itemcoverage@10 : 0.0156    averagepopularity@10 : 1589.65    giniindex@10 : 0.9947    shannonentropy@10 : 0.0661    tailpercentage@10 : 0.0
Sat 05 Apr 2025 21:46:30 INFO  epoch 2 training [time: 5.19s, train loss: 223.5748]
Sat 05 Apr 2025 21:46:45 INFO  epoch 2 evaluating [time: 15.03s, valid_score: 0.132100]
Sat 05 Apr 2025 21:46:45 INFO  valid result: 
recall@10 : 0.0561    mrr@10 : 0.1321    ndcg@10 : 0.0652    hit@10 : 0.3494    map@10 : 0.0281    precision@10 : 0.0509    gauc : 0.8196    itemcoverage@10 : 0.0152    averagepopularity@10 : 1581.9457    giniindex@10 : 0.9947    shannonentropy@10 : 0.0679    tailpercentage@10 : 0.0
Sat 05 Apr 2025 21:46:45 INFO  Saving current: ./saved/movielens/CFKG-Apr-05-2025_21-45-39.pth
Sat 05 Apr 2025 21:46:51 INFO  epoch 3 training [time: 5.29s, train loss: 211.5734]
Sat 05 Apr 2025 21:47:06 INFO  epoch 3 evaluating [time: 15.73s, valid_score: 0.129100]
Sat 05 Apr 2025 21:47:06 INFO  valid result: 
recall@10 : 0.0575    mrr@10 : 0.1291    ndcg@10 : 0.0644    hit@10 : 0.3555    map@10 : 0.0276    precision@10 : 0.0505    gauc : 0.8204    itemcoverage@10 : 0.0163    averagepopularity@10 : 1589.4238    giniindex@10 : 0.9947    shannonentropy@10 : 0.0634    tailpercentage@10 : 0.0
Sat 05 Apr 2025 21:47:12 INFO  epoch 4 training [time: 5.23s, train loss: 205.1547]
Sat 05 Apr 2025 21:47:27 INFO  epoch 4 evaluating [time: 15.76s, valid_score: 0.125900]
Sat 05 Apr 2025 21:47:27 INFO  valid result: 
recall@10 : 0.0577    mrr@10 : 0.1259    ndcg@10 : 0.0635    hit@10 : 0.3509    map@10 : 0.0264    precision@10 : 0.0507    gauc : 0.8221    itemcoverage@10 : 0.0163    averagepopularity@10 : 1583.3152    giniindex@10 : 0.9947    shannonentropy@10 : 0.0639    tailpercentage@10 : 0.0
Sat 05 Apr 2025 21:47:33 INFO  epoch 5 training [time: 5.46s, train loss: 200.9959]
Sat 05 Apr 2025 21:47:48 INFO  epoch 5 evaluating [time: 15.54s, valid_score: 0.131100]
Sat 05 Apr 2025 21:47:48 INFO  valid result: 
recall@10 : 0.0543    mrr@10 : 0.1311    ndcg@10 : 0.0628    hit@10 : 0.3481    map@10 : 0.0263    precision@10 : 0.0497    gauc : 0.8261    itemcoverage@10 : 0.0244    averagepopularity@10 : 1550.4986    giniindex@10 : 0.9946    shannonentropy@10 : 0.0426    tailpercentage@10 : 0.0
Sat 05 Apr 2025 21:47:54 INFO  epoch 6 training [time: 5.26s, train loss: 197.0080]
Sat 05 Apr 2025 21:48:10 INFO  epoch 6 evaluating [time: 16.06s, valid_score: 0.137600]
Sat 05 Apr 2025 21:48:10 INFO  valid result: 
recall@10 : 0.0605    mrr@10 : 0.1376    ndcg@10 : 0.0685    hit@10 : 0.3686    map@10 : 0.0295    precision@10 : 0.0535    gauc : 0.8339    itemcoverage@10 : 0.0386    averagepopularity@10 : 1559.8194    giniindex@10 : 0.994    shannonentropy@10 : 0.0282    tailpercentage@10 : 0.0
Sat 05 Apr 2025 21:48:10 INFO  Saving current: ./saved/movielens/CFKG-Apr-05-2025_21-45-39.pth
Sat 05 Apr 2025 21:48:15 INFO  epoch 7 training [time: 5.42s, train loss: 192.7896]
Sat 05 Apr 2025 21:48:30 INFO  epoch 7 evaluating [time: 15.14s, valid_score: 0.148200]
Sat 05 Apr 2025 21:48:30 INFO  valid result: 
recall@10 : 0.0624    mrr@10 : 0.1482    ndcg@10 : 0.0722    hit@10 : 0.3819    map@10 : 0.0314    precision@10 : 0.0558    gauc : 0.8439    itemcoverage@10 : 0.0591    averagepopularity@10 : 1529.1154    giniindex@10 : 0.9932    shannonentropy@10 : 0.0193    tailpercentage@10 : 0.0
Sat 05 Apr 2025 21:48:30 INFO  Saving current: ./saved/movielens/CFKG-Apr-05-2025_21-45-39.pth
Sat 05 Apr 2025 21:48:36 INFO  epoch 8 training [time: 5.26s, train loss: 187.9470]
Sat 05 Apr 2025 21:48:52 INFO  epoch 8 evaluating [time: 16.37s, valid_score: 0.158000]
Sat 05 Apr 2025 21:48:52 INFO  valid result: 
recall@10 : 0.0693    mrr@10 : 0.158    ndcg@10 : 0.0782    hit@10 : 0.4059    map@10 : 0.0341    precision@10 : 0.06    gauc : 0.8527    itemcoverage@10 : 0.0807    averagepopularity@10 : 1510.8419    giniindex@10 : 0.9915    shannonentropy@10 : 0.0151    tailpercentage@10 : 0.0
Sat 05 Apr 2025 21:48:52 INFO  Saving current: ./saved/movielens/CFKG-Apr-05-2025_21-45-39.pth
Sat 05 Apr 2025 21:48:57 INFO  epoch 9 training [time: 5.17s, train loss: 183.4531]
Sat 05 Apr 2025 21:49:13 INFO  epoch 9 evaluating [time: 15.47s, valid_score: 0.169200]
Sat 05 Apr 2025 21:49:13 INFO  valid result: 
recall@10 : 0.0736    mrr@10 : 0.1692    ndcg@10 : 0.0834    hit@10 : 0.4248    map@10 : 0.0367    precision@10 : 0.0635    gauc : 0.861    itemcoverage@10 : 0.1094    averagepopularity@10 : 1461.6272    giniindex@10 : 0.9887    shannonentropy@10 : 0.0119    tailpercentage@10 : 0.0
Sat 05 Apr 2025 21:49:13 INFO  Saving current: ./saved/movielens/CFKG-Apr-05-2025_21-45-39.pth
Sat 05 Apr 2025 21:49:18 INFO  epoch 10 training [time: 5.24s, train loss: 178.8238]
Sat 05 Apr 2025 21:49:34 INFO  epoch 10 evaluating [time: 15.93s, valid_score: 0.174300]
Sat 05 Apr 2025 21:49:34 INFO  valid result: 
recall@10 : 0.077    mrr@10 : 0.1743    ndcg@10 : 0.087    hit@10 : 0.4382    map@10 : 0.0385    precision@10 : 0.0664    gauc : 0.8678    itemcoverage@10 : 0.1445    averagepopularity@10 : 1419.2144    giniindex@10 : 0.9853    shannonentropy@10 : 0.0096    tailpercentage@10 : 0.0
Sat 05 Apr 2025 21:49:34 INFO  Saving current: ./saved/movielens/CFKG-Apr-05-2025_21-45-39.pth
Sat 05 Apr 2025 21:49:39 INFO  epoch 11 training [time: 5.30s, train loss: 174.3537]
Sat 05 Apr 2025 21:49:55 INFO  epoch 11 evaluating [time: 15.50s, valid_score: 0.184400]
Sat 05 Apr 2025 21:49:55 INFO  valid result: 
recall@10 : 0.0835    mrr@10 : 0.1844    ndcg@10 : 0.093    hit@10 : 0.4587    map@10 : 0.0417    precision@10 : 0.0699    gauc : 0.8733    itemcoverage@10 : 0.1739    averagepopularity@10 : 1360.3871    giniindex@10 : 0.9803    shannonentropy@10 : 0.0086    tailpercentage@10 : 0.0
Sat 05 Apr 2025 21:49:55 INFO  Saving current: ./saved/movielens/CFKG-Apr-05-2025_21-45-39.pth
Sat 05 Apr 2025 21:50:00 INFO  epoch 12 training [time: 5.31s, train loss: 170.1323]
Sat 05 Apr 2025 21:50:15 INFO  epoch 12 evaluating [time: 15.11s, valid_score: 0.188300]
Sat 05 Apr 2025 21:50:15 INFO  valid result: 
recall@10 : 0.0899    mrr@10 : 0.1883    ndcg@10 : 0.0967    hit@10 : 0.473    map@10 : 0.0435    precision@10 : 0.0723    gauc : 0.8774    itemcoverage@10 : 0.2015    averagepopularity@10 : 1320.792    giniindex@10 : 0.9761    shannonentropy@10 : 0.0077    tailpercentage@10 : 0.0
Sat 05 Apr 2025 21:50:15 INFO  Saving current: ./saved/movielens/CFKG-Apr-05-2025_21-45-39.pth
Sat 05 Apr 2025 21:50:21 INFO  epoch 13 training [time: 5.42s, train loss: 165.9210]
Sat 05 Apr 2025 21:50:36 INFO  epoch 13 evaluating [time: 15.54s, valid_score: 0.198000]
Sat 05 Apr 2025 21:50:36 INFO  valid result: 
recall@10 : 0.094    mrr@10 : 0.198    ndcg@10 : 0.1017    hit@10 : 0.4833    map@10 : 0.0469    precision@10 : 0.0741    gauc : 0.8808    itemcoverage@10 : 0.2238    averagepopularity@10 : 1276.9059    giniindex@10 : 0.9706    shannonentropy@10 : 0.0072    tailpercentage@10 : 0.0
Sat 05 Apr 2025 21:50:36 INFO  Saving current: ./saved/movielens/CFKG-Apr-05-2025_21-45-39.pth
Sat 05 Apr 2025 21:50:41 INFO  epoch 14 training [time: 5.22s, train loss: 162.2634]
Sat 05 Apr 2025 21:50:57 INFO  epoch 14 evaluating [time: 15.29s, valid_score: 0.196200]
Sat 05 Apr 2025 21:50:57 INFO  valid result: 
recall@10 : 0.0955    mrr@10 : 0.1962    ndcg@10 : 0.1021    hit@10 : 0.4894    map@10 : 0.0464    precision@10 : 0.0757    gauc : 0.8835    itemcoverage@10 : 0.2525    averagepopularity@10 : 1225.6097    giniindex@10 : 0.964    shannonentropy@10 : 0.0067    tailpercentage@10 : 0.0001
Sat 05 Apr 2025 21:51:02 INFO  epoch 15 training [time: 5.22s, train loss: 158.6789]
Sat 05 Apr 2025 21:51:17 INFO  epoch 15 evaluating [time: 15.13s, valid_score: 0.199600]
Sat 05 Apr 2025 21:51:17 INFO  valid result: 
recall@10 : 0.0994    mrr@10 : 0.1996    ndcg@10 : 0.1048    hit@10 : 0.4959    map@10 : 0.0478    precision@10 : 0.0775    gauc : 0.8856    itemcoverage@10 : 0.2766    averagepopularity@10 : 1211.9671    giniindex@10 : 0.96    shannonentropy@10 : 0.0062    tailpercentage@10 : 0.0001
Sat 05 Apr 2025 21:51:17 INFO  Saving current: ./saved/movielens/CFKG-Apr-05-2025_21-45-39.pth
Sat 05 Apr 2025 21:51:22 INFO  epoch 16 training [time: 5.28s, train loss: 155.2914]
Sat 05 Apr 2025 21:51:38 INFO  epoch 16 evaluating [time: 15.38s, valid_score: 0.203600]
Sat 05 Apr 2025 21:51:38 INFO  valid result: 
recall@10 : 0.0996    mrr@10 : 0.2036    ndcg@10 : 0.1063    hit@10 : 0.5002    map@10 : 0.0487    precision@10 : 0.0783    gauc : 0.8874    itemcoverage@10 : 0.2975    averagepopularity@10 : 1196.8761    giniindex@10 : 0.9566    shannonentropy@10 : 0.0059    tailpercentage@10 : 0.0001
Sat 05 Apr 2025 21:51:38 INFO  Saving current: ./saved/movielens/CFKG-Apr-05-2025_21-45-39.pth
Sat 05 Apr 2025 21:51:43 INFO  epoch 17 training [time: 5.28s, train loss: 152.2802]
Sat 05 Apr 2025 21:51:58 INFO  epoch 17 evaluating [time: 15.22s, valid_score: 0.205600]
Sat 05 Apr 2025 21:51:58 INFO  valid result: 
recall@10 : 0.1032    mrr@10 : 0.2056    ndcg@10 : 0.1085    hit@10 : 0.5083    map@10 : 0.05    precision@10 : 0.0793    gauc : 0.8887    itemcoverage@10 : 0.3176    averagepopularity@10 : 1153.3818    giniindex@10 : 0.9497    shannonentropy@10 : 0.0057    tailpercentage@10 : 0.0001
Sat 05 Apr 2025 21:51:58 INFO  Saving current: ./saved/movielens/CFKG-Apr-05-2025_21-45-39.pth
Sat 05 Apr 2025 21:52:04 INFO  epoch 18 training [time: 5.24s, train loss: 148.8276]
Sat 05 Apr 2025 21:52:19 INFO  epoch 18 evaluating [time: 15.87s, valid_score: 0.206700]
Sat 05 Apr 2025 21:52:19 INFO  valid result: 
recall@10 : 0.1049    mrr@10 : 0.2067    ndcg@10 : 0.1094    hit@10 : 0.5098    map@10 : 0.0506    precision@10 : 0.0791    gauc : 0.8899    itemcoverage@10 : 0.3332    averagepopularity@10 : 1128.0157    giniindex@10 : 0.9456    shannonentropy@10 : 0.0055    tailpercentage@10 : 0.0001
Sat 05 Apr 2025 21:52:19 INFO  Saving current: ./saved/movielens/CFKG-Apr-05-2025_21-45-39.pth
Sat 05 Apr 2025 21:52:25 INFO  epoch 19 training [time: 5.47s, train loss: 145.7877]
Sat 05 Apr 2025 21:52:40 INFO  epoch 19 evaluating [time: 15.50s, valid_score: 0.210500]
Sat 05 Apr 2025 21:52:40 INFO  valid result: 
recall@10 : 0.1077    mrr@10 : 0.2105    ndcg@10 : 0.1119    hit@10 : 0.5146    map@10 : 0.0519    precision@10 : 0.0809    gauc : 0.891    itemcoverage@10 : 0.3431    averagepopularity@10 : 1112.6206    giniindex@10 : 0.9415    shannonentropy@10 : 0.0054    tailpercentage@10 : 0.0001
Sat 05 Apr 2025 21:52:40 INFO  Saving current: ./saved/movielens/CFKG-Apr-05-2025_21-45-39.pth
Sat 05 Apr 2025 21:52:46 INFO  epoch 20 training [time: 5.23s, train loss: 142.8821]
Sat 05 Apr 2025 21:53:01 INFO  epoch 20 evaluating [time: 15.29s, valid_score: 0.213400]
Sat 05 Apr 2025 21:53:01 INFO  valid result: 
recall@10 : 0.1089    mrr@10 : 0.2134    ndcg@10 : 0.1132    hit@10 : 0.52    map@10 : 0.0528    precision@10 : 0.0812    gauc : 0.892    itemcoverage@10 : 0.3612    averagepopularity@10 : 1093.3686    giniindex@10 : 0.9365    shannonentropy@10 : 0.0052    tailpercentage@10 : 0.0001
Sat 05 Apr 2025 21:53:01 INFO  Saving current: ./saved/movielens/CFKG-Apr-05-2025_21-45-39.pth
Sat 05 Apr 2025 21:53:06 INFO  epoch 21 training [time: 5.31s, train loss: 139.9277]
Sat 05 Apr 2025 21:53:21 INFO  epoch 21 evaluating [time: 15.19s, valid_score: 0.212400]
Sat 05 Apr 2025 21:53:21 INFO  valid result: 
recall@10 : 0.1098    mrr@10 : 0.2124    ndcg@10 : 0.1139    hit@10 : 0.5215    map@10 : 0.0533    precision@10 : 0.082    gauc : 0.8929    itemcoverage@10 : 0.3743    averagepopularity@10 : 1074.0795    giniindex@10 : 0.9324    shannonentropy@10 : 0.0051    tailpercentage@10 : 0.0001
Sat 05 Apr 2025 21:53:27 INFO  epoch 22 training [time: 5.38s, train loss: 136.8599]
Sat 05 Apr 2025 21:53:43 INFO  epoch 22 evaluating [time: 15.71s, valid_score: 0.214600]
Sat 05 Apr 2025 21:53:43 INFO  valid result: 
recall@10 : 0.1109    mrr@10 : 0.2146    ndcg@10 : 0.1153    hit@10 : 0.5295    map@10 : 0.0542    precision@10 : 0.0827    gauc : 0.8936    itemcoverage@10 : 0.3877    averagepopularity@10 : 1056.9576    giniindex@10 : 0.9294    shannonentropy@10 : 0.005    tailpercentage@10 : 0.0001
Sat 05 Apr 2025 21:53:43 INFO  Saving current: ./saved/movielens/CFKG-Apr-05-2025_21-45-39.pth
Sat 05 Apr 2025 21:53:48 INFO  epoch 23 training [time: 5.31s, train loss: 133.7134]
Sat 05 Apr 2025 21:54:03 INFO  epoch 23 evaluating [time: 15.26s, valid_score: 0.216800]
Sat 05 Apr 2025 21:54:03 INFO  valid result: 
recall@10 : 0.1143    mrr@10 : 0.2168    ndcg@10 : 0.1163    hit@10 : 0.5356    map@10 : 0.0542    precision@10 : 0.0831    gauc : 0.8942    itemcoverage@10 : 0.4019    averagepopularity@10 : 1034.8347    giniindex@10 : 0.9245    shannonentropy@10 : 0.0049    tailpercentage@10 : 0.0001
Sat 05 Apr 2025 21:54:03 INFO  Saving current: ./saved/movielens/CFKG-Apr-05-2025_21-45-39.pth
Sat 05 Apr 2025 21:54:09 INFO  epoch 24 training [time: 5.39s, train loss: 131.3048]
Sat 05 Apr 2025 21:54:24 INFO  epoch 24 evaluating [time: 15.50s, valid_score: 0.218700]
Sat 05 Apr 2025 21:54:24 INFO  valid result: 
recall@10 : 0.1153    mrr@10 : 0.2187    ndcg@10 : 0.1175    hit@10 : 0.5368    map@10 : 0.055    precision@10 : 0.0838    gauc : 0.8947    itemcoverage@10 : 0.4157    averagepopularity@10 : 1026.6758    giniindex@10 : 0.9213    shannonentropy@10 : 0.0047    tailpercentage@10 : 0.0
Sat 05 Apr 2025 21:54:24 INFO  Saving current: ./saved/movielens/CFKG-Apr-05-2025_21-45-39.pth
Sat 05 Apr 2025 21:54:29 INFO  epoch 25 training [time: 5.40s, train loss: 128.6415]
Sat 05 Apr 2025 21:54:45 INFO  epoch 25 evaluating [time: 15.29s, valid_score: 0.215800]
Sat 05 Apr 2025 21:54:45 INFO  valid result: 
recall@10 : 0.1136    mrr@10 : 0.2158    ndcg@10 : 0.1159    hit@10 : 0.5356    map@10 : 0.0538    precision@10 : 0.0832    gauc : 0.8951    itemcoverage@10 : 0.4334    averagepopularity@10 : 1005.3687    giniindex@10 : 0.9166    shannonentropy@10 : 0.0046    tailpercentage@10 : 0.0
Sat 05 Apr 2025 21:54:50 INFO  epoch 26 training [time: 5.30s, train loss: 126.0534]
Sat 05 Apr 2025 21:55:06 INFO  epoch 26 evaluating [time: 15.78s, valid_score: 0.219200]
Sat 05 Apr 2025 21:55:06 INFO  valid result: 
recall@10 : 0.1174    mrr@10 : 0.2192    ndcg@10 : 0.1187    hit@10 : 0.5436    map@10 : 0.0557    precision@10 : 0.0844    gauc : 0.8954    itemcoverage@10 : 0.4557    averagepopularity@10 : 980.5531    giniindex@10 : 0.9104    shannonentropy@10 : 0.0044    tailpercentage@10 : 0.0
Sat 05 Apr 2025 21:55:06 INFO  Saving current: ./saved/movielens/CFKG-Apr-05-2025_21-45-39.pth
Sat 05 Apr 2025 21:55:11 INFO  epoch 27 training [time: 5.37s, train loss: 123.6567]
Sat 05 Apr 2025 21:55:28 INFO  epoch 27 evaluating [time: 16.94s, valid_score: 0.219100]
Sat 05 Apr 2025 21:55:28 INFO  valid result: 
recall@10 : 0.1191    mrr@10 : 0.2191    ndcg@10 : 0.1195    hit@10 : 0.5436    map@10 : 0.0562    precision@10 : 0.0848    gauc : 0.8957    itemcoverage@10 : 0.4681    averagepopularity@10 : 966.06    giniindex@10 : 0.9065    shannonentropy@10 : 0.0044    tailpercentage@10 : 0.0
Sat 05 Apr 2025 21:55:33 INFO  epoch 28 training [time: 5.26s, train loss: 121.5437]
Sat 05 Apr 2025 21:55:49 INFO  epoch 28 evaluating [time: 15.39s, valid_score: 0.220600]
Sat 05 Apr 2025 21:55:49 INFO  valid result: 
recall@10 : 0.1167    mrr@10 : 0.2206    ndcg@10 : 0.119    hit@10 : 0.5416    map@10 : 0.0561    precision@10 : 0.0846    gauc : 0.8959    itemcoverage@10 : 0.477    averagepopularity@10 : 966.1671    giniindex@10 : 0.904    shannonentropy@10 : 0.0043    tailpercentage@10 : 0.0
Sat 05 Apr 2025 21:55:49 INFO  Saving current: ./saved/movielens/CFKG-Apr-05-2025_21-45-39.pth
Sat 05 Apr 2025 21:55:54 INFO  epoch 29 training [time: 5.29s, train loss: 119.2310]
Sat 05 Apr 2025 21:56:13 INFO  epoch 29 evaluating [time: 18.86s, valid_score: 0.221000]
Sat 05 Apr 2025 21:56:13 INFO  valid result: 
recall@10 : 0.1177    mrr@10 : 0.221    ndcg@10 : 0.1193    hit@10 : 0.5419    map@10 : 0.0563    precision@10 : 0.0844    gauc : 0.8961    itemcoverage@10 : 0.4812    averagepopularity@10 : 966.5611    giniindex@10 : 0.9029    shannonentropy@10 : 0.0043    tailpercentage@10 : 0.0
Sat 05 Apr 2025 21:56:13 INFO  Saving current: ./saved/movielens/CFKG-Apr-05-2025_21-45-39.pth
Sat 05 Apr 2025 21:56:19 INFO  epoch 30 training [time: 5.44s, train loss: 116.6758]
Sat 05 Apr 2025 21:56:34 INFO  epoch 30 evaluating [time: 15.49s, valid_score: 0.219200]
Sat 05 Apr 2025 21:56:34 INFO  valid result: 
recall@10 : 0.1164    mrr@10 : 0.2192    ndcg@10 : 0.1183    hit@10 : 0.5389    map@10 : 0.0558    precision@10 : 0.0838    gauc : 0.8962    itemcoverage@10 : 0.4975    averagepopularity@10 : 945.0631    giniindex@10 : 0.8956    shannonentropy@10 : 0.0042    tailpercentage@10 : 0.0
Sat 05 Apr 2025 21:56:39 INFO  epoch 31 training [time: 5.23s, train loss: 114.7424]
Sat 05 Apr 2025 21:56:55 INFO  epoch 31 evaluating [time: 15.29s, valid_score: 0.220500]
Sat 05 Apr 2025 21:56:55 INFO  valid result: 
recall@10 : 0.1178    mrr@10 : 0.2205    ndcg@10 : 0.1188    hit@10 : 0.5422    map@10 : 0.0555    precision@10 : 0.0846    gauc : 0.8962    itemcoverage@10 : 0.5007    averagepopularity@10 : 945.3007    giniindex@10 : 0.8952    shannonentropy@10 : 0.0042    tailpercentage@10 : 0.0
Sat 05 Apr 2025 21:57:00 INFO  epoch 32 training [time: 5.39s, train loss: 112.8582]
Sat 05 Apr 2025 21:57:16 INFO  epoch 32 evaluating [time: 15.75s, valid_score: 0.220400]
Sat 05 Apr 2025 21:57:16 INFO  valid result: 
recall@10 : 0.1214    mrr@10 : 0.2204    ndcg@10 : 0.1206    hit@10 : 0.5471    map@10 : 0.0565    precision@10 : 0.086    gauc : 0.8963    itemcoverage@10 : 0.5106    averagepopularity@10 : 929.2114    giniindex@10 : 0.8914    shannonentropy@10 : 0.0041    tailpercentage@10 : 0.0
Sat 05 Apr 2025 21:57:21 INFO  epoch 33 training [time: 5.41s, train loss: 110.8454]
Sat 05 Apr 2025 21:57:36 INFO  epoch 33 evaluating [time: 15.41s, valid_score: 0.220000]
Sat 05 Apr 2025 21:57:36 INFO  valid result: 
recall@10 : 0.1189    mrr@10 : 0.22    ndcg@10 : 0.1195    hit@10 : 0.5417    map@10 : 0.056    precision@10 : 0.0855    gauc : 0.8962    itemcoverage@10 : 0.5212    averagepopularity@10 : 931.032    giniindex@10 : 0.8894    shannonentropy@10 : 0.004    tailpercentage@10 : 0.0
Sat 05 Apr 2025 21:57:42 INFO  epoch 34 training [time: 5.30s, train loss: 109.0229]
Sat 05 Apr 2025 21:57:58 INFO  epoch 34 evaluating [time: 15.94s, valid_score: 0.222400]
Sat 05 Apr 2025 21:57:58 INFO  valid result: 
recall@10 : 0.1191    mrr@10 : 0.2224    ndcg@10 : 0.1202    hit@10 : 0.5452    map@10 : 0.0565    precision@10 : 0.0852    gauc : 0.8962    itemcoverage@10 : 0.5276    averagepopularity@10 : 924.0019    giniindex@10 : 0.8865    shannonentropy@10 : 0.004    tailpercentage@10 : 0.0
Sat 05 Apr 2025 21:57:58 INFO  Saving current: ./saved/movielens/CFKG-Apr-05-2025_21-45-39.pth
Sat 05 Apr 2025 21:58:03 INFO  epoch 35 training [time: 5.30s, train loss: 107.1727]
Sat 05 Apr 2025 21:58:20 INFO  epoch 35 evaluating [time: 17.32s, valid_score: 0.216800]
Sat 05 Apr 2025 21:58:20 INFO  valid result: 
recall@10 : 0.1188    mrr@10 : 0.2168    ndcg@10 : 0.1188    hit@10 : 0.5452    map@10 : 0.0556    precision@10 : 0.0848    gauc : 0.8959    itemcoverage@10 : 0.5404    averagepopularity@10 : 906.9511    giniindex@10 : 0.8808    shannonentropy@10 : 0.0039    tailpercentage@10 : 0.0001
Sat 05 Apr 2025 21:58:26 INFO  epoch 36 training [time: 5.23s, train loss: 105.5739]
Sat 05 Apr 2025 21:58:41 INFO  epoch 36 evaluating [time: 15.84s, valid_score: 0.217300]
Sat 05 Apr 2025 21:58:41 INFO  valid result: 
recall@10 : 0.1193    mrr@10 : 0.2173    ndcg@10 : 0.1185    hit@10 : 0.5452    map@10 : 0.0553    precision@10 : 0.0845    gauc : 0.8958    itemcoverage@10 : 0.54    averagepopularity@10 : 910.8969    giniindex@10 : 0.8812    shannonentropy@10 : 0.0039    tailpercentage@10 : 0.0
Sat 05 Apr 2025 21:58:47 INFO  epoch 37 training [time: 5.40s, train loss: 103.8471]
Sat 05 Apr 2025 21:59:03 INFO  epoch 37 evaluating [time: 15.90s, valid_score: 0.217000]
Sat 05 Apr 2025 21:59:03 INFO  valid result: 
recall@10 : 0.1202    mrr@10 : 0.217    ndcg@10 : 0.1188    hit@10 : 0.5431    map@10 : 0.0554    precision@10 : 0.0847    gauc : 0.8956    itemcoverage@10 : 0.5545    averagepopularity@10 : 899.5342    giniindex@10 : 0.8777    shannonentropy@10 : 0.0039    tailpercentage@10 : 0.0001
Sat 05 Apr 2025 21:59:08 INFO  epoch 38 training [time: 5.16s, train loss: 102.3230]
Sat 05 Apr 2025 21:59:24 INFO  epoch 38 evaluating [time: 15.92s, valid_score: 0.214600]
Sat 05 Apr 2025 21:59:24 INFO  valid result: 
recall@10 : 0.1212    mrr@10 : 0.2146    ndcg@10 : 0.1187    hit@10 : 0.5466    map@10 : 0.0552    precision@10 : 0.085    gauc : 0.8954    itemcoverage@10 : 0.5588    averagepopularity@10 : 885.5522    giniindex@10 : 0.8725    shannonentropy@10 : 0.0039    tailpercentage@10 : 0.0001
Sat 05 Apr 2025 21:59:29 INFO  epoch 39 training [time: 5.35s, train loss: 100.8535]
Sat 05 Apr 2025 21:59:46 INFO  epoch 39 evaluating [time: 16.36s, valid_score: 0.218200]
Sat 05 Apr 2025 21:59:46 INFO  valid result: 
recall@10 : 0.1213    mrr@10 : 0.2182    ndcg@10 : 0.1204    hit@10 : 0.5484    map@10 : 0.0567    precision@10 : 0.0856    gauc : 0.8951    itemcoverage@10 : 0.5691    averagepopularity@10 : 885.0644    giniindex@10 : 0.87    shannonentropy@10 : 0.0038    tailpercentage@10 : 0.0001
Sat 05 Apr 2025 21:59:51 INFO  epoch 40 training [time: 5.33s, train loss: 99.4542]
Sat 05 Apr 2025 22:00:07 INFO  epoch 40 evaluating [time: 15.74s, valid_score: 0.217200]
Sat 05 Apr 2025 22:00:07 INFO  valid result: 
recall@10 : 0.1198    mrr@10 : 0.2172    ndcg@10 : 0.1196    hit@10 : 0.5456    map@10 : 0.0565    precision@10 : 0.085    gauc : 0.8949    itemcoverage@10 : 0.5758    averagepopularity@10 : 881.5398    giniindex@10 : 0.8672    shannonentropy@10 : 0.0038    tailpercentage@10 : 0.0001
Sat 05 Apr 2025 22:00:12 INFO  epoch 41 training [time: 5.40s, train loss: 97.9608]
Sat 05 Apr 2025 22:00:28 INFO  epoch 41 evaluating [time: 15.98s, valid_score: 0.214400]
Sat 05 Apr 2025 22:00:28 INFO  valid result: 
recall@10 : 0.1201    mrr@10 : 0.2144    ndcg@10 : 0.1181    hit@10 : 0.5414    map@10 : 0.0554    precision@10 : 0.0837    gauc : 0.8945    itemcoverage@10 : 0.5818    averagepopularity@10 : 862.6198    giniindex@10 : 0.8624    shannonentropy@10 : 0.0038    tailpercentage@10 : 0.0001
Sat 05 Apr 2025 22:00:33 INFO  epoch 42 training [time: 5.29s, train loss: 96.7662]
Sat 05 Apr 2025 22:00:49 INFO  epoch 42 evaluating [time: 16.01s, valid_score: 0.218000]
Sat 05 Apr 2025 22:00:49 INFO  valid result: 
recall@10 : 0.1208    mrr@10 : 0.218    ndcg@10 : 0.1198    hit@10 : 0.5431    map@10 : 0.0569    precision@10 : 0.084    gauc : 0.8942    itemcoverage@10 : 0.5882    averagepopularity@10 : 865.5512    giniindex@10 : 0.8617    shannonentropy@10 : 0.0037    tailpercentage@10 : 0.0001
Sat 05 Apr 2025 22:00:55 INFO  epoch 43 training [time: 5.44s, train loss: 95.7402]
Sat 05 Apr 2025 22:01:11 INFO  epoch 43 evaluating [time: 15.95s, valid_score: 0.216400]
Sat 05 Apr 2025 22:01:11 INFO  valid result: 
recall@10 : 0.1215    mrr@10 : 0.2164    ndcg@10 : 0.1193    hit@10 : 0.5426    map@10 : 0.0566    precision@10 : 0.0835    gauc : 0.8939    itemcoverage@10 : 0.5907    averagepopularity@10 : 861.9678    giniindex@10 : 0.8604    shannonentropy@10 : 0.0037    tailpercentage@10 : 0.0001
Sat 05 Apr 2025 22:01:16 INFO  epoch 44 training [time: 5.37s, train loss: 94.3973]
Sat 05 Apr 2025 22:01:31 INFO  epoch 44 evaluating [time: 15.18s, valid_score: 0.216500]
Sat 05 Apr 2025 22:01:31 INFO  valid result: 
recall@10 : 0.1199    mrr@10 : 0.2165    ndcg@10 : 0.1191    hit@10 : 0.5411    map@10 : 0.0566    precision@10 : 0.0835    gauc : 0.8936    itemcoverage@10 : 0.5974    averagepopularity@10 : 863.0502    giniindex@10 : 0.859    shannonentropy@10 : 0.0037    tailpercentage@10 : 0.0
Sat 05 Apr 2025 22:01:37 INFO  epoch 45 training [time: 5.28s, train loss: 93.3919]
Sat 05 Apr 2025 22:01:52 INFO  epoch 45 evaluating [time: 15.20s, valid_score: 0.215300]
Sat 05 Apr 2025 22:01:52 INFO  valid result: 
recall@10 : 0.1195    mrr@10 : 0.2153    ndcg@10 : 0.1185    hit@10 : 0.5379    map@10 : 0.0563    precision@10 : 0.083    gauc : 0.8933    itemcoverage@10 : 0.6094    averagepopularity@10 : 849.6696    giniindex@10 : 0.8538    shannonentropy@10 : 0.0036    tailpercentage@10 : 0.0001
Sat 05 Apr 2025 22:01:57 INFO  epoch 46 training [time: 5.25s, train loss: 92.2515]
Sat 05 Apr 2025 22:02:12 INFO  epoch 46 evaluating [time: 15.09s, valid_score: 0.213300]
Sat 05 Apr 2025 22:02:12 INFO  valid result: 
recall@10 : 0.1212    mrr@10 : 0.2133    ndcg@10 : 0.1193    hit@10 : 0.5417    map@10 : 0.0566    precision@10 : 0.0843    gauc : 0.893    itemcoverage@10 : 0.6041    averagepopularity@10 : 856.7031    giniindex@10 : 0.8552    shannonentropy@10 : 0.0036    tailpercentage@10 : 0.0
Sat 05 Apr 2025 22:02:17 INFO  epoch 47 training [time: 5.25s, train loss: 90.9926]
Sat 05 Apr 2025 22:02:33 INFO  epoch 47 evaluating [time: 15.41s, valid_score: 0.212700]
Sat 05 Apr 2025 22:02:33 INFO  valid result: 
recall@10 : 0.1208    mrr@10 : 0.2127    ndcg@10 : 0.1182    hit@10 : 0.5394    map@10 : 0.0559    precision@10 : 0.0831    gauc : 0.8927    itemcoverage@10 : 0.6087    averagepopularity@10 : 854.4788    giniindex@10 : 0.8529    shannonentropy@10 : 0.0036    tailpercentage@10 : 0.0
Sat 05 Apr 2025 22:02:38 INFO  epoch 48 training [time: 5.33s, train loss: 90.5376]
Sat 05 Apr 2025 22:02:53 INFO  epoch 48 evaluating [time: 15.42s, valid_score: 0.211800]
Sat 05 Apr 2025 22:02:53 INFO  valid result: 
recall@10 : 0.12    mrr@10 : 0.2118    ndcg@10 : 0.1176    hit@10 : 0.5401    map@10 : 0.0555    precision@10 : 0.0827    gauc : 0.8922    itemcoverage@10 : 0.6208    averagepopularity@10 : 845.8206    giniindex@10 : 0.8488    shannonentropy@10 : 0.0036    tailpercentage@10 : 0.0
Sat 05 Apr 2025 22:02:59 INFO  epoch 49 training [time: 5.32s, train loss: 89.5076]
Sat 05 Apr 2025 22:03:14 INFO  epoch 49 evaluating [time: 15.30s, valid_score: 0.211100]
Sat 05 Apr 2025 22:03:14 INFO  valid result: 
recall@10 : 0.1206    mrr@10 : 0.2111    ndcg@10 : 0.1176    hit@10 : 0.5386    map@10 : 0.0555    precision@10 : 0.0828    gauc : 0.892    itemcoverage@10 : 0.619    averagepopularity@10 : 840.5879    giniindex@10 : 0.8481    shannonentropy@10 : 0.0036    tailpercentage@10 : 0.0
Sat 05 Apr 2025 22:03:14 INFO  Loading model structure and parameters from ./saved/movielens/CFKG-Apr-05-2025_21-45-39.pth
