Thu 10 Apr 2025 11:57:33 INFO  
General Hyper Parameters:
gpu_id = 0
use_gpu = True
seed = 2020
state = INFO
reproducibility = True
data_path = dataset/amazon
checkpoint_dir = ./saved/amazon/
show_progress = True
save_dataset = True
dataset_save_path = None
save_dataloaders = False
dataloaders_save_path = None
log_wandb = False

Training Hyper Parameters:
epochs = 20
train_batch_size = 2048
learner = adam
learning_rate = 0.001
train_neg_sample_args = {'distribution': 'uniform', 'sample_num': 1, 'alpha': 1.0, 'dynamic': False, 'candidate_num': 0}
eval_step = 1
stopping_step = 50
clip_grad_norm = None
weight_decay = 0.0
loss_decimal_place = 4

Evaluation Hyper Parameters:
eval_args = {'split': {'RS': [0.8, 0.1, 0.1]}, 'group_by': 'user', 'order': 'RO', 'mode': 'full'}
repeatable = False
metrics = ['Recall', 'MRR', 'NDCG', 'Hit', 'MAP', 'Precision', 'GAUC', 'ItemCoverage', 'AveragePopularity', 'GiniIndex', 'ShannonEntropy', 'TailPercentage']
topk = [10]
valid_metric = MRR@10
valid_metric_bigger = True
eval_batch_size = 4096
metric_decimal_place = 4

Dataset Hyper Parameters:
field_separator = 	
seq_separator =  
USER_ID_FIELD = user_id
ITEM_ID_FIELD = item_id
RATING_FIELD = rating
TIME_FIELD = timestamp
seq_len = None
LABEL_FIELD = label
threshold = None
NEG_PREFIX = neg_
load_col = {'inter': ['user_id', 'item_id', 'rating', 'timestamp'], 'kg': ['head_id', 'relation_id', 'tail_id'], 'link': ['item_id', 'entity_id']}
unload_col = None
unused_col = None
additional_feat_suffix = None
rm_dup_inter = None
val_interval = None
filter_inter_by_user_or_item = True
user_inter_num_interval = [0,inf)
item_inter_num_interval = [0,inf)
alias_of_user_id = None
alias_of_item_id = None
alias_of_entity_id = None
alias_of_relation_id = None
preload_weight = None
normalize_field = None
normalize_all = None
ITEM_LIST_LENGTH_FIELD = item_length
LIST_SUFFIX = _list
MAX_ITEM_LIST_LENGTH = 50
POSITION_FIELD = position_id
HEAD_ENTITY_ID_FIELD = head_id
TAIL_ENTITY_ID_FIELD = tail_id
RELATION_ID_FIELD = relation_id
ENTITY_ID_FIELD = entity_id
benchmark_filename = None

Other Hyper Parameters: 
worker = 0
wandb_project = recbole
shuffle = True
require_pow = False
enable_amp = False
enable_scaler = False
transform = None
embedding_size = 64
kg_embedding_size = 64
reg_weights = [0.01, 0.01]
numerical_features = []
discretization = None
kg_reverse_r = False
entity_kg_num_interval = [0,inf)
relation_kg_num_interval = [0,inf)
MODEL_TYPE = ModelType.KNOWLEDGE
MODEL_INPUT_TYPE = InputType.PAIRWISE
eval_type = EvaluatorType.RANKING
single_spec = True
local_rank = 0
device = cuda
eval_neg_sample_args = {'distribution': 'uniform', 'sample_num': 'none'}


Thu 10 Apr 2025 11:57:38 INFO  Saving filtered dataset into [./saved/amazon/amazon-dataset.pth]
Thu 10 Apr 2025 11:57:38 INFO  amazon
The number of users: 20201
Average actions of users: 17.4280198019802
The number of items: 10879
Average actions of items: 32.36311822026108
The number of inters: 352046
The sparsity of the dataset: 99.83980920055674%
Remain Fields: ['entity_id', 'user_id', 'item_id', 'rating', 'head_id', 'tail_id', 'relation_id']
The number of entities: 26316
The number of relations: 18
The number of triples: 96476
The number of items that have been linked to KG: 10878
Thu 10 Apr 2025 11:57:39 INFO  [Training]: train_batch_size = [2048] train_neg_sample_args: [{'distribution': 'uniform', 'sample_num': 1, 'alpha': 1.0, 'dynamic': False, 'candidate_num': 0}]
Thu 10 Apr 2025 11:57:39 INFO  [Evaluation]: eval_batch_size = [4096] eval_args: [{'split': {'RS': [0.8, 0.1, 0.1]}, 'group_by': 'user', 'order': 'RO', 'mode': 'full'}]
Thu 10 Apr 2025 11:57:41 INFO  CKE(
  (user_embedding): Embedding(20201, 64)
  (item_embedding): Embedding(10879, 64)
  (entity_embedding): Embedding(26316, 64)
  (relation_embedding): Embedding(18, 64)
  (trans_w): Embedding(18, 4096)
  (rec_loss): BPRLoss()
  (kg_loss): BPRLoss()
  (reg_loss): EmbLoss()
)
Trainable parameters: 3748224
Thu 10 Apr 2025 11:57:56 INFO  epoch 0 training [time: 8.75s, train_loss1: 96.2962, train_loss2: 36.4251, train_loss3: 0.1396]
Thu 10 Apr 2025 11:58:44 INFO  epoch 0 evaluating [time: 47.88s, valid_score: 0.013800]
Thu 10 Apr 2025 11:58:44 INFO  valid result: 
recall@10 : 0.0211    mrr@10 : 0.0138    ndcg@10 : 0.0127    hit@10 : 0.0369    map@10 : 0.008    precision@10 : 0.0041    gauc : 0.6736    itemcoverage@10 : 0.8939    averagepopularity@10 : 118.3989    giniindex@10 : 0.7303    shannonentropy@10 : 0.0008    tailpercentage@10 : 0.0406
Thu 10 Apr 2025 11:58:44 INFO  Saving current: ./saved/amazon/CKE-Apr-10-2025_11-57-41.pth
Thu 10 Apr 2025 11:58:52 INFO  epoch 1 training [time: 7.95s, train_loss1: 93.3188, train_loss2: 14.0842, train_loss3: 0.1542]
Thu 10 Apr 2025 11:59:42 INFO  epoch 1 evaluating [time: 49.58s, valid_score: 0.024000]
Thu 10 Apr 2025 11:59:42 INFO  valid result: 
recall@10 : 0.0358    mrr@10 : 0.024    ndcg@10 : 0.0217    hit@10 : 0.0618    map@10 : 0.0138    precision@10 : 0.0068    gauc : 0.8093    itemcoverage@10 : 0.3422    averagepopularity@10 : 260.3122    giniindex@10 : 0.9778    shannonentropy@10 : 0.0014    tailpercentage@10 : 0.0045
Thu 10 Apr 2025 11:59:42 INFO  Saving current: ./saved/amazon/CKE-Apr-10-2025_11-57-41.pth
Thu 10 Apr 2025 11:59:50 INFO  epoch 2 training [time: 8.01s, train_loss1: 79.2879, train_loss2: 11.6455, train_loss3: 0.1889]
Thu 10 Apr 2025 12:00:38 INFO  epoch 2 evaluating [time: 47.83s, valid_score: 0.026500]
Thu 10 Apr 2025 12:00:38 INFO  valid result: 
recall@10 : 0.0429    mrr@10 : 0.0265    ndcg@10 : 0.025    hit@10 : 0.0722    map@10 : 0.0157    precision@10 : 0.0079    gauc : 0.8309    itemcoverage@10 : 0.2016    averagepopularity@10 : 262.4317    giniindex@10 : 0.987    shannonentropy@10 : 0.0022    tailpercentage@10 : 0.0041
Thu 10 Apr 2025 12:00:38 INFO  Saving current: ./saved/amazon/CKE-Apr-10-2025_11-57-41.pth
Thu 10 Apr 2025 12:00:46 INFO  epoch 3 training [time: 8.00s, train_loss1: 62.6672, train_loss2: 10.4588, train_loss3: 0.2216]
Thu 10 Apr 2025 12:01:34 INFO  epoch 3 evaluating [time: 47.89s, valid_score: 0.028500]
Thu 10 Apr 2025 12:01:34 INFO  valid result: 
recall@10 : 0.0462    mrr@10 : 0.0285    ndcg@10 : 0.027    hit@10 : 0.0783    map@10 : 0.017    precision@10 : 0.0085    gauc : 0.8439    itemcoverage@10 : 0.152    averagepopularity@10 : 252.305    giniindex@10 : 0.9881    shannonentropy@10 : 0.003    tailpercentage@10 : 0.0018
Thu 10 Apr 2025 12:01:34 INFO  Saving current: ./saved/amazon/CKE-Apr-10-2025_11-57-41.pth
Thu 10 Apr 2025 12:01:42 INFO  epoch 4 training [time: 7.94s, train_loss1: 51.6581, train_loss2: 9.6464, train_loss3: 0.2442]
Thu 10 Apr 2025 12:02:31 INFO  epoch 4 evaluating [time: 48.88s, valid_score: 0.030200]
Thu 10 Apr 2025 12:02:31 INFO  valid result: 
recall@10 : 0.0502    mrr@10 : 0.0302    ndcg@10 : 0.0291    hit@10 : 0.0831    map@10 : 0.0183    precision@10 : 0.0091    gauc : 0.8544    itemcoverage@10 : 0.1299    averagepopularity@10 : 241.9109    giniindex@10 : 0.988    shannonentropy@10 : 0.0036    tailpercentage@10 : 0.0006
Thu 10 Apr 2025 12:02:31 INFO  Saving current: ./saved/amazon/CKE-Apr-10-2025_11-57-41.pth
Thu 10 Apr 2025 12:02:39 INFO  epoch 5 training [time: 8.19s, train_loss1: 44.5459, train_loss2: 9.1138, train_loss3: 0.2603]
Thu 10 Apr 2025 12:03:27 INFO  epoch 5 evaluating [time: 48.11s, valid_score: 0.031700]
Thu 10 Apr 2025 12:03:27 INFO  valid result: 
recall@10 : 0.0526    mrr@10 : 0.0317    ndcg@10 : 0.0304    hit@10 : 0.0879    map@10 : 0.0191    precision@10 : 0.0096    gauc : 0.8625    itemcoverage@10 : 0.1237    averagepopularity@10 : 232.1505    giniindex@10 : 0.9871    shannonentropy@10 : 0.0038    tailpercentage@10 : 0.0002
Thu 10 Apr 2025 12:03:27 INFO  Saving current: ./saved/amazon/CKE-Apr-10-2025_11-57-41.pth
Thu 10 Apr 2025 12:03:35 INFO  epoch 6 training [time: 8.03s, train_loss1: 39.7169, train_loss2: 8.7581, train_loss3: 0.2725]
Thu 10 Apr 2025 12:04:23 INFO  epoch 6 evaluating [time: 47.86s, valid_score: 0.033000]
Thu 10 Apr 2025 12:04:23 INFO  valid result: 
recall@10 : 0.0548    mrr@10 : 0.033    ndcg@10 : 0.0318    hit@10 : 0.0906    map@10 : 0.0201    precision@10 : 0.0099    gauc : 0.8689    itemcoverage@10 : 0.1243    averagepopularity@10 : 223.236    giniindex@10 : 0.9858    shannonentropy@10 : 0.0039    tailpercentage@10 : 0.0001
Thu 10 Apr 2025 12:04:23 INFO  Saving current: ./saved/amazon/CKE-Apr-10-2025_11-57-41.pth
Thu 10 Apr 2025 12:04:31 INFO  epoch 7 training [time: 7.92s, train_loss1: 35.9345, train_loss2: 8.3832, train_loss3: 0.2822]
Thu 10 Apr 2025 12:05:20 INFO  epoch 7 evaluating [time: 49.19s, valid_score: 0.034800]
Thu 10 Apr 2025 12:05:20 INFO  valid result: 
recall@10 : 0.0579    mrr@10 : 0.0348    ndcg@10 : 0.0336    hit@10 : 0.0953    map@10 : 0.0212    precision@10 : 0.0105    gauc : 0.8745    itemcoverage@10 : 0.129    averagepopularity@10 : 219.2857    giniindex@10 : 0.9845    shannonentropy@10 : 0.0038    tailpercentage@10 : 0.0001
Thu 10 Apr 2025 12:05:20 INFO  Saving current: ./saved/amazon/CKE-Apr-10-2025_11-57-41.pth
Thu 10 Apr 2025 12:05:28 INFO  epoch 8 training [time: 8.10s, train_loss1: 32.9103, train_loss2: 8.2154, train_loss3: 0.2905]
Thu 10 Apr 2025 12:06:16 INFO  epoch 8 evaluating [time: 47.71s, valid_score: 0.035700]
Thu 10 Apr 2025 12:06:16 INFO  valid result: 
recall@10 : 0.0596    mrr@10 : 0.0357    ndcg@10 : 0.0346    hit@10 : 0.0979    map@10 : 0.022    precision@10 : 0.0107    gauc : 0.879    itemcoverage@10 : 0.1345    averagepopularity@10 : 212.5326    giniindex@10 : 0.9834    shannonentropy@10 : 0.0037    tailpercentage@10 : 0.0
Thu 10 Apr 2025 12:06:16 INFO  Saving current: ./saved/amazon/CKE-Apr-10-2025_11-57-41.pth
Thu 10 Apr 2025 12:06:24 INFO  epoch 9 training [time: 8.14s, train_loss1: 30.4623, train_loss2: 8.0375, train_loss3: 0.2978]
Thu 10 Apr 2025 12:07:12 INFO  epoch 9 evaluating [time: 48.39s, valid_score: 0.035900]
Thu 10 Apr 2025 12:07:12 INFO  valid result: 
recall@10 : 0.0605    mrr@10 : 0.0359    ndcg@10 : 0.035    hit@10 : 0.0989    map@10 : 0.0223    precision@10 : 0.0108    gauc : 0.8827    itemcoverage@10 : 0.1382    averagepopularity@10 : 206.9365    giniindex@10 : 0.9819    shannonentropy@10 : 0.0037    tailpercentage@10 : 0.0
Thu 10 Apr 2025 12:07:12 INFO  Saving current: ./saved/amazon/CKE-Apr-10-2025_11-57-41.pth
Thu 10 Apr 2025 12:07:21 INFO  epoch 10 training [time: 8.05s, train_loss1: 28.4015, train_loss2: 7.8623, train_loss3: 0.3042]
Thu 10 Apr 2025 12:08:08 INFO  epoch 10 evaluating [time: 47.87s, valid_score: 0.037000]
Thu 10 Apr 2025 12:08:08 INFO  valid result: 
recall@10 : 0.0625    mrr@10 : 0.037    ndcg@10 : 0.0361    hit@10 : 0.1019    map@10 : 0.0231    precision@10 : 0.0111    gauc : 0.886    itemcoverage@10 : 0.1445    averagepopularity@10 : 203.8265    giniindex@10 : 0.9803    shannonentropy@10 : 0.0035    tailpercentage@10 : 0.0001
Thu 10 Apr 2025 12:08:08 INFO  Saving current: ./saved/amazon/CKE-Apr-10-2025_11-57-41.pth
Thu 10 Apr 2025 12:08:16 INFO  epoch 11 training [time: 7.99s, train_loss1: 26.4878, train_loss2: 7.7836, train_loss3: 0.3100]
Thu 10 Apr 2025 12:09:05 INFO  epoch 11 evaluating [time: 48.24s, valid_score: 0.037600]
Thu 10 Apr 2025 12:09:05 INFO  valid result: 
recall@10 : 0.0647    mrr@10 : 0.0376    ndcg@10 : 0.0372    hit@10 : 0.1059    map@10 : 0.0236    precision@10 : 0.0116    gauc : 0.8886    itemcoverage@10 : 0.153    averagepopularity@10 : 200.4128    giniindex@10 : 0.9788    shannonentropy@10 : 0.0034    tailpercentage@10 : 0.0
Thu 10 Apr 2025 12:09:05 INFO  Saving current: ./saved/amazon/CKE-Apr-10-2025_11-57-41.pth
Thu 10 Apr 2025 12:09:13 INFO  epoch 12 training [time: 8.07s, train_loss1: 25.1938, train_loss2: 7.6407, train_loss3: 0.3153]
Thu 10 Apr 2025 12:10:01 INFO  epoch 12 evaluating [time: 48.33s, valid_score: 0.038200]
Thu 10 Apr 2025 12:10:01 INFO  valid result: 
recall@10 : 0.0657    mrr@10 : 0.0382    ndcg@10 : 0.0377    hit@10 : 0.1067    map@10 : 0.0239    precision@10 : 0.0116    gauc : 0.8911    itemcoverage@10 : 0.1623    averagepopularity@10 : 196.9436    giniindex@10 : 0.9772    shannonentropy@10 : 0.0032    tailpercentage@10 : 0.0
Thu 10 Apr 2025 12:10:01 INFO  Saving current: ./saved/amazon/CKE-Apr-10-2025_11-57-41.pth
Thu 10 Apr 2025 12:10:09 INFO  epoch 13 training [time: 8.03s, train_loss1: 23.6849, train_loss2: 7.5272, train_loss3: 0.3203]
Thu 10 Apr 2025 12:11:00 INFO  epoch 13 evaluating [time: 50.36s, valid_score: 0.039000]
Thu 10 Apr 2025 12:11:00 INFO  valid result: 
recall@10 : 0.0666    mrr@10 : 0.039    ndcg@10 : 0.0381    hit@10 : 0.1087    map@10 : 0.024    precision@10 : 0.0119    gauc : 0.893    itemcoverage@10 : 0.173    averagepopularity@10 : 193.6505    giniindex@10 : 0.9756    shannonentropy@10 : 0.0031    tailpercentage@10 : 0.0
Thu 10 Apr 2025 12:11:00 INFO  Saving current: ./saved/amazon/CKE-Apr-10-2025_11-57-41.pth
Thu 10 Apr 2025 12:11:08 INFO  epoch 14 training [time: 8.13s, train_loss1: 22.4321, train_loss2: 7.5074, train_loss3: 0.3249]
Thu 10 Apr 2025 12:11:57 INFO  epoch 14 evaluating [time: 49.74s, valid_score: 0.040100]
Thu 10 Apr 2025 12:11:57 INFO  valid result: 
recall@10 : 0.0673    mrr@10 : 0.0401    ndcg@10 : 0.0387    hit@10 : 0.1102    map@10 : 0.0245    precision@10 : 0.012    gauc : 0.8948    itemcoverage@10 : 0.1806    averagepopularity@10 : 189.8365    giniindex@10 : 0.9739    shannonentropy@10 : 0.003    tailpercentage@10 : 0.0
Thu 10 Apr 2025 12:11:58 INFO  Saving current: ./saved/amazon/CKE-Apr-10-2025_11-57-41.pth
Thu 10 Apr 2025 12:12:06 INFO  epoch 15 training [time: 8.05s, train_loss1: 21.4183, train_loss2: 7.4227, train_loss3: 0.3292]
Thu 10 Apr 2025 12:12:54 INFO  epoch 15 evaluating [time: 48.79s, valid_score: 0.040700]
Thu 10 Apr 2025 12:12:54 INFO  valid result: 
recall@10 : 0.0682    mrr@10 : 0.0407    ndcg@10 : 0.0395    hit@10 : 0.1106    map@10 : 0.0252    precision@10 : 0.0121    gauc : 0.8964    itemcoverage@10 : 0.1924    averagepopularity@10 : 186.9173    giniindex@10 : 0.9719    shannonentropy@10 : 0.0028    tailpercentage@10 : 0.0001
Thu 10 Apr 2025 12:12:54 INFO  Saving current: ./saved/amazon/CKE-Apr-10-2025_11-57-41.pth
Thu 10 Apr 2025 12:13:02 INFO  epoch 16 training [time: 7.99s, train_loss1: 20.4175, train_loss2: 7.3835, train_loss3: 0.3334]
Thu 10 Apr 2025 12:13:52 INFO  epoch 16 evaluating [time: 49.32s, valid_score: 0.041300]
Thu 10 Apr 2025 12:13:52 INFO  valid result: 
recall@10 : 0.0689    mrr@10 : 0.0413    ndcg@10 : 0.0401    hit@10 : 0.112    map@10 : 0.0257    precision@10 : 0.0123    gauc : 0.8978    itemcoverage@10 : 0.2042    averagepopularity@10 : 184.0665    giniindex@10 : 0.9701    shannonentropy@10 : 0.0027    tailpercentage@10 : 0.0001
Thu 10 Apr 2025 12:13:52 INFO  Saving current: ./saved/amazon/CKE-Apr-10-2025_11-57-41.pth
Thu 10 Apr 2025 12:14:00 INFO  epoch 17 training [time: 8.04s, train_loss1: 19.2457, train_loss2: 7.2661, train_loss3: 0.3374]
Thu 10 Apr 2025 12:14:48 INFO  epoch 17 evaluating [time: 48.56s, valid_score: 0.041500]
Thu 10 Apr 2025 12:14:48 INFO  valid result: 
recall@10 : 0.0696    mrr@10 : 0.0415    ndcg@10 : 0.0404    hit@10 : 0.1141    map@10 : 0.0258    precision@10 : 0.0125    gauc : 0.899    itemcoverage@10 : 0.2127    averagepopularity@10 : 180.9429    giniindex@10 : 0.968    shannonentropy@10 : 0.0026    tailpercentage@10 : 0.0001
Thu 10 Apr 2025 12:14:48 INFO  Saving current: ./saved/amazon/CKE-Apr-10-2025_11-57-41.pth
Thu 10 Apr 2025 12:14:56 INFO  epoch 18 training [time: 7.94s, train_loss1: 18.5811, train_loss2: 7.2714, train_loss3: 0.3413]
Thu 10 Apr 2025 12:15:44 INFO  epoch 18 evaluating [time: 47.67s, valid_score: 0.041000]
Thu 10 Apr 2025 12:15:44 INFO  valid result: 
recall@10 : 0.0703    mrr@10 : 0.041    ndcg@10 : 0.0401    hit@10 : 0.1141    map@10 : 0.0252    precision@10 : 0.0125    gauc : 0.9    itemcoverage@10 : 0.2272    averagepopularity@10 : 177.3458    giniindex@10 : 0.9656    shannonentropy@10 : 0.0025    tailpercentage@10 : 0.0001
Thu 10 Apr 2025 12:15:52 INFO  epoch 19 training [time: 8.05s, train_loss1: 17.5723, train_loss2: 7.2284, train_loss3: 0.3448]
Thu 10 Apr 2025 12:16:40 INFO  epoch 19 evaluating [time: 47.60s, valid_score: 0.042300]
Thu 10 Apr 2025 12:16:40 INFO  valid result: 
recall@10 : 0.0715    mrr@10 : 0.0423    ndcg@10 : 0.0411    hit@10 : 0.1169    map@10 : 0.0259    precision@10 : 0.0128    gauc : 0.9011    itemcoverage@10 : 0.2389    averagepopularity@10 : 174.0965    giniindex@10 : 0.9637    shannonentropy@10 : 0.0024    tailpercentage@10 : 0.0001
Thu 10 Apr 2025 12:16:40 INFO  Saving current: ./saved/amazon/CKE-Apr-10-2025_11-57-41.pth
Thu 10 Apr 2025 12:16:40 INFO  Loading model structure and parameters from ./saved/amazon/CKE-Apr-10-2025_11-57-41.pth
