Thu 17 Apr 2025 05:35:48 INFO  
General Hyper Parameters:
gpu_id = 0
use_gpu = True
seed = 2020
state = INFO
reproducibility = True
data_path = dataset/movielens
checkpoint_dir = ./saved/movielens/
show_progress = True
save_dataset = True
dataset_save_path = None
save_dataloaders = False
dataloaders_save_path = None
log_wandb = False

Training Hyper Parameters:
epochs = 50
train_batch_size = 2048
learner = adam
learning_rate = 0.001
train_neg_sample_args = {'distribution': 'uniform', 'sample_num': 1, 'alpha': 1.0, 'dynamic': False, 'candidate_num': 0}
eval_step = 1
stopping_step = 50
clip_grad_norm = None
weight_decay = 0.0
loss_decimal_place = 4

Evaluation Hyper Parameters:
eval_args = {'split': {'RS': [0.8, 0.1, 0.1]}, 'group_by': 'user', 'order': 'RO', 'mode': 'full'}
repeatable = False
metrics = ['MRR']
topk = [10]
valid_metric = MRR@10
valid_metric_bigger = True
eval_batch_size = 4096
metric_decimal_place = 4

Dataset Hyper Parameters:
field_separator = 	
seq_separator =  
USER_ID_FIELD = user_id
ITEM_ID_FIELD = item_id
RATING_FIELD = rating
TIME_FIELD = timestamp
seq_len = None
LABEL_FIELD = label
threshold = None
NEG_PREFIX = neg_
load_col = {'inter': ['user_id', 'item_id', 'rating', 'timestamp'], 'kg': ['head_id', 'relation_id', 'tail_id'], 'link': ['item_id', 'entity_id']}
unload_col = None
unused_col = None
additional_feat_suffix = None
rm_dup_inter = None
val_interval = None
filter_inter_by_user_or_item = True
user_inter_num_interval = [0,inf)
item_inter_num_interval = [0,inf)
alias_of_user_id = None
alias_of_item_id = None
alias_of_entity_id = None
alias_of_relation_id = None
preload_weight = None
normalize_field = None
normalize_all = None
ITEM_LIST_LENGTH_FIELD = item_length
LIST_SUFFIX = _list
MAX_ITEM_LIST_LENGTH = 50
POSITION_FIELD = position_id
HEAD_ENTITY_ID_FIELD = head_id
TAIL_ENTITY_ID_FIELD = tail_id
RELATION_ID_FIELD = relation_id
ENTITY_ID_FIELD = entity_id
benchmark_filename = None

Other Hyper Parameters: 
worker = 0
wandb_project = recbole
shuffle = True
require_pow = False
enable_amp = False
enable_scaler = False
transform = None
embedding_size = 64
kg_embedding_size = 64
reg_weights = [0.01, 0.01]
numerical_features = []
discretization = None
kg_reverse_r = False
entity_kg_num_interval = [0,inf)
relation_kg_num_interval = [0,inf)
MODEL_TYPE = ModelType.KNOWLEDGE
MODEL_INPUT_TYPE = InputType.PAIRWISE
eval_type = EvaluatorType.RANKING
single_spec = True
local_rank = 0
device = cuda
eval_neg_sample_args = {'distribution': 'uniform', 'sample_num': 'none'}


Thu 17 Apr 2025 05:35:50 INFO  Saving filtered dataset into [./saved/movielens/movielens-dataset.pth]
Thu 17 Apr 2025 05:35:50 INFO  movielens
The number of users: 6037
Average actions of users: 114.7589463220676
The number of items: 2824
Average actions of items: 245.37194473963868
The number of inters: 692685
The sparsity of the dataset: 95.93697106746357%
Remain Fields: ['entity_id', 'user_id', 'item_id', 'head_id', 'tail_id', 'relation_id']
The number of entities: 20454
The number of relations: 13
The number of triples: 70668
The number of items that have been linked to KG: 2823
Thu 17 Apr 2025 05:35:51 INFO  [Training]: train_batch_size = [2048] train_neg_sample_args: [{'distribution': 'uniform', 'sample_num': 1, 'alpha': 1.0, 'dynamic': False, 'candidate_num': 0}]
Thu 17 Apr 2025 05:35:51 INFO  [Evaluation]: eval_batch_size = [4096] eval_args: [{'split': {'RS': [0.8, 0.1, 0.1]}, 'group_by': 'user', 'order': 'RO', 'mode': 'full'}]
Thu 17 Apr 2025 05:35:51 INFO  CKE(
  (user_embedding): Embedding(6037, 64)
  (item_embedding): Embedding(2824, 64)
  (entity_embedding): Embedding(20454, 64)
  (relation_embedding): Embedding(13, 64)
  (trans_w): Embedding(13, 4096)
  (rec_loss): BPRLoss()
  (kg_loss): BPRLoss()
  (reg_loss): EmbLoss()
)
Trainable parameters: 1930240
Thu 17 Apr 2025 05:36:13 INFO  epoch 0 training [time: 16.45s, train_loss1: 184.1774, train_loss2: 52.2957, train_loss3: 0.2995]
Thu 17 Apr 2025 05:36:19 INFO  epoch 0 evaluating [time: 5.92s, valid_score: 0.133100]
Thu 17 Apr 2025 05:36:19 INFO  valid result: 
mrr@10 : 0.1331
Thu 17 Apr 2025 05:36:19 INFO  Saving current: ./saved/movielens/CKE-Apr-17-2025_05-35-51.pth
Thu 17 Apr 2025 05:36:35 INFO  epoch 1 training [time: 16.57s, train_loss1: 119.6657, train_loss2: 26.7173, train_loss3: 0.4394]
Thu 17 Apr 2025 05:36:41 INFO  epoch 1 evaluating [time: 5.63s, valid_score: 0.137800]
Thu 17 Apr 2025 05:36:41 INFO  valid result: 
mrr@10 : 0.1378
Thu 17 Apr 2025 05:36:41 INFO  Saving current: ./saved/movielens/CKE-Apr-17-2025_05-35-51.pth
Thu 17 Apr 2025 05:36:57 INFO  epoch 2 training [time: 16.37s, train_loss1: 101.7522, train_loss2: 23.5136, train_loss3: 0.4954]
Thu 17 Apr 2025 05:37:03 INFO  epoch 2 evaluating [time: 5.66s, valid_score: 0.150400]
Thu 17 Apr 2025 05:37:03 INFO  valid result: 
mrr@10 : 0.1504
Thu 17 Apr 2025 05:37:03 INFO  Saving current: ./saved/movielens/CKE-Apr-17-2025_05-35-51.pth
Thu 17 Apr 2025 05:37:20 INFO  epoch 3 training [time: 16.57s, train_loss1: 93.3660, train_loss2: 21.6813, train_loss3: 0.5224]
Thu 17 Apr 2025 05:37:25 INFO  epoch 3 evaluating [time: 5.64s, valid_score: 0.163700]
Thu 17 Apr 2025 05:37:25 INFO  valid result: 
mrr@10 : 0.1637
Thu 17 Apr 2025 05:37:25 INFO  Saving current: ./saved/movielens/CKE-Apr-17-2025_05-35-51.pth
Thu 17 Apr 2025 05:37:42 INFO  epoch 4 training [time: 16.49s, train_loss1: 87.5273, train_loss2: 20.6723, train_loss3: 0.5449]
Thu 17 Apr 2025 05:37:47 INFO  epoch 4 evaluating [time: 5.68s, valid_score: 0.172200]
Thu 17 Apr 2025 05:37:47 INFO  valid result: 
mrr@10 : 0.1722
Thu 17 Apr 2025 05:37:47 INFO  Saving current: ./saved/movielens/CKE-Apr-17-2025_05-35-51.pth
Thu 17 Apr 2025 05:38:04 INFO  epoch 5 training [time: 16.82s, train_loss1: 82.5401, train_loss2: 20.0323, train_loss3: 0.5646]
Thu 17 Apr 2025 05:38:10 INFO  epoch 5 evaluating [time: 5.53s, valid_score: 0.185200]
Thu 17 Apr 2025 05:38:10 INFO  valid result: 
mrr@10 : 0.1852
Thu 17 Apr 2025 05:38:10 INFO  Saving current: ./saved/movielens/CKE-Apr-17-2025_05-35-51.pth
Thu 17 Apr 2025 05:38:26 INFO  epoch 6 training [time: 16.57s, train_loss1: 78.6529, train_loss2: 19.4376, train_loss3: 0.5823]
Thu 17 Apr 2025 05:38:32 INFO  epoch 6 evaluating [time: 5.72s, valid_score: 0.193900]
Thu 17 Apr 2025 05:38:32 INFO  valid result: 
mrr@10 : 0.1939
Thu 17 Apr 2025 05:38:32 INFO  Saving current: ./saved/movielens/CKE-Apr-17-2025_05-35-51.pth
Thu 17 Apr 2025 05:38:49 INFO  epoch 7 training [time: 16.51s, train_loss1: 75.5578, train_loss2: 19.0430, train_loss3: 0.5977]
Thu 17 Apr 2025 05:38:54 INFO  epoch 7 evaluating [time: 5.68s, valid_score: 0.197200]
Thu 17 Apr 2025 05:38:54 INFO  valid result: 
mrr@10 : 0.1972
Thu 17 Apr 2025 05:38:54 INFO  Saving current: ./saved/movielens/CKE-Apr-17-2025_05-35-51.pth
Thu 17 Apr 2025 05:39:11 INFO  epoch 8 training [time: 16.60s, train_loss1: 73.0004, train_loss2: 18.7294, train_loss3: 0.6120]
Thu 17 Apr 2025 05:39:17 INFO  epoch 8 evaluating [time: 5.77s, valid_score: 0.201900]
Thu 17 Apr 2025 05:39:17 INFO  valid result: 
mrr@10 : 0.2019
Thu 17 Apr 2025 05:39:17 INFO  Saving current: ./saved/movielens/CKE-Apr-17-2025_05-35-51.pth
Thu 17 Apr 2025 05:39:33 INFO  epoch 9 training [time: 16.37s, train_loss1: 71.0230, train_loss2: 18.5181, train_loss3: 0.6245]
Thu 17 Apr 2025 05:39:39 INFO  epoch 9 evaluating [time: 5.90s, valid_score: 0.204300]
Thu 17 Apr 2025 05:39:39 INFO  valid result: 
mrr@10 : 0.2043
Thu 17 Apr 2025 05:39:39 INFO  Saving current: ./saved/movielens/CKE-Apr-17-2025_05-35-51.pth
Thu 17 Apr 2025 05:39:55 INFO  epoch 10 training [time: 16.42s, train_loss1: 69.1012, train_loss2: 18.3741, train_loss3: 0.6361]
Thu 17 Apr 2025 05:40:01 INFO  epoch 10 evaluating [time: 5.85s, valid_score: 0.208600]
Thu 17 Apr 2025 05:40:01 INFO  valid result: 
mrr@10 : 0.2086
Thu 17 Apr 2025 05:40:01 INFO  Saving current: ./saved/movielens/CKE-Apr-17-2025_05-35-51.pth
Thu 17 Apr 2025 05:40:18 INFO  epoch 11 training [time: 16.64s, train_loss1: 67.5863, train_loss2: 18.2371, train_loss3: 0.6471]
Thu 17 Apr 2025 05:40:24 INFO  epoch 11 evaluating [time: 5.54s, valid_score: 0.213200]
Thu 17 Apr 2025 05:40:24 INFO  valid result: 
mrr@10 : 0.2132
Thu 17 Apr 2025 05:40:24 INFO  Saving current: ./saved/movielens/CKE-Apr-17-2025_05-35-51.pth
Thu 17 Apr 2025 05:40:40 INFO  epoch 12 training [time: 16.67s, train_loss1: 66.1003, train_loss2: 18.0455, train_loss3: 0.6573]
Thu 17 Apr 2025 05:40:47 INFO  epoch 12 evaluating [time: 7.25s, valid_score: 0.215800]
Thu 17 Apr 2025 05:40:47 INFO  valid result: 
mrr@10 : 0.2158
Thu 17 Apr 2025 05:40:48 INFO  Saving current: ./saved/movielens/CKE-Apr-17-2025_05-35-51.pth
Thu 17 Apr 2025 05:41:04 INFO  epoch 13 training [time: 16.62s, train_loss1: 64.6801, train_loss2: 17.9570, train_loss3: 0.6672]
Thu 17 Apr 2025 05:41:11 INFO  epoch 13 evaluating [time: 6.72s, valid_score: 0.215500]
Thu 17 Apr 2025 05:41:11 INFO  valid result: 
mrr@10 : 0.2155
Thu 17 Apr 2025 05:41:28 INFO  epoch 14 training [time: 16.71s, train_loss1: 63.1711, train_loss2: 17.8328, train_loss3: 0.6769]
Thu 17 Apr 2025 05:41:34 INFO  epoch 14 evaluating [time: 6.05s, valid_score: 0.216900]
Thu 17 Apr 2025 05:41:34 INFO  valid result: 
mrr@10 : 0.2169
Thu 17 Apr 2025 05:41:34 INFO  Saving current: ./saved/movielens/CKE-Apr-17-2025_05-35-51.pth
Thu 17 Apr 2025 05:41:50 INFO  epoch 15 training [time: 16.51s, train_loss1: 61.8922, train_loss2: 17.7581, train_loss3: 0.6862]
Thu 17 Apr 2025 05:41:56 INFO  epoch 15 evaluating [time: 5.73s, valid_score: 0.217200]
Thu 17 Apr 2025 05:41:56 INFO  valid result: 
mrr@10 : 0.2172
Thu 17 Apr 2025 05:41:56 INFO  Saving current: ./saved/movielens/CKE-Apr-17-2025_05-35-51.pth
Thu 17 Apr 2025 05:42:12 INFO  epoch 16 training [time: 16.41s, train_loss1: 60.7259, train_loss2: 17.6333, train_loss3: 0.6954]
Thu 17 Apr 2025 05:42:18 INFO  epoch 16 evaluating [time: 5.63s, valid_score: 0.221500]
Thu 17 Apr 2025 05:42:18 INFO  valid result: 
mrr@10 : 0.2215
Thu 17 Apr 2025 05:42:18 INFO  Saving current: ./saved/movielens/CKE-Apr-17-2025_05-35-51.pth
Thu 17 Apr 2025 05:42:34 INFO  epoch 17 training [time: 16.50s, train_loss1: 59.6950, train_loss2: 17.6375, train_loss3: 0.7046]
Thu 17 Apr 2025 05:42:40 INFO  epoch 17 evaluating [time: 5.64s, valid_score: 0.224200]
Thu 17 Apr 2025 05:42:40 INFO  valid result: 
mrr@10 : 0.2242
Thu 17 Apr 2025 05:42:40 INFO  Saving current: ./saved/movielens/CKE-Apr-17-2025_05-35-51.pth
Thu 17 Apr 2025 05:42:57 INFO  epoch 18 training [time: 16.50s, train_loss1: 58.2761, train_loss2: 17.5866, train_loss3: 0.7133]
Thu 17 Apr 2025 05:43:02 INFO  epoch 18 evaluating [time: 5.69s, valid_score: 0.221800]
Thu 17 Apr 2025 05:43:02 INFO  valid result: 
mrr@10 : 0.2218
Thu 17 Apr 2025 05:43:19 INFO  epoch 19 training [time: 16.36s, train_loss1: 57.0577, train_loss2: 17.5606, train_loss3: 0.7224]
Thu 17 Apr 2025 05:43:25 INFO  epoch 19 evaluating [time: 5.90s, valid_score: 0.227300]
Thu 17 Apr 2025 05:43:25 INFO  valid result: 
mrr@10 : 0.2273
Thu 17 Apr 2025 05:43:25 INFO  Saving current: ./saved/movielens/CKE-Apr-17-2025_05-35-51.pth
Thu 17 Apr 2025 05:43:41 INFO  epoch 20 training [time: 16.53s, train_loss1: 56.2938, train_loss2: 17.4744, train_loss3: 0.7312]
Thu 17 Apr 2025 05:43:47 INFO  epoch 20 evaluating [time: 5.79s, valid_score: 0.227700]
Thu 17 Apr 2025 05:43:47 INFO  valid result: 
mrr@10 : 0.2277
Thu 17 Apr 2025 05:43:47 INFO  Saving current: ./saved/movielens/CKE-Apr-17-2025_05-35-51.pth
Thu 17 Apr 2025 05:44:03 INFO  epoch 21 training [time: 16.34s, train_loss1: 54.9574, train_loss2: 17.5215, train_loss3: 0.7401]
Thu 17 Apr 2025 05:44:09 INFO  epoch 21 evaluating [time: 5.64s, valid_score: 0.228300]
Thu 17 Apr 2025 05:44:09 INFO  valid result: 
mrr@10 : 0.2283
Thu 17 Apr 2025 05:44:09 INFO  Saving current: ./saved/movielens/CKE-Apr-17-2025_05-35-51.pth
Thu 17 Apr 2025 05:44:26 INFO  epoch 22 training [time: 16.59s, train_loss1: 54.0093, train_loss2: 17.3624, train_loss3: 0.7487]
Thu 17 Apr 2025 05:44:31 INFO  epoch 22 evaluating [time: 5.90s, valid_score: 0.229700]
Thu 17 Apr 2025 05:44:31 INFO  valid result: 
mrr@10 : 0.2297
Thu 17 Apr 2025 05:44:32 INFO  Saving current: ./saved/movielens/CKE-Apr-17-2025_05-35-51.pth
Thu 17 Apr 2025 05:44:48 INFO  epoch 23 training [time: 16.19s, train_loss1: 52.8685, train_loss2: 17.2783, train_loss3: 0.7574]
Thu 17 Apr 2025 05:44:53 INFO  epoch 23 evaluating [time: 5.62s, valid_score: 0.228500]
Thu 17 Apr 2025 05:44:53 INFO  valid result: 
mrr@10 : 0.2285
Thu 17 Apr 2025 05:45:10 INFO  epoch 24 training [time: 16.53s, train_loss1: 51.9351, train_loss2: 17.3460, train_loss3: 0.7659]
Thu 17 Apr 2025 05:45:15 INFO  epoch 24 evaluating [time: 5.64s, valid_score: 0.232200]
Thu 17 Apr 2025 05:45:15 INFO  valid result: 
mrr@10 : 0.2322
Thu 17 Apr 2025 05:45:16 INFO  Saving current: ./saved/movielens/CKE-Apr-17-2025_05-35-51.pth
Thu 17 Apr 2025 05:45:32 INFO  epoch 25 training [time: 16.50s, train_loss1: 50.9278, train_loss2: 17.2596, train_loss3: 0.7745]
Thu 17 Apr 2025 05:45:38 INFO  epoch 25 evaluating [time: 5.66s, valid_score: 0.229900]
Thu 17 Apr 2025 05:45:38 INFO  valid result: 
mrr@10 : 0.2299
Thu 17 Apr 2025 05:45:54 INFO  epoch 26 training [time: 16.42s, train_loss1: 50.1102, train_loss2: 17.2216, train_loss3: 0.7827]
Thu 17 Apr 2025 05:46:00 INFO  epoch 26 evaluating [time: 5.78s, valid_score: 0.232700]
Thu 17 Apr 2025 05:46:00 INFO  valid result: 
mrr@10 : 0.2327
Thu 17 Apr 2025 05:46:00 INFO  Saving current: ./saved/movielens/CKE-Apr-17-2025_05-35-51.pth
Thu 17 Apr 2025 05:46:17 INFO  epoch 27 training [time: 16.64s, train_loss1: 49.2319, train_loss2: 17.2063, train_loss3: 0.7910]
Thu 17 Apr 2025 05:46:22 INFO  epoch 27 evaluating [time: 5.65s, valid_score: 0.231300]
Thu 17 Apr 2025 05:46:22 INFO  valid result: 
mrr@10 : 0.2313
Thu 17 Apr 2025 05:46:39 INFO  epoch 28 training [time: 16.55s, train_loss1: 48.3570, train_loss2: 17.2344, train_loss3: 0.7991]
Thu 17 Apr 2025 05:46:45 INFO  epoch 28 evaluating [time: 5.85s, valid_score: 0.233300]
Thu 17 Apr 2025 05:46:45 INFO  valid result: 
mrr@10 : 0.2333
Thu 17 Apr 2025 05:46:45 INFO  Saving current: ./saved/movielens/CKE-Apr-17-2025_05-35-51.pth
Thu 17 Apr 2025 05:47:01 INFO  epoch 29 training [time: 16.61s, train_loss1: 47.7346, train_loss2: 17.2236, train_loss3: 0.8071]
Thu 17 Apr 2025 05:47:07 INFO  epoch 29 evaluating [time: 5.62s, valid_score: 0.232200]
Thu 17 Apr 2025 05:47:07 INFO  valid result: 
mrr@10 : 0.2322
Thu 17 Apr 2025 05:47:23 INFO  epoch 30 training [time: 16.32s, train_loss1: 46.5872, train_loss2: 17.1032, train_loss3: 0.8151]
Thu 17 Apr 2025 05:47:29 INFO  epoch 30 evaluating [time: 5.60s, valid_score: 0.232700]
Thu 17 Apr 2025 05:47:29 INFO  valid result: 
mrr@10 : 0.2327
Thu 17 Apr 2025 05:47:45 INFO  epoch 31 training [time: 16.43s, train_loss1: 45.9374, train_loss2: 17.1595, train_loss3: 0.8229]
Thu 17 Apr 2025 05:47:52 INFO  epoch 31 evaluating [time: 7.09s, valid_score: 0.231300]
Thu 17 Apr 2025 05:47:52 INFO  valid result: 
mrr@10 : 0.2313
Thu 17 Apr 2025 05:48:09 INFO  epoch 32 training [time: 16.41s, train_loss1: 45.1038, train_loss2: 17.1588, train_loss3: 0.8307]
Thu 17 Apr 2025 05:48:14 INFO  epoch 32 evaluating [time: 5.70s, valid_score: 0.232000]
Thu 17 Apr 2025 05:48:14 INFO  valid result: 
mrr@10 : 0.232
Thu 17 Apr 2025 05:48:31 INFO  epoch 33 training [time: 16.64s, train_loss1: 44.5282, train_loss2: 17.0954, train_loss3: 0.8381]
Thu 17 Apr 2025 05:48:37 INFO  epoch 33 evaluating [time: 5.81s, valid_score: 0.230800]
Thu 17 Apr 2025 05:48:37 INFO  valid result: 
mrr@10 : 0.2308
Thu 17 Apr 2025 05:48:53 INFO  epoch 34 training [time: 16.31s, train_loss1: 43.7049, train_loss2: 17.1363, train_loss3: 0.8457]
Thu 17 Apr 2025 05:48:59 INFO  epoch 34 evaluating [time: 5.61s, valid_score: 0.233700]
Thu 17 Apr 2025 05:48:59 INFO  valid result: 
mrr@10 : 0.2337
Thu 17 Apr 2025 05:48:59 INFO  Saving current: ./saved/movielens/CKE-Apr-17-2025_05-35-51.pth
Thu 17 Apr 2025 05:49:15 INFO  epoch 35 training [time: 16.49s, train_loss1: 43.1124, train_loss2: 17.0634, train_loss3: 0.8530]
Thu 17 Apr 2025 05:49:21 INFO  epoch 35 evaluating [time: 5.68s, valid_score: 0.230600]
Thu 17 Apr 2025 05:49:21 INFO  valid result: 
mrr@10 : 0.2306
Thu 17 Apr 2025 05:49:38 INFO  epoch 36 training [time: 16.55s, train_loss1: 42.5424, train_loss2: 17.0097, train_loss3: 0.8600]
Thu 17 Apr 2025 05:49:43 INFO  epoch 36 evaluating [time: 5.82s, valid_score: 0.228100]
Thu 17 Apr 2025 05:49:43 INFO  valid result: 
mrr@10 : 0.2281
Thu 17 Apr 2025 05:50:00 INFO  epoch 37 training [time: 16.38s, train_loss1: 41.7985, train_loss2: 17.0631, train_loss3: 0.8671]
Thu 17 Apr 2025 05:50:05 INFO  epoch 37 evaluating [time: 5.71s, valid_score: 0.230100]
Thu 17 Apr 2025 05:50:05 INFO  valid result: 
mrr@10 : 0.2301
Thu 17 Apr 2025 05:50:22 INFO  epoch 38 training [time: 16.08s, train_loss1: 41.3267, train_loss2: 17.0461, train_loss3: 0.8738]
Thu 17 Apr 2025 05:50:27 INFO  epoch 38 evaluating [time: 5.97s, valid_score: 0.229800]
Thu 17 Apr 2025 05:50:27 INFO  valid result: 
mrr@10 : 0.2298
Thu 17 Apr 2025 05:50:44 INFO  epoch 39 training [time: 16.56s, train_loss1: 40.7747, train_loss2: 17.0244, train_loss3: 0.8805]
Thu 17 Apr 2025 05:50:50 INFO  epoch 39 evaluating [time: 5.75s, valid_score: 0.228200]
Thu 17 Apr 2025 05:50:50 INFO  valid result: 
mrr@10 : 0.2282
Thu 17 Apr 2025 05:51:06 INFO  epoch 40 training [time: 16.11s, train_loss1: 40.2606, train_loss2: 16.9793, train_loss3: 0.8871]
Thu 17 Apr 2025 05:51:12 INFO  epoch 40 evaluating [time: 5.65s, valid_score: 0.228000]
Thu 17 Apr 2025 05:51:12 INFO  valid result: 
mrr@10 : 0.228
Thu 17 Apr 2025 05:51:28 INFO  epoch 41 training [time: 15.98s, train_loss1: 39.6963, train_loss2: 16.9514, train_loss3: 0.8934]
Thu 17 Apr 2025 05:51:33 INFO  epoch 41 evaluating [time: 5.40s, valid_score: 0.226300]
Thu 17 Apr 2025 05:51:33 INFO  valid result: 
mrr@10 : 0.2263
Thu 17 Apr 2025 05:51:49 INFO  epoch 42 training [time: 16.53s, train_loss1: 39.2763, train_loss2: 17.0012, train_loss3: 0.8997]
Thu 17 Apr 2025 05:51:55 INFO  epoch 42 evaluating [time: 5.64s, valid_score: 0.226100]
Thu 17 Apr 2025 05:51:55 INFO  valid result: 
mrr@10 : 0.2261
Thu 17 Apr 2025 05:52:11 INFO  epoch 43 training [time: 16.38s, train_loss1: 39.0039, train_loss2: 16.9593, train_loss3: 0.9058]
Thu 17 Apr 2025 05:52:17 INFO  epoch 43 evaluating [time: 5.67s, valid_score: 0.225200]
Thu 17 Apr 2025 05:52:17 INFO  valid result: 
mrr@10 : 0.2252
Thu 17 Apr 2025 05:52:33 INFO  epoch 44 training [time: 16.10s, train_loss1: 38.3741, train_loss2: 16.9925, train_loss3: 0.9117]
Thu 17 Apr 2025 05:52:39 INFO  epoch 44 evaluating [time: 5.72s, valid_score: 0.225400]
Thu 17 Apr 2025 05:52:39 INFO  valid result: 
mrr@10 : 0.2254
Thu 17 Apr 2025 05:52:55 INFO  epoch 45 training [time: 16.32s, train_loss1: 38.1326, train_loss2: 16.9487, train_loss3: 0.9175]
Thu 17 Apr 2025 05:53:01 INFO  epoch 45 evaluating [time: 5.93s, valid_score: 0.224700]
Thu 17 Apr 2025 05:53:01 INFO  valid result: 
mrr@10 : 0.2247
Thu 17 Apr 2025 05:53:17 INFO  epoch 46 training [time: 16.15s, train_loss1: 37.6557, train_loss2: 16.9239, train_loss3: 0.9231]
Thu 17 Apr 2025 05:53:23 INFO  epoch 46 evaluating [time: 5.71s, valid_score: 0.222600]
Thu 17 Apr 2025 05:53:23 INFO  valid result: 
mrr@10 : 0.2226
Thu 17 Apr 2025 05:53:39 INFO  epoch 47 training [time: 16.39s, train_loss1: 37.0770, train_loss2: 16.8662, train_loss3: 0.9287]
Thu 17 Apr 2025 05:53:45 INFO  epoch 47 evaluating [time: 5.68s, valid_score: 0.219900]
Thu 17 Apr 2025 05:53:45 INFO  valid result: 
mrr@10 : 0.2199
Thu 17 Apr 2025 05:54:02 INFO  epoch 48 training [time: 16.49s, train_loss1: 37.1951, train_loss2: 16.9308, train_loss3: 0.9339]
Thu 17 Apr 2025 05:54:07 INFO  epoch 48 evaluating [time: 5.44s, valid_score: 0.220000]
Thu 17 Apr 2025 05:54:07 INFO  valid result: 
mrr@10 : 0.22
Thu 17 Apr 2025 05:54:23 INFO  epoch 49 training [time: 16.07s, train_loss1: 36.6345, train_loss2: 16.9337, train_loss3: 0.9392]
Thu 17 Apr 2025 05:54:29 INFO  epoch 49 evaluating [time: 5.96s, valid_score: 0.222100]
Thu 17 Apr 2025 05:54:29 INFO  valid result: 
mrr@10 : 0.2221
Thu 17 Apr 2025 05:54:29 INFO  Loading model structure and parameters from ./saved/movielens/CKE-Apr-17-2025_05-35-51.pth
