Sat 19 Apr 2025 20:21:07 INFO  
General Hyper Parameters:
gpu_id = 0
use_gpu = True
seed = 2020
state = INFO
reproducibility = True
data_path = dataset/amazon
checkpoint_dir = ./saved/amazon/
show_progress = True
save_dataset = True
dataset_save_path = None
save_dataloaders = True
dataloaders_save_path = None
log_wandb = False

Training Hyper Parameters:
epochs = 20
train_batch_size = 2048
learner = adam
learning_rate = 0.001
train_neg_sample_args = {'distribution': 'uniform', 'sample_num': 1, 'alpha': 1.0, 'dynamic': False, 'candidate_num': 0}
eval_step = 1
stopping_step = 50
clip_grad_norm = None
weight_decay = 0.0
loss_decimal_place = 4

Evaluation Hyper Parameters:
eval_args = {'split': {'RS': [0.8, 0.1, 0.1]}, 'group_by': 'user', 'order': 'RO', 'mode': 'full'}
repeatable = False
metrics = ['MRR']
topk = [10]
valid_metric = MRR@10
valid_metric_bigger = True
eval_batch_size = 4096
metric_decimal_place = 4

Dataset Hyper Parameters:
field_separator = 	
seq_separator =  
USER_ID_FIELD = user_id
ITEM_ID_FIELD = item_id
RATING_FIELD = rating
TIME_FIELD = timestamp
seq_len = None
LABEL_FIELD = label
threshold = None
NEG_PREFIX = neg_
load_col = {'inter': ['user_id', 'item_id']}
unload_col = None
unused_col = None
additional_feat_suffix = None
rm_dup_inter = None
val_interval = None
filter_inter_by_user_or_item = True
user_inter_num_interval = [0,inf)
item_inter_num_interval = [0,inf)
alias_of_user_id = None
alias_of_item_id = None
alias_of_entity_id = None
alias_of_relation_id = None
preload_weight = None
normalize_field = None
normalize_all = None
ITEM_LIST_LENGTH_FIELD = item_length
LIST_SUFFIX = _list
MAX_ITEM_LIST_LENGTH = 50
POSITION_FIELD = position_id
HEAD_ENTITY_ID_FIELD = head_id
TAIL_ENTITY_ID_FIELD = tail_id
RELATION_ID_FIELD = relation_id
ENTITY_ID_FIELD = entity_id
benchmark_filename = None

Other Hyper Parameters: 
worker = 0
wandb_project = recbole
shuffle = True
require_pow = False
enable_amp = False
enable_scaler = False
transform = None
mlp_hidden_size = [600]
latent_dimension = 64
dropout_prob = 0.5
numerical_features = []
discretization = None
kg_reverse_r = False
entity_kg_num_interval = [0,inf)
relation_kg_num_interval = [0,inf)
MODEL_TYPE = ModelType.GENERAL
MODEL_INPUT_TYPE = InputType.PAIRWISE
eval_type = EvaluatorType.RANKING
single_spec = True
local_rank = 0
device = cuda
eval_neg_sample_args = {'distribution': 'uniform', 'sample_num': 'none'}


Sat 19 Apr 2025 20:21:07 INFO  Load filtered dataset from: [./saved/amazon/amazon-Dataset.pth]
Sat 19 Apr 2025 20:21:07 INFO  amazon
The number of users: 22156
Average actions of users: 66.16434213495825
The number of items: 54459
Average actions of items: 26.917459326453415
The number of inters: 1465871
The sparsity of the dataset: 99.87851162187994%
Remain Fields: ['user_id', 'item_id']
Sat 19 Apr 2025 20:21:16 INFO  Load split dataloaders from: [./saved/amazon/amazon-for-MultiDAE-dataloader.pth]
Sat 19 Apr 2025 20:21:16 INFO  [Training]: train_batch_size = [2048] train_neg_sample_args: [{'distribution': 'uniform', 'sample_num': 1, 'alpha': 1.0, 'dynamic': False, 'candidate_num': 0}]
Sat 19 Apr 2025 20:21:16 INFO  [Evaluation]: eval_batch_size = [4096] eval_args: [{'split': {'RS': [0.8, 0.1, 0.1]}, 'group_by': 'user', 'order': 'RO', 'mode': 'full'}]
Sat 19 Apr 2025 20:21:20 INFO  MultiDAE(
  (encoder): MLPLayers(
    (mlp_layers): Sequential(
      (0): Dropout(p=0.0, inplace=False)
      (1): Linear(in_features=54459, out_features=600, bias=True)
      (2): Tanh()
      (3): Dropout(p=0.0, inplace=False)
      (4): Linear(in_features=600, out_features=64, bias=True)
      (5): Tanh()
    )
  )
  (decoder): Sequential(
    (0): Linear(in_features=64, out_features=600, bias=True)
    (1): Tanh()
    (2): Linear(in_features=600, out_features=54459, bias=True)
  )
)
Trainable parameters: 65483323
Sat 19 Apr 2025 20:22:05 INFO  epoch 0 training [time: 40.48s, train loss: 6362.4186]
Sat 19 Apr 2025 20:23:13 INFO  epoch 0 evaluating [time: 67.82s, valid_score: 0.006900]
Sat 19 Apr 2025 20:23:13 INFO  valid result: 
mrr@10 : 0.0069
Sat 19 Apr 2025 20:23:14 INFO  Saving current: ./saved/amazon/MultiDAE-Apr-19-2025_20-21-20.pth
Sat 19 Apr 2025 20:23:57 INFO  epoch 1 training [time: 43.09s, train loss: 6036.5455]
Sat 19 Apr 2025 20:25:05 INFO  epoch 1 evaluating [time: 68.31s, valid_score: 0.022100]
Sat 19 Apr 2025 20:25:05 INFO  valid result: 
mrr@10 : 0.0221
Sat 19 Apr 2025 20:25:07 INFO  Saving current: ./saved/amazon/MultiDAE-Apr-19-2025_20-21-20.pth
Sat 19 Apr 2025 20:25:50 INFO  epoch 2 training [time: 43.37s, train loss: 5759.4351]
Sat 19 Apr 2025 20:26:58 INFO  epoch 2 evaluating [time: 68.42s, valid_score: 0.026900]
Sat 19 Apr 2025 20:26:58 INFO  valid result: 
mrr@10 : 0.0269
Sat 19 Apr 2025 20:27:00 INFO  Saving current: ./saved/amazon/MultiDAE-Apr-19-2025_20-21-20.pth
Sat 19 Apr 2025 20:27:43 INFO  epoch 3 training [time: 42.92s, train loss: 5583.2058]
Sat 19 Apr 2025 20:28:51 INFO  epoch 3 evaluating [time: 68.06s, valid_score: 0.029400]
Sat 19 Apr 2025 20:28:51 INFO  valid result: 
mrr@10 : 0.0294
Sat 19 Apr 2025 20:28:52 INFO  Saving current: ./saved/amazon/MultiDAE-Apr-19-2025_20-21-20.pth
Sat 19 Apr 2025 20:29:35 INFO  epoch 4 training [time: 43.15s, train loss: 5461.5116]
Sat 19 Apr 2025 20:30:42 INFO  epoch 4 evaluating [time: 67.45s, valid_score: 0.037100]
Sat 19 Apr 2025 20:30:42 INFO  valid result: 
mrr@10 : 0.0371
Sat 19 Apr 2025 20:30:44 INFO  Saving current: ./saved/amazon/MultiDAE-Apr-19-2025_20-21-20.pth
Sat 19 Apr 2025 20:31:27 INFO  epoch 5 training [time: 42.98s, train loss: 5363.8466]
Sat 19 Apr 2025 20:32:35 INFO  epoch 5 evaluating [time: 68.19s, valid_score: 0.040500]
Sat 19 Apr 2025 20:32:35 INFO  valid result: 
mrr@10 : 0.0405
Sat 19 Apr 2025 20:32:36 INFO  Saving current: ./saved/amazon/MultiDAE-Apr-19-2025_20-21-20.pth
Sat 19 Apr 2025 20:33:19 INFO  epoch 6 training [time: 42.91s, train loss: 5269.3046]
Sat 19 Apr 2025 20:34:27 INFO  epoch 6 evaluating [time: 68.07s, valid_score: 0.046100]
Sat 19 Apr 2025 20:34:27 INFO  valid result: 
mrr@10 : 0.0461
Sat 19 Apr 2025 20:34:28 INFO  Saving current: ./saved/amazon/MultiDAE-Apr-19-2025_20-21-20.pth
Sat 19 Apr 2025 20:35:11 INFO  epoch 7 training [time: 42.78s, train loss: 5193.1022]
Sat 19 Apr 2025 20:36:19 INFO  epoch 7 evaluating [time: 68.44s, valid_score: 0.051100]
Sat 19 Apr 2025 20:36:19 INFO  valid result: 
mrr@10 : 0.0511
Sat 19 Apr 2025 20:36:21 INFO  Saving current: ./saved/amazon/MultiDAE-Apr-19-2025_20-21-20.pth
Sat 19 Apr 2025 20:37:04 INFO  epoch 8 training [time: 43.03s, train loss: 5124.3146]
Sat 19 Apr 2025 20:38:12 INFO  epoch 8 evaluating [time: 68.25s, valid_score: 0.056200]
Sat 19 Apr 2025 20:38:12 INFO  valid result: 
mrr@10 : 0.0562
Sat 19 Apr 2025 20:38:13 INFO  Saving current: ./saved/amazon/MultiDAE-Apr-19-2025_20-21-20.pth
Sat 19 Apr 2025 20:38:56 INFO  epoch 9 training [time: 43.04s, train loss: 5065.0421]
Sat 19 Apr 2025 20:40:04 INFO  epoch 9 evaluating [time: 67.68s, valid_score: 0.060300]
Sat 19 Apr 2025 20:40:04 INFO  valid result: 
mrr@10 : 0.0603
Sat 19 Apr 2025 20:40:05 INFO  Saving current: ./saved/amazon/MultiDAE-Apr-19-2025_20-21-20.pth
Sat 19 Apr 2025 20:40:49 INFO  epoch 10 training [time: 43.42s, train loss: 5004.7269]
Sat 19 Apr 2025 20:41:57 INFO  epoch 10 evaluating [time: 68.54s, valid_score: 0.064100]
Sat 19 Apr 2025 20:41:57 INFO  valid result: 
mrr@10 : 0.0641
Sat 19 Apr 2025 20:41:58 INFO  Saving current: ./saved/amazon/MultiDAE-Apr-19-2025_20-21-20.pth
Sat 19 Apr 2025 20:42:42 INFO  epoch 11 training [time: 43.32s, train loss: 4964.7723]
Sat 19 Apr 2025 20:43:50 INFO  epoch 11 evaluating [time: 68.24s, valid_score: 0.069100]
Sat 19 Apr 2025 20:43:50 INFO  valid result: 
mrr@10 : 0.0691
Sat 19 Apr 2025 20:43:51 INFO  Saving current: ./saved/amazon/MultiDAE-Apr-19-2025_20-21-20.pth
Sat 19 Apr 2025 20:44:34 INFO  epoch 12 training [time: 42.89s, train loss: 4920.0473]
Sat 19 Apr 2025 20:45:41 INFO  epoch 12 evaluating [time: 67.51s, valid_score: 0.070000]
Sat 19 Apr 2025 20:45:41 INFO  valid result: 
mrr@10 : 0.07
Sat 19 Apr 2025 20:45:43 INFO  Saving current: ./saved/amazon/MultiDAE-Apr-19-2025_20-21-20.pth
Sat 19 Apr 2025 20:46:25 INFO  epoch 13 training [time: 42.81s, train loss: 4890.1391]
Sat 19 Apr 2025 20:47:34 INFO  epoch 13 evaluating [time: 68.15s, valid_score: 0.075100]
Sat 19 Apr 2025 20:47:34 INFO  valid result: 
mrr@10 : 0.0751
Sat 19 Apr 2025 20:47:35 INFO  Saving current: ./saved/amazon/MultiDAE-Apr-19-2025_20-21-20.pth
Sat 19 Apr 2025 20:48:18 INFO  epoch 14 training [time: 42.77s, train loss: 4858.5978]
Sat 19 Apr 2025 20:49:28 INFO  epoch 14 evaluating [time: 70.29s, valid_score: 0.076200]
Sat 19 Apr 2025 20:49:28 INFO  valid result: 
mrr@10 : 0.0762
Sat 19 Apr 2025 20:49:29 INFO  Saving current: ./saved/amazon/MultiDAE-Apr-19-2025_20-21-20.pth
Sat 19 Apr 2025 20:50:12 INFO  epoch 15 training [time: 42.90s, train loss: 4837.5674]
Sat 19 Apr 2025 20:51:20 INFO  epoch 15 evaluating [time: 68.06s, valid_score: 0.079700]
Sat 19 Apr 2025 20:51:20 INFO  valid result: 
mrr@10 : 0.0797
Sat 19 Apr 2025 20:51:21 INFO  Saving current: ./saved/amazon/MultiDAE-Apr-19-2025_20-21-20.pth
Sat 19 Apr 2025 20:52:04 INFO  epoch 16 training [time: 42.90s, train loss: 4810.9997]
Sat 19 Apr 2025 20:53:12 INFO  epoch 16 evaluating [time: 67.82s, valid_score: 0.080900]
Sat 19 Apr 2025 20:53:12 INFO  valid result: 
mrr@10 : 0.0809
Sat 19 Apr 2025 20:53:13 INFO  Saving current: ./saved/amazon/MultiDAE-Apr-19-2025_20-21-20.pth
Sat 19 Apr 2025 20:53:57 INFO  epoch 17 training [time: 43.39s, train loss: 4785.6609]
Sat 19 Apr 2025 20:55:06 INFO  epoch 17 evaluating [time: 68.84s, valid_score: 0.083700]
Sat 19 Apr 2025 20:55:06 INFO  valid result: 
mrr@10 : 0.0837
Sat 19 Apr 2025 20:55:07 INFO  Saving current: ./saved/amazon/MultiDAE-Apr-19-2025_20-21-20.pth
Sat 19 Apr 2025 20:55:50 INFO  epoch 18 training [time: 43.02s, train loss: 4766.2339]
Sat 19 Apr 2025 20:56:57 INFO  epoch 18 evaluating [time: 67.54s, valid_score: 0.083900]
Sat 19 Apr 2025 20:56:57 INFO  valid result: 
mrr@10 : 0.0839
Sat 19 Apr 2025 20:56:58 INFO  Saving current: ./saved/amazon/MultiDAE-Apr-19-2025_20-21-20.pth
Sat 19 Apr 2025 20:57:42 INFO  epoch 19 training [time: 43.04s, train loss: 4746.8421]
Sat 19 Apr 2025 20:58:50 INFO  epoch 19 evaluating [time: 68.51s, valid_score: 0.085500]
Sat 19 Apr 2025 20:58:50 INFO  valid result: 
mrr@10 : 0.0855
Sat 19 Apr 2025 20:58:51 INFO  Saving current: ./saved/amazon/MultiDAE-Apr-19-2025_20-21-20.pth
Sat 19 Apr 2025 20:58:52 INFO  Loading model structure and parameters from ./saved/amazon/MultiDAE-Apr-19-2025_20-21-20.pth
