Sat 05 Apr 2025 07:38:24 INFO  
General Hyper Parameters:
gpu_id = 0
use_gpu = True
seed = 2020
state = INFO
reproducibility = True
data_path = dataset/movielens
checkpoint_dir = ./saved/movielens/
show_progress = True
save_dataset = True
dataset_save_path = None
save_dataloaders = True
dataloaders_save_path = None
log_wandb = False

Training Hyper Parameters:
epochs = 50
train_batch_size = 2048
learner = adam
learning_rate = 0.001
train_neg_sample_args = {'distribution': 'uniform', 'sample_num': 1, 'alpha': 1.0, 'dynamic': False, 'candidate_num': 0}
eval_step = 1
stopping_step = 50
clip_grad_norm = None
weight_decay = 0.0
loss_decimal_place = 4

Evaluation Hyper Parameters:
eval_args = {'split': {'RS': [0.8, 0.1, 0.1]}, 'group_by': 'user', 'order': 'RO', 'mode': 'full'}
repeatable = False
metrics = ['Recall', 'MRR', 'NDCG', 'Hit', 'MAP', 'Precision', 'GAUC', 'ItemCoverage', 'AveragePopularity', 'GiniIndex', 'ShannonEntropy', 'TailPercentage']
topk = [10]
valid_metric = MRR@10
valid_metric_bigger = True
eval_batch_size = 4096
metric_decimal_place = 4

Dataset Hyper Parameters:
field_separator = 	
seq_separator =  
USER_ID_FIELD = user_id
ITEM_ID_FIELD = item_id
RATING_FIELD = rating
TIME_FIELD = timestamp
seq_len = None
LABEL_FIELD = label
threshold = None
NEG_PREFIX = neg_
load_col = {'inter': ['user_id', 'item_id']}
unload_col = None
unused_col = None
additional_feat_suffix = None
rm_dup_inter = None
val_interval = None
filter_inter_by_user_or_item = True
user_inter_num_interval = [0,inf)
item_inter_num_interval = [0,inf)
alias_of_user_id = None
alias_of_item_id = None
alias_of_entity_id = None
alias_of_relation_id = None
preload_weight = None
normalize_field = None
normalize_all = None
ITEM_LIST_LENGTH_FIELD = item_length
LIST_SUFFIX = _list
MAX_ITEM_LIST_LENGTH = 50
POSITION_FIELD = position_id
HEAD_ENTITY_ID_FIELD = head_id
TAIL_ENTITY_ID_FIELD = tail_id
RELATION_ID_FIELD = relation_id
ENTITY_ID_FIELD = entity_id
benchmark_filename = None

Other Hyper Parameters: 
worker = 0
wandb_project = recbole
shuffle = True
require_pow = False
enable_amp = False
enable_scaler = False
transform = None
mlp_hidden_size = [600]
latent_dimension = 64
dropout_prob = 0.5
numerical_features = []
discretization = None
kg_reverse_r = False
entity_kg_num_interval = [0,inf)
relation_kg_num_interval = [0,inf)
MODEL_TYPE = ModelType.GENERAL
MODEL_INPUT_TYPE = InputType.PAIRWISE
eval_type = EvaluatorType.RANKING
single_spec = True
local_rank = 0
device = cuda
eval_neg_sample_args = {'distribution': 'uniform', 'sample_num': 'none'}


Sat 05 Apr 2025 07:38:24 INFO  Load filtered dataset from: [./saved/movielens/movielens-Dataset.pth]
Sat 05 Apr 2025 07:38:24 INFO  movielens
The number of users: 6037
Average actions of users: 125.48889993373095
The number of items: 3193
Average actions of items: 237.296679197995
The number of inters: 757451
The sparsity of the dataset: 96.07052573437805%
Remain Fields: ['user_id', 'item_id']
Sat 05 Apr 2025 07:38:25 INFO  Saving split dataloaders into: [./saved/movielens/movielens-for-MultiDAE-dataloader.pth]
Sat 05 Apr 2025 07:38:29 INFO  [Training]: train_batch_size = [2048] train_neg_sample_args: [{'distribution': 'uniform', 'sample_num': 1, 'alpha': 1.0, 'dynamic': False, 'candidate_num': 0}]
Sat 05 Apr 2025 07:38:29 INFO  [Evaluation]: eval_batch_size = [4096] eval_args: [{'split': {'RS': [0.8, 0.1, 0.1]}, 'group_by': 'user', 'order': 'RO', 'mode': 'full'}]
Sat 05 Apr 2025 07:38:29 WARNING  Max value of user's history interaction records has reached 42.092076417162545% of the total.
Sat 05 Apr 2025 07:38:30 INFO  MultiDAE(
  (encoder): MLPLayers(
    (mlp_layers): Sequential(
      (0): Dropout(p=0.0, inplace=False)
      (1): Linear(in_features=3193, out_features=600, bias=True)
      (2): Tanh()
      (3): Dropout(p=0.0, inplace=False)
      (4): Linear(in_features=600, out_features=64, bias=True)
      (5): Tanh()
    )
  )
  (decoder): Sequential(
    (0): Linear(in_features=64, out_features=600, bias=True)
    (1): Tanh()
    (2): Linear(in_features=600, out_features=3193, bias=True)
  )
)
Trainable parameters: 3912857
Sat 05 Apr 2025 07:38:35 INFO  epoch 0 training [time: 0.24s, train loss: 2447.3488]
Sat 05 Apr 2025 07:38:53 INFO  epoch 0 evaluating [time: 18.70s, valid_score: 0.061700]
Sat 05 Apr 2025 07:38:53 INFO  valid result: 
recall@10 : 0.0174    mrr@10 : 0.0617    ndcg@10 : 0.0245    hit@10 : 0.1579    map@10 : 0.0098    precision@10 : 0.0187    gauc : 0.779    itemcoverage@10 : 0.052    averagepopularity@10 : 694.5383    giniindex@10 : 0.9938    shannonentropy@10 : 0.0196    tailpercentage@10 : 0.0
Sat 05 Apr 2025 07:38:53 INFO  Saving current: ./saved/movielens/MultiDAE-Apr-05-2025_07-38-30.pth
Sat 05 Apr 2025 07:38:54 INFO  epoch 1 training [time: 0.26s, train loss: 2405.9473]
Sat 05 Apr 2025 07:39:14 INFO  epoch 1 evaluating [time: 19.94s, valid_score: 0.067000]
Sat 05 Apr 2025 07:39:14 INFO  valid result: 
recall@10 : 0.0198    mrr@10 : 0.067    ndcg@10 : 0.0276    hit@10 : 0.1766    map@10 : 0.0112    precision@10 : 0.0212    gauc : 0.794    itemcoverage@10 : 0.0128    averagepopularity@10 : 776.383    giniindex@10 : 0.9961    shannonentropy@10 : 0.0672    tailpercentage@10 : 0.0
Sat 05 Apr 2025 07:39:14 INFO  Saving current: ./saved/movielens/MultiDAE-Apr-05-2025_07-38-30.pth
Sat 05 Apr 2025 07:39:14 INFO  epoch 2 training [time: 0.25s, train loss: 2322.7783]
Sat 05 Apr 2025 07:39:31 INFO  epoch 2 evaluating [time: 17.28s, valid_score: 0.098200]
Sat 05 Apr 2025 07:39:31 INFO  valid result: 
recall@10 : 0.0366    mrr@10 : 0.0982    ndcg@10 : 0.0457    hit@10 : 0.2734    map@10 : 0.019    precision@10 : 0.0366    gauc : 0.818    itemcoverage@10 : 0.0119    averagepopularity@10 : 1222.1721    giniindex@10 : 0.9957    shannonentropy@10 : 0.0745    tailpercentage@10 : 0.0
Sat 05 Apr 2025 07:39:31 INFO  Saving current: ./saved/movielens/MultiDAE-Apr-05-2025_07-38-30.pth
Sat 05 Apr 2025 07:39:31 INFO  epoch 3 training [time: 0.11s, train loss: 2292.8759]
Sat 05 Apr 2025 07:39:49 INFO  epoch 3 evaluating [time: 17.97s, valid_score: 0.144300]
Sat 05 Apr 2025 07:39:49 INFO  valid result: 
recall@10 : 0.0575    mrr@10 : 0.1443    ndcg@10 : 0.0693    hit@10 : 0.3637    map@10 : 0.0305    precision@10 : 0.053    gauc : 0.8262    itemcoverage@10 : 0.0132    averagepopularity@10 : 1653.688    giniindex@10 : 0.9952    shannonentropy@10 : 0.0702    tailpercentage@10 : 0.0
Sat 05 Apr 2025 07:39:49 INFO  Saving current: ./saved/movielens/MultiDAE-Apr-05-2025_07-38-30.pth
Sat 05 Apr 2025 07:39:49 INFO  epoch 4 training [time: 0.11s, train loss: 2279.5583]
Sat 05 Apr 2025 07:40:07 INFO  epoch 4 evaluating [time: 17.65s, valid_score: 0.147300]
Sat 05 Apr 2025 07:40:07 INFO  valid result: 
recall@10 : 0.0621    mrr@10 : 0.1473    ndcg@10 : 0.0724    hit@10 : 0.3764    map@10 : 0.0324    precision@10 : 0.0545    gauc : 0.827    itemcoverage@10 : 0.0132    averagepopularity@10 : 1713.3224    giniindex@10 : 0.9952    shannonentropy@10 : 0.0703    tailpercentage@10 : 0.0
Sat 05 Apr 2025 07:40:07 INFO  Saving current: ./saved/movielens/MultiDAE-Apr-05-2025_07-38-30.pth
Sat 05 Apr 2025 07:40:07 INFO  epoch 5 training [time: 0.11s, train loss: 2268.1516]
Sat 05 Apr 2025 07:40:25 INFO  epoch 5 evaluating [time: 17.90s, valid_score: 0.141300]
Sat 05 Apr 2025 07:40:25 INFO  valid result: 
recall@10 : 0.0614    mrr@10 : 0.1413    ndcg@10 : 0.0706    hit@10 : 0.3736    map@10 : 0.0312    precision@10 : 0.0542    gauc : 0.8279    itemcoverage@10 : 0.0128    averagepopularity@10 : 1700.4883    giniindex@10 : 0.9952    shannonentropy@10 : 0.0721    tailpercentage@10 : 0.0
Sat 05 Apr 2025 07:40:25 INFO  epoch 6 training [time: 0.20s, train loss: 2265.7057]
Sat 05 Apr 2025 07:40:44 INFO  epoch 6 evaluating [time: 18.48s, valid_score: 0.148700]
Sat 05 Apr 2025 07:40:44 INFO  valid result: 
recall@10 : 0.0645    mrr@10 : 0.1487    ndcg@10 : 0.0738    hit@10 : 0.3839    map@10 : 0.0329    precision@10 : 0.0556    gauc : 0.8286    itemcoverage@10 : 0.0135    averagepopularity@10 : 1721.5292    giniindex@10 : 0.9951    shannonentropy@10 : 0.069    tailpercentage@10 : 0.0
Sat 05 Apr 2025 07:40:44 INFO  Saving current: ./saved/movielens/MultiDAE-Apr-05-2025_07-38-30.pth
Sat 05 Apr 2025 07:40:44 INFO  epoch 7 training [time: 0.26s, train loss: 2259.4931]
Sat 05 Apr 2025 07:41:02 INFO  epoch 7 evaluating [time: 18.16s, valid_score: 0.150000]
Sat 05 Apr 2025 07:41:02 INFO  valid result: 
recall@10 : 0.0644    mrr@10 : 0.15    ndcg@10 : 0.0743    hit@10 : 0.3806    map@10 : 0.0334    precision@10 : 0.0556    gauc : 0.8304    itemcoverage@10 : 0.0125    averagepopularity@10 : 1720.4797    giniindex@10 : 0.995    shannonentropy@10 : 0.0747    tailpercentage@10 : 0.0
Sat 05 Apr 2025 07:41:02 INFO  Saving current: ./saved/movielens/MultiDAE-Apr-05-2025_07-38-30.pth
Sat 05 Apr 2025 07:41:02 INFO  epoch 8 training [time: 0.11s, train loss: 2253.5127]
Sat 05 Apr 2025 07:41:20 INFO  epoch 8 evaluating [time: 17.85s, valid_score: 0.151200]
Sat 05 Apr 2025 07:41:20 INFO  valid result: 
recall@10 : 0.0651    mrr@10 : 0.1512    ndcg@10 : 0.0749    hit@10 : 0.3873    map@10 : 0.0335    precision@10 : 0.0562    gauc : 0.8327    itemcoverage@10 : 0.0128    averagepopularity@10 : 1717.034    giniindex@10 : 0.9949    shannonentropy@10 : 0.0733    tailpercentage@10 : 0.0
Sat 05 Apr 2025 07:41:20 INFO  Saving current: ./saved/movielens/MultiDAE-Apr-05-2025_07-38-30.pth
Sat 05 Apr 2025 07:41:20 INFO  epoch 9 training [time: 0.11s, train loss: 2247.0195]
Sat 05 Apr 2025 07:41:40 INFO  epoch 9 evaluating [time: 19.66s, valid_score: 0.153200]
Sat 05 Apr 2025 07:41:40 INFO  valid result: 
recall@10 : 0.0651    mrr@10 : 0.1532    ndcg@10 : 0.0757    hit@10 : 0.39    map@10 : 0.0339    precision@10 : 0.0572    gauc : 0.8366    itemcoverage@10 : 0.0153    averagepopularity@10 : 1719.5057    giniindex@10 : 0.9949    shannonentropy@10 : 0.0617    tailpercentage@10 : 0.0
Sat 05 Apr 2025 07:41:40 INFO  Saving current: ./saved/movielens/MultiDAE-Apr-05-2025_07-38-30.pth
Sat 05 Apr 2025 07:41:40 INFO  epoch 10 training [time: 0.22s, train loss: 2240.6169]
Sat 05 Apr 2025 07:41:58 INFO  epoch 10 evaluating [time: 18.06s, valid_score: 0.157900]
Sat 05 Apr 2025 07:41:58 INFO  valid result: 
recall@10 : 0.0664    mrr@10 : 0.1579    ndcg@10 : 0.0779    hit@10 : 0.3998    map@10 : 0.035    precision@10 : 0.0588    gauc : 0.8421    itemcoverage@10 : 0.0194    averagepopularity@10 : 1714.1988    giniindex@10 : 0.9947    shannonentropy@10 : 0.0495    tailpercentage@10 : 0.0
Sat 05 Apr 2025 07:41:58 INFO  Saving current: ./saved/movielens/MultiDAE-Apr-05-2025_07-38-30.pth
Sat 05 Apr 2025 07:41:59 INFO  epoch 11 training [time: 0.10s, train loss: 2230.0990]
Sat 05 Apr 2025 07:42:17 INFO  epoch 11 evaluating [time: 18.44s, valid_score: 0.159200]
Sat 05 Apr 2025 07:42:17 INFO  valid result: 
recall@10 : 0.0671    mrr@10 : 0.1592    ndcg@10 : 0.0791    hit@10 : 0.4071    map@10 : 0.0353    precision@10 : 0.0608    gauc : 0.8478    itemcoverage@10 : 0.0279    averagepopularity@10 : 1688.7409    giniindex@10 : 0.9942    shannonentropy@10 : 0.0357    tailpercentage@10 : 0.0
Sat 05 Apr 2025 07:42:17 INFO  Saving current: ./saved/movielens/MultiDAE-Apr-05-2025_07-38-30.pth
Sat 05 Apr 2025 07:42:17 INFO  epoch 12 training [time: 0.11s, train loss: 2218.6161]
Sat 05 Apr 2025 07:42:35 INFO  epoch 12 evaluating [time: 17.48s, valid_score: 0.167500]
Sat 05 Apr 2025 07:42:35 INFO  valid result: 
recall@10 : 0.0713    mrr@10 : 0.1675    ndcg@10 : 0.083    hit@10 : 0.4233    map@10 : 0.0371    precision@10 : 0.0631    gauc : 0.8516    itemcoverage@10 : 0.0401    averagepopularity@10 : 1638.8559    giniindex@10 : 0.9928    shannonentropy@10 : 0.0268    tailpercentage@10 : 0.0
Sat 05 Apr 2025 07:42:35 INFO  Saving current: ./saved/movielens/MultiDAE-Apr-05-2025_07-38-30.pth
Sat 05 Apr 2025 07:42:35 INFO  epoch 13 training [time: 0.23s, train loss: 2211.8062]
Sat 05 Apr 2025 07:42:53 INFO  epoch 13 evaluating [time: 18.26s, valid_score: 0.172000]
Sat 05 Apr 2025 07:42:53 INFO  valid result: 
recall@10 : 0.0768    mrr@10 : 0.172    ndcg@10 : 0.0866    hit@10 : 0.4361    map@10 : 0.0387    precision@10 : 0.0655    gauc : 0.8537    itemcoverage@10 : 0.0495    averagepopularity@10 : 1571.0252    giniindex@10 : 0.9907    shannonentropy@10 : 0.0233    tailpercentage@10 : 0.0
Sat 05 Apr 2025 07:42:53 INFO  Saving current: ./saved/movielens/MultiDAE-Apr-05-2025_07-38-30.pth
Sat 05 Apr 2025 07:42:53 INFO  epoch 14 training [time: 0.18s, train loss: 2205.8527]
Sat 05 Apr 2025 07:43:12 INFO  epoch 14 evaluating [time: 18.43s, valid_score: 0.174500]
Sat 05 Apr 2025 07:43:12 INFO  valid result: 
recall@10 : 0.0783    mrr@10 : 0.1745    ndcg@10 : 0.0881    hit@10 : 0.4405    map@10 : 0.0397    precision@10 : 0.0661    gauc : 0.8559    itemcoverage@10 : 0.0608    averagepopularity@10 : 1542.5821    giniindex@10 : 0.9896    shannonentropy@10 : 0.0196    tailpercentage@10 : 0.0
Sat 05 Apr 2025 07:43:12 INFO  Saving current: ./saved/movielens/MultiDAE-Apr-05-2025_07-38-30.pth
Sat 05 Apr 2025 07:43:12 INFO  epoch 15 training [time: 0.10s, train loss: 2198.7083]
Sat 05 Apr 2025 07:43:30 INFO  epoch 15 evaluating [time: 18.10s, valid_score: 0.177200]
Sat 05 Apr 2025 07:43:30 INFO  valid result: 
recall@10 : 0.0804    mrr@10 : 0.1772    ndcg@10 : 0.0899    hit@10 : 0.4503    map@10 : 0.0405    precision@10 : 0.0674    gauc : 0.8591    itemcoverage@10 : 0.077    averagepopularity@10 : 1553.4447    giniindex@10 : 0.9889    shannonentropy@10 : 0.0156    tailpercentage@10 : 0.0
Sat 05 Apr 2025 07:43:30 INFO  Saving current: ./saved/movielens/MultiDAE-Apr-05-2025_07-38-30.pth
Sat 05 Apr 2025 07:43:30 INFO  epoch 16 training [time: 0.10s, train loss: 2188.9641]
Sat 05 Apr 2025 07:43:48 INFO  epoch 16 evaluating [time: 17.43s, valid_score: 0.184900]
Sat 05 Apr 2025 07:43:48 INFO  valid result: 
recall@10 : 0.0829    mrr@10 : 0.1849    ndcg@10 : 0.0928    hit@10 : 0.4604    map@10 : 0.0421    precision@10 : 0.0686    gauc : 0.8629    itemcoverage@10 : 0.0955    averagepopularity@10 : 1551.4944    giniindex@10 : 0.9878    shannonentropy@10 : 0.0128    tailpercentage@10 : 0.0
Sat 05 Apr 2025 07:43:48 INFO  Saving current: ./saved/movielens/MultiDAE-Apr-05-2025_07-38-30.pth
Sat 05 Apr 2025 07:43:48 INFO  epoch 17 training [time: 0.24s, train loss: 2179.8004]
Sat 05 Apr 2025 07:44:06 INFO  epoch 17 evaluating [time: 17.70s, valid_score: 0.187500]
Sat 05 Apr 2025 07:44:06 INFO  valid result: 
recall@10 : 0.085    mrr@10 : 0.1875    ndcg@10 : 0.0944    hit@10 : 0.464    map@10 : 0.0429    precision@10 : 0.0697    gauc : 0.8661    itemcoverage@10 : 0.1259    averagepopularity@10 : 1487.6051    giniindex@10 : 0.9835    shannonentropy@10 : 0.0103    tailpercentage@10 : 0.0
Sat 05 Apr 2025 07:44:06 INFO  Saving current: ./saved/movielens/MultiDAE-Apr-05-2025_07-38-30.pth
Sat 05 Apr 2025 07:44:06 INFO  epoch 18 training [time: 0.19s, train loss: 2173.9924]
Sat 05 Apr 2025 07:44:24 INFO  epoch 18 evaluating [time: 18.56s, valid_score: 0.188800]
Sat 05 Apr 2025 07:44:24 INFO  valid result: 
recall@10 : 0.0867    mrr@10 : 0.1888    ndcg@10 : 0.0959    hit@10 : 0.4669    map@10 : 0.0439    precision@10 : 0.0706    gauc : 0.8688    itemcoverage@10 : 0.1503    averagepopularity@10 : 1404.2995    giniindex@10 : 0.9778    shannonentropy@10 : 0.0092    tailpercentage@10 : 0.0
Sat 05 Apr 2025 07:44:25 INFO  Saving current: ./saved/movielens/MultiDAE-Apr-05-2025_07-38-30.pth
Sat 05 Apr 2025 07:44:25 INFO  epoch 19 training [time: 0.11s, train loss: 2166.8936]
Sat 05 Apr 2025 07:44:43 INFO  epoch 19 evaluating [time: 18.11s, valid_score: 0.192400]
Sat 05 Apr 2025 07:44:43 INFO  valid result: 
recall@10 : 0.0912    mrr@10 : 0.1924    ndcg@10 : 0.0988    hit@10 : 0.4743    map@10 : 0.0455    precision@10 : 0.072    gauc : 0.8708    itemcoverage@10 : 0.1597    averagepopularity@10 : 1327.1303    giniindex@10 : 0.9726    shannonentropy@10 : 0.0092    tailpercentage@10 : 0.0
Sat 05 Apr 2025 07:44:43 INFO  Saving current: ./saved/movielens/MultiDAE-Apr-05-2025_07-38-30.pth
Sat 05 Apr 2025 07:44:43 INFO  epoch 20 training [time: 0.11s, train loss: 2162.2647]
Sat 05 Apr 2025 07:45:01 INFO  epoch 20 evaluating [time: 17.72s, valid_score: 0.199800]
Sat 05 Apr 2025 07:45:01 INFO  valid result: 
recall@10 : 0.0949    mrr@10 : 0.1998    ndcg@10 : 0.1026    hit@10 : 0.4838    map@10 : 0.0475    precision@10 : 0.0744    gauc : 0.8723    itemcoverage@10 : 0.1748    averagepopularity@10 : 1294.3447    giniindex@10 : 0.97    shannonentropy@10 : 0.0086    tailpercentage@10 : 0.0
Sat 05 Apr 2025 07:45:01 INFO  Saving current: ./saved/movielens/MultiDAE-Apr-05-2025_07-38-30.pth
Sat 05 Apr 2025 07:45:01 INFO  epoch 21 training [time: 0.10s, train loss: 2158.0895]
Sat 05 Apr 2025 07:45:19 INFO  epoch 21 evaluating [time: 18.56s, valid_score: 0.202100]
Sat 05 Apr 2025 07:45:19 INFO  valid result: 
recall@10 : 0.0968    mrr@10 : 0.2021    ndcg@10 : 0.1047    hit@10 : 0.496    map@10 : 0.0486    precision@10 : 0.0761    gauc : 0.8739    itemcoverage@10 : 0.1842    averagepopularity@10 : 1303.2954    giniindex@10 : 0.9697    shannonentropy@10 : 0.0082    tailpercentage@10 : 0.0
Sat 05 Apr 2025 07:45:19 INFO  Saving current: ./saved/movielens/MultiDAE-Apr-05-2025_07-38-30.pth
Sat 05 Apr 2025 07:45:20 INFO  epoch 22 training [time: 0.17s, train loss: 2155.2128]
Sat 05 Apr 2025 07:45:38 INFO  epoch 22 evaluating [time: 18.36s, valid_score: 0.205600]
Sat 05 Apr 2025 07:45:38 INFO  valid result: 
recall@10 : 0.1    mrr@10 : 0.2056    ndcg@10 : 0.1073    hit@10 : 0.508    map@10 : 0.0496    precision@10 : 0.0785    gauc : 0.8761    itemcoverage@10 : 0.1889    averagepopularity@10 : 1319.677    giniindex@10 : 0.9709    shannonentropy@10 : 0.0079    tailpercentage@10 : 0.0
Sat 05 Apr 2025 07:45:38 INFO  Saving current: ./saved/movielens/MultiDAE-Apr-05-2025_07-38-30.pth
Sat 05 Apr 2025 07:45:38 INFO  epoch 23 training [time: 0.10s, train loss: 2150.7062]
Sat 05 Apr 2025 07:45:56 INFO  epoch 23 evaluating [time: 17.91s, valid_score: 0.207200]
Sat 05 Apr 2025 07:45:56 INFO  valid result: 
recall@10 : 0.1021    mrr@10 : 0.2072    ndcg@10 : 0.1094    hit@10 : 0.5139    map@10 : 0.0507    precision@10 : 0.0803    gauc : 0.8782    itemcoverage@10 : 0.2008    averagepopularity@10 : 1303.3208    giniindex@10 : 0.9684    shannonentropy@10 : 0.0075    tailpercentage@10 : 0.0
Sat 05 Apr 2025 07:45:56 INFO  Saving current: ./saved/movielens/MultiDAE-Apr-05-2025_07-38-30.pth
Sat 05 Apr 2025 07:45:56 INFO  epoch 24 training [time: 0.22s, train loss: 2144.7322]
Sat 05 Apr 2025 07:46:14 INFO  epoch 24 evaluating [time: 17.95s, valid_score: 0.210900]
Sat 05 Apr 2025 07:46:14 INFO  valid result: 
recall@10 : 0.1043    mrr@10 : 0.2109    ndcg@10 : 0.1113    hit@10 : 0.5209    map@10 : 0.0516    precision@10 : 0.0814    gauc : 0.88    itemcoverage@10 : 0.2089    averagepopularity@10 : 1269.3366    giniindex@10 : 0.9656    shannonentropy@10 : 0.0073    tailpercentage@10 : 0.0
Sat 05 Apr 2025 07:46:14 INFO  Saving current: ./saved/movielens/MultiDAE-Apr-05-2025_07-38-30.pth
Sat 05 Apr 2025 07:46:14 INFO  epoch 25 training [time: 0.24s, train loss: 2140.3954]
Sat 05 Apr 2025 07:46:32 INFO  epoch 25 evaluating [time: 17.36s, valid_score: 0.213500]
Sat 05 Apr 2025 07:46:32 INFO  valid result: 
recall@10 : 0.1062    mrr@10 : 0.2135    ndcg@10 : 0.1131    hit@10 : 0.5215    map@10 : 0.0528    precision@10 : 0.0822    gauc : 0.8814    itemcoverage@10 : 0.2236    averagepopularity@10 : 1227.7178    giniindex@10 : 0.9602    shannonentropy@10 : 0.0071    tailpercentage@10 : 0.0
Sat 05 Apr 2025 07:46:32 INFO  Saving current: ./saved/movielens/MultiDAE-Apr-05-2025_07-38-30.pth
Sat 05 Apr 2025 07:46:32 INFO  epoch 26 training [time: 0.25s, train loss: 2137.1564]
Sat 05 Apr 2025 07:46:51 INFO  epoch 26 evaluating [time: 18.39s, valid_score: 0.216600]
Sat 05 Apr 2025 07:46:51 INFO  valid result: 
recall@10 : 0.1077    mrr@10 : 0.2166    ndcg@10 : 0.1145    hit@10 : 0.5275    map@10 : 0.0534    precision@10 : 0.0829    gauc : 0.8826    itemcoverage@10 : 0.2402    averagepopularity@10 : 1204.517    giniindex@10 : 0.9564    shannonentropy@10 : 0.0067    tailpercentage@10 : 0.0
Sat 05 Apr 2025 07:46:51 INFO  Saving current: ./saved/movielens/MultiDAE-Apr-05-2025_07-38-30.pth
Sat 05 Apr 2025 07:46:51 INFO  epoch 27 training [time: 0.11s, train loss: 2132.2329]
Sat 05 Apr 2025 07:47:08 INFO  epoch 27 evaluating [time: 17.55s, valid_score: 0.218600]
Sat 05 Apr 2025 07:47:08 INFO  valid result: 
recall@10 : 0.1086    mrr@10 : 0.2186    ndcg@10 : 0.1151    hit@10 : 0.5315    map@10 : 0.0535    precision@10 : 0.0831    gauc : 0.8836    itemcoverage@10 : 0.2568    averagepopularity@10 : 1188.7036    giniindex@10 : 0.9529    shannonentropy@10 : 0.0064    tailpercentage@10 : 0.0
Sat 05 Apr 2025 07:47:08 INFO  Saving current: ./saved/movielens/MultiDAE-Apr-05-2025_07-38-30.pth
Sat 05 Apr 2025 07:47:08 INFO  epoch 28 training [time: 0.18s, train loss: 2130.1628]
Sat 05 Apr 2025 07:47:26 INFO  epoch 28 evaluating [time: 17.78s, valid_score: 0.220800]
Sat 05 Apr 2025 07:47:26 INFO  valid result: 
recall@10 : 0.1112    mrr@10 : 0.2208    ndcg@10 : 0.1174    hit@10 : 0.5393    map@10 : 0.0549    precision@10 : 0.0847    gauc : 0.8842    itemcoverage@10 : 0.2675    averagepopularity@10 : 1181.9123    giniindex@10 : 0.9506    shannonentropy@10 : 0.0062    tailpercentage@10 : 0.0
Sat 05 Apr 2025 07:47:26 INFO  Saving current: ./saved/movielens/MultiDAE-Apr-05-2025_07-38-30.pth
Sat 05 Apr 2025 07:47:26 INFO  epoch 29 training [time: 0.22s, train loss: 2126.8604]
Sat 05 Apr 2025 07:47:44 INFO  epoch 29 evaluating [time: 17.55s, valid_score: 0.221900]
Sat 05 Apr 2025 07:47:44 INFO  valid result: 
recall@10 : 0.1133    mrr@10 : 0.2219    ndcg@10 : 0.1185    hit@10 : 0.5439    map@10 : 0.0554    precision@10 : 0.0852    gauc : 0.8849    itemcoverage@10 : 0.2703    averagepopularity@10 : 1183.157    giniindex@10 : 0.9501    shannonentropy@10 : 0.0061    tailpercentage@10 : 0.0
Sat 05 Apr 2025 07:47:44 INFO  Saving current: ./saved/movielens/MultiDAE-Apr-05-2025_07-38-30.pth
Sat 05 Apr 2025 07:47:44 INFO  epoch 30 training [time: 0.10s, train loss: 2126.0438]
Sat 05 Apr 2025 07:48:02 INFO  epoch 30 evaluating [time: 17.82s, valid_score: 0.221400]
Sat 05 Apr 2025 07:48:02 INFO  valid result: 
recall@10 : 0.115    mrr@10 : 0.2214    ndcg@10 : 0.1193    hit@10 : 0.5464    map@10 : 0.0557    precision@10 : 0.0864    gauc : 0.8857    itemcoverage@10 : 0.2728    averagepopularity@10 : 1171.6315    giniindex@10 : 0.9484    shannonentropy@10 : 0.0061    tailpercentage@10 : 0.0
Sat 05 Apr 2025 07:48:02 INFO  epoch 31 training [time: 0.19s, train loss: 2122.4393]
Sat 05 Apr 2025 07:48:20 INFO  epoch 31 evaluating [time: 18.07s, valid_score: 0.222400]
Sat 05 Apr 2025 07:48:20 INFO  valid result: 
recall@10 : 0.1163    mrr@10 : 0.2224    ndcg@10 : 0.1204    hit@10 : 0.5495    map@10 : 0.0563    precision@10 : 0.0871    gauc : 0.8866    itemcoverage@10 : 0.2794    averagepopularity@10 : 1167.0211    giniindex@10 : 0.9473    shannonentropy@10 : 0.006    tailpercentage@10 : 0.0
Sat 05 Apr 2025 07:48:20 INFO  Saving current: ./saved/movielens/MultiDAE-Apr-05-2025_07-38-30.pth
Sat 05 Apr 2025 07:48:20 INFO  epoch 32 training [time: 0.17s, train loss: 2120.2197]
Sat 05 Apr 2025 07:48:38 INFO  epoch 32 evaluating [time: 17.84s, valid_score: 0.224600]
Sat 05 Apr 2025 07:48:38 INFO  valid result: 
recall@10 : 0.1161    mrr@10 : 0.2246    ndcg@10 : 0.121    hit@10 : 0.5527    map@10 : 0.0568    precision@10 : 0.0871    gauc : 0.8872    itemcoverage@10 : 0.2878    averagepopularity@10 : 1158.2515    giniindex@10 : 0.9446    shannonentropy@10 : 0.0058    tailpercentage@10 : 0.0
Sat 05 Apr 2025 07:48:38 INFO  Saving current: ./saved/movielens/MultiDAE-Apr-05-2025_07-38-30.pth
Sat 05 Apr 2025 07:48:39 INFO  epoch 33 training [time: 0.25s, train loss: 2117.2635]
Sat 05 Apr 2025 07:48:57 INFO  epoch 33 evaluating [time: 18.51s, valid_score: 0.224600]
Sat 05 Apr 2025 07:48:57 INFO  valid result: 
recall@10 : 0.1167    mrr@10 : 0.2246    ndcg@10 : 0.1214    hit@10 : 0.5535    map@10 : 0.0571    precision@10 : 0.0875    gauc : 0.8879    itemcoverage@10 : 0.3003    averagepopularity@10 : 1141.0878    giniindex@10 : 0.9409    shannonentropy@10 : 0.0057    tailpercentage@10 : 0.0
Sat 05 Apr 2025 07:48:57 INFO  Saving current: ./saved/movielens/MultiDAE-Apr-05-2025_07-38-30.pth
Sat 05 Apr 2025 07:48:57 INFO  epoch 34 training [time: 0.19s, train loss: 2115.9291]
Sat 05 Apr 2025 07:49:16 INFO  epoch 34 evaluating [time: 18.53s, valid_score: 0.223100]
Sat 05 Apr 2025 07:49:16 INFO  valid result: 
recall@10 : 0.1172    mrr@10 : 0.2231    ndcg@10 : 0.1215    hit@10 : 0.5519    map@10 : 0.0573    precision@10 : 0.0876    gauc : 0.8885    itemcoverage@10 : 0.3079    averagepopularity@10 : 1135.6651    giniindex@10 : 0.9394    shannonentropy@10 : 0.0055    tailpercentage@10 : 0.0
Sat 05 Apr 2025 07:49:16 INFO  epoch 35 training [time: 0.11s, train loss: 2114.8133]
Sat 05 Apr 2025 07:49:34 INFO  epoch 35 evaluating [time: 17.71s, valid_score: 0.226000]
Sat 05 Apr 2025 07:49:34 INFO  valid result: 
recall@10 : 0.1177    mrr@10 : 0.226    ndcg@10 : 0.122    hit@10 : 0.5543    map@10 : 0.0576    precision@10 : 0.0873    gauc : 0.8891    itemcoverage@10 : 0.3235    averagepopularity@10 : 1120.0594    giniindex@10 : 0.9357    shannonentropy@10 : 0.0053    tailpercentage@10 : 0.0
Sat 05 Apr 2025 07:49:34 INFO  Saving current: ./saved/movielens/MultiDAE-Apr-05-2025_07-38-30.pth
Sat 05 Apr 2025 07:49:34 INFO  epoch 36 training [time: 0.27s, train loss: 2112.4348]
Sat 05 Apr 2025 07:49:52 INFO  epoch 36 evaluating [time: 18.39s, valid_score: 0.229400]
Sat 05 Apr 2025 07:49:52 INFO  valid result: 
recall@10 : 0.1188    mrr@10 : 0.2294    ndcg@10 : 0.1235    hit@10 : 0.5596    map@10 : 0.0584    precision@10 : 0.0883    gauc : 0.8897    itemcoverage@10 : 0.3241    averagepopularity@10 : 1127.1009    giniindex@10 : 0.9359    shannonentropy@10 : 0.0053    tailpercentage@10 : 0.0
Sat 05 Apr 2025 07:49:53 INFO  Saving current: ./saved/movielens/MultiDAE-Apr-05-2025_07-38-30.pth
Sat 05 Apr 2025 07:49:53 INFO  epoch 37 training [time: 0.24s, train loss: 2111.0500]
Sat 05 Apr 2025 07:50:10 INFO  epoch 37 evaluating [time: 17.69s, valid_score: 0.228500]
Sat 05 Apr 2025 07:50:10 INFO  valid result: 
recall@10 : 0.1202    mrr@10 : 0.2285    ndcg@10 : 0.1242    hit@10 : 0.561    map@10 : 0.0587    precision@10 : 0.0891    gauc : 0.8903    itemcoverage@10 : 0.3335    averagepopularity@10 : 1112.5215    giniindex@10 : 0.9329    shannonentropy@10 : 0.0052    tailpercentage@10 : 0.0
Sat 05 Apr 2025 07:50:11 INFO  epoch 38 training [time: 0.11s, train loss: 2108.7039]
Sat 05 Apr 2025 07:50:28 INFO  epoch 38 evaluating [time: 17.82s, valid_score: 0.230700]
Sat 05 Apr 2025 07:50:28 INFO  valid result: 
recall@10 : 0.1213    mrr@10 : 0.2307    ndcg@10 : 0.1253    hit@10 : 0.5678    map@10 : 0.0592    precision@10 : 0.0898    gauc : 0.8908    itemcoverage@10 : 0.3345    averagepopularity@10 : 1114.1676    giniindex@10 : 0.9327    shannonentropy@10 : 0.0052    tailpercentage@10 : 0.0
Sat 05 Apr 2025 07:50:28 INFO  Saving current: ./saved/movielens/MultiDAE-Apr-05-2025_07-38-30.pth
Sat 05 Apr 2025 07:50:29 INFO  epoch 39 training [time: 0.24s, train loss: 2107.0943]
Sat 05 Apr 2025 07:50:47 INFO  epoch 39 evaluating [time: 18.01s, valid_score: 0.231200]
Sat 05 Apr 2025 07:50:47 INFO  valid result: 
recall@10 : 0.1218    mrr@10 : 0.2312    ndcg@10 : 0.1254    hit@10 : 0.5674    map@10 : 0.0594    precision@10 : 0.0893    gauc : 0.8913    itemcoverage@10 : 0.3458    averagepopularity@10 : 1102.9886    giniindex@10 : 0.9295    shannonentropy@10 : 0.0051    tailpercentage@10 : 0.0
Sat 05 Apr 2025 07:50:47 INFO  Saving current: ./saved/movielens/MultiDAE-Apr-05-2025_07-38-30.pth
Sat 05 Apr 2025 07:50:47 INFO  epoch 40 training [time: 0.21s, train loss: 2106.7822]
Sat 05 Apr 2025 07:51:05 INFO  epoch 40 evaluating [time: 18.35s, valid_score: 0.233700]
Sat 05 Apr 2025 07:51:05 INFO  valid result: 
recall@10 : 0.1232    mrr@10 : 0.2337    ndcg@10 : 0.127    hit@10 : 0.5706    map@10 : 0.0604    precision@10 : 0.0903    gauc : 0.8918    itemcoverage@10 : 0.3483    averagepopularity@10 : 1101.0602    giniindex@10 : 0.9284    shannonentropy@10 : 0.005    tailpercentage@10 : 0.0
Sat 05 Apr 2025 07:51:05 INFO  Saving current: ./saved/movielens/MultiDAE-Apr-05-2025_07-38-30.pth
Sat 05 Apr 2025 07:51:06 INFO  epoch 41 training [time: 0.25s, train loss: 2104.9559]
Sat 05 Apr 2025 07:51:23 INFO  epoch 41 evaluating [time: 17.62s, valid_score: 0.234700]
Sat 05 Apr 2025 07:51:23 INFO  valid result: 
recall@10 : 0.1244    mrr@10 : 0.2347    ndcg@10 : 0.1276    hit@10 : 0.5709    map@10 : 0.0608    precision@10 : 0.0904    gauc : 0.8923    itemcoverage@10 : 0.3539    averagepopularity@10 : 1090.4706    giniindex@10 : 0.9261    shannonentropy@10 : 0.005    tailpercentage@10 : 0.0
Sat 05 Apr 2025 07:51:23 INFO  Saving current: ./saved/movielens/MultiDAE-Apr-05-2025_07-38-30.pth
Sat 05 Apr 2025 07:51:23 INFO  epoch 42 training [time: 0.10s, train loss: 2100.9927]
Sat 05 Apr 2025 07:51:41 INFO  epoch 42 evaluating [time: 17.56s, valid_score: 0.234400]
Sat 05 Apr 2025 07:51:41 INFO  valid result: 
recall@10 : 0.1258    mrr@10 : 0.2344    ndcg@10 : 0.1285    hit@10 : 0.5767    map@10 : 0.0612    precision@10 : 0.0915    gauc : 0.8928    itemcoverage@10 : 0.3586    averagepopularity@10 : 1083.9162    giniindex@10 : 0.9246    shannonentropy@10 : 0.0049    tailpercentage@10 : 0.0
Sat 05 Apr 2025 07:51:41 INFO  epoch 43 training [time: 0.20s, train loss: 2101.1562]
Sat 05 Apr 2025 07:51:59 INFO  epoch 43 evaluating [time: 18.18s, valid_score: 0.235700]
Sat 05 Apr 2025 07:51:59 INFO  valid result: 
recall@10 : 0.1268    mrr@10 : 0.2357    ndcg@10 : 0.1288    hit@10 : 0.5792    map@10 : 0.0614    precision@10 : 0.091    gauc : 0.8932    itemcoverage@10 : 0.3658    averagepopularity@10 : 1071.411    giniindex@10 : 0.9213    shannonentropy@10 : 0.0049    tailpercentage@10 : 0.0
Sat 05 Apr 2025 07:51:59 INFO  Saving current: ./saved/movielens/MultiDAE-Apr-05-2025_07-38-30.pth
Sat 05 Apr 2025 07:51:59 INFO  epoch 44 training [time: 0.11s, train loss: 2096.9233]
Sat 05 Apr 2025 07:52:20 INFO  epoch 44 evaluating [time: 20.22s, valid_score: 0.236600]
Sat 05 Apr 2025 07:52:20 INFO  valid result: 
recall@10 : 0.1266    mrr@10 : 0.2366    ndcg@10 : 0.1295    hit@10 : 0.5792    map@10 : 0.0619    precision@10 : 0.0915    gauc : 0.8937    itemcoverage@10 : 0.3721    averagepopularity@10 : 1068.3583    giniindex@10 : 0.9204    shannonentropy@10 : 0.0048    tailpercentage@10 : 0.0
Sat 05 Apr 2025 07:52:20 INFO  Saving current: ./saved/movielens/MultiDAE-Apr-05-2025_07-38-30.pth
Sat 05 Apr 2025 07:52:20 INFO  epoch 45 training [time: 0.10s, train loss: 2095.5391]
Sat 05 Apr 2025 07:52:40 INFO  epoch 45 evaluating [time: 19.72s, valid_score: 0.236300]
Sat 05 Apr 2025 07:52:40 INFO  valid result: 
recall@10 : 0.1264    mrr@10 : 0.2363    ndcg@10 : 0.1293    hit@10 : 0.5805    map@10 : 0.0618    precision@10 : 0.0914    gauc : 0.894    itemcoverage@10 : 0.3805    averagepopularity@10 : 1062.5113    giniindex@10 : 0.9187    shannonentropy@10 : 0.0047    tailpercentage@10 : 0.0
Sat 05 Apr 2025 07:52:40 INFO  epoch 46 training [time: 0.18s, train loss: 2095.7419]
Sat 05 Apr 2025 07:52:57 INFO  epoch 46 evaluating [time: 17.64s, valid_score: 0.236500]
Sat 05 Apr 2025 07:52:57 INFO  valid result: 
recall@10 : 0.1271    mrr@10 : 0.2365    ndcg@10 : 0.1296    hit@10 : 0.5797    map@10 : 0.0619    precision@10 : 0.0912    gauc : 0.8944    itemcoverage@10 : 0.3833    averagepopularity@10 : 1061.5946    giniindex@10 : 0.9186    shannonentropy@10 : 0.0047    tailpercentage@10 : 0.0
Sat 05 Apr 2025 07:52:58 INFO  epoch 47 training [time: 0.20s, train loss: 2094.9586]
Sat 05 Apr 2025 07:53:15 INFO  epoch 47 evaluating [time: 17.10s, valid_score: 0.237400]
Sat 05 Apr 2025 07:53:15 INFO  valid result: 
recall@10 : 0.1269    mrr@10 : 0.2374    ndcg@10 : 0.1299    hit@10 : 0.5815    map@10 : 0.0621    precision@10 : 0.0917    gauc : 0.8947    itemcoverage@10 : 0.404    averagepopularity@10 : 1042.0476    giniindex@10 : 0.9134    shannonentropy@10 : 0.0045    tailpercentage@10 : 0.0001
Sat 05 Apr 2025 07:53:15 INFO  Saving current: ./saved/movielens/MultiDAE-Apr-05-2025_07-38-30.pth
Sat 05 Apr 2025 07:53:15 INFO  epoch 48 training [time: 0.26s, train loss: 2092.9802]
Sat 05 Apr 2025 07:53:33 INFO  epoch 48 evaluating [time: 17.88s, valid_score: 0.241200]
Sat 05 Apr 2025 07:53:33 INFO  valid result: 
recall@10 : 0.1277    mrr@10 : 0.2412    ndcg@10 : 0.1309    hit@10 : 0.5866    map@10 : 0.0626    precision@10 : 0.0922    gauc : 0.8951    itemcoverage@10 : 0.4021    averagepopularity@10 : 1056.2153    giniindex@10 : 0.9162    shannonentropy@10 : 0.0045    tailpercentage@10 : 0.0001
Sat 05 Apr 2025 07:53:33 INFO  Saving current: ./saved/movielens/MultiDAE-Apr-05-2025_07-38-30.pth
Sat 05 Apr 2025 07:53:33 INFO  epoch 49 training [time: 0.18s, train loss: 2091.1573]
Sat 05 Apr 2025 07:53:51 INFO  epoch 49 evaluating [time: 18.29s, valid_score: 0.241800]
Sat 05 Apr 2025 07:53:51 INFO  valid result: 
recall@10 : 0.128    mrr@10 : 0.2418    ndcg@10 : 0.1313    hit@10 : 0.5848    map@10 : 0.0629    precision@10 : 0.0921    gauc : 0.8953    itemcoverage@10 : 0.4115    averagepopularity@10 : 1043.454    giniindex@10 : 0.9123    shannonentropy@10 : 0.0044    tailpercentage@10 : 0.0001
Sat 05 Apr 2025 07:53:51 INFO  Saving current: ./saved/movielens/MultiDAE-Apr-05-2025_07-38-30.pth
Sat 05 Apr 2025 07:53:51 INFO  Loading model structure and parameters from ./saved/movielens/MultiDAE-Apr-05-2025_07-38-30.pth
