Wed 16 Apr 2025 06:04:02 INFO  
General Hyper Parameters:
gpu_id = 0
use_gpu = True
seed = 2020
state = INFO
reproducibility = True
data_path = dataset/movielens
checkpoint_dir = ./saved/movielens/
show_progress = True
save_dataset = True
dataset_save_path = None
save_dataloaders = True
dataloaders_save_path = None
log_wandb = False

Training Hyper Parameters:
epochs = 50
train_batch_size = 2048
learner = adam
learning_rate = 0.001
train_neg_sample_args = {'distribution': 'uniform', 'sample_num': 1, 'alpha': 1.0, 'dynamic': False, 'candidate_num': 0}
eval_step = 1
stopping_step = 50
clip_grad_norm = None
weight_decay = 0.0
loss_decimal_place = 4

Evaluation Hyper Parameters:
eval_args = {'split': {'RS': [0.8, 0.1, 0.1]}, 'group_by': 'user', 'order': 'RO', 'mode': 'full'}
repeatable = False
metrics = ['MRR']
topk = [10]
valid_metric = MRR@10
valid_metric_bigger = True
eval_batch_size = 4096
metric_decimal_place = 4

Dataset Hyper Parameters:
field_separator = 	
seq_separator =  
USER_ID_FIELD = user_id
ITEM_ID_FIELD = item_id
RATING_FIELD = rating
TIME_FIELD = timestamp
seq_len = None
LABEL_FIELD = label
threshold = None
NEG_PREFIX = neg_
load_col = {'inter': ['user_id', 'item_id']}
unload_col = None
unused_col = None
additional_feat_suffix = None
rm_dup_inter = None
val_interval = None
filter_inter_by_user_or_item = True
user_inter_num_interval = [0,inf)
item_inter_num_interval = [0,inf)
alias_of_user_id = None
alias_of_item_id = None
alias_of_entity_id = None
alias_of_relation_id = None
preload_weight = None
normalize_field = None
normalize_all = None
ITEM_LIST_LENGTH_FIELD = item_length
LIST_SUFFIX = _list
MAX_ITEM_LIST_LENGTH = 50
POSITION_FIELD = position_id
HEAD_ENTITY_ID_FIELD = head_id
TAIL_ENTITY_ID_FIELD = tail_id
RELATION_ID_FIELD = relation_id
ENTITY_ID_FIELD = entity_id
benchmark_filename = None

Other Hyper Parameters: 
worker = 0
wandb_project = recbole
shuffle = True
require_pow = False
enable_amp = False
enable_scaler = False
transform = None
mlp_hidden_size = [600]
latent_dimension = 64
dropout_prob = 0.5
numerical_features = []
discretization = None
kg_reverse_r = False
entity_kg_num_interval = [0,inf)
relation_kg_num_interval = [0,inf)
MODEL_TYPE = ModelType.GENERAL
MODEL_INPUT_TYPE = InputType.PAIRWISE
eval_type = EvaluatorType.RANKING
single_spec = True
local_rank = 0
device = cuda
eval_neg_sample_args = {'distribution': 'uniform', 'sample_num': 'none'}


Wed 16 Apr 2025 06:04:02 INFO  Load filtered dataset from: [./saved/movielens/movielens-Dataset.pth]
Wed 16 Apr 2025 06:04:02 INFO  movielens
The number of users: 6037
Average actions of users: 125.48889993373095
The number of items: 3193
Average actions of items: 237.296679197995
The number of inters: 757451
The sparsity of the dataset: 96.07052573437805%
Remain Fields: ['user_id', 'item_id']
Wed 16 Apr 2025 06:04:05 INFO  Load split dataloaders from: [./saved/movielens/movielens-for-MultiDAE-dataloader.pth]
Wed 16 Apr 2025 06:04:05 INFO  [Training]: train_batch_size = [2048] train_neg_sample_args: [{'distribution': 'uniform', 'sample_num': 1, 'alpha': 1.0, 'dynamic': False, 'candidate_num': 0}]
Wed 16 Apr 2025 06:04:05 INFO  [Evaluation]: eval_batch_size = [4096] eval_args: [{'split': {'RS': [0.8, 0.1, 0.1]}, 'group_by': 'user', 'order': 'RO', 'mode': 'full'}]
Wed 16 Apr 2025 06:04:05 WARNING  Max value of user's history interaction records has reached 42.092076417162545% of the total.
Wed 16 Apr 2025 06:04:06 INFO  MultiDAE(
  (encoder): MLPLayers(
    (mlp_layers): Sequential(
      (0): Dropout(p=0.0, inplace=False)
      (1): Linear(in_features=3193, out_features=600, bias=True)
      (2): Tanh()
      (3): Dropout(p=0.0, inplace=False)
      (4): Linear(in_features=600, out_features=64, bias=True)
      (5): Tanh()
    )
  )
  (decoder): Sequential(
    (0): Linear(in_features=64, out_features=600, bias=True)
    (1): Tanh()
    (2): Linear(in_features=600, out_features=3193, bias=True)
  )
)
Trainable parameters: 3912857
Wed 16 Apr 2025 06:04:11 INFO  epoch 0 training [time: 0.22s, train loss: 2448.1613]
Wed 16 Apr 2025 06:04:20 INFO  epoch 0 evaluating [time: 9.12s, valid_score: 0.057200]
Wed 16 Apr 2025 06:04:20 INFO  valid result: 
mrr@10 : 0.0572
Wed 16 Apr 2025 06:04:20 INFO  Saving current: ./saved/movielens/MultiDAE-Apr-16-2025_06-04-06.pth
Wed 16 Apr 2025 06:04:20 INFO  epoch 1 training [time: 0.14s, train loss: 2406.6304]
Wed 16 Apr 2025 06:04:29 INFO  epoch 1 evaluating [time: 9.36s, valid_score: 0.062200]
Wed 16 Apr 2025 06:04:29 INFO  valid result: 
mrr@10 : 0.0622
Wed 16 Apr 2025 06:04:29 INFO  Saving current: ./saved/movielens/MultiDAE-Apr-16-2025_06-04-06.pth
Wed 16 Apr 2025 06:04:30 INFO  epoch 2 training [time: 0.14s, train loss: 2322.3306]
Wed 16 Apr 2025 06:04:39 INFO  epoch 2 evaluating [time: 9.39s, valid_score: 0.113000]
Wed 16 Apr 2025 06:04:39 INFO  valid result: 
mrr@10 : 0.113
Wed 16 Apr 2025 06:04:39 INFO  Saving current: ./saved/movielens/MultiDAE-Apr-16-2025_06-04-06.pth
Wed 16 Apr 2025 06:04:39 INFO  epoch 3 training [time: 0.15s, train loss: 2293.4631]
Wed 16 Apr 2025 06:04:49 INFO  epoch 3 evaluating [time: 9.53s, valid_score: 0.144100]
Wed 16 Apr 2025 06:04:49 INFO  valid result: 
mrr@10 : 0.1441
Wed 16 Apr 2025 06:04:49 INFO  Saving current: ./saved/movielens/MultiDAE-Apr-16-2025_06-04-06.pth
Wed 16 Apr 2025 06:04:49 INFO  epoch 4 training [time: 0.16s, train loss: 2278.2162]
Wed 16 Apr 2025 06:04:58 INFO  epoch 4 evaluating [time: 9.17s, valid_score: 0.138900]
Wed 16 Apr 2025 06:04:58 INFO  valid result: 
mrr@10 : 0.1389
Wed 16 Apr 2025 06:04:58 INFO  epoch 5 training [time: 0.14s, train loss: 2269.0710]
Wed 16 Apr 2025 06:05:08 INFO  epoch 5 evaluating [time: 9.35s, valid_score: 0.133000]
Wed 16 Apr 2025 06:05:08 INFO  valid result: 
mrr@10 : 0.133
Wed 16 Apr 2025 06:05:08 INFO  epoch 6 training [time: 0.13s, train loss: 2264.8848]
Wed 16 Apr 2025 06:05:17 INFO  epoch 6 evaluating [time: 9.44s, valid_score: 0.140100]
Wed 16 Apr 2025 06:05:17 INFO  valid result: 
mrr@10 : 0.1401
Wed 16 Apr 2025 06:05:17 INFO  epoch 7 training [time: 0.14s, train loss: 2259.1051]
Wed 16 Apr 2025 06:05:27 INFO  epoch 7 evaluating [time: 9.35s, valid_score: 0.149900]
Wed 16 Apr 2025 06:05:27 INFO  valid result: 
mrr@10 : 0.1499
Wed 16 Apr 2025 06:05:27 INFO  Saving current: ./saved/movielens/MultiDAE-Apr-16-2025_06-04-06.pth
Wed 16 Apr 2025 06:05:27 INFO  epoch 8 training [time: 0.16s, train loss: 2253.0784]
Wed 16 Apr 2025 06:05:37 INFO  epoch 8 evaluating [time: 10.47s, valid_score: 0.148500]
Wed 16 Apr 2025 06:05:37 INFO  valid result: 
mrr@10 : 0.1485
Wed 16 Apr 2025 06:05:38 INFO  epoch 9 training [time: 0.17s, train loss: 2250.3155]
Wed 16 Apr 2025 06:05:48 INFO  epoch 9 evaluating [time: 10.10s, valid_score: 0.150900]
Wed 16 Apr 2025 06:05:48 INFO  valid result: 
mrr@10 : 0.1509
Wed 16 Apr 2025 06:05:48 INFO  Saving current: ./saved/movielens/MultiDAE-Apr-16-2025_06-04-06.pth
Wed 16 Apr 2025 06:05:48 INFO  epoch 10 training [time: 0.15s, train loss: 2242.7758]
Wed 16 Apr 2025 06:05:58 INFO  epoch 10 evaluating [time: 9.88s, valid_score: 0.155200]
Wed 16 Apr 2025 06:05:58 INFO  valid result: 
mrr@10 : 0.1552
Wed 16 Apr 2025 06:05:58 INFO  Saving current: ./saved/movielens/MultiDAE-Apr-16-2025_06-04-06.pth
Wed 16 Apr 2025 06:05:58 INFO  epoch 11 training [time: 0.15s, train loss: 2233.0207]
Wed 16 Apr 2025 06:06:07 INFO  epoch 11 evaluating [time: 9.33s, valid_score: 0.156700]
Wed 16 Apr 2025 06:06:07 INFO  valid result: 
mrr@10 : 0.1567
Wed 16 Apr 2025 06:06:07 INFO  Saving current: ./saved/movielens/MultiDAE-Apr-16-2025_06-04-06.pth
Wed 16 Apr 2025 06:06:07 INFO  epoch 12 training [time: 0.15s, train loss: 2224.2193]
Wed 16 Apr 2025 06:06:18 INFO  epoch 12 evaluating [time: 10.10s, valid_score: 0.162600]
Wed 16 Apr 2025 06:06:18 INFO  valid result: 
mrr@10 : 0.1626
Wed 16 Apr 2025 06:06:18 INFO  Saving current: ./saved/movielens/MultiDAE-Apr-16-2025_06-04-06.pth
Wed 16 Apr 2025 06:06:18 INFO  epoch 13 training [time: 0.13s, train loss: 2213.1605]
Wed 16 Apr 2025 06:06:27 INFO  epoch 13 evaluating [time: 9.56s, valid_score: 0.172300]
Wed 16 Apr 2025 06:06:27 INFO  valid result: 
mrr@10 : 0.1723
Wed 16 Apr 2025 06:06:27 INFO  Saving current: ./saved/movielens/MultiDAE-Apr-16-2025_06-04-06.pth
Wed 16 Apr 2025 06:06:27 INFO  epoch 14 training [time: 0.16s, train loss: 2204.0045]
Wed 16 Apr 2025 06:06:37 INFO  epoch 14 evaluating [time: 9.53s, valid_score: 0.179500]
Wed 16 Apr 2025 06:06:37 INFO  valid result: 
mrr@10 : 0.1795
Wed 16 Apr 2025 06:06:37 INFO  Saving current: ./saved/movielens/MultiDAE-Apr-16-2025_06-04-06.pth
Wed 16 Apr 2025 06:06:37 INFO  epoch 15 training [time: 0.13s, train loss: 2195.8691]
Wed 16 Apr 2025 06:06:47 INFO  epoch 15 evaluating [time: 9.45s, valid_score: 0.183900]
Wed 16 Apr 2025 06:06:47 INFO  valid result: 
mrr@10 : 0.1839
Wed 16 Apr 2025 06:06:47 INFO  Saving current: ./saved/movielens/MultiDAE-Apr-16-2025_06-04-06.pth
Wed 16 Apr 2025 06:06:47 INFO  epoch 16 training [time: 0.15s, train loss: 2188.6382]
Wed 16 Apr 2025 06:06:56 INFO  epoch 16 evaluating [time: 9.40s, valid_score: 0.186500]
Wed 16 Apr 2025 06:06:56 INFO  valid result: 
mrr@10 : 0.1865
Wed 16 Apr 2025 06:06:56 INFO  Saving current: ./saved/movielens/MultiDAE-Apr-16-2025_06-04-06.pth
Wed 16 Apr 2025 06:06:56 INFO  epoch 17 training [time: 0.14s, train loss: 2180.4150]
Wed 16 Apr 2025 06:07:06 INFO  epoch 17 evaluating [time: 9.97s, valid_score: 0.189100]
Wed 16 Apr 2025 06:07:06 INFO  valid result: 
mrr@10 : 0.1891
Wed 16 Apr 2025 06:07:06 INFO  Saving current: ./saved/movielens/MultiDAE-Apr-16-2025_06-04-06.pth
Wed 16 Apr 2025 06:07:07 INFO  epoch 18 training [time: 0.17s, train loss: 2172.9036]
Wed 16 Apr 2025 06:07:16 INFO  epoch 18 evaluating [time: 9.62s, valid_score: 0.195600]
Wed 16 Apr 2025 06:07:16 INFO  valid result: 
mrr@10 : 0.1956
Wed 16 Apr 2025 06:07:16 INFO  Saving current: ./saved/movielens/MultiDAE-Apr-16-2025_06-04-06.pth
Wed 16 Apr 2025 06:07:16 INFO  epoch 19 training [time: 0.16s, train loss: 2165.2656]
Wed 16 Apr 2025 06:07:26 INFO  epoch 19 evaluating [time: 9.53s, valid_score: 0.197600]
Wed 16 Apr 2025 06:07:26 INFO  valid result: 
mrr@10 : 0.1976
Wed 16 Apr 2025 06:07:26 INFO  Saving current: ./saved/movielens/MultiDAE-Apr-16-2025_06-04-06.pth
Wed 16 Apr 2025 06:07:26 INFO  epoch 20 training [time: 0.15s, train loss: 2160.2858]
Wed 16 Apr 2025 06:07:36 INFO  epoch 20 evaluating [time: 9.55s, valid_score: 0.203000]
Wed 16 Apr 2025 06:07:36 INFO  valid result: 
mrr@10 : 0.203
Wed 16 Apr 2025 06:07:36 INFO  Saving current: ./saved/movielens/MultiDAE-Apr-16-2025_06-04-06.pth
Wed 16 Apr 2025 06:07:36 INFO  epoch 21 training [time: 0.15s, train loss: 2154.9984]
Wed 16 Apr 2025 06:07:45 INFO  epoch 21 evaluating [time: 9.44s, valid_score: 0.206500]
Wed 16 Apr 2025 06:07:45 INFO  valid result: 
mrr@10 : 0.2065
Wed 16 Apr 2025 06:07:45 INFO  Saving current: ./saved/movielens/MultiDAE-Apr-16-2025_06-04-06.pth
Wed 16 Apr 2025 06:07:46 INFO  epoch 22 training [time: 0.15s, train loss: 2151.4055]
Wed 16 Apr 2025 06:07:55 INFO  epoch 22 evaluating [time: 9.52s, valid_score: 0.212100]
Wed 16 Apr 2025 06:07:55 INFO  valid result: 
mrr@10 : 0.2121
Wed 16 Apr 2025 06:07:55 INFO  Saving current: ./saved/movielens/MultiDAE-Apr-16-2025_06-04-06.pth
Wed 16 Apr 2025 06:07:55 INFO  epoch 23 training [time: 0.17s, train loss: 2147.2940]
Wed 16 Apr 2025 06:08:05 INFO  epoch 23 evaluating [time: 9.87s, valid_score: 0.214300]
Wed 16 Apr 2025 06:08:05 INFO  valid result: 
mrr@10 : 0.2143
Wed 16 Apr 2025 06:08:05 INFO  Saving current: ./saved/movielens/MultiDAE-Apr-16-2025_06-04-06.pth
Wed 16 Apr 2025 06:08:05 INFO  epoch 24 training [time: 0.16s, train loss: 2143.3694]
Wed 16 Apr 2025 06:08:15 INFO  epoch 24 evaluating [time: 9.25s, valid_score: 0.215000]
Wed 16 Apr 2025 06:08:15 INFO  valid result: 
mrr@10 : 0.215
Wed 16 Apr 2025 06:08:15 INFO  Saving current: ./saved/movielens/MultiDAE-Apr-16-2025_06-04-06.pth
Wed 16 Apr 2025 06:08:15 INFO  epoch 25 training [time: 0.15s, train loss: 2141.6548]
Wed 16 Apr 2025 06:08:24 INFO  epoch 25 evaluating [time: 9.22s, valid_score: 0.215400]
Wed 16 Apr 2025 06:08:24 INFO  valid result: 
mrr@10 : 0.2154
Wed 16 Apr 2025 06:08:24 INFO  Saving current: ./saved/movielens/MultiDAE-Apr-16-2025_06-04-06.pth
Wed 16 Apr 2025 06:08:24 INFO  epoch 26 training [time: 0.15s, train loss: 2140.2222]
Wed 16 Apr 2025 06:08:34 INFO  epoch 26 evaluating [time: 9.85s, valid_score: 0.218500]
Wed 16 Apr 2025 06:08:34 INFO  valid result: 
mrr@10 : 0.2185
Wed 16 Apr 2025 06:08:34 INFO  Saving current: ./saved/movielens/MultiDAE-Apr-16-2025_06-04-06.pth
Wed 16 Apr 2025 06:08:34 INFO  epoch 27 training [time: 0.15s, train loss: 2135.4562]
Wed 16 Apr 2025 06:08:44 INFO  epoch 27 evaluating [time: 9.35s, valid_score: 0.220500]
Wed 16 Apr 2025 06:08:44 INFO  valid result: 
mrr@10 : 0.2205
Wed 16 Apr 2025 06:08:44 INFO  Saving current: ./saved/movielens/MultiDAE-Apr-16-2025_06-04-06.pth
Wed 16 Apr 2025 06:08:44 INFO  epoch 28 training [time: 0.15s, train loss: 2133.1481]
Wed 16 Apr 2025 06:08:54 INFO  epoch 28 evaluating [time: 10.22s, valid_score: 0.220400]
Wed 16 Apr 2025 06:08:54 INFO  valid result: 
mrr@10 : 0.2204
Wed 16 Apr 2025 06:08:54 INFO  epoch 29 training [time: 0.14s, train loss: 2129.6109]
Wed 16 Apr 2025 06:09:04 INFO  epoch 29 evaluating [time: 9.75s, valid_score: 0.221700]
Wed 16 Apr 2025 06:09:04 INFO  valid result: 
mrr@10 : 0.2217
Wed 16 Apr 2025 06:09:04 INFO  Saving current: ./saved/movielens/MultiDAE-Apr-16-2025_06-04-06.pth
Wed 16 Apr 2025 06:09:04 INFO  epoch 30 training [time: 0.16s, train loss: 2128.4653]
Wed 16 Apr 2025 06:09:15 INFO  epoch 30 evaluating [time: 10.64s, valid_score: 0.221900]
Wed 16 Apr 2025 06:09:15 INFO  valid result: 
mrr@10 : 0.2219
Wed 16 Apr 2025 06:09:15 INFO  Saving current: ./saved/movielens/MultiDAE-Apr-16-2025_06-04-06.pth
Wed 16 Apr 2025 06:09:15 INFO  epoch 31 training [time: 0.16s, train loss: 2125.5302]
Wed 16 Apr 2025 06:09:24 INFO  epoch 31 evaluating [time: 9.39s, valid_score: 0.224200]
Wed 16 Apr 2025 06:09:24 INFO  valid result: 
mrr@10 : 0.2242
Wed 16 Apr 2025 06:09:25 INFO  Saving current: ./saved/movielens/MultiDAE-Apr-16-2025_06-04-06.pth
Wed 16 Apr 2025 06:09:25 INFO  epoch 32 training [time: 0.16s, train loss: 2122.6298]
Wed 16 Apr 2025 06:09:34 INFO  epoch 32 evaluating [time: 9.49s, valid_score: 0.225000]
Wed 16 Apr 2025 06:09:34 INFO  valid result: 
mrr@10 : 0.225
Wed 16 Apr 2025 06:09:34 INFO  Saving current: ./saved/movielens/MultiDAE-Apr-16-2025_06-04-06.pth
Wed 16 Apr 2025 06:09:34 INFO  epoch 33 training [time: 0.14s, train loss: 2123.8176]
Wed 16 Apr 2025 06:09:45 INFO  epoch 33 evaluating [time: 10.27s, valid_score: 0.226900]
Wed 16 Apr 2025 06:09:45 INFO  valid result: 
mrr@10 : 0.2269
Wed 16 Apr 2025 06:09:45 INFO  Saving current: ./saved/movielens/MultiDAE-Apr-16-2025_06-04-06.pth
Wed 16 Apr 2025 06:09:45 INFO  epoch 34 training [time: 0.17s, train loss: 2121.4514]
Wed 16 Apr 2025 06:09:54 INFO  epoch 34 evaluating [time: 9.34s, valid_score: 0.226600]
Wed 16 Apr 2025 06:09:54 INFO  valid result: 
mrr@10 : 0.2266
Wed 16 Apr 2025 06:09:54 INFO  epoch 35 training [time: 0.15s, train loss: 2119.2554]
Wed 16 Apr 2025 06:10:04 INFO  epoch 35 evaluating [time: 9.93s, valid_score: 0.226700]
Wed 16 Apr 2025 06:10:04 INFO  valid result: 
mrr@10 : 0.2267
Wed 16 Apr 2025 06:10:04 INFO  epoch 36 training [time: 0.14s, train loss: 2115.6017]
Wed 16 Apr 2025 06:10:14 INFO  epoch 36 evaluating [time: 10.00s, valid_score: 0.227600]
Wed 16 Apr 2025 06:10:14 INFO  valid result: 
mrr@10 : 0.2276
Wed 16 Apr 2025 06:10:14 INFO  Saving current: ./saved/movielens/MultiDAE-Apr-16-2025_06-04-06.pth
Wed 16 Apr 2025 06:10:15 INFO  epoch 37 training [time: 0.16s, train loss: 2113.0951]
Wed 16 Apr 2025 06:10:24 INFO  epoch 37 evaluating [time: 9.82s, valid_score: 0.229300]
Wed 16 Apr 2025 06:10:24 INFO  valid result: 
mrr@10 : 0.2293
Wed 16 Apr 2025 06:10:24 INFO  Saving current: ./saved/movielens/MultiDAE-Apr-16-2025_06-04-06.pth
Wed 16 Apr 2025 06:10:25 INFO  epoch 38 training [time: 0.17s, train loss: 2111.3726]
Wed 16 Apr 2025 06:10:35 INFO  epoch 38 evaluating [time: 9.91s, valid_score: 0.229200]
Wed 16 Apr 2025 06:10:35 INFO  valid result: 
mrr@10 : 0.2292
Wed 16 Apr 2025 06:10:35 INFO  epoch 39 training [time: 0.14s, train loss: 2108.5257]
Wed 16 Apr 2025 06:10:44 INFO  epoch 39 evaluating [time: 9.66s, valid_score: 0.230800]
Wed 16 Apr 2025 06:10:44 INFO  valid result: 
mrr@10 : 0.2308
Wed 16 Apr 2025 06:10:44 INFO  Saving current: ./saved/movielens/MultiDAE-Apr-16-2025_06-04-06.pth
Wed 16 Apr 2025 06:10:45 INFO  epoch 40 training [time: 0.15s, train loss: 2106.9981]
Wed 16 Apr 2025 06:10:54 INFO  epoch 40 evaluating [time: 9.58s, valid_score: 0.230400]
Wed 16 Apr 2025 06:10:54 INFO  valid result: 
mrr@10 : 0.2304
Wed 16 Apr 2025 06:10:54 INFO  epoch 41 training [time: 0.16s, train loss: 2106.0173]
Wed 16 Apr 2025 06:11:04 INFO  epoch 41 evaluating [time: 10.04s, valid_score: 0.232700]
Wed 16 Apr 2025 06:11:04 INFO  valid result: 
mrr@10 : 0.2327
Wed 16 Apr 2025 06:11:04 INFO  Saving current: ./saved/movielens/MultiDAE-Apr-16-2025_06-04-06.pth
Wed 16 Apr 2025 06:11:04 INFO  epoch 42 training [time: 0.10s, train loss: 2104.3260]
Wed 16 Apr 2025 06:11:14 INFO  epoch 42 evaluating [time: 9.72s, valid_score: 0.232700]
Wed 16 Apr 2025 06:11:14 INFO  valid result: 
mrr@10 : 0.2327
Wed 16 Apr 2025 06:11:14 INFO  Saving current: ./saved/movielens/MultiDAE-Apr-16-2025_06-04-06.pth
Wed 16 Apr 2025 06:11:14 INFO  epoch 43 training [time: 0.15s, train loss: 2101.3152]
Wed 16 Apr 2025 06:11:24 INFO  epoch 43 evaluating [time: 9.78s, valid_score: 0.232400]
Wed 16 Apr 2025 06:11:24 INFO  valid result: 
mrr@10 : 0.2324
Wed 16 Apr 2025 06:11:24 INFO  epoch 44 training [time: 0.15s, train loss: 2101.4144]
Wed 16 Apr 2025 06:11:34 INFO  epoch 44 evaluating [time: 9.36s, valid_score: 0.232500]
Wed 16 Apr 2025 06:11:34 INFO  valid result: 
mrr@10 : 0.2325
Wed 16 Apr 2025 06:11:34 INFO  epoch 45 training [time: 0.14s, train loss: 2098.9964]
Wed 16 Apr 2025 06:11:43 INFO  epoch 45 evaluating [time: 9.07s, valid_score: 0.232700]
Wed 16 Apr 2025 06:11:43 INFO  valid result: 
mrr@10 : 0.2327
Wed 16 Apr 2025 06:11:43 INFO  Saving current: ./saved/movielens/MultiDAE-Apr-16-2025_06-04-06.pth
Wed 16 Apr 2025 06:11:43 INFO  epoch 46 training [time: 0.13s, train loss: 2099.2498]
Wed 16 Apr 2025 06:11:52 INFO  epoch 46 evaluating [time: 9.25s, valid_score: 0.233800]
Wed 16 Apr 2025 06:11:52 INFO  valid result: 
mrr@10 : 0.2338
Wed 16 Apr 2025 06:11:52 INFO  Saving current: ./saved/movielens/MultiDAE-Apr-16-2025_06-04-06.pth
Wed 16 Apr 2025 06:11:53 INFO  epoch 47 training [time: 0.14s, train loss: 2096.6921]
Wed 16 Apr 2025 06:12:02 INFO  epoch 47 evaluating [time: 9.79s, valid_score: 0.237600]
Wed 16 Apr 2025 06:12:02 INFO  valid result: 
mrr@10 : 0.2376
Wed 16 Apr 2025 06:12:02 INFO  Saving current: ./saved/movielens/MultiDAE-Apr-16-2025_06-04-06.pth
Wed 16 Apr 2025 06:12:03 INFO  epoch 48 training [time: 0.17s, train loss: 2095.5098]
Wed 16 Apr 2025 06:12:12 INFO  epoch 48 evaluating [time: 9.44s, valid_score: 0.237000]
Wed 16 Apr 2025 06:12:12 INFO  valid result: 
mrr@10 : 0.237
Wed 16 Apr 2025 06:12:12 INFO  epoch 49 training [time: 0.15s, train loss: 2092.6142]
Wed 16 Apr 2025 06:12:21 INFO  epoch 49 evaluating [time: 9.31s, valid_score: 0.238100]
Wed 16 Apr 2025 06:12:21 INFO  valid result: 
mrr@10 : 0.2381
Wed 16 Apr 2025 06:12:22 INFO  Saving current: ./saved/movielens/MultiDAE-Apr-16-2025_06-04-06.pth
Wed 16 Apr 2025 06:12:22 INFO  Loading model structure and parameters from ./saved/movielens/MultiDAE-Apr-16-2025_06-04-06.pth
