Sat 19 Apr 2025 15:00:08 INFO  
General Hyper Parameters:
gpu_id = 0
use_gpu = True
seed = 2020
state = INFO
reproducibility = True
data_path = dataset/amazon
checkpoint_dir = ./saved/amazon/
show_progress = True
save_dataset = True
dataset_save_path = None
save_dataloaders = True
dataloaders_save_path = None
log_wandb = False

Training Hyper Parameters:
epochs = 20
train_batch_size = 2048
learner = adam
learning_rate = 0.001
train_neg_sample_args = {'distribution': 'uniform', 'sample_num': 1, 'alpha': 1.0, 'dynamic': False, 'candidate_num': 0}
eval_step = 1
stopping_step = 50
clip_grad_norm = None
weight_decay = 0.0
loss_decimal_place = 4

Evaluation Hyper Parameters:
eval_args = {'split': {'RS': [0.8, 0.1, 0.1]}, 'group_by': 'user', 'order': 'RO', 'mode': 'full'}
repeatable = False
metrics = ['MRR']
topk = [10]
valid_metric = MRR@10
valid_metric_bigger = True
eval_batch_size = 4096
metric_decimal_place = 4

Dataset Hyper Parameters:
field_separator = 	
seq_separator =  
USER_ID_FIELD = user_id
ITEM_ID_FIELD = item_id
RATING_FIELD = rating
TIME_FIELD = timestamp
seq_len = None
LABEL_FIELD = label
threshold = None
NEG_PREFIX = neg_
load_col = {'inter': ['user_id', 'item_id']}
unload_col = None
unused_col = None
additional_feat_suffix = None
rm_dup_inter = None
val_interval = None
filter_inter_by_user_or_item = True
user_inter_num_interval = [0,inf)
item_inter_num_interval = [0,inf)
alias_of_user_id = None
alias_of_item_id = None
alias_of_entity_id = None
alias_of_relation_id = None
preload_weight = None
normalize_field = None
normalize_all = None
ITEM_LIST_LENGTH_FIELD = item_length
LIST_SUFFIX = _list
MAX_ITEM_LIST_LENGTH = 50
POSITION_FIELD = position_id
HEAD_ENTITY_ID_FIELD = head_id
TAIL_ENTITY_ID_FIELD = tail_id
RELATION_ID_FIELD = relation_id
ENTITY_ID_FIELD = entity_id
benchmark_filename = None

Other Hyper Parameters: 
worker = 0
wandb_project = recbole
shuffle = True
require_pow = False
enable_amp = False
enable_scaler = False
transform = None
inter_matrix_type = 01
user_embedding_size = 64
item_embedding_size = 64
user_hidden_size_list = [64, 64]
item_hidden_size_list = [64, 64]
embedding_size = 10
numerical_features = []
discretization = None
kg_reverse_r = False
entity_kg_num_interval = [0,inf)
relation_kg_num_interval = [0,inf)
MODEL_TYPE = ModelType.GENERAL
MODEL_INPUT_TYPE = InputType.POINTWISE
eval_type = EvaluatorType.RANKING
single_spec = True
local_rank = 0
device = cuda
eval_neg_sample_args = {'distribution': 'uniform', 'sample_num': 'none'}


Sat 19 Apr 2025 15:00:08 INFO  Load filtered dataset from: [./saved/amazon/amazon-Dataset.pth]
Sat 19 Apr 2025 15:00:08 INFO  amazon
The number of users: 22156
Average actions of users: 66.16434213495825
The number of items: 54459
Average actions of items: 26.917459326453415
The number of inters: 1465871
The sparsity of the dataset: 99.87851162187994%
Remain Fields: ['user_id', 'item_id']
Sat 19 Apr 2025 15:00:16 INFO  Load split dataloaders from: [./saved/amazon/amazon-for-DMF-dataloader.pth]
Sat 19 Apr 2025 15:00:16 INFO  [Training]: train_batch_size = [2048] train_neg_sample_args: [{'distribution': 'uniform', 'sample_num': 1, 'alpha': 1.0, 'dynamic': False, 'candidate_num': 0}]
Sat 19 Apr 2025 15:00:16 INFO  [Evaluation]: eval_batch_size = [4096] eval_args: [{'split': {'RS': [0.8, 0.1, 0.1]}, 'group_by': 'user', 'order': 'RO', 'mode': 'full'}]
Sat 19 Apr 2025 15:00:22 INFO  DMF(
  (user_linear): Linear(in_features=54459, out_features=64, bias=False)
  (item_linear): Linear(in_features=22156, out_features=64, bias=False)
  (user_fc_layers): MLPLayers(
    (mlp_layers): Sequential(
      (0): Dropout(p=0.0, inplace=False)
      (1): Linear(in_features=64, out_features=64, bias=True)
      (2): ReLU()
      (3): Dropout(p=0.0, inplace=False)
      (4): Linear(in_features=64, out_features=64, bias=True)
      (5): ReLU()
    )
  )
  (item_fc_layers): MLPLayers(
    (mlp_layers): Sequential(
      (0): Dropout(p=0.0, inplace=False)
      (1): Linear(in_features=64, out_features=64, bias=True)
      (2): ReLU()
      (3): Dropout(p=0.0, inplace=False)
      (4): Linear(in_features=64, out_features=64, bias=True)
      (5): ReLU()
    )
  )
  (sigmoid): Sigmoid()
  (bce_loss): BCEWithLogitsLoss()
)
Trainable parameters: 4920000
Sat 19 Apr 2025 15:01:01 INFO  epoch 0 training [time: 34.79s, train loss: 695.7532]
Sat 19 Apr 2025 15:01:41 INFO  epoch 0 evaluating [time: 39.93s, valid_score: 0.024900]
Sat 19 Apr 2025 15:01:41 INFO  valid result: 
mrr@10 : 0.0249
Sat 19 Apr 2025 15:01:41 INFO  Saving current: ./saved/amazon/DMF-Apr-19-2025_15-00-22.pth
Sat 19 Apr 2025 15:02:16 INFO  epoch 1 training [time: 34.60s, train loss: 631.9140]
Sat 19 Apr 2025 15:02:55 INFO  epoch 1 evaluating [time: 39.01s, valid_score: 0.030000]
Sat 19 Apr 2025 15:02:55 INFO  valid result: 
mrr@10 : 0.03
Sat 19 Apr 2025 15:02:55 INFO  Saving current: ./saved/amazon/DMF-Apr-19-2025_15-00-22.pth
Sat 19 Apr 2025 15:03:29 INFO  epoch 2 training [time: 34.51s, train loss: 612.3763]
Sat 19 Apr 2025 15:04:09 INFO  epoch 2 evaluating [time: 39.36s, valid_score: 0.033900]
Sat 19 Apr 2025 15:04:09 INFO  valid result: 
mrr@10 : 0.0339
Sat 19 Apr 2025 15:04:09 INFO  Saving current: ./saved/amazon/DMF-Apr-19-2025_15-00-22.pth
Sat 19 Apr 2025 15:04:43 INFO  epoch 3 training [time: 34.60s, train loss: 598.2954]
Sat 19 Apr 2025 15:05:23 INFO  epoch 3 evaluating [time: 39.68s, valid_score: 0.037300]
Sat 19 Apr 2025 15:05:23 INFO  valid result: 
mrr@10 : 0.0373
Sat 19 Apr 2025 15:05:23 INFO  Saving current: ./saved/amazon/DMF-Apr-19-2025_15-00-22.pth
Sat 19 Apr 2025 15:05:58 INFO  epoch 4 training [time: 34.58s, train loss: 590.4264]
Sat 19 Apr 2025 15:06:36 INFO  epoch 4 evaluating [time: 38.61s, valid_score: 0.039200]
Sat 19 Apr 2025 15:06:36 INFO  valid result: 
mrr@10 : 0.0392
Sat 19 Apr 2025 15:06:36 INFO  Saving current: ./saved/amazon/DMF-Apr-19-2025_15-00-22.pth
Sat 19 Apr 2025 15:07:11 INFO  epoch 5 training [time: 34.62s, train loss: 586.0444]
Sat 19 Apr 2025 15:07:50 INFO  epoch 5 evaluating [time: 38.76s, valid_score: 0.041900]
Sat 19 Apr 2025 15:07:50 INFO  valid result: 
mrr@10 : 0.0419
Sat 19 Apr 2025 15:07:50 INFO  Saving current: ./saved/amazon/DMF-Apr-19-2025_15-00-22.pth
Sat 19 Apr 2025 15:08:24 INFO  epoch 6 training [time: 34.62s, train loss: 582.3975]
Sat 19 Apr 2025 15:09:03 INFO  epoch 6 evaluating [time: 38.66s, valid_score: 0.041200]
Sat 19 Apr 2025 15:09:03 INFO  valid result: 
mrr@10 : 0.0412
Sat 19 Apr 2025 15:09:38 INFO  epoch 7 training [time: 34.61s, train loss: 579.1831]
Sat 19 Apr 2025 15:10:16 INFO  epoch 7 evaluating [time: 37.96s, valid_score: 0.042200]
Sat 19 Apr 2025 15:10:16 INFO  valid result: 
mrr@10 : 0.0422
Sat 19 Apr 2025 15:10:16 INFO  Saving current: ./saved/amazon/DMF-Apr-19-2025_15-00-22.pth
Sat 19 Apr 2025 15:10:50 INFO  epoch 8 training [time: 34.64s, train loss: 577.3763]
Sat 19 Apr 2025 15:11:31 INFO  epoch 8 evaluating [time: 40.13s, valid_score: 0.043400]
Sat 19 Apr 2025 15:11:31 INFO  valid result: 
mrr@10 : 0.0434
Sat 19 Apr 2025 15:11:31 INFO  Saving current: ./saved/amazon/DMF-Apr-19-2025_15-00-22.pth
Sat 19 Apr 2025 15:12:05 INFO  epoch 9 training [time: 34.63s, train loss: 576.1494]
Sat 19 Apr 2025 15:12:45 INFO  epoch 9 evaluating [time: 40.09s, valid_score: 0.042500]
Sat 19 Apr 2025 15:12:45 INFO  valid result: 
mrr@10 : 0.0425
Sat 19 Apr 2025 15:13:20 INFO  epoch 10 training [time: 34.67s, train loss: 574.9397]
Sat 19 Apr 2025 15:13:59 INFO  epoch 10 evaluating [time: 38.77s, valid_score: 0.041000]
Sat 19 Apr 2025 15:13:59 INFO  valid result: 
mrr@10 : 0.041
Sat 19 Apr 2025 15:14:33 INFO  epoch 11 training [time: 34.60s, train loss: 573.8825]
Sat 19 Apr 2025 15:15:12 INFO  epoch 11 evaluating [time: 38.27s, valid_score: 0.042000]
Sat 19 Apr 2025 15:15:12 INFO  valid result: 
mrr@10 : 0.042
Sat 19 Apr 2025 15:15:46 INFO  epoch 12 training [time: 34.58s, train loss: 573.0503]
Sat 19 Apr 2025 15:16:26 INFO  epoch 12 evaluating [time: 39.98s, valid_score: 0.042100]
Sat 19 Apr 2025 15:16:26 INFO  valid result: 
mrr@10 : 0.0421
Sat 19 Apr 2025 15:17:01 INFO  epoch 13 training [time: 34.52s, train loss: 571.8754]
Sat 19 Apr 2025 15:17:41 INFO  epoch 13 evaluating [time: 39.86s, valid_score: 0.041400]
Sat 19 Apr 2025 15:17:41 INFO  valid result: 
mrr@10 : 0.0414
Sat 19 Apr 2025 15:18:15 INFO  epoch 14 training [time: 34.61s, train loss: 570.9480]
Sat 19 Apr 2025 15:18:54 INFO  epoch 14 evaluating [time: 38.97s, valid_score: 0.043500]
Sat 19 Apr 2025 15:18:54 INFO  valid result: 
mrr@10 : 0.0435
Sat 19 Apr 2025 15:18:54 INFO  Saving current: ./saved/amazon/DMF-Apr-19-2025_15-00-22.pth
Sat 19 Apr 2025 15:19:29 INFO  epoch 15 training [time: 34.64s, train loss: 570.2797]
Sat 19 Apr 2025 15:20:07 INFO  epoch 15 evaluating [time: 38.58s, valid_score: 0.043000]
Sat 19 Apr 2025 15:20:07 INFO  valid result: 
mrr@10 : 0.043
Sat 19 Apr 2025 15:20:42 INFO  epoch 16 training [time: 34.71s, train loss: 569.9457]
Sat 19 Apr 2025 15:21:22 INFO  epoch 16 evaluating [time: 39.76s, valid_score: 0.044600]
Sat 19 Apr 2025 15:21:22 INFO  valid result: 
mrr@10 : 0.0446
Sat 19 Apr 2025 15:21:22 INFO  Saving current: ./saved/amazon/DMF-Apr-19-2025_15-00-22.pth
Sat 19 Apr 2025 15:21:57 INFO  epoch 17 training [time: 34.62s, train loss: 569.6969]
Sat 19 Apr 2025 15:22:35 INFO  epoch 17 evaluating [time: 38.07s, valid_score: 0.045700]
Sat 19 Apr 2025 15:22:35 INFO  valid result: 
mrr@10 : 0.0457
Sat 19 Apr 2025 15:22:35 INFO  Saving current: ./saved/amazon/DMF-Apr-19-2025_15-00-22.pth
Sat 19 Apr 2025 15:23:09 INFO  epoch 18 training [time: 34.50s, train loss: 568.7440]
Sat 19 Apr 2025 15:23:48 INFO  epoch 18 evaluating [time: 39.14s, valid_score: 0.042300]
Sat 19 Apr 2025 15:23:48 INFO  valid result: 
mrr@10 : 0.0423
Sat 19 Apr 2025 15:24:23 INFO  epoch 19 training [time: 34.74s, train loss: 568.8011]
Sat 19 Apr 2025 15:25:03 INFO  epoch 19 evaluating [time: 39.58s, valid_score: 0.043600]
Sat 19 Apr 2025 15:25:03 INFO  valid result: 
mrr@10 : 0.0436
Sat 19 Apr 2025 15:25:03 INFO  Loading model structure and parameters from ./saved/amazon/DMF-Apr-19-2025_15-00-22.pth
