Tue 15 Apr 2025 21:21:38 INFO  
General Hyper Parameters:
gpu_id = 0
use_gpu = True
seed = 2020
state = INFO
reproducibility = True
data_path = dataset/movielens
checkpoint_dir = ./saved/movielens/
show_progress = True
save_dataset = True
dataset_save_path = None
save_dataloaders = True
dataloaders_save_path = None
log_wandb = False

Training Hyper Parameters:
epochs = 50
train_batch_size = 2048
learner = adam
learning_rate = 0.001
train_neg_sample_args = {'distribution': 'uniform', 'sample_num': 1, 'alpha': 1.0, 'dynamic': False, 'candidate_num': 0}
eval_step = 1
stopping_step = 50
clip_grad_norm = None
weight_decay = 0.0
loss_decimal_place = 4

Evaluation Hyper Parameters:
eval_args = {'split': {'RS': [0.8, 0.1, 0.1]}, 'group_by': 'user', 'order': 'RO', 'mode': 'full'}
repeatable = False
metrics = ['MRR']
topk = [10]
valid_metric = MRR@10
valid_metric_bigger = True
eval_batch_size = 4096
metric_decimal_place = 4

Dataset Hyper Parameters:
field_separator = 	
seq_separator =  
USER_ID_FIELD = user_id
ITEM_ID_FIELD = item_id
RATING_FIELD = rating
TIME_FIELD = timestamp
seq_len = None
LABEL_FIELD = label
threshold = None
NEG_PREFIX = neg_
load_col = {'inter': ['user_id', 'item_id']}
unload_col = None
unused_col = None
additional_feat_suffix = None
rm_dup_inter = None
val_interval = None
filter_inter_by_user_or_item = True
user_inter_num_interval = [0,inf)
item_inter_num_interval = [0,inf)
alias_of_user_id = None
alias_of_item_id = None
alias_of_entity_id = None
alias_of_relation_id = None
preload_weight = None
normalize_field = None
normalize_all = None
ITEM_LIST_LENGTH_FIELD = item_length
LIST_SUFFIX = _list
MAX_ITEM_LIST_LENGTH = 50
POSITION_FIELD = position_id
HEAD_ENTITY_ID_FIELD = head_id
TAIL_ENTITY_ID_FIELD = tail_id
RELATION_ID_FIELD = relation_id
ENTITY_ID_FIELD = entity_id
benchmark_filename = None

Other Hyper Parameters: 
worker = 0
wandb_project = recbole
shuffle = True
require_pow = False
enable_amp = False
enable_scaler = False
transform = None
inter_matrix_type = 01
user_embedding_size = 64
item_embedding_size = 64
user_hidden_size_list = [64, 64]
item_hidden_size_list = [64, 64]
embedding_size = 10
numerical_features = []
discretization = None
kg_reverse_r = False
entity_kg_num_interval = [0,inf)
relation_kg_num_interval = [0,inf)
MODEL_TYPE = ModelType.GENERAL
MODEL_INPUT_TYPE = InputType.POINTWISE
eval_type = EvaluatorType.RANKING
single_spec = True
local_rank = 0
device = cuda
eval_neg_sample_args = {'distribution': 'uniform', 'sample_num': 'none'}


Tue 15 Apr 2025 21:21:38 INFO  Load filtered dataset from: [./saved/movielens/movielens-Dataset.pth]
Tue 15 Apr 2025 21:21:38 INFO  movielens
The number of users: 6037
Average actions of users: 125.48889993373095
The number of items: 3193
Average actions of items: 237.296679197995
The number of inters: 757451
The sparsity of the dataset: 96.07052573437805%
Remain Fields: ['user_id', 'item_id']
Tue 15 Apr 2025 21:21:40 INFO  Load split dataloaders from: [./saved/movielens/movielens-for-DMF-dataloader.pth]
Tue 15 Apr 2025 21:21:40 INFO  [Training]: train_batch_size = [2048] train_neg_sample_args: [{'distribution': 'uniform', 'sample_num': 1, 'alpha': 1.0, 'dynamic': False, 'candidate_num': 0}]
Tue 15 Apr 2025 21:21:40 INFO  [Evaluation]: eval_batch_size = [4096] eval_args: [{'split': {'RS': [0.8, 0.1, 0.1]}, 'group_by': 'user', 'order': 'RO', 'mode': 'full'}]
Tue 15 Apr 2025 21:21:41 WARNING  Max value of item's history interaction records has reached 37.25360278283916% of the total.
Tue 15 Apr 2025 21:21:42 WARNING  Max value of user's history interaction records has reached 42.092076417162545% of the total.
Tue 15 Apr 2025 21:21:42 INFO  DMF(
  (user_linear): Linear(in_features=3193, out_features=64, bias=False)
  (item_linear): Linear(in_features=6037, out_features=64, bias=False)
  (user_fc_layers): MLPLayers(
    (mlp_layers): Sequential(
      (0): Dropout(p=0.0, inplace=False)
      (1): Linear(in_features=64, out_features=64, bias=True)
      (2): ReLU()
      (3): Dropout(p=0.0, inplace=False)
      (4): Linear(in_features=64, out_features=64, bias=True)
      (5): ReLU()
    )
  )
  (item_fc_layers): MLPLayers(
    (mlp_layers): Sequential(
      (0): Dropout(p=0.0, inplace=False)
      (1): Linear(in_features=64, out_features=64, bias=True)
      (2): ReLU()
      (3): Dropout(p=0.0, inplace=False)
      (4): Linear(in_features=64, out_features=64, bias=True)
      (5): ReLU()
    )
  )
  (sigmoid): Sigmoid()
  (bce_loss): BCEWithLogitsLoss()
)
Trainable parameters: 607360
Tue 15 Apr 2025 21:21:52 INFO  epoch 0 training [time: 4.87s, train loss: 368.0266]
Tue 15 Apr 2025 21:22:03 INFO  epoch 0 evaluating [time: 10.58s, valid_score: 0.146400]
Tue 15 Apr 2025 21:22:03 INFO  valid result: 
mrr@10 : 0.1464
Tue 15 Apr 2025 21:22:03 INFO  Saving current: ./saved/movielens/DMF-Apr-15-2025_21-21-42.pth
Tue 15 Apr 2025 21:22:08 INFO  epoch 1 training [time: 4.88s, train loss: 358.9323]
Tue 15 Apr 2025 21:22:17 INFO  epoch 1 evaluating [time: 8.99s, valid_score: 0.190000]
Tue 15 Apr 2025 21:22:17 INFO  valid result: 
mrr@10 : 0.19
Tue 15 Apr 2025 21:22:17 INFO  Saving current: ./saved/movielens/DMF-Apr-15-2025_21-21-42.pth
Tue 15 Apr 2025 21:22:21 INFO  epoch 2 training [time: 4.84s, train loss: 351.8219]
Tue 15 Apr 2025 21:22:31 INFO  epoch 2 evaluating [time: 9.02s, valid_score: 0.193200]
Tue 15 Apr 2025 21:22:31 INFO  valid result: 
mrr@10 : 0.1932
Tue 15 Apr 2025 21:22:31 INFO  Saving current: ./saved/movielens/DMF-Apr-15-2025_21-21-42.pth
Tue 15 Apr 2025 21:22:35 INFO  epoch 3 training [time: 4.82s, train loss: 346.9314]
Tue 15 Apr 2025 21:22:44 INFO  epoch 3 evaluating [time: 9.01s, valid_score: 0.203100]
Tue 15 Apr 2025 21:22:44 INFO  valid result: 
mrr@10 : 0.2031
Tue 15 Apr 2025 21:22:44 INFO  Saving current: ./saved/movielens/DMF-Apr-15-2025_21-21-42.pth
Tue 15 Apr 2025 21:22:49 INFO  epoch 4 training [time: 4.84s, train loss: 344.5798]
Tue 15 Apr 2025 21:22:58 INFO  epoch 4 evaluating [time: 8.93s, valid_score: 0.199200]
Tue 15 Apr 2025 21:22:58 INFO  valid result: 
mrr@10 : 0.1992
Tue 15 Apr 2025 21:23:03 INFO  epoch 5 training [time: 4.88s, train loss: 342.8355]
Tue 15 Apr 2025 21:23:12 INFO  epoch 5 evaluating [time: 8.79s, valid_score: 0.204000]
Tue 15 Apr 2025 21:23:12 INFO  valid result: 
mrr@10 : 0.204
Tue 15 Apr 2025 21:23:12 INFO  Saving current: ./saved/movielens/DMF-Apr-15-2025_21-21-42.pth
Tue 15 Apr 2025 21:23:17 INFO  epoch 6 training [time: 4.84s, train loss: 341.3318]
Tue 15 Apr 2025 21:23:26 INFO  epoch 6 evaluating [time: 8.99s, valid_score: 0.210200]
Tue 15 Apr 2025 21:23:26 INFO  valid result: 
mrr@10 : 0.2102
Tue 15 Apr 2025 21:23:26 INFO  Saving current: ./saved/movielens/DMF-Apr-15-2025_21-21-42.pth
Tue 15 Apr 2025 21:23:31 INFO  epoch 7 training [time: 4.87s, train loss: 339.9529]
Tue 15 Apr 2025 21:23:39 INFO  epoch 7 evaluating [time: 8.86s, valid_score: 0.215700]
Tue 15 Apr 2025 21:23:39 INFO  valid result: 
mrr@10 : 0.2157
Tue 15 Apr 2025 21:23:39 INFO  Saving current: ./saved/movielens/DMF-Apr-15-2025_21-21-42.pth
Tue 15 Apr 2025 21:23:44 INFO  epoch 8 training [time: 4.80s, train loss: 338.5981]
Tue 15 Apr 2025 21:23:53 INFO  epoch 8 evaluating [time: 8.75s, valid_score: 0.217100]
Tue 15 Apr 2025 21:23:53 INFO  valid result: 
mrr@10 : 0.2171
Tue 15 Apr 2025 21:23:53 INFO  Saving current: ./saved/movielens/DMF-Apr-15-2025_21-21-42.pth
Tue 15 Apr 2025 21:23:58 INFO  epoch 9 training [time: 4.86s, train loss: 338.3925]
Tue 15 Apr 2025 21:24:07 INFO  epoch 9 evaluating [time: 8.72s, valid_score: 0.215400]
Tue 15 Apr 2025 21:24:07 INFO  valid result: 
mrr@10 : 0.2154
Tue 15 Apr 2025 21:24:11 INFO  epoch 10 training [time: 4.84s, train loss: 337.3757]
Tue 15 Apr 2025 21:24:20 INFO  epoch 10 evaluating [time: 8.86s, valid_score: 0.217100]
Tue 15 Apr 2025 21:24:20 INFO  valid result: 
mrr@10 : 0.2171
Tue 15 Apr 2025 21:24:20 INFO  Saving current: ./saved/movielens/DMF-Apr-15-2025_21-21-42.pth
Tue 15 Apr 2025 21:24:25 INFO  epoch 11 training [time: 4.80s, train loss: 336.9740]
Tue 15 Apr 2025 21:24:34 INFO  epoch 11 evaluating [time: 8.77s, valid_score: 0.219700]
Tue 15 Apr 2025 21:24:34 INFO  valid result: 
mrr@10 : 0.2197
Tue 15 Apr 2025 21:24:34 INFO  Saving current: ./saved/movielens/DMF-Apr-15-2025_21-21-42.pth
Tue 15 Apr 2025 21:24:39 INFO  epoch 12 training [time: 4.81s, train loss: 336.7390]
Tue 15 Apr 2025 21:24:47 INFO  epoch 12 evaluating [time: 8.67s, valid_score: 0.215600]
Tue 15 Apr 2025 21:24:47 INFO  valid result: 
mrr@10 : 0.2156
Tue 15 Apr 2025 21:24:52 INFO  epoch 13 training [time: 4.81s, train loss: 336.7018]
Tue 15 Apr 2025 21:25:01 INFO  epoch 13 evaluating [time: 8.71s, valid_score: 0.219000]
Tue 15 Apr 2025 21:25:01 INFO  valid result: 
mrr@10 : 0.219
Tue 15 Apr 2025 21:25:06 INFO  epoch 14 training [time: 4.82s, train loss: 336.0457]
Tue 15 Apr 2025 21:25:15 INFO  epoch 14 evaluating [time: 8.88s, valid_score: 0.217300]
Tue 15 Apr 2025 21:25:15 INFO  valid result: 
mrr@10 : 0.2173
Tue 15 Apr 2025 21:25:19 INFO  epoch 15 training [time: 4.94s, train loss: 335.8883]
Tue 15 Apr 2025 21:25:28 INFO  epoch 15 evaluating [time: 8.99s, valid_score: 0.217900]
Tue 15 Apr 2025 21:25:28 INFO  valid result: 
mrr@10 : 0.2179
Tue 15 Apr 2025 21:25:33 INFO  epoch 16 training [time: 4.83s, train loss: 335.5308]
Tue 15 Apr 2025 21:25:42 INFO  epoch 16 evaluating [time: 9.08s, valid_score: 0.227900]
Tue 15 Apr 2025 21:25:42 INFO  valid result: 
mrr@10 : 0.2279
Tue 15 Apr 2025 21:25:42 INFO  Saving current: ./saved/movielens/DMF-Apr-15-2025_21-21-42.pth
Tue 15 Apr 2025 21:25:47 INFO  epoch 17 training [time: 4.82s, train loss: 334.6884]
Tue 15 Apr 2025 21:25:56 INFO  epoch 17 evaluating [time: 8.65s, valid_score: 0.225300]
Tue 15 Apr 2025 21:25:56 INFO  valid result: 
mrr@10 : 0.2253
Tue 15 Apr 2025 21:26:01 INFO  epoch 18 training [time: 4.91s, train loss: 335.2079]
Tue 15 Apr 2025 21:26:09 INFO  epoch 18 evaluating [time: 8.70s, valid_score: 0.218400]
Tue 15 Apr 2025 21:26:09 INFO  valid result: 
mrr@10 : 0.2184
Tue 15 Apr 2025 21:26:14 INFO  epoch 19 training [time: 4.78s, train loss: 334.9196]
Tue 15 Apr 2025 21:26:24 INFO  epoch 19 evaluating [time: 9.28s, valid_score: 0.219500]
Tue 15 Apr 2025 21:26:24 INFO  valid result: 
mrr@10 : 0.2195
Tue 15 Apr 2025 21:26:28 INFO  epoch 20 training [time: 4.78s, train loss: 334.7711]
Tue 15 Apr 2025 21:26:37 INFO  epoch 20 evaluating [time: 8.80s, valid_score: 0.227200]
Tue 15 Apr 2025 21:26:37 INFO  valid result: 
mrr@10 : 0.2272
Tue 15 Apr 2025 21:26:42 INFO  epoch 21 training [time: 4.85s, train loss: 334.7912]
Tue 15 Apr 2025 21:26:51 INFO  epoch 21 evaluating [time: 9.21s, valid_score: 0.229300]
Tue 15 Apr 2025 21:26:51 INFO  valid result: 
mrr@10 : 0.2293
Tue 15 Apr 2025 21:26:51 INFO  Saving current: ./saved/movielens/DMF-Apr-15-2025_21-21-42.pth
Tue 15 Apr 2025 21:26:56 INFO  epoch 22 training [time: 4.82s, train loss: 334.4122]
Tue 15 Apr 2025 21:27:05 INFO  epoch 22 evaluating [time: 8.53s, valid_score: 0.236100]
Tue 15 Apr 2025 21:27:05 INFO  valid result: 
mrr@10 : 0.2361
Tue 15 Apr 2025 21:27:05 INFO  Saving current: ./saved/movielens/DMF-Apr-15-2025_21-21-42.pth
Tue 15 Apr 2025 21:27:09 INFO  epoch 23 training [time: 4.87s, train loss: 334.6851]
Tue 15 Apr 2025 21:27:18 INFO  epoch 23 evaluating [time: 8.74s, valid_score: 0.225800]
Tue 15 Apr 2025 21:27:18 INFO  valid result: 
mrr@10 : 0.2258
Tue 15 Apr 2025 21:27:23 INFO  epoch 24 training [time: 4.80s, train loss: 334.1974]
Tue 15 Apr 2025 21:27:32 INFO  epoch 24 evaluating [time: 9.09s, valid_score: 0.214800]
Tue 15 Apr 2025 21:27:32 INFO  valid result: 
mrr@10 : 0.2148
Tue 15 Apr 2025 21:27:37 INFO  epoch 25 training [time: 4.82s, train loss: 334.0835]
Tue 15 Apr 2025 21:27:46 INFO  epoch 25 evaluating [time: 8.85s, valid_score: 0.218700]
Tue 15 Apr 2025 21:27:46 INFO  valid result: 
mrr@10 : 0.2187
Tue 15 Apr 2025 21:27:51 INFO  epoch 26 training [time: 4.78s, train loss: 334.0957]
Tue 15 Apr 2025 21:27:59 INFO  epoch 26 evaluating [time: 8.82s, valid_score: 0.224800]
Tue 15 Apr 2025 21:27:59 INFO  valid result: 
mrr@10 : 0.2248
Tue 15 Apr 2025 21:28:04 INFO  epoch 27 training [time: 4.81s, train loss: 333.8384]
Tue 15 Apr 2025 21:28:13 INFO  epoch 27 evaluating [time: 8.47s, valid_score: 0.224400]
Tue 15 Apr 2025 21:28:13 INFO  valid result: 
mrr@10 : 0.2244
Tue 15 Apr 2025 21:28:17 INFO  epoch 28 training [time: 4.78s, train loss: 333.6107]
Tue 15 Apr 2025 21:28:26 INFO  epoch 28 evaluating [time: 9.04s, valid_score: 0.225000]
Tue 15 Apr 2025 21:28:26 INFO  valid result: 
mrr@10 : 0.225
Tue 15 Apr 2025 21:28:31 INFO  epoch 29 training [time: 4.83s, train loss: 333.6229]
Tue 15 Apr 2025 21:28:40 INFO  epoch 29 evaluating [time: 8.65s, valid_score: 0.224800]
Tue 15 Apr 2025 21:28:40 INFO  valid result: 
mrr@10 : 0.2248
Tue 15 Apr 2025 21:28:45 INFO  epoch 30 training [time: 4.77s, train loss: 333.3596]
Tue 15 Apr 2025 21:28:54 INFO  epoch 30 evaluating [time: 9.23s, valid_score: 0.227100]
Tue 15 Apr 2025 21:28:54 INFO  valid result: 
mrr@10 : 0.2271
Tue 15 Apr 2025 21:28:59 INFO  epoch 31 training [time: 4.84s, train loss: 333.5984]
Tue 15 Apr 2025 21:29:07 INFO  epoch 31 evaluating [time: 8.63s, valid_score: 0.225900]
Tue 15 Apr 2025 21:29:07 INFO  valid result: 
mrr@10 : 0.2259
Tue 15 Apr 2025 21:29:12 INFO  epoch 32 training [time: 4.85s, train loss: 333.3981]
Tue 15 Apr 2025 21:29:22 INFO  epoch 32 evaluating [time: 9.45s, valid_score: 0.229500]
Tue 15 Apr 2025 21:29:22 INFO  valid result: 
mrr@10 : 0.2295
Tue 15 Apr 2025 21:29:27 INFO  epoch 33 training [time: 4.81s, train loss: 333.4258]
Tue 15 Apr 2025 21:29:35 INFO  epoch 33 evaluating [time: 8.72s, valid_score: 0.224500]
Tue 15 Apr 2025 21:29:35 INFO  valid result: 
mrr@10 : 0.2245
Tue 15 Apr 2025 21:29:40 INFO  epoch 34 training [time: 4.78s, train loss: 333.2462]
Tue 15 Apr 2025 21:29:49 INFO  epoch 34 evaluating [time: 9.13s, valid_score: 0.218500]
Tue 15 Apr 2025 21:29:49 INFO  valid result: 
mrr@10 : 0.2185
Tue 15 Apr 2025 21:29:54 INFO  epoch 35 training [time: 4.86s, train loss: 333.0969]
Tue 15 Apr 2025 21:30:03 INFO  epoch 35 evaluating [time: 8.84s, valid_score: 0.224700]
Tue 15 Apr 2025 21:30:03 INFO  valid result: 
mrr@10 : 0.2247
Tue 15 Apr 2025 21:30:08 INFO  epoch 36 training [time: 4.83s, train loss: 332.9226]
Tue 15 Apr 2025 21:30:16 INFO  epoch 36 evaluating [time: 8.70s, valid_score: 0.227600]
Tue 15 Apr 2025 21:30:16 INFO  valid result: 
mrr@10 : 0.2276
Tue 15 Apr 2025 21:30:21 INFO  epoch 37 training [time: 4.81s, train loss: 332.7845]
Tue 15 Apr 2025 21:30:30 INFO  epoch 37 evaluating [time: 8.62s, valid_score: 0.222200]
Tue 15 Apr 2025 21:30:30 INFO  valid result: 
mrr@10 : 0.2222
Tue 15 Apr 2025 21:30:35 INFO  epoch 38 training [time: 4.81s, train loss: 332.7572]
Tue 15 Apr 2025 21:30:43 INFO  epoch 38 evaluating [time: 8.85s, valid_score: 0.235200]
Tue 15 Apr 2025 21:30:43 INFO  valid result: 
mrr@10 : 0.2352
Tue 15 Apr 2025 21:30:48 INFO  epoch 39 training [time: 4.81s, train loss: 332.8346]
Tue 15 Apr 2025 21:30:58 INFO  epoch 39 evaluating [time: 9.35s, valid_score: 0.222200]
Tue 15 Apr 2025 21:30:58 INFO  valid result: 
mrr@10 : 0.2222
Tue 15 Apr 2025 21:31:02 INFO  epoch 40 training [time: 4.86s, train loss: 332.7304]
Tue 15 Apr 2025 21:31:11 INFO  epoch 40 evaluating [time: 8.69s, valid_score: 0.226100]
Tue 15 Apr 2025 21:31:11 INFO  valid result: 
mrr@10 : 0.2261
Tue 15 Apr 2025 21:31:16 INFO  epoch 41 training [time: 4.82s, train loss: 333.0464]
Tue 15 Apr 2025 21:31:25 INFO  epoch 41 evaluating [time: 8.94s, valid_score: 0.223500]
Tue 15 Apr 2025 21:31:25 INFO  valid result: 
mrr@10 : 0.2235
Tue 15 Apr 2025 21:31:30 INFO  epoch 42 training [time: 4.90s, train loss: 332.7919]
Tue 15 Apr 2025 21:31:39 INFO  epoch 42 evaluating [time: 8.78s, valid_score: 0.225500]
Tue 15 Apr 2025 21:31:39 INFO  valid result: 
mrr@10 : 0.2255
Tue 15 Apr 2025 21:31:43 INFO  epoch 43 training [time: 4.86s, train loss: 332.6945]
Tue 15 Apr 2025 21:31:52 INFO  epoch 43 evaluating [time: 8.74s, valid_score: 0.226600]
Tue 15 Apr 2025 21:31:52 INFO  valid result: 
mrr@10 : 0.2266
Tue 15 Apr 2025 21:31:57 INFO  epoch 44 training [time: 4.80s, train loss: 332.3883]
Tue 15 Apr 2025 21:32:06 INFO  epoch 44 evaluating [time: 8.86s, valid_score: 0.224500]
Tue 15 Apr 2025 21:32:06 INFO  valid result: 
mrr@10 : 0.2245
Tue 15 Apr 2025 21:32:11 INFO  epoch 45 training [time: 4.91s, train loss: 332.5679]
Tue 15 Apr 2025 21:32:20 INFO  epoch 45 evaluating [time: 8.98s, valid_score: 0.226200]
Tue 15 Apr 2025 21:32:20 INFO  valid result: 
mrr@10 : 0.2262
Tue 15 Apr 2025 21:32:25 INFO  epoch 46 training [time: 4.86s, train loss: 332.7247]
Tue 15 Apr 2025 21:32:34 INFO  epoch 46 evaluating [time: 9.01s, valid_score: 0.225800]
Tue 15 Apr 2025 21:32:34 INFO  valid result: 
mrr@10 : 0.2258
Tue 15 Apr 2025 21:32:38 INFO  epoch 47 training [time: 4.89s, train loss: 332.6245]
Tue 15 Apr 2025 21:32:47 INFO  epoch 47 evaluating [time: 8.67s, valid_score: 0.229400]
Tue 15 Apr 2025 21:32:47 INFO  valid result: 
mrr@10 : 0.2294
Tue 15 Apr 2025 21:32:52 INFO  epoch 48 training [time: 4.81s, train loss: 332.6352]
Tue 15 Apr 2025 21:33:01 INFO  epoch 48 evaluating [time: 9.03s, valid_score: 0.233500]
Tue 15 Apr 2025 21:33:01 INFO  valid result: 
mrr@10 : 0.2335
Tue 15 Apr 2025 21:33:06 INFO  epoch 49 training [time: 4.83s, train loss: 332.3593]
Tue 15 Apr 2025 21:33:15 INFO  epoch 49 evaluating [time: 8.96s, valid_score: 0.228500]
Tue 15 Apr 2025 21:33:15 INFO  valid result: 
mrr@10 : 0.2285
Tue 15 Apr 2025 21:33:15 INFO  Loading model structure and parameters from ./saved/movielens/DMF-Apr-15-2025_21-21-42.pth
