Thu 17 Apr 2025 23:58:01 INFO  
General Hyper Parameters:
gpu_id = 0
use_gpu = True
seed = 2020
state = INFO
reproducibility = True
data_path = dataset/mind
checkpoint_dir = ./saved/mind/
show_progress = True
save_dataset = True
dataset_save_path = None
save_dataloaders = True
dataloaders_save_path = None
log_wandb = False

Training Hyper Parameters:
epochs = 50
train_batch_size = 2048
learner = adam
learning_rate = 0.001
train_neg_sample_args = {'distribution': 'uniform', 'sample_num': 1, 'alpha': 1.0, 'dynamic': False, 'candidate_num': 0}
eval_step = 1
stopping_step = 50
clip_grad_norm = None
weight_decay = 0.0
loss_decimal_place = 4

Evaluation Hyper Parameters:
eval_args = {'split': {'RS': [0.8, 0.1, 0.1]}, 'group_by': 'user', 'order': 'RO', 'mode': 'full'}
repeatable = False
metrics = ['MRR']
topk = [10]
valid_metric = MRR@10
valid_metric_bigger = True
eval_batch_size = 4096
metric_decimal_place = 4

Dataset Hyper Parameters:
field_separator = 	
seq_separator =  
USER_ID_FIELD = user_id
ITEM_ID_FIELD = item_id
RATING_FIELD = rating
TIME_FIELD = timestamp
seq_len = None
LABEL_FIELD = label
threshold = None
NEG_PREFIX = neg_
load_col = {'inter': ['user_id', 'item_id']}
unload_col = None
unused_col = None
additional_feat_suffix = None
rm_dup_inter = None
val_interval = None
filter_inter_by_user_or_item = True
user_inter_num_interval = [0,inf)
item_inter_num_interval = [0,inf)
alias_of_user_id = None
alias_of_item_id = None
alias_of_entity_id = None
alias_of_relation_id = None
preload_weight = None
normalize_field = None
normalize_all = None
ITEM_LIST_LENGTH_FIELD = item_length
LIST_SUFFIX = _list
MAX_ITEM_LIST_LENGTH = 50
POSITION_FIELD = position_id
HEAD_ENTITY_ID_FIELD = head_id
TAIL_ENTITY_ID_FIELD = tail_id
RELATION_ID_FIELD = relation_id
ENTITY_ID_FIELD = entity_id
benchmark_filename = None

Other Hyper Parameters: 
worker = 0
wandb_project = recbole
shuffle = True
require_pow = False
enable_amp = False
enable_scaler = False
transform = None
inter_matrix_type = 01
user_embedding_size = 64
item_embedding_size = 64
user_hidden_size_list = [64, 64]
item_hidden_size_list = [64, 64]
embedding_size = 10
numerical_features = []
discretization = None
kg_reverse_r = False
entity_kg_num_interval = [0,inf)
relation_kg_num_interval = [0,inf)
MODEL_TYPE = ModelType.GENERAL
MODEL_INPUT_TYPE = InputType.POINTWISE
eval_type = EvaluatorType.RANKING
single_spec = True
local_rank = 0
device = cuda
eval_neg_sample_args = {'distribution': 'uniform', 'sample_num': 'none'}


Thu 17 Apr 2025 23:58:01 INFO  Load filtered dataset from: [./saved/mind/mind-Dataset.pth]
Thu 17 Apr 2025 23:58:01 INFO  mind
The number of users: 23680
Average actions of users: 44.282908906626126
The number of items: 4415
Average actions of items: 237.55663797009515
The number of inters: 1048575
The sparsity of the dataset: 98.9970319625968%
Remain Fields: ['user_id', 'item_id']
Thu 17 Apr 2025 23:58:09 INFO  Load split dataloaders from: [./saved/mind/mind-for-DMF-dataloader.pth]
Thu 17 Apr 2025 23:58:09 INFO  [Training]: train_batch_size = [2048] train_neg_sample_args: [{'distribution': 'uniform', 'sample_num': 1, 'alpha': 1.0, 'dynamic': False, 'candidate_num': 0}]
Thu 17 Apr 2025 23:58:09 INFO  [Evaluation]: eval_batch_size = [4096] eval_args: [{'split': {'RS': [0.8, 0.1, 0.1]}, 'group_by': 'user', 'order': 'RO', 'mode': 'full'}]
Thu 17 Apr 2025 23:58:10 WARNING  Max value of item's history interaction records has reached 62.58445945945946% of the total.
Thu 17 Apr 2025 23:58:13 INFO  DMF(
  (user_linear): Linear(in_features=4415, out_features=64, bias=False)
  (item_linear): Linear(in_features=23680, out_features=64, bias=False)
  (user_fc_layers): MLPLayers(
    (mlp_layers): Sequential(
      (0): Dropout(p=0.0, inplace=False)
      (1): Linear(in_features=64, out_features=64, bias=True)
      (2): ReLU()
      (3): Dropout(p=0.0, inplace=False)
      (4): Linear(in_features=64, out_features=64, bias=True)
      (5): ReLU()
    )
  )
  (item_fc_layers): MLPLayers(
    (mlp_layers): Sequential(
      (0): Dropout(p=0.0, inplace=False)
      (1): Linear(in_features=64, out_features=64, bias=True)
      (2): ReLU()
      (3): Dropout(p=0.0, inplace=False)
      (4): Linear(in_features=64, out_features=64, bias=True)
      (5): ReLU()
    )
  )
  (sigmoid): Sigmoid()
  (bce_loss): BCEWithLogitsLoss()
)
Trainable parameters: 1814720
Thu 17 Apr 2025 23:58:36 INFO  epoch 0 training [time: 18.03s, train loss: 381.7932]
Thu 17 Apr 2025 23:59:13 INFO  epoch 0 evaluating [time: 37.08s, valid_score: 0.474500]
Thu 17 Apr 2025 23:59:13 INFO  valid result: 
mrr@10 : 0.4745
Thu 17 Apr 2025 23:59:13 INFO  Saving current: ./saved/mind/DMF-Apr-17-2025_23-58-13.pth
Thu 17 Apr 2025 23:59:31 INFO  epoch 1 training [time: 17.87s, train loss: 360.5138]
Fri 18 Apr 2025 00:00:09 INFO  epoch 1 evaluating [time: 38.22s, valid_score: 0.521300]
Fri 18 Apr 2025 00:00:09 INFO  valid result: 
mrr@10 : 0.5213
Fri 18 Apr 2025 00:00:09 INFO  Saving current: ./saved/mind/DMF-Apr-17-2025_23-58-13.pth
Fri 18 Apr 2025 00:00:27 INFO  epoch 2 training [time: 17.89s, train loss: 354.7237]
Fri 18 Apr 2025 00:01:04 INFO  epoch 2 evaluating [time: 36.81s, valid_score: 0.543800]
Fri 18 Apr 2025 00:01:04 INFO  valid result: 
mrr@10 : 0.5438
Fri 18 Apr 2025 00:01:04 INFO  Saving current: ./saved/mind/DMF-Apr-17-2025_23-58-13.pth
Fri 18 Apr 2025 00:01:22 INFO  epoch 3 training [time: 17.94s, train loss: 352.3935]
Fri 18 Apr 2025 00:01:59 INFO  epoch 3 evaluating [time: 37.03s, valid_score: 0.537100]
Fri 18 Apr 2025 00:01:59 INFO  valid result: 
mrr@10 : 0.5371
Fri 18 Apr 2025 00:02:17 INFO  epoch 4 training [time: 17.87s, train loss: 351.5785]
Fri 18 Apr 2025 00:02:53 INFO  epoch 4 evaluating [time: 36.70s, valid_score: 0.548800]
Fri 18 Apr 2025 00:02:53 INFO  valid result: 
mrr@10 : 0.5488
Fri 18 Apr 2025 00:02:53 INFO  Saving current: ./saved/mind/DMF-Apr-17-2025_23-58-13.pth
Fri 18 Apr 2025 00:03:11 INFO  epoch 5 training [time: 17.88s, train loss: 350.1520]
Fri 18 Apr 2025 00:03:49 INFO  epoch 5 evaluating [time: 37.60s, valid_score: 0.546700]
Fri 18 Apr 2025 00:03:49 INFO  valid result: 
mrr@10 : 0.5467
Fri 18 Apr 2025 00:04:07 INFO  epoch 6 training [time: 17.95s, train loss: 348.7961]
Fri 18 Apr 2025 00:04:43 INFO  epoch 6 evaluating [time: 36.60s, valid_score: 0.549300]
Fri 18 Apr 2025 00:04:43 INFO  valid result: 
mrr@10 : 0.5493
Fri 18 Apr 2025 00:04:44 INFO  Saving current: ./saved/mind/DMF-Apr-17-2025_23-58-13.pth
Fri 18 Apr 2025 00:05:01 INFO  epoch 7 training [time: 17.83s, train loss: 348.1289]
Fri 18 Apr 2025 00:05:38 INFO  epoch 7 evaluating [time: 36.50s, valid_score: 0.554100]
Fri 18 Apr 2025 00:05:38 INFO  valid result: 
mrr@10 : 0.5541
Fri 18 Apr 2025 00:05:38 INFO  Saving current: ./saved/mind/DMF-Apr-17-2025_23-58-13.pth
Fri 18 Apr 2025 00:05:56 INFO  epoch 8 training [time: 17.92s, train loss: 346.6614]
Fri 18 Apr 2025 00:06:33 INFO  epoch 8 evaluating [time: 37.06s, valid_score: 0.545300]
Fri 18 Apr 2025 00:06:33 INFO  valid result: 
mrr@10 : 0.5453
Fri 18 Apr 2025 00:06:51 INFO  epoch 9 training [time: 17.94s, train loss: 345.8502]
Fri 18 Apr 2025 00:07:28 INFO  epoch 9 evaluating [time: 37.34s, valid_score: 0.535700]
Fri 18 Apr 2025 00:07:28 INFO  valid result: 
mrr@10 : 0.5357
Fri 18 Apr 2025 00:07:46 INFO  epoch 10 training [time: 17.89s, train loss: 345.2838]
Fri 18 Apr 2025 00:08:23 INFO  epoch 10 evaluating [time: 37.05s, valid_score: 0.553600]
Fri 18 Apr 2025 00:08:23 INFO  valid result: 
mrr@10 : 0.5536
Fri 18 Apr 2025 00:08:41 INFO  epoch 11 training [time: 17.89s, train loss: 345.2183]
Fri 18 Apr 2025 00:09:18 INFO  epoch 11 evaluating [time: 36.60s, valid_score: 0.550200]
Fri 18 Apr 2025 00:09:18 INFO  valid result: 
mrr@10 : 0.5502
Fri 18 Apr 2025 00:09:36 INFO  epoch 12 training [time: 17.96s, train loss: 344.5745]
Fri 18 Apr 2025 00:10:13 INFO  epoch 12 evaluating [time: 37.14s, valid_score: 0.557000]
Fri 18 Apr 2025 00:10:13 INFO  valid result: 
mrr@10 : 0.557
Fri 18 Apr 2025 00:10:13 INFO  Saving current: ./saved/mind/DMF-Apr-17-2025_23-58-13.pth
Fri 18 Apr 2025 00:10:31 INFO  epoch 13 training [time: 17.90s, train loss: 344.5634]
Fri 18 Apr 2025 00:11:08 INFO  epoch 13 evaluating [time: 36.92s, valid_score: 0.555400]
Fri 18 Apr 2025 00:11:08 INFO  valid result: 
mrr@10 : 0.5554
Fri 18 Apr 2025 00:11:25 INFO  epoch 14 training [time: 17.94s, train loss: 344.3408]
Fri 18 Apr 2025 00:12:03 INFO  epoch 14 evaluating [time: 37.09s, valid_score: 0.563900]
Fri 18 Apr 2025 00:12:03 INFO  valid result: 
mrr@10 : 0.5639
Fri 18 Apr 2025 00:12:03 INFO  Saving current: ./saved/mind/DMF-Apr-17-2025_23-58-13.pth
Fri 18 Apr 2025 00:12:21 INFO  epoch 15 training [time: 17.92s, train loss: 343.9902]
Fri 18 Apr 2025 00:12:58 INFO  epoch 15 evaluating [time: 37.30s, valid_score: 0.556700]
Fri 18 Apr 2025 00:12:58 INFO  valid result: 
mrr@10 : 0.5567
Fri 18 Apr 2025 00:13:16 INFO  epoch 16 training [time: 17.92s, train loss: 344.1591]
Fri 18 Apr 2025 00:13:53 INFO  epoch 16 evaluating [time: 37.25s, valid_score: 0.554100]
Fri 18 Apr 2025 00:13:53 INFO  valid result: 
mrr@10 : 0.5541
Fri 18 Apr 2025 00:14:11 INFO  epoch 17 training [time: 17.96s, train loss: 343.7058]
Fri 18 Apr 2025 00:14:48 INFO  epoch 17 evaluating [time: 37.20s, valid_score: 0.560800]
Fri 18 Apr 2025 00:14:48 INFO  valid result: 
mrr@10 : 0.5608
Fri 18 Apr 2025 00:15:06 INFO  epoch 18 training [time: 17.87s, train loss: 343.9071]
Fri 18 Apr 2025 00:15:44 INFO  epoch 18 evaluating [time: 37.90s, valid_score: 0.539100]
Fri 18 Apr 2025 00:15:44 INFO  valid result: 
mrr@10 : 0.5391
Fri 18 Apr 2025 00:16:02 INFO  epoch 19 training [time: 17.96s, train loss: 343.8409]
Fri 18 Apr 2025 00:16:39 INFO  epoch 19 evaluating [time: 37.34s, valid_score: 0.552200]
Fri 18 Apr 2025 00:16:39 INFO  valid result: 
mrr@10 : 0.5522
Fri 18 Apr 2025 00:16:57 INFO  epoch 20 training [time: 17.90s, train loss: 343.7374]
Fri 18 Apr 2025 00:17:34 INFO  epoch 20 evaluating [time: 36.85s, valid_score: 0.554700]
Fri 18 Apr 2025 00:17:34 INFO  valid result: 
mrr@10 : 0.5547
Fri 18 Apr 2025 00:17:52 INFO  epoch 21 training [time: 17.99s, train loss: 343.2005]
Fri 18 Apr 2025 00:18:28 INFO  epoch 21 evaluating [time: 36.36s, valid_score: 0.554500]
Fri 18 Apr 2025 00:18:28 INFO  valid result: 
mrr@10 : 0.5545
Fri 18 Apr 2025 00:18:46 INFO  epoch 22 training [time: 17.89s, train loss: 343.5108]
Fri 18 Apr 2025 00:19:24 INFO  epoch 22 evaluating [time: 37.41s, valid_score: 0.542100]
Fri 18 Apr 2025 00:19:24 INFO  valid result: 
mrr@10 : 0.5421
Fri 18 Apr 2025 00:19:42 INFO  epoch 23 training [time: 17.97s, train loss: 343.4174]
Fri 18 Apr 2025 00:20:19 INFO  epoch 23 evaluating [time: 37.68s, valid_score: 0.548500]
Fri 18 Apr 2025 00:20:19 INFO  valid result: 
mrr@10 : 0.5485
Fri 18 Apr 2025 00:20:37 INFO  epoch 24 training [time: 17.86s, train loss: 343.4736]
Fri 18 Apr 2025 00:21:14 INFO  epoch 24 evaluating [time: 36.47s, valid_score: 0.564000]
Fri 18 Apr 2025 00:21:14 INFO  valid result: 
mrr@10 : 0.564
Fri 18 Apr 2025 00:21:14 INFO  Saving current: ./saved/mind/DMF-Apr-17-2025_23-58-13.pth
Fri 18 Apr 2025 00:21:31 INFO  epoch 25 training [time: 17.84s, train loss: 343.1550]
Fri 18 Apr 2025 00:22:09 INFO  epoch 25 evaluating [time: 37.48s, valid_score: 0.561000]
Fri 18 Apr 2025 00:22:09 INFO  valid result: 
mrr@10 : 0.561
Fri 18 Apr 2025 00:22:27 INFO  epoch 26 training [time: 17.88s, train loss: 343.2013]
Fri 18 Apr 2025 00:23:04 INFO  epoch 26 evaluating [time: 36.93s, valid_score: 0.553400]
Fri 18 Apr 2025 00:23:04 INFO  valid result: 
mrr@10 : 0.5534
Fri 18 Apr 2025 00:23:22 INFO  epoch 27 training [time: 17.87s, train loss: 343.0267]
Fri 18 Apr 2025 00:24:00 INFO  epoch 27 evaluating [time: 38.64s, valid_score: 0.559900]
Fri 18 Apr 2025 00:24:00 INFO  valid result: 
mrr@10 : 0.5599
Fri 18 Apr 2025 00:24:18 INFO  epoch 28 training [time: 17.93s, train loss: 343.0136]
Fri 18 Apr 2025 00:24:56 INFO  epoch 28 evaluating [time: 37.63s, valid_score: 0.562100]
Fri 18 Apr 2025 00:24:56 INFO  valid result: 
mrr@10 : 0.5621
Fri 18 Apr 2025 00:25:14 INFO  epoch 29 training [time: 17.88s, train loss: 342.9129]
Fri 18 Apr 2025 00:25:51 INFO  epoch 29 evaluating [time: 36.88s, valid_score: 0.560500]
Fri 18 Apr 2025 00:25:51 INFO  valid result: 
mrr@10 : 0.5605
Fri 18 Apr 2025 00:26:09 INFO  epoch 30 training [time: 17.95s, train loss: 343.0953]
Fri 18 Apr 2025 00:26:45 INFO  epoch 30 evaluating [time: 36.71s, valid_score: 0.567300]
Fri 18 Apr 2025 00:26:45 INFO  valid result: 
mrr@10 : 0.5673
Fri 18 Apr 2025 00:26:45 INFO  Saving current: ./saved/mind/DMF-Apr-17-2025_23-58-13.pth
Fri 18 Apr 2025 00:27:03 INFO  epoch 31 training [time: 17.85s, train loss: 342.8358]
Fri 18 Apr 2025 00:27:40 INFO  epoch 31 evaluating [time: 37.06s, valid_score: 0.559800]
Fri 18 Apr 2025 00:27:40 INFO  valid result: 
mrr@10 : 0.5598
Fri 18 Apr 2025 00:27:58 INFO  epoch 32 training [time: 17.92s, train loss: 342.9330]
Fri 18 Apr 2025 00:28:34 INFO  epoch 32 evaluating [time: 36.26s, valid_score: 0.562100]
Fri 18 Apr 2025 00:28:34 INFO  valid result: 
mrr@10 : 0.5621
Fri 18 Apr 2025 00:28:52 INFO  epoch 33 training [time: 17.88s, train loss: 342.5492]
Fri 18 Apr 2025 00:29:28 INFO  epoch 33 evaluating [time: 35.99s, valid_score: 0.554000]
Fri 18 Apr 2025 00:29:28 INFO  valid result: 
mrr@10 : 0.554
Fri 18 Apr 2025 00:29:46 INFO  epoch 34 training [time: 17.93s, train loss: 342.5348]
Fri 18 Apr 2025 00:30:23 INFO  epoch 34 evaluating [time: 36.47s, valid_score: 0.551800]
Fri 18 Apr 2025 00:30:23 INFO  valid result: 
mrr@10 : 0.5518
Fri 18 Apr 2025 00:30:41 INFO  epoch 35 training [time: 17.97s, train loss: 342.3502]
Fri 18 Apr 2025 00:31:17 INFO  epoch 35 evaluating [time: 36.19s, valid_score: 0.539100]
Fri 18 Apr 2025 00:31:17 INFO  valid result: 
mrr@10 : 0.5391
Fri 18 Apr 2025 00:31:35 INFO  epoch 36 training [time: 17.87s, train loss: 342.2795]
Fri 18 Apr 2025 00:32:11 INFO  epoch 36 evaluating [time: 36.50s, valid_score: 0.555500]
Fri 18 Apr 2025 00:32:11 INFO  valid result: 
mrr@10 : 0.5555
Fri 18 Apr 2025 00:32:29 INFO  epoch 37 training [time: 17.90s, train loss: 342.4401]
Fri 18 Apr 2025 00:33:05 INFO  epoch 37 evaluating [time: 35.99s, valid_score: 0.555200]
Fri 18 Apr 2025 00:33:05 INFO  valid result: 
mrr@10 : 0.5552
Fri 18 Apr 2025 00:33:23 INFO  epoch 38 training [time: 17.87s, train loss: 342.6333]
Fri 18 Apr 2025 00:33:59 INFO  epoch 38 evaluating [time: 35.66s, valid_score: 0.555300]
Fri 18 Apr 2025 00:33:59 INFO  valid result: 
mrr@10 : 0.5553
Fri 18 Apr 2025 00:34:17 INFO  epoch 39 training [time: 17.99s, train loss: 342.7167]
Fri 18 Apr 2025 00:34:52 INFO  epoch 39 evaluating [time: 35.44s, valid_score: 0.558300]
Fri 18 Apr 2025 00:34:52 INFO  valid result: 
mrr@10 : 0.5583
Fri 18 Apr 2025 00:35:10 INFO  epoch 40 training [time: 17.95s, train loss: 342.3896]
Fri 18 Apr 2025 00:35:47 INFO  epoch 40 evaluating [time: 37.17s, valid_score: 0.545600]
Fri 18 Apr 2025 00:35:47 INFO  valid result: 
mrr@10 : 0.5456
Fri 18 Apr 2025 00:36:05 INFO  epoch 41 training [time: 17.91s, train loss: 342.2197]
Fri 18 Apr 2025 00:36:42 INFO  epoch 41 evaluating [time: 36.82s, valid_score: 0.565600]
Fri 18 Apr 2025 00:36:42 INFO  valid result: 
mrr@10 : 0.5656
Fri 18 Apr 2025 00:37:00 INFO  epoch 42 training [time: 17.97s, train loss: 342.1924]
Fri 18 Apr 2025 00:37:36 INFO  epoch 42 evaluating [time: 36.19s, valid_score: 0.564000]
Fri 18 Apr 2025 00:37:36 INFO  valid result: 
mrr@10 : 0.564
Fri 18 Apr 2025 00:37:54 INFO  epoch 43 training [time: 17.88s, train loss: 341.9861]
Fri 18 Apr 2025 00:38:31 INFO  epoch 43 evaluating [time: 37.11s, valid_score: 0.566500]
Fri 18 Apr 2025 00:38:31 INFO  valid result: 
mrr@10 : 0.5665
Fri 18 Apr 2025 00:38:49 INFO  epoch 44 training [time: 17.90s, train loss: 342.3147]
Fri 18 Apr 2025 00:39:25 INFO  epoch 44 evaluating [time: 36.20s, valid_score: 0.560900]
Fri 18 Apr 2025 00:39:25 INFO  valid result: 
mrr@10 : 0.5609
Fri 18 Apr 2025 00:39:43 INFO  epoch 45 training [time: 17.88s, train loss: 342.3249]
Fri 18 Apr 2025 00:40:19 INFO  epoch 45 evaluating [time: 36.05s, valid_score: 0.560400]
Fri 18 Apr 2025 00:40:19 INFO  valid result: 
mrr@10 : 0.5604
Fri 18 Apr 2025 00:40:37 INFO  epoch 46 training [time: 17.87s, train loss: 342.2831]
Fri 18 Apr 2025 00:41:14 INFO  epoch 46 evaluating [time: 37.23s, valid_score: 0.571200]
Fri 18 Apr 2025 00:41:14 INFO  valid result: 
mrr@10 : 0.5712
Fri 18 Apr 2025 00:41:14 INFO  Saving current: ./saved/mind/DMF-Apr-17-2025_23-58-13.pth
Fri 18 Apr 2025 00:41:32 INFO  epoch 47 training [time: 17.97s, train loss: 342.3280]
Fri 18 Apr 2025 00:42:08 INFO  epoch 47 evaluating [time: 35.72s, valid_score: 0.557300]
Fri 18 Apr 2025 00:42:08 INFO  valid result: 
mrr@10 : 0.5573
Fri 18 Apr 2025 00:42:26 INFO  epoch 48 training [time: 17.93s, train loss: 341.9573]
Fri 18 Apr 2025 00:43:01 INFO  epoch 48 evaluating [time: 35.60s, valid_score: 0.543000]
Fri 18 Apr 2025 00:43:01 INFO  valid result: 
mrr@10 : 0.543
Fri 18 Apr 2025 00:43:19 INFO  epoch 49 training [time: 17.90s, train loss: 342.1857]
Fri 18 Apr 2025 00:43:57 INFO  epoch 49 evaluating [time: 37.42s, valid_score: 0.561500]
Fri 18 Apr 2025 00:43:57 INFO  valid result: 
mrr@10 : 0.5615
Fri 18 Apr 2025 00:43:57 INFO  Loading model structure and parameters from ./saved/mind/DMF-Apr-17-2025_23-58-13.pth
