Sun 06 Apr 2025 09:18:04 INFO  
General Hyper Parameters:
gpu_id = 0
use_gpu = True
seed = 2020
state = INFO
reproducibility = True
data_path = dataset/mind
checkpoint_dir = ./saved/mind/
show_progress = True
save_dataset = True
dataset_save_path = None
save_dataloaders = True
dataloaders_save_path = None
log_wandb = False

Training Hyper Parameters:
epochs = 50
train_batch_size = 2048
learner = adam
learning_rate = 0.001
train_neg_sample_args = {'distribution': 'uniform', 'sample_num': 1, 'alpha': 1.0, 'dynamic': False, 'candidate_num': 0}
eval_step = 1
stopping_step = 50
clip_grad_norm = None
weight_decay = 0.0
loss_decimal_place = 4

Evaluation Hyper Parameters:
eval_args = {'split': {'RS': [0.8, 0.1, 0.1]}, 'group_by': 'user', 'order': 'RO', 'mode': 'full'}
repeatable = False
metrics = ['Recall', 'MRR', 'NDCG', 'Hit', 'MAP', 'Precision', 'GAUC', 'ItemCoverage', 'AveragePopularity', 'GiniIndex', 'ShannonEntropy', 'TailPercentage']
topk = [10]
valid_metric = MRR@10
valid_metric_bigger = True
eval_batch_size = 4096
metric_decimal_place = 4

Dataset Hyper Parameters:
field_separator = 	
seq_separator =  
USER_ID_FIELD = user_id
ITEM_ID_FIELD = item_id
RATING_FIELD = rating
TIME_FIELD = timestamp
seq_len = None
LABEL_FIELD = label
threshold = None
NEG_PREFIX = neg_
load_col = {'inter': ['user_id', 'item_id']}
unload_col = None
unused_col = None
additional_feat_suffix = None
rm_dup_inter = None
val_interval = None
filter_inter_by_user_or_item = True
user_inter_num_interval = [0,inf)
item_inter_num_interval = [0,inf)
alias_of_user_id = None
alias_of_item_id = None
alias_of_entity_id = None
alias_of_relation_id = None
preload_weight = None
normalize_field = None
normalize_all = None
ITEM_LIST_LENGTH_FIELD = item_length
LIST_SUFFIX = _list
MAX_ITEM_LIST_LENGTH = 50
POSITION_FIELD = position_id
HEAD_ENTITY_ID_FIELD = head_id
TAIL_ENTITY_ID_FIELD = tail_id
RELATION_ID_FIELD = relation_id
ENTITY_ID_FIELD = entity_id
benchmark_filename = None

Other Hyper Parameters: 
worker = 0
wandb_project = recbole
shuffle = True
require_pow = False
enable_amp = False
enable_scaler = False
transform = None
inter_matrix_type = 01
user_embedding_size = 64
item_embedding_size = 64
user_hidden_size_list = [64, 64]
item_hidden_size_list = [64, 64]
embedding_size = 10
numerical_features = []
discretization = None
kg_reverse_r = False
entity_kg_num_interval = [0,inf)
relation_kg_num_interval = [0,inf)
MODEL_TYPE = ModelType.GENERAL
MODEL_INPUT_TYPE = InputType.POINTWISE
eval_type = EvaluatorType.RANKING
single_spec = True
local_rank = 0
device = cuda
eval_neg_sample_args = {'distribution': 'uniform', 'sample_num': 'none'}


Sun 06 Apr 2025 09:18:04 INFO  Load filtered dataset from: [./saved/mind/mind-Dataset.pth]
Sun 06 Apr 2025 09:18:04 INFO  mind
The number of users: 23680
Average actions of users: 44.282908906626126
The number of items: 4415
Average actions of items: 237.55663797009515
The number of inters: 1048575
The sparsity of the dataset: 98.9970319625968%
Remain Fields: ['user_id', 'item_id']
Sun 06 Apr 2025 09:18:07 INFO  Saving split dataloaders into: [./saved/mind/mind-for-DMF-dataloader.pth]
Sun 06 Apr 2025 09:18:15 INFO  [Training]: train_batch_size = [2048] train_neg_sample_args: [{'distribution': 'uniform', 'sample_num': 1, 'alpha': 1.0, 'dynamic': False, 'candidate_num': 0}]
Sun 06 Apr 2025 09:18:15 INFO  [Evaluation]: eval_batch_size = [4096] eval_args: [{'split': {'RS': [0.8, 0.1, 0.1]}, 'group_by': 'user', 'order': 'RO', 'mode': 'full'}]
Sun 06 Apr 2025 09:18:15 WARNING  Max value of item's history interaction records has reached 62.58445945945946% of the total.
Sun 06 Apr 2025 09:18:19 INFO  DMF(
  (user_linear): Linear(in_features=4415, out_features=64, bias=False)
  (item_linear): Linear(in_features=23680, out_features=64, bias=False)
  (user_fc_layers): MLPLayers(
    (mlp_layers): Sequential(
      (0): Dropout(p=0.0, inplace=False)
      (1): Linear(in_features=64, out_features=64, bias=True)
      (2): ReLU()
      (3): Dropout(p=0.0, inplace=False)
      (4): Linear(in_features=64, out_features=64, bias=True)
      (5): ReLU()
    )
  )
  (item_fc_layers): MLPLayers(
    (mlp_layers): Sequential(
      (0): Dropout(p=0.0, inplace=False)
      (1): Linear(in_features=64, out_features=64, bias=True)
      (2): ReLU()
      (3): Dropout(p=0.0, inplace=False)
      (4): Linear(in_features=64, out_features=64, bias=True)
      (5): ReLU()
    )
  )
  (sigmoid): Sigmoid()
  (bce_loss): BCEWithLogitsLoss()
)
Trainable parameters: 1814720
Sun 06 Apr 2025 09:18:45 INFO  epoch 0 training [time: 18.79s, train loss: 383.5922]
Sun 06 Apr 2025 09:19:56 INFO  epoch 0 evaluating [time: 71.39s, valid_score: 0.466400]
Sun 06 Apr 2025 09:19:56 INFO  valid result: 
recall@10 : 0.4947    mrr@10 : 0.4664    ndcg@10 : 0.382    hit@10 : 0.7846    map@10 : 0.2725    precision@10 : 0.1475    gauc : 0.97    itemcoverage@10 : 0.0498    averagepopularity@10 : 6922.1516    giniindex@10 : 0.988    shannonentropy@10 : 0.0194    tailpercentage@10 : 0.0
Sun 06 Apr 2025 09:19:56 INFO  Saving current: ./saved/mind/DMF-Apr-06-2025_09-18-19.pth
Sun 06 Apr 2025 09:20:14 INFO  epoch 1 training [time: 17.94s, train loss: 360.0161]
Sun 06 Apr 2025 09:21:25 INFO  epoch 1 evaluating [time: 70.69s, valid_score: 0.521600]
Sun 06 Apr 2025 09:21:25 INFO  valid result: 
recall@10 : 0.5613    mrr@10 : 0.5216    ndcg@10 : 0.4478    hit@10 : 0.8393    map@10 : 0.3371    precision@10 : 0.1639    gauc : 0.9725    itemcoverage@10 : 0.0784    averagepopularity@10 : 5626.4285    giniindex@10 : 0.9804    shannonentropy@10 : 0.0137    tailpercentage@10 : 0.0
Sun 06 Apr 2025 09:21:25 INFO  Saving current: ./saved/mind/DMF-Apr-06-2025_09-18-19.pth
Sun 06 Apr 2025 09:21:43 INFO  epoch 2 training [time: 17.83s, train loss: 354.6831]
Sun 06 Apr 2025 09:22:53 INFO  epoch 2 evaluating [time: 70.29s, valid_score: 0.531700]
Sun 06 Apr 2025 09:22:53 INFO  valid result: 
recall@10 : 0.5852    mrr@10 : 0.5317    ndcg@10 : 0.4618    hit@10 : 0.8609    map@10 : 0.3469    precision@10 : 0.17    gauc : 0.972    itemcoverage@10 : 0.0829    averagepopularity@10 : 5451.9715    giniindex@10 : 0.9789    shannonentropy@10 : 0.0132    tailpercentage@10 : 0.0
Sun 06 Apr 2025 09:22:53 INFO  Saving current: ./saved/mind/DMF-Apr-06-2025_09-18-19.pth
Sun 06 Apr 2025 09:23:11 INFO  epoch 3 training [time: 17.80s, train loss: 352.4304]
Sun 06 Apr 2025 09:24:25 INFO  epoch 3 evaluating [time: 74.32s, valid_score: 0.536000]
Sun 06 Apr 2025 09:24:25 INFO  valid result: 
recall@10 : 0.5954    mrr@10 : 0.536    ndcg@10 : 0.4687    hit@10 : 0.862    map@10 : 0.3531    precision@10 : 0.1735    gauc : 0.9723    itemcoverage@10 : 0.0845    averagepopularity@10 : 5668.413    giniindex@10 : 0.9799    shannonentropy@10 : 0.0128    tailpercentage@10 : 0.0
Sun 06 Apr 2025 09:24:25 INFO  Saving current: ./saved/mind/DMF-Apr-06-2025_09-18-19.pth
Sun 06 Apr 2025 09:24:43 INFO  epoch 4 training [time: 17.80s, train loss: 351.1559]
Sun 06 Apr 2025 09:25:52 INFO  epoch 4 evaluating [time: 68.74s, valid_score: 0.537100]
Sun 06 Apr 2025 09:25:52 INFO  valid result: 
recall@10 : 0.5967    mrr@10 : 0.5371    ndcg@10 : 0.4699    hit@10 : 0.8687    map@10 : 0.354    precision@10 : 0.1727    gauc : 0.9716    itemcoverage@10 : 0.0877    averagepopularity@10 : 5530.2635    giniindex@10 : 0.9783    shannonentropy@10 : 0.0125    tailpercentage@10 : 0.0
Sun 06 Apr 2025 09:25:52 INFO  Saving current: ./saved/mind/DMF-Apr-06-2025_09-18-19.pth
Sun 06 Apr 2025 09:26:10 INFO  epoch 5 training [time: 17.89s, train loss: 350.3212]
Sun 06 Apr 2025 09:27:20 INFO  epoch 5 evaluating [time: 70.00s, valid_score: 0.538000]
Sun 06 Apr 2025 09:27:20 INFO  valid result: 
recall@10 : 0.6062    mrr@10 : 0.538    ndcg@10 : 0.4759    hit@10 : 0.8758    map@10 : 0.3587    precision@10 : 0.1768    gauc : 0.9716    itemcoverage@10 : 0.0963    averagepopularity@10 : 5664.4132    giniindex@10 : 0.9789    shannonentropy@10 : 0.0113    tailpercentage@10 : 0.0
Sun 06 Apr 2025 09:27:20 INFO  Saving current: ./saved/mind/DMF-Apr-06-2025_09-18-19.pth
Sun 06 Apr 2025 09:27:38 INFO  epoch 6 training [time: 17.90s, train loss: 349.0557]
Sun 06 Apr 2025 09:28:48 INFO  epoch 6 evaluating [time: 70.32s, valid_score: 0.541400]
Sun 06 Apr 2025 09:28:48 INFO  valid result: 
recall@10 : 0.6081    mrr@10 : 0.5414    ndcg@10 : 0.4775    hit@10 : 0.8757    map@10 : 0.3603    precision@10 : 0.1768    gauc : 0.9707    itemcoverage@10 : 0.1049    averagepopularity@10 : 5324.8688    giniindex@10 : 0.9765    shannonentropy@10 : 0.0106    tailpercentage@10 : 0.0
Sun 06 Apr 2025 09:28:48 INFO  Saving current: ./saved/mind/DMF-Apr-06-2025_09-18-19.pth
Sun 06 Apr 2025 09:29:06 INFO  epoch 7 training [time: 17.78s, train loss: 347.2937]
Sun 06 Apr 2025 09:30:13 INFO  epoch 7 evaluating [time: 67.57s, valid_score: 0.556000]
Sun 06 Apr 2025 09:30:13 INFO  valid result: 
recall@10 : 0.6182    mrr@10 : 0.556    ndcg@10 : 0.4917    hit@10 : 0.8851    map@10 : 0.3747    precision@10 : 0.1796    gauc : 0.9713    itemcoverage@10 : 0.1051    averagepopularity@10 : 5221.8328    giniindex@10 : 0.9753    shannonentropy@10 : 0.0107    tailpercentage@10 : 0.0
Sun 06 Apr 2025 09:30:13 INFO  Saving current: ./saved/mind/DMF-Apr-06-2025_09-18-19.pth
Sun 06 Apr 2025 09:30:31 INFO  epoch 8 training [time: 17.95s, train loss: 346.5721]
Sun 06 Apr 2025 09:31:41 INFO  epoch 8 evaluating [time: 69.74s, valid_score: 0.546500]
Sun 06 Apr 2025 09:31:41 INFO  valid result: 
recall@10 : 0.6206    mrr@10 : 0.5465    ndcg@10 : 0.4854    hit@10 : 0.8894    map@10 : 0.3661    precision@10 : 0.1804    gauc : 0.9707    itemcoverage@10 : 0.1096    averagepopularity@10 : 5320.5215    giniindex@10 : 0.9756    shannonentropy@10 : 0.0103    tailpercentage@10 : 0.0
Sun 06 Apr 2025 09:31:59 INFO  epoch 9 training [time: 17.82s, train loss: 345.8905]
Sun 06 Apr 2025 09:33:08 INFO  epoch 9 evaluating [time: 68.80s, valid_score: 0.557600]
Sun 06 Apr 2025 09:33:08 INFO  valid result: 
recall@10 : 0.6276    mrr@10 : 0.5576    ndcg@10 : 0.4973    hit@10 : 0.8913    map@10 : 0.3797    precision@10 : 0.1822    gauc : 0.9709    itemcoverage@10 : 0.1153    averagepopularity@10 : 5188.9977    giniindex@10 : 0.975    shannonentropy@10 : 0.0098    tailpercentage@10 : 0.0
Sun 06 Apr 2025 09:33:08 INFO  Saving current: ./saved/mind/DMF-Apr-06-2025_09-18-19.pth
Sun 06 Apr 2025 09:33:26 INFO  epoch 10 training [time: 17.87s, train loss: 345.4230]
Sun 06 Apr 2025 09:34:37 INFO  epoch 10 evaluating [time: 71.70s, valid_score: 0.539900]
Sun 06 Apr 2025 09:34:37 INFO  valid result: 
recall@10 : 0.616    mrr@10 : 0.5399    ndcg@10 : 0.4822    hit@10 : 0.8828    map@10 : 0.3641    precision@10 : 0.1811    gauc : 0.9711    itemcoverage@10 : 0.1101    averagepopularity@10 : 5241.6482    giniindex@10 : 0.9747    shannonentropy@10 : 0.0103    tailpercentage@10 : 0.0
Sun 06 Apr 2025 09:34:55 INFO  epoch 11 training [time: 17.83s, train loss: 344.8873]
Sun 06 Apr 2025 09:36:03 INFO  epoch 11 evaluating [time: 68.09s, valid_score: 0.556100]
Sun 06 Apr 2025 09:36:03 INFO  valid result: 
recall@10 : 0.624    mrr@10 : 0.5561    ndcg@10 : 0.4944    hit@10 : 0.8901    map@10 : 0.3764    precision@10 : 0.1818    gauc : 0.971    itemcoverage@10 : 0.1117    averagepopularity@10 : 5168.1687    giniindex@10 : 0.9743    shannonentropy@10 : 0.0102    tailpercentage@10 : 0.0
Sun 06 Apr 2025 09:36:21 INFO  epoch 12 training [time: 17.79s, train loss: 344.5554]
Sun 06 Apr 2025 09:37:30 INFO  epoch 12 evaluating [time: 68.68s, valid_score: 0.552500]
Sun 06 Apr 2025 09:37:30 INFO  valid result: 
recall@10 : 0.6236    mrr@10 : 0.5525    ndcg@10 : 0.491    hit@10 : 0.8918    map@10 : 0.3717    precision@10 : 0.1828    gauc : 0.9702    itemcoverage@10 : 0.111    averagepopularity@10 : 5452.8229    giniindex@10 : 0.9756    shannonentropy@10 : 0.0101    tailpercentage@10 : 0.0
Sun 06 Apr 2025 09:37:47 INFO  epoch 13 training [time: 17.84s, train loss: 344.9443]
Sun 06 Apr 2025 09:39:01 INFO  epoch 13 evaluating [time: 73.13s, valid_score: 0.555000]
Sun 06 Apr 2025 09:39:01 INFO  valid result: 
recall@10 : 0.6263    mrr@10 : 0.555    ndcg@10 : 0.4923    hit@10 : 0.8912    map@10 : 0.3725    precision@10 : 0.1843    gauc : 0.9703    itemcoverage@10 : 0.1087    averagepopularity@10 : 5546.8703    giniindex@10 : 0.9764    shannonentropy@10 : 0.0102    tailpercentage@10 : 0.0
Sun 06 Apr 2025 09:39:18 INFO  epoch 14 training [time: 17.82s, train loss: 344.5627]
Sun 06 Apr 2025 09:40:30 INFO  epoch 14 evaluating [time: 71.65s, valid_score: 0.556500]
Sun 06 Apr 2025 09:40:30 INFO  valid result: 
recall@10 : 0.6282    mrr@10 : 0.5565    ndcg@10 : 0.4965    hit@10 : 0.8938    map@10 : 0.3779    precision@10 : 0.1821    gauc : 0.9712    itemcoverage@10 : 0.116    averagepopularity@10 : 5222.4697    giniindex@10 : 0.9736    shannonentropy@10 : 0.0098    tailpercentage@10 : 0.0
Sun 06 Apr 2025 09:40:48 INFO  epoch 15 training [time: 17.88s, train loss: 343.7965]
Sun 06 Apr 2025 09:41:58 INFO  epoch 15 evaluating [time: 70.16s, valid_score: 0.565900]
Sun 06 Apr 2025 09:41:58 INFO  valid result: 
recall@10 : 0.6306    mrr@10 : 0.5659    ndcg@10 : 0.504    hit@10 : 0.8929    map@10 : 0.3867    precision@10 : 0.1848    gauc : 0.9708    itemcoverage@10 : 0.1119    averagepopularity@10 : 5358.896    giniindex@10 : 0.9755    shannonentropy@10 : 0.0101    tailpercentage@10 : 0.0
Sun 06 Apr 2025 09:41:58 INFO  Saving current: ./saved/mind/DMF-Apr-06-2025_09-18-19.pth
Sun 06 Apr 2025 09:42:16 INFO  epoch 16 training [time: 17.94s, train loss: 343.5195]
Sun 06 Apr 2025 09:43:25 INFO  epoch 16 evaluating [time: 68.99s, valid_score: 0.544200]
Sun 06 Apr 2025 09:43:25 INFO  valid result: 
recall@10 : 0.6215    mrr@10 : 0.5442    ndcg@10 : 0.4853    hit@10 : 0.8835    map@10 : 0.3654    precision@10 : 0.1842    gauc : 0.9704    itemcoverage@10 : 0.1123    averagepopularity@10 : 5531.1881    giniindex@10 : 0.9761    shannonentropy@10 : 0.0099    tailpercentage@10 : 0.0
Sun 06 Apr 2025 09:43:43 INFO  epoch 17 training [time: 17.91s, train loss: 343.5208]
Sun 06 Apr 2025 09:44:53 INFO  epoch 17 evaluating [time: 70.17s, valid_score: 0.552700]
Sun 06 Apr 2025 09:44:53 INFO  valid result: 
recall@10 : 0.6262    mrr@10 : 0.5527    ndcg@10 : 0.4948    hit@10 : 0.8899    map@10 : 0.377    precision@10 : 0.1836    gauc : 0.9696    itemcoverage@10 : 0.113    averagepopularity@10 : 5260.1195    giniindex@10 : 0.9738    shannonentropy@10 : 0.0101    tailpercentage@10 : 0.0
Sun 06 Apr 2025 09:45:11 INFO  epoch 18 training [time: 17.95s, train loss: 343.5717]
Sun 06 Apr 2025 09:46:20 INFO  epoch 18 evaluating [time: 69.09s, valid_score: 0.551100]
Sun 06 Apr 2025 09:46:20 INFO  valid result: 
recall@10 : 0.626    mrr@10 : 0.5511    ndcg@10 : 0.4924    hit@10 : 0.8903    map@10 : 0.3731    precision@10 : 0.1841    gauc : 0.9711    itemcoverage@10 : 0.1166    averagepopularity@10 : 5254.3679    giniindex@10 : 0.9741    shannonentropy@10 : 0.0097    tailpercentage@10 : 0.0
Sun 06 Apr 2025 09:46:38 INFO  epoch 19 training [time: 17.85s, train loss: 343.6349]
Sun 06 Apr 2025 09:47:48 INFO  epoch 19 evaluating [time: 69.72s, valid_score: 0.557600]
Sun 06 Apr 2025 09:47:48 INFO  valid result: 
recall@10 : 0.63    mrr@10 : 0.5576    ndcg@10 : 0.4984    hit@10 : 0.8914    map@10 : 0.38    precision@10 : 0.1852    gauc : 0.9707    itemcoverage@10 : 0.1169    averagepopularity@10 : 5311.8615    giniindex@10 : 0.9747    shannonentropy@10 : 0.0097    tailpercentage@10 : 0.0
Sun 06 Apr 2025 09:48:06 INFO  epoch 20 training [time: 17.80s, train loss: 343.3650]
Sun 06 Apr 2025 09:49:14 INFO  epoch 20 evaluating [time: 68.33s, valid_score: 0.558300]
Sun 06 Apr 2025 09:49:14 INFO  valid result: 
recall@10 : 0.6282    mrr@10 : 0.5583    ndcg@10 : 0.4968    hit@10 : 0.894    map@10 : 0.3778    precision@10 : 0.1844    gauc : 0.9702    itemcoverage@10 : 0.1142    averagepopularity@10 : 5148.8612    giniindex@10 : 0.9735    shannonentropy@10 : 0.01    tailpercentage@10 : 0.0
Sun 06 Apr 2025 09:49:32 INFO  epoch 21 training [time: 17.78s, train loss: 343.2675]
Sun 06 Apr 2025 09:50:45 INFO  epoch 21 evaluating [time: 72.92s, valid_score: 0.552900]
Sun 06 Apr 2025 09:50:45 INFO  valid result: 
recall@10 : 0.6271    mrr@10 : 0.5529    ndcg@10 : 0.492    hit@10 : 0.892    map@10 : 0.3719    precision@10 : 0.1838    gauc : 0.9699    itemcoverage@10 : 0.1139    averagepopularity@10 : 5297.6428    giniindex@10 : 0.9741    shannonentropy@10 : 0.01    tailpercentage@10 : 0.0
Sun 06 Apr 2025 09:51:02 INFO  epoch 22 training [time: 17.83s, train loss: 343.0164]
Sun 06 Apr 2025 09:52:12 INFO  epoch 22 evaluating [time: 69.92s, valid_score: 0.554900]
Sun 06 Apr 2025 09:52:12 INFO  valid result: 
recall@10 : 0.631    mrr@10 : 0.5549    ndcg@10 : 0.4963    hit@10 : 0.8955    map@10 : 0.3765    precision@10 : 0.1855    gauc : 0.9695    itemcoverage@10 : 0.116    averagepopularity@10 : 5124.817    giniindex@10 : 0.972    shannonentropy@10 : 0.0099    tailpercentage@10 : 0.0
Sun 06 Apr 2025 09:52:30 INFO  epoch 23 training [time: 17.83s, train loss: 343.1191]
Sun 06 Apr 2025 09:53:39 INFO  epoch 23 evaluating [time: 69.29s, valid_score: 0.569500]
Sun 06 Apr 2025 09:53:39 INFO  valid result: 
recall@10 : 0.6334    mrr@10 : 0.5695    ndcg@10 : 0.5069    hit@10 : 0.8963    map@10 : 0.3886    precision@10 : 0.1875    gauc : 0.9701    itemcoverage@10 : 0.1142    averagepopularity@10 : 5328.0986    giniindex@10 : 0.9742    shannonentropy@10 : 0.0099    tailpercentage@10 : 0.0
Sun 06 Apr 2025 09:53:40 INFO  Saving current: ./saved/mind/DMF-Apr-06-2025_09-18-19.pth
Sun 06 Apr 2025 09:53:57 INFO  epoch 24 training [time: 17.82s, train loss: 342.9117]
Sun 06 Apr 2025 09:55:07 INFO  epoch 24 evaluating [time: 69.99s, valid_score: 0.554100]
Sun 06 Apr 2025 09:55:07 INFO  valid result: 
recall@10 : 0.6248    mrr@10 : 0.5541    ndcg@10 : 0.494    hit@10 : 0.8916    map@10 : 0.3759    precision@10 : 0.1824    gauc : 0.9696    itemcoverage@10 : 0.1185    averagepopularity@10 : 5067.9909    giniindex@10 : 0.9722    shannonentropy@10 : 0.0097    tailpercentage@10 : 0.0
Sun 06 Apr 2025 09:55:25 INFO  epoch 25 training [time: 17.93s, train loss: 342.8734]
Sun 06 Apr 2025 09:56:34 INFO  epoch 25 evaluating [time: 68.31s, valid_score: 0.555200]
Sun 06 Apr 2025 09:56:34 INFO  valid result: 
recall@10 : 0.6309    mrr@10 : 0.5552    ndcg@10 : 0.4957    hit@10 : 0.8937    map@10 : 0.3754    precision@10 : 0.1859    gauc : 0.9695    itemcoverage@10 : 0.1151    averagepopularity@10 : 5227.2616    giniindex@10 : 0.9743    shannonentropy@10 : 0.0099    tailpercentage@10 : 0.0
Sun 06 Apr 2025 09:56:51 INFO  epoch 26 training [time: 17.79s, train loss: 343.0376]
Sun 06 Apr 2025 09:58:03 INFO  epoch 26 evaluating [time: 71.96s, valid_score: 0.564200]
Sun 06 Apr 2025 09:58:03 INFO  valid result: 
recall@10 : 0.6276    mrr@10 : 0.5642    ndcg@10 : 0.4995    hit@10 : 0.8898    map@10 : 0.3809    precision@10 : 0.1865    gauc : 0.9701    itemcoverage@10 : 0.1151    averagepopularity@10 : 5355.5401    giniindex@10 : 0.9748    shannonentropy@10 : 0.0098    tailpercentage@10 : 0.0
Sun 06 Apr 2025 09:58:21 INFO  epoch 27 training [time: 17.81s, train loss: 342.7936]
Sun 06 Apr 2025 09:59:31 INFO  epoch 27 evaluating [time: 70.15s, valid_score: 0.540300]
Sun 06 Apr 2025 09:59:31 INFO  valid result: 
recall@10 : 0.6308    mrr@10 : 0.5403    ndcg@10 : 0.4863    hit@10 : 0.8944    map@10 : 0.3642    precision@10 : 0.1853    gauc : 0.9698    itemcoverage@10 : 0.1178    averagepopularity@10 : 5175.7471    giniindex@10 : 0.9733    shannonentropy@10 : 0.0097    tailpercentage@10 : 0.0
Sun 06 Apr 2025 09:59:49 INFO  epoch 28 training [time: 17.81s, train loss: 342.2860]
Sun 06 Apr 2025 10:00:58 INFO  epoch 28 evaluating [time: 68.52s, valid_score: 0.544300]
Sun 06 Apr 2025 10:00:58 INFO  valid result: 
recall@10 : 0.6266    mrr@10 : 0.5443    ndcg@10 : 0.4883    hit@10 : 0.8931    map@10 : 0.3684    precision@10 : 0.1823    gauc : 0.9702    itemcoverage@10 : 0.1164    averagepopularity@10 : 4935.7128    giniindex@10 : 0.9723    shannonentropy@10 : 0.0099    tailpercentage@10 : 0.0
Sun 06 Apr 2025 10:01:15 INFO  epoch 29 training [time: 17.77s, train loss: 342.7567]
Sun 06 Apr 2025 10:02:25 INFO  epoch 29 evaluating [time: 69.88s, valid_score: 0.529000]
Sun 06 Apr 2025 10:02:25 INFO  valid result: 
recall@10 : 0.6299    mrr@10 : 0.529    ndcg@10 : 0.479    hit@10 : 0.8918    map@10 : 0.3555    precision@10 : 0.1839    gauc : 0.9706    itemcoverage@10 : 0.1164    averagepopularity@10 : 4972.2719    giniindex@10 : 0.9724    shannonentropy@10 : 0.0099    tailpercentage@10 : 0.0
Sun 06 Apr 2025 10:02:43 INFO  epoch 30 training [time: 17.90s, train loss: 342.5555]
Sun 06 Apr 2025 10:03:51 INFO  epoch 30 evaluating [time: 67.88s, valid_score: 0.559600]
Sun 06 Apr 2025 10:03:51 INFO  valid result: 
recall@10 : 0.6282    mrr@10 : 0.5596    ndcg@10 : 0.5003    hit@10 : 0.8899    map@10 : 0.3834    precision@10 : 0.1842    gauc : 0.9703    itemcoverage@10 : 0.12    averagepopularity@10 : 5021.9343    giniindex@10 : 0.9713    shannonentropy@10 : 0.0097    tailpercentage@10 : 0.0
Sun 06 Apr 2025 10:04:09 INFO  epoch 31 training [time: 17.81s, train loss: 342.4934]
Sun 06 Apr 2025 10:05:20 INFO  epoch 31 evaluating [time: 70.92s, valid_score: 0.556500]
Sun 06 Apr 2025 10:05:20 INFO  valid result: 
recall@10 : 0.6302    mrr@10 : 0.5565    ndcg@10 : 0.4973    hit@10 : 0.8948    map@10 : 0.3785    precision@10 : 0.1841    gauc : 0.9695    itemcoverage@10 : 0.1189    averagepopularity@10 : 5117.165    giniindex@10 : 0.972    shannonentropy@10 : 0.0097    tailpercentage@10 : 0.0
Sun 06 Apr 2025 10:05:38 INFO  epoch 32 training [time: 17.87s, train loss: 342.2409]
Sun 06 Apr 2025 10:06:48 INFO  epoch 32 evaluating [time: 69.95s, valid_score: 0.535900]
Sun 06 Apr 2025 10:06:48 INFO  valid result: 
recall@10 : 0.6237    mrr@10 : 0.5359    ndcg@10 : 0.4813    hit@10 : 0.8898    map@10 : 0.3601    precision@10 : 0.1826    gauc : 0.9697    itemcoverage@10 : 0.1194    averagepopularity@10 : 4896.8573    giniindex@10 : 0.9712    shannonentropy@10 : 0.0097    tailpercentage@10 : 0.0
Sun 06 Apr 2025 10:07:06 INFO  epoch 33 training [time: 17.93s, train loss: 342.3139]
Sun 06 Apr 2025 10:08:14 INFO  epoch 33 evaluating [time: 68.72s, valid_score: 0.551000]
Sun 06 Apr 2025 10:08:14 INFO  valid result: 
recall@10 : 0.6323    mrr@10 : 0.551    ndcg@10 : 0.4966    hit@10 : 0.8954    map@10 : 0.3777    precision@10 : 0.1846    gauc : 0.9701    itemcoverage@10 : 0.1151    averagepopularity@10 : 4896.7023    giniindex@10 : 0.9716    shannonentropy@10 : 0.0101    tailpercentage@10 : 0.0
Sun 06 Apr 2025 10:08:32 INFO  epoch 34 training [time: 17.85s, train loss: 342.4007]
Sun 06 Apr 2025 10:09:42 INFO  epoch 34 evaluating [time: 70.35s, valid_score: 0.564500]
Sun 06 Apr 2025 10:09:42 INFO  valid result: 
recall@10 : 0.6349    mrr@10 : 0.5645    ndcg@10 : 0.5042    hit@10 : 0.897    map@10 : 0.385    precision@10 : 0.1873    gauc : 0.9697    itemcoverage@10 : 0.1176    averagepopularity@10 : 5295.2849    giniindex@10 : 0.9745    shannonentropy@10 : 0.0096    tailpercentage@10 : 0.0
Sun 06 Apr 2025 10:10:00 INFO  epoch 35 training [time: 17.99s, train loss: 342.4787]
Sun 06 Apr 2025 10:11:09 INFO  epoch 35 evaluating [time: 68.77s, valid_score: 0.544600]
Sun 06 Apr 2025 10:11:09 INFO  valid result: 
recall@10 : 0.6292    mrr@10 : 0.5446    ndcg@10 : 0.4886    hit@10 : 0.8953    map@10 : 0.3676    precision@10 : 0.1837    gauc : 0.9701    itemcoverage@10 : 0.1169    averagepopularity@10 : 4913.2921    giniindex@10 : 0.9716    shannonentropy@10 : 0.0099    tailpercentage@10 : 0.0
Sun 06 Apr 2025 10:11:27 INFO  epoch 36 training [time: 17.93s, train loss: 341.9899]
Sun 06 Apr 2025 10:12:38 INFO  epoch 36 evaluating [time: 70.93s, valid_score: 0.559700]
Sun 06 Apr 2025 10:12:38 INFO  valid result: 
recall@10 : 0.6334    mrr@10 : 0.5597    ndcg@10 : 0.4997    hit@10 : 0.8965    map@10 : 0.3795    precision@10 : 0.1868    gauc : 0.9703    itemcoverage@10 : 0.1151    averagepopularity@10 : 5293.6647    giniindex@10 : 0.9734    shannonentropy@10 : 0.0099    tailpercentage@10 : 0.0
Sun 06 Apr 2025 10:12:56 INFO  epoch 37 training [time: 18.01s, train loss: 341.9510]
Sun 06 Apr 2025 10:14:07 INFO  epoch 37 evaluating [time: 70.92s, valid_score: 0.569400]
Sun 06 Apr 2025 10:14:07 INFO  valid result: 
recall@10 : 0.6361    mrr@10 : 0.5694    ndcg@10 : 0.5087    hit@10 : 0.8979    map@10 : 0.3906    precision@10 : 0.1877    gauc : 0.9692    itemcoverage@10 : 0.1155    averagepopularity@10 : 5167.2615    giniindex@10 : 0.974    shannonentropy@10 : 0.0099    tailpercentage@10 : 0.0
Sun 06 Apr 2025 10:14:25 INFO  epoch 38 training [time: 17.84s, train loss: 342.1725]
Sun 06 Apr 2025 10:15:33 INFO  epoch 38 evaluating [time: 67.96s, valid_score: 0.545200]
Sun 06 Apr 2025 10:15:33 INFO  valid result: 
recall@10 : 0.6295    mrr@10 : 0.5452    ndcg@10 : 0.4907    hit@10 : 0.8914    map@10 : 0.3706    precision@10 : 0.1848    gauc : 0.9697    itemcoverage@10 : 0.1176    averagepopularity@10 : 4985.9238    giniindex@10 : 0.9721    shannonentropy@10 : 0.0098    tailpercentage@10 : 0.0
Sun 06 Apr 2025 10:15:51 INFO  epoch 39 training [time: 17.94s, train loss: 341.9162]
Sun 06 Apr 2025 10:16:59 INFO  epoch 39 evaluating [time: 68.17s, valid_score: 0.552300]
Sun 06 Apr 2025 10:16:59 INFO  valid result: 
recall@10 : 0.63    mrr@10 : 0.5523    ndcg@10 : 0.4954    hit@10 : 0.8948    map@10 : 0.376    precision@10 : 0.1849    gauc : 0.9689    itemcoverage@10 : 0.1164    averagepopularity@10 : 5128.1855    giniindex@10 : 0.9723    shannonentropy@10 : 0.0099    tailpercentage@10 : 0.0
Sun 06 Apr 2025 10:17:17 INFO  epoch 40 training [time: 17.96s, train loss: 341.6970]
Sun 06 Apr 2025 10:18:28 INFO  epoch 40 evaluating [time: 70.80s, valid_score: 0.568000]
Sun 06 Apr 2025 10:18:28 INFO  valid result: 
recall@10 : 0.6347    mrr@10 : 0.568    ndcg@10 : 0.5057    hit@10 : 0.897    map@10 : 0.3867    precision@10 : 0.1872    gauc : 0.9705    itemcoverage@10 : 0.1176    averagepopularity@10 : 5227.7073    giniindex@10 : 0.9742    shannonentropy@10 : 0.0097    tailpercentage@10 : 0.0
Sun 06 Apr 2025 10:18:46 INFO  epoch 41 training [time: 17.95s, train loss: 342.1503]
Sun 06 Apr 2025 10:19:55 INFO  epoch 41 evaluating [time: 69.68s, valid_score: 0.567000]
Sun 06 Apr 2025 10:19:55 INFO  valid result: 
recall@10 : 0.6335    mrr@10 : 0.567    ndcg@10 : 0.5052    hit@10 : 0.8945    map@10 : 0.3864    precision@10 : 0.1873    gauc : 0.97    itemcoverage@10 : 0.1157    averagepopularity@10 : 5226.8678    giniindex@10 : 0.9731    shannonentropy@10 : 0.0099    tailpercentage@10 : 0.0
Sun 06 Apr 2025 10:20:13 INFO  epoch 42 training [time: 17.81s, train loss: 341.6395]
Sun 06 Apr 2025 10:21:22 INFO  epoch 42 evaluating [time: 68.95s, valid_score: 0.542300]
Sun 06 Apr 2025 10:21:22 INFO  valid result: 
recall@10 : 0.6228    mrr@10 : 0.5423    ndcg@10 : 0.4881    hit@10 : 0.8878    map@10 : 0.3695    precision@10 : 0.1828    gauc : 0.97    itemcoverage@10 : 0.1148    averagepopularity@10 : 4965.0636    giniindex@10 : 0.9723    shannonentropy@10 : 0.01    tailpercentage@10 : 0.0
Sun 06 Apr 2025 10:21:40 INFO  epoch 43 training [time: 17.78s, train loss: 341.5296]
Sun 06 Apr 2025 10:22:50 INFO  epoch 43 evaluating [time: 70.35s, valid_score: 0.550400]
Sun 06 Apr 2025 10:22:50 INFO  valid result: 
recall@10 : 0.6344    mrr@10 : 0.5504    ndcg@10 : 0.4956    hit@10 : 0.8968    map@10 : 0.375    precision@10 : 0.186    gauc : 0.9699    itemcoverage@10 : 0.1153    averagepopularity@10 : 5082.4241    giniindex@10 : 0.9724    shannonentropy@10 : 0.01    tailpercentage@10 : 0.0
Sun 06 Apr 2025 10:23:08 INFO  epoch 44 training [time: 17.82s, train loss: 341.5347]
Sun 06 Apr 2025 10:24:17 INFO  epoch 44 evaluating [time: 69.04s, valid_score: 0.550600]
Sun 06 Apr 2025 10:24:17 INFO  valid result: 
recall@10 : 0.6327    mrr@10 : 0.5506    ndcg@10 : 0.4973    hit@10 : 0.897    map@10 : 0.3779    precision@10 : 0.1846    gauc : 0.9696    itemcoverage@10 : 0.1146    averagepopularity@10 : 4933.9231    giniindex@10 : 0.9719    shannonentropy@10 : 0.0101    tailpercentage@10 : 0.0
Sun 06 Apr 2025 10:24:35 INFO  epoch 45 training [time: 17.81s, train loss: 341.9452]
Sun 06 Apr 2025 10:25:43 INFO  epoch 45 evaluating [time: 68.14s, valid_score: 0.546400]
Sun 06 Apr 2025 10:25:43 INFO  valid result: 
recall@10 : 0.6294    mrr@10 : 0.5464    ndcg@10 : 0.492    hit@10 : 0.8944    map@10 : 0.372    precision@10 : 0.1842    gauc : 0.9697    itemcoverage@10 : 0.1164    averagepopularity@10 : 4960.8288    giniindex@10 : 0.9714    shannonentropy@10 : 0.01    tailpercentage@10 : 0.0
Sun 06 Apr 2025 10:26:01 INFO  epoch 46 training [time: 17.79s, train loss: 341.9781]
Sun 06 Apr 2025 10:27:10 INFO  epoch 46 evaluating [time: 69.47s, valid_score: 0.543100]
Sun 06 Apr 2025 10:27:10 INFO  valid result: 
recall@10 : 0.6263    mrr@10 : 0.5431    ndcg@10 : 0.4872    hit@10 : 0.8897    map@10 : 0.3665    precision@10 : 0.1843    gauc : 0.9697    itemcoverage@10 : 0.1194    averagepopularity@10 : 4935.0213    giniindex@10 : 0.9704    shannonentropy@10 : 0.0098    tailpercentage@10 : 0.0
Sun 06 Apr 2025 10:27:28 INFO  epoch 47 training [time: 17.89s, train loss: 341.9146]
Sun 06 Apr 2025 10:28:38 INFO  epoch 47 evaluating [time: 69.62s, valid_score: 0.558100]
Sun 06 Apr 2025 10:28:38 INFO  valid result: 
recall@10 : 0.6321    mrr@10 : 0.5581    ndcg@10 : 0.498    hit@10 : 0.8992    map@10 : 0.3781    precision@10 : 0.1842    gauc : 0.9698    itemcoverage@10 : 0.1173    averagepopularity@10 : 4964.5459    giniindex@10 : 0.9716    shannonentropy@10 : 0.0099    tailpercentage@10 : 0.0
Sun 06 Apr 2025 10:28:56 INFO  epoch 48 training [time: 17.86s, train loss: 341.6670]
Sun 06 Apr 2025 10:30:03 INFO  epoch 48 evaluating [time: 67.54s, valid_score: 0.557800]
Sun 06 Apr 2025 10:30:03 INFO  valid result: 
recall@10 : 0.6355    mrr@10 : 0.5578    ndcg@10 : 0.5001    hit@10 : 0.8987    map@10 : 0.3796    precision@10 : 0.187    gauc : 0.9699    itemcoverage@10 : 0.1205    averagepopularity@10 : 5177.6816    giniindex@10 : 0.9723    shannonentropy@10 : 0.0095    tailpercentage@10 : 0.0
Sun 06 Apr 2025 10:30:21 INFO  epoch 49 training [time: 17.84s, train loss: 341.9176]
Sun 06 Apr 2025 10:31:32 INFO  epoch 49 evaluating [time: 71.07s, valid_score: 0.552400]
Sun 06 Apr 2025 10:31:32 INFO  valid result: 
recall@10 : 0.6283    mrr@10 : 0.5524    ndcg@10 : 0.4946    hit@10 : 0.8912    map@10 : 0.3748    precision@10 : 0.1856    gauc : 0.9691    itemcoverage@10 : 0.1123    averagepopularity@10 : 5226.6189    giniindex@10 : 0.9738    shannonentropy@10 : 0.0101    tailpercentage@10 : 0.0
Sun 06 Apr 2025 10:31:32 INFO  Loading model structure and parameters from ./saved/mind/DMF-Apr-06-2025_09-18-19.pth
