Fri 04 Apr 2025 11:26:21 INFO  
General Hyper Parameters:
gpu_id = 0
use_gpu = True
seed = 2020
state = INFO
reproducibility = True
data_path = dataset/movielens
checkpoint_dir = ./saved/movielens/
show_progress = True
save_dataset = True
dataset_save_path = None
save_dataloaders = True
dataloaders_save_path = None
log_wandb = False

Training Hyper Parameters:
epochs = 50
train_batch_size = 2048
learner = adam
learning_rate = 0.001
train_neg_sample_args = {'distribution': 'uniform', 'sample_num': 1, 'alpha': 1.0, 'dynamic': False, 'candidate_num': 0}
eval_step = 1
stopping_step = 50
clip_grad_norm = None
weight_decay = 0.0
loss_decimal_place = 4

Evaluation Hyper Parameters:
eval_args = {'split': {'RS': [0.8, 0.1, 0.1]}, 'group_by': 'user', 'order': 'RO', 'mode': 'full'}
repeatable = False
metrics = ['Recall', 'MRR', 'NDCG', 'Hit', 'MAP', 'Precision', 'GAUC', 'ItemCoverage', 'AveragePopularity', 'GiniIndex', 'ShannonEntropy', 'TailPercentage']
topk = [10]
valid_metric = MRR@10
valid_metric_bigger = True
eval_batch_size = 4096
metric_decimal_place = 4

Dataset Hyper Parameters:
field_separator = 	
seq_separator =  
USER_ID_FIELD = user_id
ITEM_ID_FIELD = item_id
RATING_FIELD = rating
TIME_FIELD = timestamp
seq_len = None
LABEL_FIELD = label
threshold = None
NEG_PREFIX = neg_
load_col = {'inter': ['user_id', 'item_id']}
unload_col = None
unused_col = None
additional_feat_suffix = None
rm_dup_inter = None
val_interval = None
filter_inter_by_user_or_item = True
user_inter_num_interval = [0,inf)
item_inter_num_interval = [0,inf)
alias_of_user_id = None
alias_of_item_id = None
alias_of_entity_id = None
alias_of_relation_id = None
preload_weight = None
normalize_field = None
normalize_all = None
ITEM_LIST_LENGTH_FIELD = item_length
LIST_SUFFIX = _list
MAX_ITEM_LIST_LENGTH = 50
POSITION_FIELD = position_id
HEAD_ENTITY_ID_FIELD = head_id
TAIL_ENTITY_ID_FIELD = tail_id
RELATION_ID_FIELD = relation_id
ENTITY_ID_FIELD = entity_id
benchmark_filename = None

Other Hyper Parameters: 
worker = 0
wandb_project = recbole
shuffle = True
require_pow = False
enable_amp = False
enable_scaler = False
transform = None
inter_matrix_type = 01
user_embedding_size = 64
item_embedding_size = 64
user_hidden_size_list = [64, 64]
item_hidden_size_list = [64, 64]
embedding_size = 10
numerical_features = []
discretization = None
kg_reverse_r = False
entity_kg_num_interval = [0,inf)
relation_kg_num_interval = [0,inf)
MODEL_TYPE = ModelType.GENERAL
MODEL_INPUT_TYPE = InputType.POINTWISE
eval_type = EvaluatorType.RANKING
single_spec = True
local_rank = 0
device = cuda
eval_neg_sample_args = {'distribution': 'uniform', 'sample_num': 'none'}


Fri 04 Apr 2025 11:26:21 INFO  Load filtered dataset from: [./saved/movielens/movielens-Dataset.pth]
Fri 04 Apr 2025 11:26:21 INFO  movielens
The number of users: 6037
Average actions of users: 125.48889993373095
The number of items: 3193
Average actions of items: 237.296679197995
The number of inters: 757451
The sparsity of the dataset: 96.07052573437805%
Remain Fields: ['user_id', 'item_id']
Fri 04 Apr 2025 11:26:23 INFO  Saving split dataloaders into: [./saved/movielens/movielens-for-DMF-dataloader.pth]
Fri 04 Apr 2025 11:26:26 INFO  [Training]: train_batch_size = [2048] train_neg_sample_args: [{'distribution': 'uniform', 'sample_num': 1, 'alpha': 1.0, 'dynamic': False, 'candidate_num': 0}]
Fri 04 Apr 2025 11:26:26 INFO  [Evaluation]: eval_batch_size = [4096] eval_args: [{'split': {'RS': [0.8, 0.1, 0.1]}, 'group_by': 'user', 'order': 'RO', 'mode': 'full'}]
Fri 04 Apr 2025 11:26:26 WARNING  Max value of item's history interaction records has reached 37.25360278283916% of the total.
Fri 04 Apr 2025 11:26:27 WARNING  Max value of user's history interaction records has reached 42.092076417162545% of the total.
Fri 04 Apr 2025 11:26:30 INFO  DMF(
  (user_linear): Linear(in_features=3193, out_features=64, bias=False)
  (item_linear): Linear(in_features=6037, out_features=64, bias=False)
  (user_fc_layers): MLPLayers(
    (mlp_layers): Sequential(
      (0): Dropout(p=0.0, inplace=False)
      (1): Linear(in_features=64, out_features=64, bias=True)
      (2): ReLU()
      (3): Dropout(p=0.0, inplace=False)
      (4): Linear(in_features=64, out_features=64, bias=True)
      (5): ReLU()
    )
  )
  (item_fc_layers): MLPLayers(
    (mlp_layers): Sequential(
      (0): Dropout(p=0.0, inplace=False)
      (1): Linear(in_features=64, out_features=64, bias=True)
      (2): ReLU()
      (3): Dropout(p=0.0, inplace=False)
      (4): Linear(in_features=64, out_features=64, bias=True)
      (5): ReLU()
    )
  )
  (sigmoid): Sigmoid()
  (bce_loss): BCEWithLogitsLoss()
)
Trainable parameters: 607360
Fri 04 Apr 2025 11:26:41 INFO  epoch 0 training [time: 5.74s, train loss: 368.1747]
Fri 04 Apr 2025 11:27:01 INFO  epoch 0 evaluating [time: 20.01s, valid_score: 0.143700]
Fri 04 Apr 2025 11:27:01 INFO  valid result: 
recall@10 : 0.0628    mrr@10 : 0.1437    ndcg@10 : 0.0716    hit@10 : 0.3791    map@10 : 0.0315    precision@10 : 0.0547    gauc : 0.8073    itemcoverage@10 : 0.0128    averagepopularity@10 : 1699.2988    giniindex@10 : 0.9952    shannonentropy@10 : 0.0717    tailpercentage@10 : 0.0
Fri 04 Apr 2025 11:27:01 INFO  Saving current: ./saved/movielens/DMF-Apr-04-2025_11-26-30.pth
Fri 04 Apr 2025 11:27:06 INFO  epoch 1 training [time: 4.87s, train loss: 364.2361]
Fri 04 Apr 2025 11:27:24 INFO  epoch 1 evaluating [time: 17.59s, valid_score: 0.158600]
Fri 04 Apr 2025 11:27:24 INFO  valid result: 
recall@10 : 0.0697    mrr@10 : 0.1586    ndcg@10 : 0.0794    hit@10 : 0.4087    map@10 : 0.0352    precision@10 : 0.0607    gauc : 0.8304    itemcoverage@10 : 0.0417    averagepopularity@10 : 1467.4888    giniindex@10 : 0.9891    shannonentropy@10 : 0.029    tailpercentage@10 : 0.0
Fri 04 Apr 2025 11:27:24 INFO  Saving current: ./saved/movielens/DMF-Apr-04-2025_11-26-30.pth
Fri 04 Apr 2025 11:27:29 INFO  epoch 2 training [time: 4.89s, train loss: 354.0339]
Fri 04 Apr 2025 11:27:47 INFO  epoch 2 evaluating [time: 17.72s, valid_score: 0.190200]
Fri 04 Apr 2025 11:27:47 INFO  valid result: 
recall@10 : 0.0878    mrr@10 : 0.1902    ndcg@10 : 0.0968    hit@10 : 0.4712    map@10 : 0.0438    precision@10 : 0.0722    gauc : 0.8537    itemcoverage@10 : 0.1109    averagepopularity@10 : 1292.716    giniindex@10 : 0.9772    shannonentropy@10 : 0.0129    tailpercentage@10 : 0.0
Fri 04 Apr 2025 11:27:47 INFO  Saving current: ./saved/movielens/DMF-Apr-04-2025_11-26-30.pth
Fri 04 Apr 2025 11:27:52 INFO  epoch 3 training [time: 4.92s, train loss: 348.0599]
Fri 04 Apr 2025 11:28:11 INFO  epoch 3 evaluating [time: 19.38s, valid_score: 0.193000]
Fri 04 Apr 2025 11:28:11 INFO  valid result: 
recall@10 : 0.0937    mrr@10 : 0.193    ndcg@10 : 0.1014    hit@10 : 0.4839    map@10 : 0.0471    precision@10 : 0.0745    gauc : 0.8616    itemcoverage@10 : 0.1466    averagepopularity@10 : 1145.4595    giniindex@10 : 0.9624    shannonentropy@10 : 0.0108    tailpercentage@10 : 0.0
Fri 04 Apr 2025 11:28:11 INFO  Saving current: ./saved/movielens/DMF-Apr-04-2025_11-26-30.pth
Fri 04 Apr 2025 11:28:16 INFO  epoch 4 training [time: 4.94s, train loss: 345.3142]
Fri 04 Apr 2025 11:28:33 INFO  epoch 4 evaluating [time: 17.08s, valid_score: 0.200200]
Fri 04 Apr 2025 11:28:33 INFO  valid result: 
recall@10 : 0.0963    mrr@10 : 0.2002    ndcg@10 : 0.1039    hit@10 : 0.495    map@10 : 0.048    precision@10 : 0.0759    gauc : 0.862    itemcoverage@10 : 0.1654    averagepopularity@10 : 1198.4    giniindex@10 : 0.9636    shannonentropy@10 : 0.0094    tailpercentage@10 : 0.0
Fri 04 Apr 2025 11:28:33 INFO  Saving current: ./saved/movielens/DMF-Apr-04-2025_11-26-30.pth
Fri 04 Apr 2025 11:28:38 INFO  epoch 5 training [time: 4.88s, train loss: 343.5495]
Fri 04 Apr 2025 11:28:55 INFO  epoch 5 evaluating [time: 16.96s, valid_score: 0.213500]
Fri 04 Apr 2025 11:28:55 INFO  valid result: 
recall@10 : 0.1025    mrr@10 : 0.2135    ndcg@10 : 0.1109    hit@10 : 0.523    map@10 : 0.0515    precision@10 : 0.0806    gauc : 0.8636    itemcoverage@10 : 0.1945    averagepopularity@10 : 1180.7693    giniindex@10 : 0.9575    shannonentropy@10 : 0.0083    tailpercentage@10 : 0.0
Fri 04 Apr 2025 11:28:55 INFO  Saving current: ./saved/movielens/DMF-Apr-04-2025_11-26-30.pth
Fri 04 Apr 2025 11:29:00 INFO  epoch 6 training [time: 4.81s, train loss: 342.1459]
Fri 04 Apr 2025 11:29:16 INFO  epoch 6 evaluating [time: 16.73s, valid_score: 0.206800]
Fri 04 Apr 2025 11:29:16 INFO  valid result: 
recall@10 : 0.102    mrr@10 : 0.2068    ndcg@10 : 0.1081    hit@10 : 0.5141    map@10 : 0.0495    precision@10 : 0.0789    gauc : 0.8629    itemcoverage@10 : 0.2136    averagepopularity@10 : 1132.4486    giniindex@10 : 0.9528    shannonentropy@10 : 0.0077    tailpercentage@10 : 0.0
Fri 04 Apr 2025 11:29:21 INFO  epoch 7 training [time: 4.94s, train loss: 340.5954]
Fri 04 Apr 2025 11:29:39 INFO  epoch 7 evaluating [time: 17.89s, valid_score: 0.213600]
Fri 04 Apr 2025 11:29:39 INFO  valid result: 
recall@10 : 0.1051    mrr@10 : 0.2136    ndcg@10 : 0.1125    hit@10 : 0.526    map@10 : 0.0525    precision@10 : 0.0821    gauc : 0.8626    itemcoverage@10 : 0.2111    averagepopularity@10 : 1122.6563    giniindex@10 : 0.9495    shannonentropy@10 : 0.0079    tailpercentage@10 : 0.0
Fri 04 Apr 2025 11:29:39 INFO  Saving current: ./saved/movielens/DMF-Apr-04-2025_11-26-30.pth
Fri 04 Apr 2025 11:29:44 INFO  epoch 8 training [time: 4.81s, train loss: 339.6318]
Fri 04 Apr 2025 11:30:01 INFO  epoch 8 evaluating [time: 16.85s, valid_score: 0.211300]
Fri 04 Apr 2025 11:30:01 INFO  valid result: 
recall@10 : 0.1048    mrr@10 : 0.2113    ndcg@10 : 0.111    hit@10 : 0.5257    map@10 : 0.0512    precision@10 : 0.0812    gauc : 0.8635    itemcoverage@10 : 0.2449    averagepopularity@10 : 1101.0525    giniindex@10 : 0.9412    shannonentropy@10 : 0.0069    tailpercentage@10 : 0.0
Fri 04 Apr 2025 11:30:06 INFO  epoch 9 training [time: 4.82s, train loss: 338.8785]
Fri 04 Apr 2025 11:30:23 INFO  epoch 9 evaluating [time: 17.38s, valid_score: 0.219100]
Fri 04 Apr 2025 11:30:23 INFO  valid result: 
recall@10 : 0.1105    mrr@10 : 0.2191    ndcg@10 : 0.1159    hit@10 : 0.5366    map@10 : 0.0538    precision@10 : 0.084    gauc : 0.8639    itemcoverage@10 : 0.2368    averagepopularity@10 : 1048.5356    giniindex@10 : 0.9403    shannonentropy@10 : 0.0073    tailpercentage@10 : 0.0
Fri 04 Apr 2025 11:30:23 INFO  Saving current: ./saved/movielens/DMF-Apr-04-2025_11-26-30.pth
Fri 04 Apr 2025 11:30:28 INFO  epoch 10 training [time: 5.10s, train loss: 338.0587]
Fri 04 Apr 2025 11:30:45 INFO  epoch 10 evaluating [time: 17.22s, valid_score: 0.222100]
Fri 04 Apr 2025 11:30:45 INFO  valid result: 
recall@10 : 0.1124    mrr@10 : 0.2221    ndcg@10 : 0.1176    hit@10 : 0.5436    map@10 : 0.055    precision@10 : 0.0843    gauc : 0.8627    itemcoverage@10 : 0.2386    averagepopularity@10 : 1022.1992    giniindex@10 : 0.9347    shannonentropy@10 : 0.0073    tailpercentage@10 : 0.0
Fri 04 Apr 2025 11:30:45 INFO  Saving current: ./saved/movielens/DMF-Apr-04-2025_11-26-30.pth
Fri 04 Apr 2025 11:30:50 INFO  epoch 11 training [time: 4.83s, train loss: 337.8056]
Fri 04 Apr 2025 11:31:07 INFO  epoch 11 evaluating [time: 17.00s, valid_score: 0.216400]
Fri 04 Apr 2025 11:31:07 INFO  valid result: 
recall@10 : 0.1134    mrr@10 : 0.2164    ndcg@10 : 0.1168    hit@10 : 0.5471    map@10 : 0.0536    precision@10 : 0.0859    gauc : 0.8635    itemcoverage@10 : 0.2468    averagepopularity@10 : 1115.6203    giniindex@10 : 0.9451    shannonentropy@10 : 0.0068    tailpercentage@10 : 0.0
Fri 04 Apr 2025 11:31:12 INFO  epoch 12 training [time: 4.89s, train loss: 337.2289]
Fri 04 Apr 2025 11:31:29 INFO  epoch 12 evaluating [time: 16.95s, valid_score: 0.216600]
Fri 04 Apr 2025 11:31:29 INFO  valid result: 
recall@10 : 0.111    mrr@10 : 0.2166    ndcg@10 : 0.1153    hit@10 : 0.5394    map@10 : 0.0536    precision@10 : 0.0831    gauc : 0.8652    itemcoverage@10 : 0.2656    averagepopularity@10 : 992.1994    giniindex@10 : 0.9285    shannonentropy@10 : 0.0067    tailpercentage@10 : 0.0
Fri 04 Apr 2025 11:31:34 INFO  epoch 13 training [time: 4.94s, train loss: 337.1272]
Fri 04 Apr 2025 11:31:51 INFO  epoch 13 evaluating [time: 16.63s, valid_score: 0.215800]
Fri 04 Apr 2025 11:31:51 INFO  valid result: 
recall@10 : 0.1095    mrr@10 : 0.2158    ndcg@10 : 0.114    hit@10 : 0.5311    map@10 : 0.0532    precision@10 : 0.0816    gauc : 0.8641    itemcoverage@10 : 0.2624    averagepopularity@10 : 1017.3635    giniindex@10 : 0.9315    shannonentropy@10 : 0.0067    tailpercentage@10 : 0.0
Fri 04 Apr 2025 11:31:56 INFO  epoch 14 training [time: 4.89s, train loss: 336.3842]
Fri 04 Apr 2025 11:32:12 INFO  epoch 14 evaluating [time: 16.64s, valid_score: 0.220200]
Fri 04 Apr 2025 11:32:12 INFO  valid result: 
recall@10 : 0.1112    mrr@10 : 0.2202    ndcg@10 : 0.1174    hit@10 : 0.5444    map@10 : 0.0551    precision@10 : 0.0848    gauc : 0.8652    itemcoverage@10 : 0.2668    averagepopularity@10 : 984.9763    giniindex@10 : 0.9303    shannonentropy@10 : 0.0066    tailpercentage@10 : 0.0
Fri 04 Apr 2025 11:32:17 INFO  epoch 15 training [time: 4.76s, train loss: 336.4232]
Fri 04 Apr 2025 11:32:35 INFO  epoch 15 evaluating [time: 17.82s, valid_score: 0.225000]
Fri 04 Apr 2025 11:32:35 INFO  valid result: 
recall@10 : 0.1129    mrr@10 : 0.225    ndcg@10 : 0.1192    hit@10 : 0.5522    map@10 : 0.0553    precision@10 : 0.0868    gauc : 0.8659    itemcoverage@10 : 0.2578    averagepopularity@10 : 1124.8986    giniindex@10 : 0.943    shannonentropy@10 : 0.0065    tailpercentage@10 : 0.0
Fri 04 Apr 2025 11:32:35 INFO  Saving current: ./saved/movielens/DMF-Apr-04-2025_11-26-30.pth
Fri 04 Apr 2025 11:32:40 INFO  epoch 16 training [time: 4.88s, train loss: 335.9008]
Fri 04 Apr 2025 11:32:56 INFO  epoch 16 evaluating [time: 16.81s, valid_score: 0.218000]
Fri 04 Apr 2025 11:32:56 INFO  valid result: 
recall@10 : 0.1148    mrr@10 : 0.218    ndcg@10 : 0.1179    hit@10 : 0.5497    map@10 : 0.0547    precision@10 : 0.0854    gauc : 0.8645    itemcoverage@10 : 0.2634    averagepopularity@10 : 1001.4219    giniindex@10 : 0.9308    shannonentropy@10 : 0.0067    tailpercentage@10 : 0.0
Fri 04 Apr 2025 11:33:01 INFO  epoch 17 training [time: 4.88s, train loss: 335.5369]
Fri 04 Apr 2025 11:33:19 INFO  epoch 17 evaluating [time: 17.66s, valid_score: 0.213400]
Fri 04 Apr 2025 11:33:19 INFO  valid result: 
recall@10 : 0.1104    mrr@10 : 0.2134    ndcg@10 : 0.1134    hit@10 : 0.5318    map@10 : 0.0522    precision@10 : 0.082    gauc : 0.8608    itemcoverage@10 : 0.265    averagepopularity@10 : 911.8951    giniindex@10 : 0.9215    shannonentropy@10 : 0.0069    tailpercentage@10 : 0.0
Fri 04 Apr 2025 11:33:24 INFO  epoch 18 training [time: 4.82s, train loss: 335.5438]
Fri 04 Apr 2025 11:33:41 INFO  epoch 18 evaluating [time: 17.30s, valid_score: 0.219500]
Fri 04 Apr 2025 11:33:41 INFO  valid result: 
recall@10 : 0.116    mrr@10 : 0.2195    ndcg@10 : 0.1193    hit@10 : 0.5484    map@10 : 0.0558    precision@10 : 0.0861    gauc : 0.8636    itemcoverage@10 : 0.2684    averagepopularity@10 : 1024.7969    giniindex@10 : 0.9312    shannonentropy@10 : 0.0066    tailpercentage@10 : 0.0
Fri 04 Apr 2025 11:33:46 INFO  epoch 19 training [time: 4.79s, train loss: 335.4384]
Fri 04 Apr 2025 11:34:04 INFO  epoch 19 evaluating [time: 17.77s, valid_score: 0.219200]
Fri 04 Apr 2025 11:34:04 INFO  valid result: 
recall@10 : 0.1136    mrr@10 : 0.2192    ndcg@10 : 0.1175    hit@10 : 0.5417    map@10 : 0.055    precision@10 : 0.0839    gauc : 0.8637    itemcoverage@10 : 0.275    averagepopularity@10 : 1016.0869    giniindex@10 : 0.9279    shannonentropy@10 : 0.0065    tailpercentage@10 : 0.0
Fri 04 Apr 2025 11:34:09 INFO  epoch 20 training [time: 4.92s, train loss: 335.1550]
Fri 04 Apr 2025 11:34:26 INFO  epoch 20 evaluating [time: 17.44s, valid_score: 0.217500]
Fri 04 Apr 2025 11:34:26 INFO  valid result: 
recall@10 : 0.1118    mrr@10 : 0.2175    ndcg@10 : 0.1158    hit@10 : 0.5409    map@10 : 0.0535    precision@10 : 0.0841    gauc : 0.8633    itemcoverage@10 : 0.2659    averagepopularity@10 : 1101.5973    giniindex@10 : 0.9364    shannonentropy@10 : 0.0064    tailpercentage@10 : 0.0
Fri 04 Apr 2025 11:34:31 INFO  epoch 21 training [time: 4.99s, train loss: 335.0767]
Fri 04 Apr 2025 11:34:49 INFO  epoch 21 evaluating [time: 17.56s, valid_score: 0.221300]
Fri 04 Apr 2025 11:34:49 INFO  valid result: 
recall@10 : 0.113    mrr@10 : 0.2213    ndcg@10 : 0.1181    hit@10 : 0.5441    map@10 : 0.0549    precision@10 : 0.0855    gauc : 0.8642    itemcoverage@10 : 0.2671    averagepopularity@10 : 1008.068    giniindex@10 : 0.9335    shannonentropy@10 : 0.0066    tailpercentage@10 : 0.0
Fri 04 Apr 2025 11:34:54 INFO  epoch 22 training [time: 4.95s, train loss: 334.8226]
Fri 04 Apr 2025 11:35:10 INFO  epoch 22 evaluating [time: 16.82s, valid_score: 0.218400]
Fri 04 Apr 2025 11:35:10 INFO  valid result: 
recall@10 : 0.1157    mrr@10 : 0.2184    ndcg@10 : 0.1186    hit@10 : 0.5525    map@10 : 0.055    precision@10 : 0.0865    gauc : 0.8653    itemcoverage@10 : 0.2634    averagepopularity@10 : 1093.8261    giniindex@10 : 0.9377    shannonentropy@10 : 0.0065    tailpercentage@10 : 0.0
Fri 04 Apr 2025 11:35:15 INFO  epoch 23 training [time: 4.87s, train loss: 334.7189]
Fri 04 Apr 2025 11:35:33 INFO  epoch 23 evaluating [time: 17.34s, valid_score: 0.218300]
Fri 04 Apr 2025 11:35:33 INFO  valid result: 
recall@10 : 0.1158    mrr@10 : 0.2183    ndcg@10 : 0.1185    hit@10 : 0.549    map@10 : 0.0546    precision@10 : 0.0868    gauc : 0.8651    itemcoverage@10 : 0.2662    averagepopularity@10 : 1083.5523    giniindex@10 : 0.9376    shannonentropy@10 : 0.0065    tailpercentage@10 : 0.0
Fri 04 Apr 2025 11:35:37 INFO  epoch 24 training [time: 4.90s, train loss: 334.6052]
Fri 04 Apr 2025 11:35:55 INFO  epoch 24 evaluating [time: 17.36s, valid_score: 0.225200]
Fri 04 Apr 2025 11:35:55 INFO  valid result: 
recall@10 : 0.1172    mrr@10 : 0.2252    ndcg@10 : 0.1211    hit@10 : 0.554    map@10 : 0.0568    precision@10 : 0.0869    gauc : 0.8656    itemcoverage@10 : 0.2784    averagepopularity@10 : 1083.5729    giniindex@10 : 0.9367    shannonentropy@10 : 0.0062    tailpercentage@10 : 0.0
Fri 04 Apr 2025 11:35:55 INFO  Saving current: ./saved/movielens/DMF-Apr-04-2025_11-26-30.pth
Fri 04 Apr 2025 11:36:00 INFO  epoch 25 training [time: 4.92s, train loss: 334.4016]
Fri 04 Apr 2025 11:36:17 INFO  epoch 25 evaluating [time: 16.94s, valid_score: 0.220700]
Fri 04 Apr 2025 11:36:17 INFO  valid result: 
recall@10 : 0.1141    mrr@10 : 0.2207    ndcg@10 : 0.1178    hit@10 : 0.5467    map@10 : 0.0545    precision@10 : 0.0853    gauc : 0.8638    itemcoverage@10 : 0.2841    averagepopularity@10 : 985.1981    giniindex@10 : 0.9229    shannonentropy@10 : 0.0063    tailpercentage@10 : 0.0
Fri 04 Apr 2025 11:36:22 INFO  epoch 26 training [time: 4.83s, train loss: 334.4267]
Fri 04 Apr 2025 11:36:38 INFO  epoch 26 evaluating [time: 16.81s, valid_score: 0.224100]
Fri 04 Apr 2025 11:36:38 INFO  valid result: 
recall@10 : 0.1171    mrr@10 : 0.2241    ndcg@10 : 0.1202    hit@10 : 0.5545    map@10 : 0.0558    precision@10 : 0.0872    gauc : 0.8646    itemcoverage@10 : 0.2709    averagepopularity@10 : 995.3289    giniindex@10 : 0.9298    shannonentropy@10 : 0.0066    tailpercentage@10 : 0.0
Fri 04 Apr 2025 11:36:43 INFO  epoch 27 training [time: 4.78s, train loss: 334.1329]
Fri 04 Apr 2025 11:37:00 INFO  epoch 27 evaluating [time: 17.05s, valid_score: 0.221400]
Fri 04 Apr 2025 11:37:00 INFO  valid result: 
recall@10 : 0.1175    mrr@10 : 0.2214    ndcg@10 : 0.1201    hit@10 : 0.5626    map@10 : 0.0551    precision@10 : 0.0884    gauc : 0.8632    itemcoverage@10 : 0.2628    averagepopularity@10 : 1012.8094    giniindex@10 : 0.9313    shannonentropy@10 : 0.0067    tailpercentage@10 : 0.0
Fri 04 Apr 2025 11:37:05 INFO  epoch 28 training [time: 4.82s, train loss: 334.0475]
Fri 04 Apr 2025 11:37:22 INFO  epoch 28 evaluating [time: 16.74s, valid_score: 0.224400]
Fri 04 Apr 2025 11:37:22 INFO  valid result: 
recall@10 : 0.1167    mrr@10 : 0.2244    ndcg@10 : 0.1209    hit@10 : 0.5507    map@10 : 0.0571    precision@10 : 0.0864    gauc : 0.8648    itemcoverage@10 : 0.2803    averagepopularity@10 : 973.596    giniindex@10 : 0.9247    shannonentropy@10 : 0.0064    tailpercentage@10 : 0.0
Fri 04 Apr 2025 11:37:27 INFO  epoch 29 training [time: 4.91s, train loss: 333.6983]
Fri 04 Apr 2025 11:37:44 INFO  epoch 29 evaluating [time: 17.55s, valid_score: 0.220700]
Fri 04 Apr 2025 11:37:44 INFO  valid result: 
recall@10 : 0.1162    mrr@10 : 0.2207    ndcg@10 : 0.1189    hit@10 : 0.551    map@10 : 0.055    precision@10 : 0.086    gauc : 0.8636    itemcoverage@10 : 0.2781    averagepopularity@10 : 981.263    giniindex@10 : 0.921    shannonentropy@10 : 0.0065    tailpercentage@10 : 0.0
Fri 04 Apr 2025 11:37:49 INFO  epoch 30 training [time: 4.85s, train loss: 333.5391]
Fri 04 Apr 2025 11:38:06 INFO  epoch 30 evaluating [time: 16.57s, valid_score: 0.225300]
Fri 04 Apr 2025 11:38:06 INFO  valid result: 
recall@10 : 0.1196    mrr@10 : 0.2253    ndcg@10 : 0.1226    hit@10 : 0.5644    map@10 : 0.0572    precision@10 : 0.0891    gauc : 0.8621    itemcoverage@10 : 0.2722    averagepopularity@10 : 1114.3356    giniindex@10 : 0.9413    shannonentropy@10 : 0.0062    tailpercentage@10 : 0.0
Fri 04 Apr 2025 11:38:06 INFO  Saving current: ./saved/movielens/DMF-Apr-04-2025_11-26-30.pth
Fri 04 Apr 2025 11:38:10 INFO  epoch 31 training [time: 4.83s, train loss: 333.8333]
Fri 04 Apr 2025 11:38:27 INFO  epoch 31 evaluating [time: 16.86s, valid_score: 0.218300]
Fri 04 Apr 2025 11:38:27 INFO  valid result: 
recall@10 : 0.1134    mrr@10 : 0.2183    ndcg@10 : 0.1172    hit@10 : 0.5451    map@10 : 0.0544    precision@10 : 0.0849    gauc : 0.8644    itemcoverage@10 : 0.2769    averagepopularity@10 : 932.9152    giniindex@10 : 0.9221    shannonentropy@10 : 0.0066    tailpercentage@10 : 0.0
Fri 04 Apr 2025 11:38:32 INFO  epoch 32 training [time: 4.82s, train loss: 334.0079]
Fri 04 Apr 2025 11:38:49 INFO  epoch 32 evaluating [time: 16.85s, valid_score: 0.219200]
Fri 04 Apr 2025 11:38:49 INFO  valid result: 
recall@10 : 0.1136    mrr@10 : 0.2192    ndcg@10 : 0.118    hit@10 : 0.5454    map@10 : 0.0549    precision@10 : 0.0857    gauc : 0.8621    itemcoverage@10 : 0.2953    averagepopularity@10 : 897.4858    giniindex@10 : 0.9107    shannonentropy@10 : 0.0063    tailpercentage@10 : 0.0
Fri 04 Apr 2025 11:38:54 INFO  epoch 33 training [time: 4.86s, train loss: 333.5465]
Fri 04 Apr 2025 11:39:11 INFO  epoch 33 evaluating [time: 16.97s, valid_score: 0.219100]
Fri 04 Apr 2025 11:39:11 INFO  valid result: 
recall@10 : 0.1156    mrr@10 : 0.2191    ndcg@10 : 0.1181    hit@10 : 0.549    map@10 : 0.0547    precision@10 : 0.0853    gauc : 0.8646    itemcoverage@10 : 0.2909    averagepopularity@10 : 954.5047    giniindex@10 : 0.9192    shannonentropy@10 : 0.0062    tailpercentage@10 : 0.0
Fri 04 Apr 2025 11:39:16 INFO  epoch 34 training [time: 4.89s, train loss: 333.7668]
Fri 04 Apr 2025 11:39:32 INFO  epoch 34 evaluating [time: 16.75s, valid_score: 0.224100]
Fri 04 Apr 2025 11:39:32 INFO  valid result: 
recall@10 : 0.12    mrr@10 : 0.2241    ndcg@10 : 0.1218    hit@10 : 0.559    map@10 : 0.0567    precision@10 : 0.0877    gauc : 0.8632    itemcoverage@10 : 0.2806    averagepopularity@10 : 1037.3705    giniindex@10 : 0.93    shannonentropy@10 : 0.0063    tailpercentage@10 : 0.0
Fri 04 Apr 2025 11:39:37 INFO  epoch 35 training [time: 4.95s, train loss: 333.4842]
Fri 04 Apr 2025 11:39:55 INFO  epoch 35 evaluating [time: 17.76s, valid_score: 0.223800]
Fri 04 Apr 2025 11:39:55 INFO  valid result: 
recall@10 : 0.1171    mrr@10 : 0.2238    ndcg@10 : 0.1201    hit@10 : 0.5582    map@10 : 0.0557    precision@10 : 0.0867    gauc : 0.8637    itemcoverage@10 : 0.2834    averagepopularity@10 : 1036.757    giniindex@10 : 0.9286    shannonentropy@10 : 0.0062    tailpercentage@10 : 0.0
Fri 04 Apr 2025 11:40:00 INFO  epoch 36 training [time: 4.94s, train loss: 333.5357]
Fri 04 Apr 2025 11:40:17 INFO  epoch 36 evaluating [time: 16.82s, valid_score: 0.216600]
Fri 04 Apr 2025 11:40:17 INFO  valid result: 
recall@10 : 0.112    mrr@10 : 0.2166    ndcg@10 : 0.1159    hit@10 : 0.5424    map@10 : 0.0535    precision@10 : 0.0845    gauc : 0.8641    itemcoverage@10 : 0.2844    averagepopularity@10 : 929.1357    giniindex@10 : 0.9186    shannonentropy@10 : 0.0064    tailpercentage@10 : 0.0
Fri 04 Apr 2025 11:40:22 INFO  epoch 37 training [time: 4.86s, train loss: 333.4307]
Fri 04 Apr 2025 11:40:39 INFO  epoch 37 evaluating [time: 17.52s, valid_score: 0.218700]
Fri 04 Apr 2025 11:40:39 INFO  valid result: 
recall@10 : 0.1155    mrr@10 : 0.2187    ndcg@10 : 0.1187    hit@10 : 0.5552    map@10 : 0.055    precision@10 : 0.0865    gauc : 0.8621    itemcoverage@10 : 0.2853    averagepopularity@10 : 969.3877    giniindex@10 : 0.9211    shannonentropy@10 : 0.0063    tailpercentage@10 : 0.0
Fri 04 Apr 2025 11:40:44 INFO  epoch 38 training [time: 4.89s, train loss: 333.5309]
Fri 04 Apr 2025 11:41:02 INFO  epoch 38 evaluating [time: 17.42s, valid_score: 0.221100]
Fri 04 Apr 2025 11:41:02 INFO  valid result: 
recall@10 : 0.1159    mrr@10 : 0.2211    ndcg@10 : 0.119    hit@10 : 0.549    map@10 : 0.0551    precision@10 : 0.0862    gauc : 0.8621    itemcoverage@10 : 0.2866    averagepopularity@10 : 1014.8768    giniindex@10 : 0.9274    shannonentropy@10 : 0.0062    tailpercentage@10 : 0.0
Fri 04 Apr 2025 11:41:07 INFO  epoch 39 training [time: 4.91s, train loss: 332.9411]
Fri 04 Apr 2025 11:41:24 INFO  epoch 39 evaluating [time: 17.24s, valid_score: 0.221800]
Fri 04 Apr 2025 11:41:24 INFO  valid result: 
recall@10 : 0.1164    mrr@10 : 0.2218    ndcg@10 : 0.1188    hit@10 : 0.555    map@10 : 0.0548    precision@10 : 0.0859    gauc : 0.8624    itemcoverage@10 : 0.2931    averagepopularity@10 : 1004.1246    giniindex@10 : 0.921    shannonentropy@10 : 0.0061    tailpercentage@10 : 0.0
Fri 04 Apr 2025 11:41:29 INFO  epoch 40 training [time: 4.92s, train loss: 332.8810]
Fri 04 Apr 2025 11:41:45 INFO  epoch 40 evaluating [time: 16.83s, valid_score: 0.222200]
Fri 04 Apr 2025 11:41:45 INFO  valid result: 
recall@10 : 0.1185    mrr@10 : 0.2222    ndcg@10 : 0.1207    hit@10 : 0.563    map@10 : 0.056    precision@10 : 0.0871    gauc : 0.8633    itemcoverage@10 : 0.2969    averagepopularity@10 : 988.7325    giniindex@10 : 0.9226    shannonentropy@10 : 0.0061    tailpercentage@10 : 0.0
Fri 04 Apr 2025 11:41:50 INFO  epoch 41 training [time: 4.81s, train loss: 333.1057]
Fri 04 Apr 2025 11:42:07 INFO  epoch 41 evaluating [time: 16.86s, valid_score: 0.221300]
Fri 04 Apr 2025 11:42:07 INFO  valid result: 
recall@10 : 0.1159    mrr@10 : 0.2213    ndcg@10 : 0.1191    hit@10 : 0.551    map@10 : 0.0557    precision@10 : 0.0854    gauc : 0.8623    itemcoverage@10 : 0.2772    averagepopularity@10 : 1006.9268    giniindex@10 : 0.9249    shannonentropy@10 : 0.0065    tailpercentage@10 : 0.0
Fri 04 Apr 2025 11:42:12 INFO  epoch 42 training [time: 4.82s, train loss: 333.0282]
Fri 04 Apr 2025 11:42:29 INFO  epoch 42 evaluating [time: 17.06s, valid_score: 0.223400]
Fri 04 Apr 2025 11:42:29 INFO  valid result: 
recall@10 : 0.1186    mrr@10 : 0.2234    ndcg@10 : 0.1209    hit@10 : 0.5601    map@10 : 0.056    precision@10 : 0.0874    gauc : 0.8613    itemcoverage@10 : 0.2903    averagepopularity@10 : 1007.2834    giniindex@10 : 0.9243    shannonentropy@10 : 0.0062    tailpercentage@10 : 0.0
Fri 04 Apr 2025 11:42:34 INFO  epoch 43 training [time: 4.81s, train loss: 332.6528]
Fri 04 Apr 2025 11:42:51 INFO  epoch 43 evaluating [time: 17.01s, valid_score: 0.219500]
Fri 04 Apr 2025 11:42:51 INFO  valid result: 
recall@10 : 0.1133    mrr@10 : 0.2195    ndcg@10 : 0.1173    hit@10 : 0.5485    map@10 : 0.0544    precision@10 : 0.0854    gauc : 0.8609    itemcoverage@10 : 0.2897    averagepopularity@10 : 949.4879    giniindex@10 : 0.9169    shannonentropy@10 : 0.0063    tailpercentage@10 : 0.0
Fri 04 Apr 2025 11:42:56 INFO  epoch 44 training [time: 4.84s, train loss: 332.9082]
Fri 04 Apr 2025 11:43:12 INFO  epoch 44 evaluating [time: 16.64s, valid_score: 0.220400]
Fri 04 Apr 2025 11:43:12 INFO  valid result: 
recall@10 : 0.1126    mrr@10 : 0.2204    ndcg@10 : 0.117    hit@10 : 0.5471    map@10 : 0.0542    precision@10 : 0.0841    gauc : 0.8622    itemcoverage@10 : 0.2859    averagepopularity@10 : 970.7029    giniindex@10 : 0.9234    shannonentropy@10 : 0.0063    tailpercentage@10 : 0.0
Fri 04 Apr 2025 11:43:17 INFO  epoch 45 training [time: 4.85s, train loss: 332.7545]
Fri 04 Apr 2025 11:43:34 INFO  epoch 45 evaluating [time: 17.05s, valid_score: 0.222200]
Fri 04 Apr 2025 11:43:34 INFO  valid result: 
recall@10 : 0.118    mrr@10 : 0.2222    ndcg@10 : 0.1203    hit@10 : 0.5565    map@10 : 0.0558    precision@10 : 0.087    gauc : 0.8628    itemcoverage@10 : 0.2872    averagepopularity@10 : 980.1749    giniindex@10 : 0.9253    shannonentropy@10 : 0.0063    tailpercentage@10 : 0.0
Fri 04 Apr 2025 11:43:39 INFO  epoch 46 training [time: 4.84s, train loss: 332.9545]
Fri 04 Apr 2025 11:43:57 INFO  epoch 46 evaluating [time: 17.47s, valid_score: 0.229700]
Fri 04 Apr 2025 11:43:57 INFO  valid result: 
recall@10 : 0.1182    mrr@10 : 0.2297    ndcg@10 : 0.124    hit@10 : 0.5585    map@10 : 0.0588    precision@10 : 0.089    gauc : 0.8616    itemcoverage@10 : 0.2837    averagepopularity@10 : 1081.7484    giniindex@10 : 0.9353    shannonentropy@10 : 0.0061    tailpercentage@10 : 0.0
Fri 04 Apr 2025 11:43:57 INFO  Saving current: ./saved/movielens/DMF-Apr-04-2025_11-26-30.pth
Fri 04 Apr 2025 11:44:01 INFO  epoch 47 training [time: 4.79s, train loss: 332.9718]
Fri 04 Apr 2025 11:44:19 INFO  epoch 47 evaluating [time: 17.35s, valid_score: 0.229600]
Fri 04 Apr 2025 11:44:19 INFO  valid result: 
recall@10 : 0.1174    mrr@10 : 0.2296    ndcg@10 : 0.1229    hit@10 : 0.5605    map@10 : 0.058    precision@10 : 0.0882    gauc : 0.8632    itemcoverage@10 : 0.2837    averagepopularity@10 : 1008.7233    giniindex@10 : 0.9261    shannonentropy@10 : 0.0063    tailpercentage@10 : 0.0
Fri 04 Apr 2025 11:44:24 INFO  epoch 48 training [time: 4.92s, train loss: 333.1124]
Fri 04 Apr 2025 11:44:40 INFO  epoch 48 evaluating [time: 16.80s, valid_score: 0.226000]
Fri 04 Apr 2025 11:44:40 INFO  valid result: 
recall@10 : 0.1191    mrr@10 : 0.226    ndcg@10 : 0.1226    hit@10 : 0.5618    map@10 : 0.058    precision@10 : 0.0872    gauc : 0.8614    itemcoverage@10 : 0.2913    averagepopularity@10 : 999.2792    giniindex@10 : 0.9234    shannonentropy@10 : 0.0062    tailpercentage@10 : 0.0
Fri 04 Apr 2025 11:44:45 INFO  epoch 49 training [time: 4.88s, train loss: 332.9348]
Fri 04 Apr 2025 11:45:02 INFO  epoch 49 evaluating [time: 16.78s, valid_score: 0.217400]
Fri 04 Apr 2025 11:45:02 INFO  valid result: 
recall@10 : 0.1158    mrr@10 : 0.2174    ndcg@10 : 0.1179    hit@10 : 0.5504    map@10 : 0.0543    precision@10 : 0.0857    gauc : 0.8628    itemcoverage@10 : 0.2888    averagepopularity@10 : 928.201    giniindex@10 : 0.9179    shannonentropy@10 : 0.0063    tailpercentage@10 : 0.0
Fri 04 Apr 2025 11:45:02 INFO  Loading model structure and parameters from ./saved/movielens/DMF-Apr-04-2025_11-26-30.pth
