Sat 05 Apr 2025 08:35:59 INFO  
General Hyper Parameters:
gpu_id = 0
use_gpu = True
seed = 2020
state = INFO
reproducibility = True
data_path = dataset/movielens
checkpoint_dir = ./saved/movielens/
show_progress = True
save_dataset = True
dataset_save_path = None
save_dataloaders = True
dataloaders_save_path = None
log_wandb = False

Training Hyper Parameters:
epochs = 50
train_batch_size = 2048
learner = adam
learning_rate = 0.001
train_neg_sample_args = {'distribution': 'uniform', 'sample_num': 1, 'alpha': 1.0, 'dynamic': False, 'candidate_num': 0}
eval_step = 1
stopping_step = 50
clip_grad_norm = None
weight_decay = 0.0
loss_decimal_place = 4

Evaluation Hyper Parameters:
eval_args = {'split': {'RS': [0.8, 0.1, 0.1]}, 'group_by': 'user', 'order': 'RO', 'mode': 'full'}
repeatable = False
metrics = ['Recall', 'MRR', 'NDCG', 'Hit', 'MAP', 'Precision', 'GAUC', 'ItemCoverage', 'AveragePopularity', 'GiniIndex', 'ShannonEntropy', 'TailPercentage']
topk = [10]
valid_metric = MRR@10
valid_metric_bigger = True
eval_batch_size = 4096
metric_decimal_place = 4

Dataset Hyper Parameters:
field_separator = 	
seq_separator =  
USER_ID_FIELD = user_id
ITEM_ID_FIELD = item_id
RATING_FIELD = rating
TIME_FIELD = timestamp
seq_len = None
LABEL_FIELD = label
threshold = None
NEG_PREFIX = neg_
load_col = {'inter': ['user_id', 'item_id']}
unload_col = None
unused_col = None
additional_feat_suffix = None
rm_dup_inter = None
val_interval = None
filter_inter_by_user_or_item = True
user_inter_num_interval = [0,inf)
item_inter_num_interval = [0,inf)
alias_of_user_id = None
alias_of_item_id = None
alias_of_entity_id = None
alias_of_relation_id = None
preload_weight = None
normalize_field = None
normalize_all = None
ITEM_LIST_LENGTH_FIELD = item_length
LIST_SUFFIX = _list
MAX_ITEM_LIST_LENGTH = 50
POSITION_FIELD = position_id
HEAD_ENTITY_ID_FIELD = head_id
TAIL_ENTITY_ID_FIELD = tail_id
RELATION_ID_FIELD = relation_id
ENTITY_ID_FIELD = entity_id
benchmark_filename = None

Other Hyper Parameters: 
worker = 0
wandb_project = recbole
shuffle = True
require_pow = False
enable_amp = False
enable_scaler = False
transform = None
embedding_size = 64
n_factors = 4
n_iterations = 2
n_layers = 1
reg_weight = 0.001
cor_weight = 0.01
numerical_features = []
discretization = None
kg_reverse_r = False
entity_kg_num_interval = [0,inf)
relation_kg_num_interval = [0,inf)
MODEL_TYPE = ModelType.GENERAL
MODEL_INPUT_TYPE = InputType.PAIRWISE
eval_type = EvaluatorType.RANKING
single_spec = True
local_rank = 0
device = cuda
eval_neg_sample_args = {'distribution': 'uniform', 'sample_num': 'none'}


Sat 05 Apr 2025 08:35:59 INFO  Load filtered dataset from: [./saved/movielens/movielens-Dataset.pth]
Sat 05 Apr 2025 08:35:59 INFO  movielens
The number of users: 6037
Average actions of users: 125.48889993373095
The number of items: 3193
Average actions of items: 237.296679197995
The number of inters: 757451
The sparsity of the dataset: 96.07052573437805%
Remain Fields: ['user_id', 'item_id']
Sat 05 Apr 2025 08:36:00 INFO  Saving split dataloaders into: [./saved/movielens/movielens-for-DGCF-dataloader.pth]
Sat 05 Apr 2025 08:36:03 INFO  [Training]: train_batch_size = [2048] train_neg_sample_args: [{'distribution': 'uniform', 'sample_num': 1, 'alpha': 1.0, 'dynamic': False, 'candidate_num': 0}]
Sat 05 Apr 2025 08:36:03 INFO  [Evaluation]: eval_batch_size = [4096] eval_args: [{'split': {'RS': [0.8, 0.1, 0.1]}, 'group_by': 'user', 'order': 'RO', 'mode': 'full'}]
Sat 05 Apr 2025 08:36:04 INFO  DGCF(
  (user_embedding): Embedding(6037, 64)
  (item_embedding): Embedding(3193, 64)
  (softmax): Softmax(dim=1)
  (mf_loss): BPRLoss()
  (reg_loss): EmbLoss()
)
Trainable parameters: 590720
Sat 05 Apr 2025 08:48:42 INFO  epoch 0 training [time: 753.15s, train loss: 168.5218]
Sat 05 Apr 2025 08:48:57 INFO  epoch 0 evaluating [time: 14.43s, valid_score: 0.150000]
Sat 05 Apr 2025 08:48:57 INFO  valid result: 
recall@10 : 0.0638    mrr@10 : 0.15    ndcg@10 : 0.0742    hit@10 : 0.3814    map@10 : 0.0335    precision@10 : 0.0555    gauc : 0.8264    itemcoverage@10 : 0.0492    averagepopularity@10 : 1715.9187    giniindex@10 : 0.9949    shannonentropy@10 : 0.0192    tailpercentage@10 : 0.0046
Sat 05 Apr 2025 08:48:57 INFO  Saving current: ./saved/movielens/DGCF-Apr-05-2025_08-36-04.pth
Sat 05 Apr 2025 09:01:30 INFO  epoch 1 training [time: 753.62s, train loss: 118.4296]
Sat 05 Apr 2025 09:01:45 INFO  epoch 1 evaluating [time: 14.18s, valid_score: 0.153000]
Sat 05 Apr 2025 09:01:45 INFO  valid result: 
recall@10 : 0.0655    mrr@10 : 0.153    ndcg@10 : 0.0759    hit@10 : 0.3883    map@10 : 0.0344    precision@10 : 0.0567    gauc : 0.8338    itemcoverage@10 : 0.0595    averagepopularity@10 : 1715.9552    giniindex@10 : 0.9947    shannonentropy@10 : 0.0161    tailpercentage@10 : 0.0029
Sat 05 Apr 2025 09:01:45 INFO  Saving current: ./saved/movielens/DGCF-Apr-05-2025_08-36-04.pth
Sat 05 Apr 2025 09:14:17 INFO  epoch 2 training [time: 752.05s, train loss: 110.7230]
Sat 05 Apr 2025 09:14:31 INFO  epoch 2 evaluating [time: 14.60s, valid_score: 0.158100]
Sat 05 Apr 2025 09:14:31 INFO  valid result: 
recall@10 : 0.0716    mrr@10 : 0.1581    ndcg@10 : 0.0798    hit@10 : 0.4115    map@10 : 0.0356    precision@10 : 0.0603    gauc : 0.8448    itemcoverage@10 : 0.0664    averagepopularity@10 : 1694.8304    giniindex@10 : 0.9938    shannonentropy@10 : 0.0152    tailpercentage@10 : 0.0022
Sat 05 Apr 2025 09:14:31 INFO  Saving current: ./saved/movielens/DGCF-Apr-05-2025_08-36-04.pth
Sat 05 Apr 2025 09:27:05 INFO  epoch 3 training [time: 753.64s, train loss: 104.5007]
Sat 05 Apr 2025 09:27:18 INFO  epoch 3 evaluating [time: 13.60s, valid_score: 0.165700]
Sat 05 Apr 2025 09:27:18 INFO  valid result: 
recall@10 : 0.0749    mrr@10 : 0.1657    ndcg@10 : 0.0839    hit@10 : 0.4241    map@10 : 0.0378    precision@10 : 0.0629    gauc : 0.8524    itemcoverage@10 : 0.0708    averagepopularity@10 : 1651.5702    giniindex@10 : 0.9927    shannonentropy@10 : 0.0151    tailpercentage@10 : 0.0014
Sat 05 Apr 2025 09:27:18 INFO  Saving current: ./saved/movielens/DGCF-Apr-05-2025_08-36-04.pth
Sat 05 Apr 2025 09:39:51 INFO  epoch 4 training [time: 752.91s, train loss: 100.3518]
Sat 05 Apr 2025 09:40:05 INFO  epoch 4 evaluating [time: 13.86s, valid_score: 0.176200]
Sat 05 Apr 2025 09:40:05 INFO  valid result: 
recall@10 : 0.0782    mrr@10 : 0.1762    ndcg@10 : 0.0882    hit@10 : 0.439    map@10 : 0.0401    precision@10 : 0.0652    gauc : 0.8575    itemcoverage@10 : 0.0733    averagepopularity@10 : 1600.774    giniindex@10 : 0.9912    shannonentropy@10 : 0.0155    tailpercentage@10 : 0.001
Sat 05 Apr 2025 09:40:05 INFO  Saving current: ./saved/movielens/DGCF-Apr-05-2025_08-36-04.pth
Sat 05 Apr 2025 09:52:38 INFO  epoch 5 training [time: 752.90s, train loss: 96.8372]
Sat 05 Apr 2025 09:52:52 INFO  epoch 5 evaluating [time: 14.06s, valid_score: 0.185000]
Sat 05 Apr 2025 09:52:52 INFO  valid result: 
recall@10 : 0.0819    mrr@10 : 0.185    ndcg@10 : 0.0928    hit@10 : 0.4566    map@10 : 0.0422    precision@10 : 0.0687    gauc : 0.8617    itemcoverage@10 : 0.0836    averagepopularity@10 : 1561.2699    giniindex@10 : 0.9896    shannonentropy@10 : 0.0142    tailpercentage@10 : 0.0009
Sat 05 Apr 2025 09:52:52 INFO  Saving current: ./saved/movielens/DGCF-Apr-05-2025_08-36-04.pth
Sat 05 Apr 2025 10:05:25 INFO  epoch 6 training [time: 752.40s, train loss: 93.9498]
Sat 05 Apr 2025 10:05:38 INFO  epoch 6 evaluating [time: 13.67s, valid_score: 0.190200]
Sat 05 Apr 2025 10:05:38 INFO  valid result: 
recall@10 : 0.0847    mrr@10 : 0.1902    ndcg@10 : 0.0961    hit@10 : 0.4675    map@10 : 0.0438    precision@10 : 0.0714    gauc : 0.8657    itemcoverage@10 : 0.0905    averagepopularity@10 : 1512.625    giniindex@10 : 0.9875    shannonentropy@10 : 0.0138    tailpercentage@10 : 0.0006
Sat 05 Apr 2025 10:05:38 INFO  Saving current: ./saved/movielens/DGCF-Apr-05-2025_08-36-04.pth
Sat 05 Apr 2025 10:18:10 INFO  epoch 7 training [time: 751.81s, train loss: 91.3597]
Sat 05 Apr 2025 10:18:25 INFO  epoch 7 evaluating [time: 14.40s, valid_score: 0.194700]
Sat 05 Apr 2025 10:18:25 INFO  valid result: 
recall@10 : 0.0886    mrr@10 : 0.1947    ndcg@10 : 0.0989    hit@10 : 0.4747    map@10 : 0.0453    precision@10 : 0.0731    gauc : 0.8692    itemcoverage@10 : 0.1037    averagepopularity@10 : 1476.8075    giniindex@10 : 0.986    shannonentropy@10 : 0.0124    tailpercentage@10 : 0.0005
Sat 05 Apr 2025 10:18:25 INFO  Saving current: ./saved/movielens/DGCF-Apr-05-2025_08-36-04.pth
Sat 05 Apr 2025 10:30:57 INFO  epoch 8 training [time: 752.72s, train loss: 88.4951]
Sat 05 Apr 2025 10:31:11 INFO  epoch 8 evaluating [time: 13.78s, valid_score: 0.198500]
Sat 05 Apr 2025 10:31:11 INFO  valid result: 
recall@10 : 0.0905    mrr@10 : 0.1985    ndcg@10 : 0.1014    hit@10 : 0.4839    map@10 : 0.0466    precision@10 : 0.0751    gauc : 0.8725    itemcoverage@10 : 0.1168    averagepopularity@10 : 1449.1189    giniindex@10 : 0.9842    shannonentropy@10 : 0.0113    tailpercentage@10 : 0.0005
Sat 05 Apr 2025 10:31:11 INFO  Saving current: ./saved/movielens/DGCF-Apr-05-2025_08-36-04.pth
Sat 05 Apr 2025 10:43:45 INFO  epoch 9 training [time: 753.73s, train loss: 86.5180]
Sat 05 Apr 2025 10:43:59 INFO  epoch 9 evaluating [time: 14.04s, valid_score: 0.201100]
Sat 05 Apr 2025 10:43:59 INFO  valid result: 
recall@10 : 0.0932    mrr@10 : 0.2011    ndcg@10 : 0.1037    hit@10 : 0.492    map@10 : 0.0477    precision@10 : 0.0769    gauc : 0.8756    itemcoverage@10 : 0.1334    averagepopularity@10 : 1426.095    giniindex@10 : 0.9823    shannonentropy@10 : 0.0101    tailpercentage@10 : 0.0003
Sat 05 Apr 2025 10:43:59 INFO  Saving current: ./saved/movielens/DGCF-Apr-05-2025_08-36-04.pth
Sat 05 Apr 2025 10:56:33 INFO  epoch 10 training [time: 753.74s, train loss: 84.1464]
Sat 05 Apr 2025 10:56:47 INFO  epoch 10 evaluating [time: 14.91s, valid_score: 0.205400]
Sat 05 Apr 2025 10:56:47 INFO  valid result: 
recall@10 : 0.0949    mrr@10 : 0.2054    ndcg@10 : 0.1058    hit@10 : 0.5    map@10 : 0.0488    precision@10 : 0.078    gauc : 0.8784    itemcoverage@10 : 0.1475    averagepopularity@10 : 1400.8561    giniindex@10 : 0.9799    shannonentropy@10 : 0.0094    tailpercentage@10 : 0.0002
Sat 05 Apr 2025 10:56:48 INFO  Saving current: ./saved/movielens/DGCF-Apr-05-2025_08-36-04.pth
Sat 05 Apr 2025 11:09:20 INFO  epoch 11 training [time: 752.89s, train loss: 82.5722]
Sat 05 Apr 2025 11:09:34 INFO  epoch 11 evaluating [time: 13.52s, valid_score: 0.207500]
Sat 05 Apr 2025 11:09:34 INFO  valid result: 
recall@10 : 0.0985    mrr@10 : 0.2075    ndcg@10 : 0.1083    hit@10 : 0.5076    map@10 : 0.05    precision@10 : 0.0801    gauc : 0.8806    itemcoverage@10 : 0.1647    averagepopularity@10 : 1380.1349    giniindex@10 : 0.9777    shannonentropy@10 : 0.0086    tailpercentage@10 : 0.0002
Sat 05 Apr 2025 11:09:34 INFO  Saving current: ./saved/movielens/DGCF-Apr-05-2025_08-36-04.pth
Sat 05 Apr 2025 11:22:07 INFO  epoch 12 training [time: 752.96s, train loss: 80.7652]
Sat 05 Apr 2025 11:22:22 INFO  epoch 12 evaluating [time: 14.69s, valid_score: 0.211600]
Sat 05 Apr 2025 11:22:22 INFO  valid result: 
recall@10 : 0.1011    mrr@10 : 0.2116    ndcg@10 : 0.1102    hit@10 : 0.5151    map@10 : 0.0509    precision@10 : 0.0811    gauc : 0.8825    itemcoverage@10 : 0.1741    averagepopularity@10 : 1358.0146    giniindex@10 : 0.9755    shannonentropy@10 : 0.0083    tailpercentage@10 : 0.0001
Sat 05 Apr 2025 11:22:22 INFO  Saving current: ./saved/movielens/DGCF-Apr-05-2025_08-36-04.pth
Sat 05 Apr 2025 11:34:56 INFO  epoch 13 training [time: 754.82s, train loss: 79.3950]
Sat 05 Apr 2025 11:35:10 INFO  epoch 13 evaluating [time: 13.92s, valid_score: 0.212500]
Sat 05 Apr 2025 11:35:10 INFO  valid result: 
recall@10 : 0.1026    mrr@10 : 0.2125    ndcg@10 : 0.1112    hit@10 : 0.5186    map@10 : 0.0515    precision@10 : 0.0816    gauc : 0.8841    itemcoverage@10 : 0.1816    averagepopularity@10 : 1336.5204    giniindex@10 : 0.9735    shannonentropy@10 : 0.0081    tailpercentage@10 : 0.0001
Sat 05 Apr 2025 11:35:10 INFO  Saving current: ./saved/movielens/DGCF-Apr-05-2025_08-36-04.pth
Sat 05 Apr 2025 11:47:44 INFO  epoch 14 training [time: 753.49s, train loss: 78.0564]
Sat 05 Apr 2025 11:47:58 INFO  epoch 14 evaluating [time: 14.43s, valid_score: 0.215200]
Sat 05 Apr 2025 11:47:58 INFO  valid result: 
recall@10 : 0.1053    mrr@10 : 0.2152    ndcg@10 : 0.1133    hit@10 : 0.5252    map@10 : 0.0526    precision@10 : 0.083    gauc : 0.8854    itemcoverage@10 : 0.1957    averagepopularity@10 : 1314.0946    giniindex@10 : 0.971    shannonentropy@10 : 0.0076    tailpercentage@10 : 0.0001
Sat 05 Apr 2025 11:47:58 INFO  Saving current: ./saved/movielens/DGCF-Apr-05-2025_08-36-04.pth
Sat 05 Apr 2025 12:00:32 INFO  epoch 15 training [time: 754.02s, train loss: 77.0728]
Sat 05 Apr 2025 12:00:46 INFO  epoch 15 evaluating [time: 13.93s, valid_score: 0.216800]
Sat 05 Apr 2025 12:00:46 INFO  valid result: 
recall@10 : 0.1048    mrr@10 : 0.2168    ndcg@10 : 0.1137    hit@10 : 0.5262    map@10 : 0.0528    precision@10 : 0.0836    gauc : 0.8867    itemcoverage@10 : 0.2045    averagepopularity@10 : 1298.0321    giniindex@10 : 0.9689    shannonentropy@10 : 0.0074    tailpercentage@10 : 0.0001
Sat 05 Apr 2025 12:00:46 INFO  Saving current: ./saved/movielens/DGCF-Apr-05-2025_08-36-04.pth
Sat 05 Apr 2025 12:13:20 INFO  epoch 16 training [time: 753.64s, train loss: 75.7751]
Sat 05 Apr 2025 12:13:34 INFO  epoch 16 evaluating [time: 14.52s, valid_score: 0.218000]
Sat 05 Apr 2025 12:13:34 INFO  valid result: 
recall@10 : 0.1049    mrr@10 : 0.218    ndcg@10 : 0.1141    hit@10 : 0.5249    map@10 : 0.053    precision@10 : 0.0835    gauc : 0.8878    itemcoverage@10 : 0.2145    averagepopularity@10 : 1288.3371    giniindex@10 : 0.9674    shannonentropy@10 : 0.0071    tailpercentage@10 : 0.0001
Sat 05 Apr 2025 12:13:34 INFO  Saving current: ./saved/movielens/DGCF-Apr-05-2025_08-36-04.pth
Sat 05 Apr 2025 12:26:08 INFO  epoch 17 training [time: 753.94s, train loss: 74.5680]
Sat 05 Apr 2025 12:26:22 INFO  epoch 17 evaluating [time: 13.91s, valid_score: 0.218600]
Sat 05 Apr 2025 12:26:22 INFO  valid result: 
recall@10 : 0.1058    mrr@10 : 0.2186    ndcg@10 : 0.1148    hit@10 : 0.529    map@10 : 0.0534    precision@10 : 0.0842    gauc : 0.8889    itemcoverage@10 : 0.2189    averagepopularity@10 : 1270.7659    giniindex@10 : 0.9652    shannonentropy@10 : 0.007    tailpercentage@10 : 0.0
Sat 05 Apr 2025 12:26:22 INFO  Saving current: ./saved/movielens/DGCF-Apr-05-2025_08-36-04.pth
Sat 05 Apr 2025 12:38:55 INFO  epoch 18 training [time: 752.63s, train loss: 73.7331]
Sat 05 Apr 2025 12:39:09 INFO  epoch 18 evaluating [time: 13.66s, valid_score: 0.221300]
Sat 05 Apr 2025 12:39:09 INFO  valid result: 
recall@10 : 0.1086    mrr@10 : 0.2213    ndcg@10 : 0.1172    hit@10 : 0.5351    map@10 : 0.0546    precision@10 : 0.0859    gauc : 0.8899    itemcoverage@10 : 0.228    averagepopularity@10 : 1258.2162    giniindex@10 : 0.9629    shannonentropy@10 : 0.0068    tailpercentage@10 : 0.0001
Sat 05 Apr 2025 12:39:09 INFO  Saving current: ./saved/movielens/DGCF-Apr-05-2025_08-36-04.pth
Sat 05 Apr 2025 12:51:40 INFO  epoch 19 training [time: 750.92s, train loss: 72.8931]
Sat 05 Apr 2025 12:51:53 INFO  epoch 19 evaluating [time: 13.83s, valid_score: 0.222900]
Sat 05 Apr 2025 12:51:53 INFO  valid result: 
recall@10 : 0.1103    mrr@10 : 0.2229    ndcg@10 : 0.1183    hit@10 : 0.5353    map@10 : 0.0555    precision@10 : 0.086    gauc : 0.8909    itemcoverage@10 : 0.2393    averagepopularity@10 : 1242.6983    giniindex@10 : 0.9605    shannonentropy@10 : 0.0066    tailpercentage@10 : 0.0
Sat 05 Apr 2025 12:51:53 INFO  Saving current: ./saved/movielens/DGCF-Apr-05-2025_08-36-04.pth
Sat 05 Apr 2025 13:04:25 INFO  epoch 20 training [time: 751.65s, train loss: 72.2614]
Sat 05 Apr 2025 13:04:39 INFO  epoch 20 evaluating [time: 14.14s, valid_score: 0.223900]
Sat 05 Apr 2025 13:04:39 INFO  valid result: 
recall@10 : 0.1105    mrr@10 : 0.2239    ndcg@10 : 0.1187    hit@10 : 0.5384    map@10 : 0.0556    precision@10 : 0.0863    gauc : 0.8918    itemcoverage@10 : 0.248    averagepopularity@10 : 1233.4349    giniindex@10 : 0.9587    shannonentropy@10 : 0.0064    tailpercentage@10 : 0.0
Sat 05 Apr 2025 13:04:39 INFO  Saving current: ./saved/movielens/DGCF-Apr-05-2025_08-36-04.pth
Sat 05 Apr 2025 13:17:10 INFO  epoch 21 training [time: 751.11s, train loss: 71.3713]
Sat 05 Apr 2025 13:17:25 INFO  epoch 21 evaluating [time: 14.24s, valid_score: 0.226000]
Sat 05 Apr 2025 13:17:25 INFO  valid result: 
recall@10 : 0.1126    mrr@10 : 0.226    ndcg@10 : 0.1204    hit@10 : 0.5459    map@10 : 0.0566    precision@10 : 0.0872    gauc : 0.8926    itemcoverage@10 : 0.2574    averagepopularity@10 : 1215.1315    giniindex@10 : 0.956    shannonentropy@10 : 0.0062    tailpercentage@10 : 0.0001
Sat 05 Apr 2025 13:17:25 INFO  Saving current: ./saved/movielens/DGCF-Apr-05-2025_08-36-04.pth
Sat 05 Apr 2025 13:29:54 INFO  epoch 22 training [time: 749.48s, train loss: 70.4394]
Sat 05 Apr 2025 13:30:08 INFO  epoch 22 evaluating [time: 13.90s, valid_score: 0.227900]
Sat 05 Apr 2025 13:30:08 INFO  valid result: 
recall@10 : 0.1141    mrr@10 : 0.2279    ndcg@10 : 0.1219    hit@10 : 0.548    map@10 : 0.0576    precision@10 : 0.0883    gauc : 0.8934    itemcoverage@10 : 0.2671    averagepopularity@10 : 1207.9339    giniindex@10 : 0.9543    shannonentropy@10 : 0.0061    tailpercentage@10 : 0.0001
Sat 05 Apr 2025 13:30:08 INFO  Saving current: ./saved/movielens/DGCF-Apr-05-2025_08-36-04.pth
Sat 05 Apr 2025 13:42:38 INFO  epoch 23 training [time: 750.18s, train loss: 69.8001]
Sat 05 Apr 2025 13:42:52 INFO  epoch 23 evaluating [time: 14.36s, valid_score: 0.229900]
Sat 05 Apr 2025 13:42:52 INFO  valid result: 
recall@10 : 0.1152    mrr@10 : 0.2299    ndcg@10 : 0.1227    hit@10 : 0.548    map@10 : 0.0579    precision@10 : 0.0885    gauc : 0.8942    itemcoverage@10 : 0.2762    averagepopularity@10 : 1191.8254    giniindex@10 : 0.9518    shannonentropy@10 : 0.0059    tailpercentage@10 : 0.0001
Sat 05 Apr 2025 13:42:52 INFO  Saving current: ./saved/movielens/DGCF-Apr-05-2025_08-36-04.pth
Sat 05 Apr 2025 13:55:24 INFO  epoch 24 training [time: 751.06s, train loss: 68.9967]
Sat 05 Apr 2025 13:55:39 INFO  epoch 24 evaluating [time: 15.04s, valid_score: 0.229800]
Sat 05 Apr 2025 13:55:39 INFO  valid result: 
recall@10 : 0.1172    mrr@10 : 0.2298    ndcg@10 : 0.1238    hit@10 : 0.5547    map@10 : 0.0583    precision@10 : 0.0896    gauc : 0.8949    itemcoverage@10 : 0.2816    averagepopularity@10 : 1178.9026    giniindex@10 : 0.9501    shannonentropy@10 : 0.0058    tailpercentage@10 : 0.0001
Sat 05 Apr 2025 14:08:10 INFO  epoch 25 training [time: 751.92s, train loss: 68.4241]
Sat 05 Apr 2025 14:08:27 INFO  epoch 25 evaluating [time: 16.95s, valid_score: 0.231200]
Sat 05 Apr 2025 14:08:27 INFO  valid result: 
recall@10 : 0.1171    mrr@10 : 0.2312    ndcg@10 : 0.124    hit@10 : 0.559    map@10 : 0.0585    precision@10 : 0.0894    gauc : 0.8954    itemcoverage@10 : 0.2891    averagepopularity@10 : 1166.0174    giniindex@10 : 0.9476    shannonentropy@10 : 0.0057    tailpercentage@10 : 0.0001
Sat 05 Apr 2025 14:08:27 INFO  Saving current: ./saved/movielens/DGCF-Apr-05-2025_08-36-04.pth
Sat 05 Apr 2025 14:21:00 INFO  epoch 26 training [time: 752.40s, train loss: 67.6163]
Sat 05 Apr 2025 14:21:14 INFO  epoch 26 evaluating [time: 14.43s, valid_score: 0.229600]
Sat 05 Apr 2025 14:21:14 INFO  valid result: 
recall@10 : 0.117    mrr@10 : 0.2296    ndcg@10 : 0.1238    hit@10 : 0.5615    map@10 : 0.0583    precision@10 : 0.0897    gauc : 0.8961    itemcoverage@10 : 0.2966    averagepopularity@10 : 1155.6019    giniindex@10 : 0.9455    shannonentropy@10 : 0.0056    tailpercentage@10 : 0.0001
Sat 05 Apr 2025 14:33:45 INFO  epoch 27 training [time: 750.64s, train loss: 66.7634]
Sat 05 Apr 2025 14:33:59 INFO  epoch 27 evaluating [time: 14.34s, valid_score: 0.230800]
Sat 05 Apr 2025 14:33:59 INFO  valid result: 
recall@10 : 0.1187    mrr@10 : 0.2308    ndcg@10 : 0.1247    hit@10 : 0.5661    map@10 : 0.0589    precision@10 : 0.0902    gauc : 0.8966    itemcoverage@10 : 0.3041    averagepopularity@10 : 1146.9164    giniindex@10 : 0.9434    shannonentropy@10 : 0.0055    tailpercentage@10 : 0.0001
Sat 05 Apr 2025 14:46:29 INFO  epoch 28 training [time: 750.08s, train loss: 66.2387]
Sat 05 Apr 2025 14:46:43 INFO  epoch 28 evaluating [time: 13.92s, valid_score: 0.231900]
Sat 05 Apr 2025 14:46:43 INFO  valid result: 
recall@10 : 0.1208    mrr@10 : 0.2319    ndcg@10 : 0.1262    hit@10 : 0.5696    map@10 : 0.0597    precision@10 : 0.091    gauc : 0.8971    itemcoverage@10 : 0.3091    averagepopularity@10 : 1140.422    giniindex@10 : 0.9413    shannonentropy@10 : 0.0055    tailpercentage@10 : 0.0001
Sat 05 Apr 2025 14:46:43 INFO  Saving current: ./saved/movielens/DGCF-Apr-05-2025_08-36-04.pth
Sat 05 Apr 2025 14:59:14 INFO  epoch 29 training [time: 750.24s, train loss: 65.0913]
Sat 05 Apr 2025 14:59:28 INFO  epoch 29 evaluating [time: 14.00s, valid_score: 0.232300]
Sat 05 Apr 2025 14:59:28 INFO  valid result: 
recall@10 : 0.1218    mrr@10 : 0.2323    ndcg@10 : 0.1267    hit@10 : 0.5721    map@10 : 0.0598    precision@10 : 0.0916    gauc : 0.8976    itemcoverage@10 : 0.3101    averagepopularity@10 : 1132.055    giniindex@10 : 0.9399    shannonentropy@10 : 0.0055    tailpercentage@10 : 0.0001
Sat 05 Apr 2025 14:59:28 INFO  Saving current: ./saved/movielens/DGCF-Apr-05-2025_08-36-04.pth
Sat 05 Apr 2025 15:12:00 INFO  epoch 30 training [time: 752.26s, train loss: 64.4777]
Sat 05 Apr 2025 15:12:14 INFO  epoch 30 evaluating [time: 14.46s, valid_score: 0.231600]
Sat 05 Apr 2025 15:12:14 INFO  valid result: 
recall@10 : 0.1219    mrr@10 : 0.2316    ndcg@10 : 0.127    hit@10 : 0.5704    map@10 : 0.0602    precision@10 : 0.0917    gauc : 0.8981    itemcoverage@10 : 0.322    averagepopularity@10 : 1123.0134    giniindex@10 : 0.9377    shannonentropy@10 : 0.0053    tailpercentage@10 : 0.0001
Sat 05 Apr 2025 15:24:46 INFO  epoch 31 training [time: 751.57s, train loss: 64.1669]
Sat 05 Apr 2025 15:25:00 INFO  epoch 31 evaluating [time: 13.80s, valid_score: 0.232200]
Sat 05 Apr 2025 15:25:00 INFO  valid result: 
recall@10 : 0.1233    mrr@10 : 0.2322    ndcg@10 : 0.128    hit@10 : 0.5731    map@10 : 0.0606    precision@10 : 0.0927    gauc : 0.8985    itemcoverage@10 : 0.3282    averagepopularity@10 : 1107.3513    giniindex@10 : 0.9349    shannonentropy@10 : 0.0053    tailpercentage@10 : 0.0001
Sat 05 Apr 2025 15:37:32 INFO  epoch 32 training [time: 752.75s, train loss: 63.7131]
Sat 05 Apr 2025 15:37:47 INFO  epoch 32 evaluating [time: 14.31s, valid_score: 0.233000]
Sat 05 Apr 2025 15:37:47 INFO  valid result: 
recall@10 : 0.1229    mrr@10 : 0.233    ndcg@10 : 0.1278    hit@10 : 0.5706    map@10 : 0.061    precision@10 : 0.0916    gauc : 0.8989    itemcoverage@10 : 0.3373    averagepopularity@10 : 1097.7807    giniindex@10 : 0.9331    shannonentropy@10 : 0.0052    tailpercentage@10 : 0.0001
Sat 05 Apr 2025 15:37:47 INFO  Saving current: ./saved/movielens/DGCF-Apr-05-2025_08-36-04.pth
Sat 05 Apr 2025 15:50:17 INFO  epoch 33 training [time: 750.38s, train loss: 63.2184]
Sat 05 Apr 2025 15:50:31 INFO  epoch 33 evaluating [time: 13.97s, valid_score: 0.234100]
Sat 05 Apr 2025 15:50:31 INFO  valid result: 
recall@10 : 0.1238    mrr@10 : 0.2341    ndcg@10 : 0.1288    hit@10 : 0.5759    map@10 : 0.0614    precision@10 : 0.0927    gauc : 0.8993    itemcoverage@10 : 0.3411    averagepopularity@10 : 1089.621    giniindex@10 : 0.9317    shannonentropy@10 : 0.0051    tailpercentage@10 : 0.0001
Sat 05 Apr 2025 15:50:31 INFO  Saving current: ./saved/movielens/DGCF-Apr-05-2025_08-36-04.pth
Sat 05 Apr 2025 16:03:03 INFO  epoch 34 training [time: 751.50s, train loss: 62.4029]
Sat 05 Apr 2025 16:03:17 INFO  epoch 34 evaluating [time: 14.00s, valid_score: 0.234200]
Sat 05 Apr 2025 16:03:17 INFO  valid result: 
recall@10 : 0.1234    mrr@10 : 0.2342    ndcg@10 : 0.1288    hit@10 : 0.5722    map@10 : 0.0617    precision@10 : 0.0922    gauc : 0.8996    itemcoverage@10 : 0.3508    averagepopularity@10 : 1082.5153    giniindex@10 : 0.9296    shannonentropy@10 : 0.005    tailpercentage@10 : 0.0001
Sat 05 Apr 2025 16:03:17 INFO  Saving current: ./saved/movielens/DGCF-Apr-05-2025_08-36-04.pth
Sat 05 Apr 2025 16:15:48 INFO  epoch 35 training [time: 751.01s, train loss: 61.8888]
Sat 05 Apr 2025 16:16:02 INFO  epoch 35 evaluating [time: 14.24s, valid_score: 0.235600]
Sat 05 Apr 2025 16:16:02 INFO  valid result: 
recall@10 : 0.1236    mrr@10 : 0.2356    ndcg@10 : 0.1295    hit@10 : 0.5734    map@10 : 0.0621    precision@10 : 0.0926    gauc : 0.8999    itemcoverage@10 : 0.357    averagepopularity@10 : 1076.9928    giniindex@10 : 0.9281    shannonentropy@10 : 0.0049    tailpercentage@10 : 0.0001
Sat 05 Apr 2025 16:16:02 INFO  Saving current: ./saved/movielens/DGCF-Apr-05-2025_08-36-04.pth
Sat 05 Apr 2025 16:28:34 INFO  epoch 36 training [time: 751.87s, train loss: 61.5368]
Sat 05 Apr 2025 16:28:47 INFO  epoch 36 evaluating [time: 13.73s, valid_score: 0.233900]
Sat 05 Apr 2025 16:28:47 INFO  valid result: 
recall@10 : 0.1242    mrr@10 : 0.2339    ndcg@10 : 0.1291    hit@10 : 0.5747    map@10 : 0.0616    precision@10 : 0.0927    gauc : 0.9002    itemcoverage@10 : 0.3611    averagepopularity@10 : 1071.2352    giniindex@10 : 0.9267    shannonentropy@10 : 0.0049    tailpercentage@10 : 0.0001
Sat 05 Apr 2025 16:41:20 INFO  epoch 37 training [time: 752.97s, train loss: 60.6877]
Sat 05 Apr 2025 16:41:36 INFO  epoch 37 evaluating [time: 15.85s, valid_score: 0.237600]
Sat 05 Apr 2025 16:41:36 INFO  valid result: 
recall@10 : 0.1244    mrr@10 : 0.2376    ndcg@10 : 0.1302    hit@10 : 0.578    map@10 : 0.0625    precision@10 : 0.0928    gauc : 0.9005    itemcoverage@10 : 0.3689    averagepopularity@10 : 1063.6806    giniindex@10 : 0.9247    shannonentropy@10 : 0.0048    tailpercentage@10 : 0.0001
Sat 05 Apr 2025 16:41:36 INFO  Saving current: ./saved/movielens/DGCF-Apr-05-2025_08-36-04.pth
Sat 05 Apr 2025 16:54:10 INFO  epoch 38 training [time: 753.30s, train loss: 60.2768]
Sat 05 Apr 2025 16:54:24 INFO  epoch 38 evaluating [time: 13.98s, valid_score: 0.236900]
Sat 05 Apr 2025 16:54:24 INFO  valid result: 
recall@10 : 0.125    mrr@10 : 0.2369    ndcg@10 : 0.1303    hit@10 : 0.5774    map@10 : 0.0624    precision@10 : 0.093    gauc : 0.9008    itemcoverage@10 : 0.3692    averagepopularity@10 : 1060.1456    giniindex@10 : 0.9234    shannonentropy@10 : 0.0048    tailpercentage@10 : 0.0001
Sat 05 Apr 2025 17:06:57 INFO  epoch 39 training [time: 753.21s, train loss: 59.6115]
Sat 05 Apr 2025 17:07:12 INFO  epoch 39 evaluating [time: 15.05s, valid_score: 0.238600]
Sat 05 Apr 2025 17:07:12 INFO  valid result: 
recall@10 : 0.1261    mrr@10 : 0.2386    ndcg@10 : 0.1307    hit@10 : 0.581    map@10 : 0.0627    precision@10 : 0.0928    gauc : 0.9011    itemcoverage@10 : 0.3733    averagepopularity@10 : 1056.7686    giniindex@10 : 0.9222    shannonentropy@10 : 0.0048    tailpercentage@10 : 0.0001
Sat 05 Apr 2025 17:07:12 INFO  Saving current: ./saved/movielens/DGCF-Apr-05-2025_08-36-04.pth
Sat 05 Apr 2025 17:19:46 INFO  epoch 40 training [time: 754.01s, train loss: 59.0000]
Sat 05 Apr 2025 17:20:00 INFO  epoch 40 evaluating [time: 13.76s, valid_score: 0.240700]
Sat 05 Apr 2025 17:20:00 INFO  valid result: 
recall@10 : 0.1261    mrr@10 : 0.2407    ndcg@10 : 0.1313    hit@10 : 0.5808    map@10 : 0.063    precision@10 : 0.0931    gauc : 0.9014    itemcoverage@10 : 0.3752    averagepopularity@10 : 1054.7157    giniindex@10 : 0.9214    shannonentropy@10 : 0.0048    tailpercentage@10 : 0.0001
Sat 05 Apr 2025 17:20:00 INFO  Saving current: ./saved/movielens/DGCF-Apr-05-2025_08-36-04.pth
Sat 05 Apr 2025 17:32:33 INFO  epoch 41 training [time: 752.89s, train loss: 58.7423]
Sat 05 Apr 2025 17:32:47 INFO  epoch 41 evaluating [time: 14.23s, valid_score: 0.240900]
Sat 05 Apr 2025 17:32:47 INFO  valid result: 
recall@10 : 0.1258    mrr@10 : 0.2409    ndcg@10 : 0.1314    hit@10 : 0.5797    map@10 : 0.0633    precision@10 : 0.0928    gauc : 0.9016    itemcoverage@10 : 0.3805    averagepopularity@10 : 1046.578    giniindex@10 : 0.9199    shannonentropy@10 : 0.0047    tailpercentage@10 : 0.0001
Sat 05 Apr 2025 17:32:47 INFO  Saving current: ./saved/movielens/DGCF-Apr-05-2025_08-36-04.pth
Sat 05 Apr 2025 17:45:21 INFO  epoch 42 training [time: 754.04s, train loss: 58.2992]
Sat 05 Apr 2025 17:45:35 INFO  epoch 42 evaluating [time: 14.49s, valid_score: 0.239900]
Sat 05 Apr 2025 17:45:35 INFO  valid result: 
recall@10 : 0.1257    mrr@10 : 0.2399    ndcg@10 : 0.1311    hit@10 : 0.5808    map@10 : 0.063    precision@10 : 0.0929    gauc : 0.9018    itemcoverage@10 : 0.3905    averagepopularity@10 : 1034.4226    giniindex@10 : 0.9177    shannonentropy@10 : 0.0046    tailpercentage@10 : 0.0001
Sat 05 Apr 2025 17:58:09 INFO  epoch 43 training [time: 753.24s, train loss: 57.7631]
Sat 05 Apr 2025 17:58:22 INFO  epoch 43 evaluating [time: 13.80s, valid_score: 0.239300]
Sat 05 Apr 2025 17:58:22 INFO  valid result: 
recall@10 : 0.1262    mrr@10 : 0.2393    ndcg@10 : 0.131    hit@10 : 0.5779    map@10 : 0.0628    precision@10 : 0.0928    gauc : 0.902    itemcoverage@10 : 0.3921    averagepopularity@10 : 1042.3583    giniindex@10 : 0.9178    shannonentropy@10 : 0.0046    tailpercentage@10 : 0.0001
Sat 05 Apr 2025 18:10:55 INFO  epoch 44 training [time: 752.19s, train loss: 57.4298]
Sat 05 Apr 2025 18:11:09 INFO  epoch 44 evaluating [time: 14.26s, valid_score: 0.237900]
Sat 05 Apr 2025 18:11:09 INFO  valid result: 
recall@10 : 0.1267    mrr@10 : 0.2379    ndcg@10 : 0.131    hit@10 : 0.5827    map@10 : 0.0629    precision@10 : 0.0929    gauc : 0.9022    itemcoverage@10 : 0.3943    averagepopularity@10 : 1031.0106    giniindex@10 : 0.9156    shannonentropy@10 : 0.0046    tailpercentage@10 : 0.0001
Sat 05 Apr 2025 18:23:40 INFO  epoch 45 training [time: 751.02s, train loss: 56.7777]
Sat 05 Apr 2025 18:23:54 INFO  epoch 45 evaluating [time: 14.03s, valid_score: 0.241900]
Sat 05 Apr 2025 18:23:54 INFO  valid result: 
recall@10 : 0.1274    mrr@10 : 0.2419    ndcg@10 : 0.1323    hit@10 : 0.5842    map@10 : 0.0637    precision@10 : 0.0932    gauc : 0.9023    itemcoverage@10 : 0.4015    averagepopularity@10 : 1023.432    giniindex@10 : 0.914    shannonentropy@10 : 0.0045    tailpercentage@10 : 0.0001
Sat 05 Apr 2025 18:23:54 INFO  Saving current: ./saved/movielens/DGCF-Apr-05-2025_08-36-04.pth
Sat 05 Apr 2025 18:36:25 INFO  epoch 46 training [time: 751.04s, train loss: 56.3795]
Sat 05 Apr 2025 18:36:39 INFO  epoch 46 evaluating [time: 14.03s, valid_score: 0.241700]
Sat 05 Apr 2025 18:36:39 INFO  valid result: 
recall@10 : 0.1275    mrr@10 : 0.2417    ndcg@10 : 0.1323    hit@10 : 0.5838    map@10 : 0.0637    precision@10 : 0.0933    gauc : 0.9025    itemcoverage@10 : 0.4093    averagepopularity@10 : 1020.9998    giniindex@10 : 0.9131    shannonentropy@10 : 0.0045    tailpercentage@10 : 0.0001
Sat 05 Apr 2025 18:49:10 INFO  epoch 47 training [time: 750.76s, train loss: 56.0114]
Sat 05 Apr 2025 18:49:24 INFO  epoch 47 evaluating [time: 14.14s, valid_score: 0.242800]
Sat 05 Apr 2025 18:49:24 INFO  valid result: 
recall@10 : 0.1268    mrr@10 : 0.2428    ndcg@10 : 0.1326    hit@10 : 0.581    map@10 : 0.064    precision@10 : 0.0935    gauc : 0.9026    itemcoverage@10 : 0.415    averagepopularity@10 : 1010.495    giniindex@10 : 0.9108    shannonentropy@10 : 0.0044    tailpercentage@10 : 0.0001
Sat 05 Apr 2025 18:49:24 INFO  Saving current: ./saved/movielens/DGCF-Apr-05-2025_08-36-04.pth
Sat 05 Apr 2025 19:01:55 INFO  epoch 48 training [time: 750.69s, train loss: 55.2105]
Sat 05 Apr 2025 19:02:09 INFO  epoch 48 evaluating [time: 14.06s, valid_score: 0.243500]
Sat 05 Apr 2025 19:02:09 INFO  valid result: 
recall@10 : 0.1286    mrr@10 : 0.2435    ndcg@10 : 0.1334    hit@10 : 0.5843    map@10 : 0.0645    precision@10 : 0.0939    gauc : 0.9027    itemcoverage@10 : 0.4187    averagepopularity@10 : 1005.9316    giniindex@10 : 0.9099    shannonentropy@10 : 0.0044    tailpercentage@10 : 0.0001
Sat 05 Apr 2025 19:02:09 INFO  Saving current: ./saved/movielens/DGCF-Apr-05-2025_08-36-04.pth
Sat 05 Apr 2025 19:14:40 INFO  epoch 49 training [time: 751.14s, train loss: 55.3797]
Sat 05 Apr 2025 19:14:54 INFO  epoch 49 evaluating [time: 13.94s, valid_score: 0.242300]
Sat 05 Apr 2025 19:14:54 INFO  valid result: 
recall@10 : 0.1289    mrr@10 : 0.2423    ndcg@10 : 0.1334    hit@10 : 0.585    map@10 : 0.0644    precision@10 : 0.0941    gauc : 0.9028    itemcoverage@10 : 0.425    averagepopularity@10 : 998.7278    giniindex@10 : 0.9077    shannonentropy@10 : 0.0043    tailpercentage@10 : 0.0
Sat 05 Apr 2025 19:14:54 INFO  Loading model structure and parameters from ./saved/movielens/DGCF-Apr-05-2025_08-36-04.pth
