Wed 16 Apr 2025 17:29:35 INFO  
General Hyper Parameters:
gpu_id = 0
use_gpu = True
seed = 2020
state = INFO
reproducibility = True
data_path = dataset/movielens
checkpoint_dir = ./saved/movielens/
show_progress = True
save_dataset = True
dataset_save_path = None
save_dataloaders = True
dataloaders_save_path = None
log_wandb = False

Training Hyper Parameters:
epochs = 50
train_batch_size = 2048
learner = adam
learning_rate = 0.001
train_neg_sample_args = {'distribution': 'uniform', 'sample_num': 1, 'alpha': 1.0, 'dynamic': False, 'candidate_num': 0}
eval_step = 1
stopping_step = 50
clip_grad_norm = None
weight_decay = 0.0
loss_decimal_place = 4

Evaluation Hyper Parameters:
eval_args = {'split': {'RS': [0.8, 0.1, 0.1]}, 'group_by': 'user', 'order': 'RO', 'mode': 'full'}
repeatable = False
metrics = ['MRR']
topk = [10]
valid_metric = MRR@10
valid_metric_bigger = True
eval_batch_size = 4096
metric_decimal_place = 4

Dataset Hyper Parameters:
field_separator = 	
seq_separator =  
USER_ID_FIELD = user_id
ITEM_ID_FIELD = item_id
RATING_FIELD = rating
TIME_FIELD = timestamp
seq_len = None
LABEL_FIELD = label
threshold = None
NEG_PREFIX = neg_
load_col = {'inter': ['user_id', 'item_id']}
unload_col = None
unused_col = None
additional_feat_suffix = None
rm_dup_inter = None
val_interval = None
filter_inter_by_user_or_item = True
user_inter_num_interval = [0,inf)
item_inter_num_interval = [0,inf)
alias_of_user_id = None
alias_of_item_id = None
alias_of_entity_id = None
alias_of_relation_id = None
preload_weight = None
normalize_field = None
normalize_all = None
ITEM_LIST_LENGTH_FIELD = item_length
LIST_SUFFIX = _list
MAX_ITEM_LIST_LENGTH = 50
POSITION_FIELD = position_id
HEAD_ENTITY_ID_FIELD = head_id
TAIL_ENTITY_ID_FIELD = tail_id
RELATION_ID_FIELD = relation_id
ENTITY_ID_FIELD = entity_id
benchmark_filename = None

Other Hyper Parameters: 
worker = 0
wandb_project = recbole
shuffle = True
require_pow = False
enable_amp = False
enable_scaler = False
transform = None
embedding_size = 64
n_factors = 4
n_iterations = 2
n_layers = 1
reg_weight = 0.001
cor_weight = 0.01
numerical_features = []
discretization = None
kg_reverse_r = False
entity_kg_num_interval = [0,inf)
relation_kg_num_interval = [0,inf)
MODEL_TYPE = ModelType.GENERAL
MODEL_INPUT_TYPE = InputType.PAIRWISE
eval_type = EvaluatorType.RANKING
single_spec = True
local_rank = 0
device = cuda
eval_neg_sample_args = {'distribution': 'uniform', 'sample_num': 'none'}


Wed 16 Apr 2025 17:29:35 INFO  Load filtered dataset from: [./saved/movielens/movielens-Dataset.pth]
Wed 16 Apr 2025 17:29:35 INFO  movielens
The number of users: 6037
Average actions of users: 125.48889993373095
The number of items: 3193
Average actions of items: 237.296679197995
The number of inters: 757451
The sparsity of the dataset: 96.07052573437805%
Remain Fields: ['user_id', 'item_id']
Wed 16 Apr 2025 17:29:37 INFO  Load split dataloaders from: [./saved/movielens/movielens-for-DGCF-dataloader.pth]
Wed 16 Apr 2025 17:29:37 INFO  [Training]: train_batch_size = [2048] train_neg_sample_args: [{'distribution': 'uniform', 'sample_num': 1, 'alpha': 1.0, 'dynamic': False, 'candidate_num': 0}]
Wed 16 Apr 2025 17:29:37 INFO  [Evaluation]: eval_batch_size = [4096] eval_args: [{'split': {'RS': [0.8, 0.1, 0.1]}, 'group_by': 'user', 'order': 'RO', 'mode': 'full'}]
Wed 16 Apr 2025 17:29:38 INFO  DGCF(
  (user_embedding): Embedding(6037, 64)
  (item_embedding): Embedding(3193, 64)
  (softmax): Softmax(dim=1)
  (mf_loss): BPRLoss()
  (reg_loss): EmbLoss()
)
Trainable parameters: 590720
Wed 16 Apr 2025 17:42:17 INFO  epoch 0 training [time: 754.63s, train loss: 168.7781]
Wed 16 Apr 2025 17:42:23 INFO  epoch 0 evaluating [time: 5.67s, valid_score: 0.149900]
Wed 16 Apr 2025 17:42:23 INFO  valid result: 
mrr@10 : 0.1499
Wed 16 Apr 2025 17:42:23 INFO  Saving current: ./saved/movielens/DGCF-Apr-16-2025_17-29-38.pth
Wed 16 Apr 2025 17:54:56 INFO  epoch 1 training [time: 753.18s, train loss: 119.1638]
Wed 16 Apr 2025 17:55:02 INFO  epoch 1 evaluating [time: 5.57s, valid_score: 0.149800]
Wed 16 Apr 2025 17:55:02 INFO  valid result: 
mrr@10 : 0.1498
Wed 16 Apr 2025 18:07:34 INFO  epoch 2 training [time: 752.61s, train loss: 114.3252]
Wed 16 Apr 2025 18:07:40 INFO  epoch 2 evaluating [time: 5.52s, valid_score: 0.152200]
Wed 16 Apr 2025 18:07:40 INFO  valid result: 
mrr@10 : 0.1522
Wed 16 Apr 2025 18:07:40 INFO  Saving current: ./saved/movielens/DGCF-Apr-16-2025_17-29-38.pth
Wed 16 Apr 2025 18:20:12 INFO  epoch 3 training [time: 752.46s, train loss: 108.8750]
Wed 16 Apr 2025 18:20:18 INFO  epoch 3 evaluating [time: 5.91s, valid_score: 0.158100]
Wed 16 Apr 2025 18:20:18 INFO  valid result: 
mrr@10 : 0.1581
Wed 16 Apr 2025 18:20:18 INFO  Saving current: ./saved/movielens/DGCF-Apr-16-2025_17-29-38.pth
Wed 16 Apr 2025 18:32:50 INFO  epoch 4 training [time: 751.29s, train loss: 102.1260]
Wed 16 Apr 2025 18:32:55 INFO  epoch 4 evaluating [time: 5.72s, valid_score: 0.174800]
Wed 16 Apr 2025 18:32:55 INFO  valid result: 
mrr@10 : 0.1748
Wed 16 Apr 2025 18:32:55 INFO  Saving current: ./saved/movielens/DGCF-Apr-16-2025_17-29-38.pth
Wed 16 Apr 2025 18:45:27 INFO  epoch 5 training [time: 751.36s, train loss: 96.2399]
Wed 16 Apr 2025 18:45:32 INFO  epoch 5 evaluating [time: 5.67s, valid_score: 0.187500]
Wed 16 Apr 2025 18:45:32 INFO  valid result: 
mrr@10 : 0.1875
Wed 16 Apr 2025 18:45:32 INFO  Saving current: ./saved/movielens/DGCF-Apr-16-2025_17-29-38.pth
Wed 16 Apr 2025 18:58:06 INFO  epoch 6 training [time: 753.21s, train loss: 92.4074]
Wed 16 Apr 2025 18:58:12 INFO  epoch 6 evaluating [time: 5.91s, valid_score: 0.193500]
Wed 16 Apr 2025 18:58:12 INFO  valid result: 
mrr@10 : 0.1935
Wed 16 Apr 2025 18:58:12 INFO  Saving current: ./saved/movielens/DGCF-Apr-16-2025_17-29-38.pth
Wed 16 Apr 2025 19:10:46 INFO  epoch 7 training [time: 754.42s, train loss: 89.4300]
Wed 16 Apr 2025 19:10:52 INFO  epoch 7 evaluating [time: 5.81s, valid_score: 0.199200]
Wed 16 Apr 2025 19:10:52 INFO  valid result: 
mrr@10 : 0.1992
Wed 16 Apr 2025 19:10:52 INFO  Saving current: ./saved/movielens/DGCF-Apr-16-2025_17-29-38.pth
Wed 16 Apr 2025 19:23:27 INFO  epoch 8 training [time: 755.33s, train loss: 86.7904]
Wed 16 Apr 2025 19:23:33 INFO  epoch 8 evaluating [time: 6.04s, valid_score: 0.203200]
Wed 16 Apr 2025 19:23:33 INFO  valid result: 
mrr@10 : 0.2032
Wed 16 Apr 2025 19:23:33 INFO  Saving current: ./saved/movielens/DGCF-Apr-16-2025_17-29-38.pth
Wed 16 Apr 2025 19:36:04 INFO  epoch 9 training [time: 750.85s, train loss: 84.8209]
Wed 16 Apr 2025 19:36:10 INFO  epoch 9 evaluating [time: 5.50s, valid_score: 0.206700]
Wed 16 Apr 2025 19:36:10 INFO  valid result: 
mrr@10 : 0.2067
Wed 16 Apr 2025 19:36:10 INFO  Saving current: ./saved/movielens/DGCF-Apr-16-2025_17-29-38.pth
Wed 16 Apr 2025 19:48:40 INFO  epoch 10 training [time: 750.34s, train loss: 82.9711]
Wed 16 Apr 2025 19:48:46 INFO  epoch 10 evaluating [time: 5.70s, valid_score: 0.210200]
Wed 16 Apr 2025 19:48:46 INFO  valid result: 
mrr@10 : 0.2102
Wed 16 Apr 2025 19:48:46 INFO  Saving current: ./saved/movielens/DGCF-Apr-16-2025_17-29-38.pth
Wed 16 Apr 2025 20:01:17 INFO  epoch 11 training [time: 751.40s, train loss: 81.5052]
Wed 16 Apr 2025 20:01:23 INFO  epoch 11 evaluating [time: 5.63s, valid_score: 0.211000]
Wed 16 Apr 2025 20:01:23 INFO  valid result: 
mrr@10 : 0.211
Wed 16 Apr 2025 20:01:23 INFO  Saving current: ./saved/movielens/DGCF-Apr-16-2025_17-29-38.pth
Wed 16 Apr 2025 20:13:53 INFO  epoch 12 training [time: 750.52s, train loss: 79.8491]
Wed 16 Apr 2025 20:13:59 INFO  epoch 12 evaluating [time: 5.61s, valid_score: 0.211700]
Wed 16 Apr 2025 20:13:59 INFO  valid result: 
mrr@10 : 0.2117
Wed 16 Apr 2025 20:13:59 INFO  Saving current: ./saved/movielens/DGCF-Apr-16-2025_17-29-38.pth
Wed 16 Apr 2025 20:26:29 INFO  epoch 13 training [time: 750.72s, train loss: 78.9447]
Wed 16 Apr 2025 20:26:35 INFO  epoch 13 evaluating [time: 5.67s, valid_score: 0.213600]
Wed 16 Apr 2025 20:26:35 INFO  valid result: 
mrr@10 : 0.2136
Wed 16 Apr 2025 20:26:35 INFO  Saving current: ./saved/movielens/DGCF-Apr-16-2025_17-29-38.pth
Wed 16 Apr 2025 20:39:07 INFO  epoch 14 training [time: 752.04s, train loss: 77.5208]
Wed 16 Apr 2025 20:39:13 INFO  epoch 14 evaluating [time: 5.61s, valid_score: 0.215500]
Wed 16 Apr 2025 20:39:13 INFO  valid result: 
mrr@10 : 0.2155
Wed 16 Apr 2025 20:39:13 INFO  Saving current: ./saved/movielens/DGCF-Apr-16-2025_17-29-38.pth
Wed 16 Apr 2025 20:51:43 INFO  epoch 15 training [time: 750.30s, train loss: 76.5669]
Wed 16 Apr 2025 20:51:49 INFO  epoch 15 evaluating [time: 5.41s, valid_score: 0.216600]
Wed 16 Apr 2025 20:51:49 INFO  valid result: 
mrr@10 : 0.2166
Wed 16 Apr 2025 20:51:49 INFO  Saving current: ./saved/movielens/DGCF-Apr-16-2025_17-29-38.pth
Wed 16 Apr 2025 21:04:19 INFO  epoch 16 training [time: 750.89s, train loss: 75.4097]
Wed 16 Apr 2025 21:04:25 INFO  epoch 16 evaluating [time: 5.60s, valid_score: 0.218500]
Wed 16 Apr 2025 21:04:25 INFO  valid result: 
mrr@10 : 0.2185
Wed 16 Apr 2025 21:04:25 INFO  Saving current: ./saved/movielens/DGCF-Apr-16-2025_17-29-38.pth
Wed 16 Apr 2025 21:16:56 INFO  epoch 17 training [time: 751.03s, train loss: 74.3860]
Wed 16 Apr 2025 21:17:03 INFO  epoch 17 evaluating [time: 6.59s, valid_score: 0.217900]
Wed 16 Apr 2025 21:17:03 INFO  valid result: 
mrr@10 : 0.2179
Wed 16 Apr 2025 21:29:33 INFO  epoch 18 training [time: 750.35s, train loss: 73.1812]
Wed 16 Apr 2025 21:29:39 INFO  epoch 18 evaluating [time: 5.55s, valid_score: 0.220800]
Wed 16 Apr 2025 21:29:39 INFO  valid result: 
mrr@10 : 0.2208
Wed 16 Apr 2025 21:29:39 INFO  Saving current: ./saved/movielens/DGCF-Apr-16-2025_17-29-38.pth
Wed 16 Apr 2025 21:42:11 INFO  epoch 19 training [time: 752.72s, train loss: 72.4986]
Wed 16 Apr 2025 21:42:18 INFO  epoch 19 evaluating [time: 6.89s, valid_score: 0.221300]
Wed 16 Apr 2025 21:42:18 INFO  valid result: 
mrr@10 : 0.2213
Wed 16 Apr 2025 21:42:18 INFO  Saving current: ./saved/movielens/DGCF-Apr-16-2025_17-29-38.pth
Wed 16 Apr 2025 21:54:50 INFO  epoch 20 training [time: 751.59s, train loss: 71.4686]
Wed 16 Apr 2025 21:54:56 INFO  epoch 20 evaluating [time: 5.87s, valid_score: 0.222300]
Wed 16 Apr 2025 21:54:56 INFO  valid result: 
mrr@10 : 0.2223
Wed 16 Apr 2025 21:54:56 INFO  Saving current: ./saved/movielens/DGCF-Apr-16-2025_17-29-38.pth
Wed 16 Apr 2025 22:07:27 INFO  epoch 21 training [time: 751.25s, train loss: 70.6896]
Wed 16 Apr 2025 22:07:33 INFO  epoch 21 evaluating [time: 6.14s, valid_score: 0.225200]
Wed 16 Apr 2025 22:07:33 INFO  valid result: 
mrr@10 : 0.2252
Wed 16 Apr 2025 22:07:33 INFO  Saving current: ./saved/movielens/DGCF-Apr-16-2025_17-29-38.pth
Wed 16 Apr 2025 22:20:04 INFO  epoch 22 training [time: 751.40s, train loss: 69.4189]
Wed 16 Apr 2025 22:20:10 INFO  epoch 22 evaluating [time: 5.63s, valid_score: 0.226600]
Wed 16 Apr 2025 22:20:10 INFO  valid result: 
mrr@10 : 0.2266
Wed 16 Apr 2025 22:20:10 INFO  Saving current: ./saved/movielens/DGCF-Apr-16-2025_17-29-38.pth
Wed 16 Apr 2025 22:32:41 INFO  epoch 23 training [time: 750.86s, train loss: 68.9975]
Wed 16 Apr 2025 22:32:47 INFO  epoch 23 evaluating [time: 5.88s, valid_score: 0.229400]
Wed 16 Apr 2025 22:32:47 INFO  valid result: 
mrr@10 : 0.2294
Wed 16 Apr 2025 22:32:47 INFO  Saving current: ./saved/movielens/DGCF-Apr-16-2025_17-29-38.pth
Wed 16 Apr 2025 22:45:18 INFO  epoch 24 training [time: 751.56s, train loss: 68.5326]
Wed 16 Apr 2025 22:45:24 INFO  epoch 24 evaluating [time: 5.72s, valid_score: 0.227000]
Wed 16 Apr 2025 22:45:24 INFO  valid result: 
mrr@10 : 0.227
Wed 16 Apr 2025 22:57:56 INFO  epoch 25 training [time: 751.55s, train loss: 67.7677]
Wed 16 Apr 2025 22:58:02 INFO  epoch 25 evaluating [time: 5.81s, valid_score: 0.228800]
Wed 16 Apr 2025 22:58:02 INFO  valid result: 
mrr@10 : 0.2288
Wed 16 Apr 2025 23:10:32 INFO  epoch 26 training [time: 750.99s, train loss: 66.7225]
Wed 16 Apr 2025 23:10:38 INFO  epoch 26 evaluating [time: 5.95s, valid_score: 0.229400]
Wed 16 Apr 2025 23:10:38 INFO  valid result: 
mrr@10 : 0.2294
Wed 16 Apr 2025 23:10:38 INFO  Saving current: ./saved/movielens/DGCF-Apr-16-2025_17-29-38.pth
Wed 16 Apr 2025 23:23:10 INFO  epoch 27 training [time: 751.52s, train loss: 65.9235]
Wed 16 Apr 2025 23:23:16 INFO  epoch 27 evaluating [time: 5.71s, valid_score: 0.230800]
Wed 16 Apr 2025 23:23:16 INFO  valid result: 
mrr@10 : 0.2308
Wed 16 Apr 2025 23:23:16 INFO  Saving current: ./saved/movielens/DGCF-Apr-16-2025_17-29-38.pth
Wed 16 Apr 2025 23:35:48 INFO  epoch 28 training [time: 752.59s, train loss: 65.4700]
Wed 16 Apr 2025 23:35:54 INFO  epoch 28 evaluating [time: 5.67s, valid_score: 0.229600]
Wed 16 Apr 2025 23:35:54 INFO  valid result: 
mrr@10 : 0.2296
Wed 16 Apr 2025 23:48:24 INFO  epoch 29 training [time: 750.42s, train loss: 64.6554]
Wed 16 Apr 2025 23:48:31 INFO  epoch 29 evaluating [time: 6.95s, valid_score: 0.232200]
Wed 16 Apr 2025 23:48:31 INFO  valid result: 
mrr@10 : 0.2322
Wed 16 Apr 2025 23:48:31 INFO  Saving current: ./saved/movielens/DGCF-Apr-16-2025_17-29-38.pth
Thu 17 Apr 2025 00:01:03 INFO  epoch 30 training [time: 751.85s, train loss: 63.9532]
Thu 17 Apr 2025 00:01:09 INFO  epoch 30 evaluating [time: 5.69s, valid_score: 0.230800]
Thu 17 Apr 2025 00:01:09 INFO  valid result: 
mrr@10 : 0.2308
Thu 17 Apr 2025 00:13:40 INFO  epoch 31 training [time: 750.93s, train loss: 63.6183]
Thu 17 Apr 2025 00:13:45 INFO  epoch 31 evaluating [time: 5.51s, valid_score: 0.231900]
Thu 17 Apr 2025 00:13:45 INFO  valid result: 
mrr@10 : 0.2319
Thu 17 Apr 2025 00:26:15 INFO  epoch 32 training [time: 750.15s, train loss: 63.0399]
Thu 17 Apr 2025 00:26:21 INFO  epoch 32 evaluating [time: 5.66s, valid_score: 0.235500]
Thu 17 Apr 2025 00:26:21 INFO  valid result: 
mrr@10 : 0.2355
Thu 17 Apr 2025 00:26:21 INFO  Saving current: ./saved/movielens/DGCF-Apr-16-2025_17-29-38.pth
Thu 17 Apr 2025 00:38:51 INFO  epoch 33 training [time: 750.02s, train loss: 62.5151]
Thu 17 Apr 2025 00:38:58 INFO  epoch 33 evaluating [time: 6.49s, valid_score: 0.235800]
Thu 17 Apr 2025 00:38:58 INFO  valid result: 
mrr@10 : 0.2358
Thu 17 Apr 2025 00:38:58 INFO  Saving current: ./saved/movielens/DGCF-Apr-16-2025_17-29-38.pth
Thu 17 Apr 2025 00:51:28 INFO  epoch 34 training [time: 750.50s, train loss: 62.2987]
Thu 17 Apr 2025 00:51:34 INFO  epoch 34 evaluating [time: 5.67s, valid_score: 0.236100]
Thu 17 Apr 2025 00:51:34 INFO  valid result: 
mrr@10 : 0.2361
Thu 17 Apr 2025 00:51:34 INFO  Saving current: ./saved/movielens/DGCF-Apr-16-2025_17-29-38.pth
Thu 17 Apr 2025 01:04:04 INFO  epoch 35 training [time: 749.77s, train loss: 61.4117]
Thu 17 Apr 2025 01:04:09 INFO  epoch 35 evaluating [time: 5.67s, valid_score: 0.238000]
Thu 17 Apr 2025 01:04:09 INFO  valid result: 
mrr@10 : 0.238
Thu 17 Apr 2025 01:04:09 INFO  Saving current: ./saved/movielens/DGCF-Apr-16-2025_17-29-38.pth
Thu 17 Apr 2025 01:16:40 INFO  epoch 36 training [time: 750.55s, train loss: 60.9719]
Thu 17 Apr 2025 01:16:46 INFO  epoch 36 evaluating [time: 5.66s, valid_score: 0.239700]
Thu 17 Apr 2025 01:16:46 INFO  valid result: 
mrr@10 : 0.2397
Thu 17 Apr 2025 01:16:46 INFO  Saving current: ./saved/movielens/DGCF-Apr-16-2025_17-29-38.pth
Thu 17 Apr 2025 01:29:17 INFO  epoch 37 training [time: 751.53s, train loss: 60.5416]
Thu 17 Apr 2025 01:29:23 INFO  epoch 37 evaluating [time: 5.47s, valid_score: 0.240400]
Thu 17 Apr 2025 01:29:23 INFO  valid result: 
mrr@10 : 0.2404
Thu 17 Apr 2025 01:29:23 INFO  Saving current: ./saved/movielens/DGCF-Apr-16-2025_17-29-38.pth
Thu 17 Apr 2025 01:41:53 INFO  epoch 38 training [time: 750.16s, train loss: 60.2350]
Thu 17 Apr 2025 01:41:59 INFO  epoch 38 evaluating [time: 5.96s, valid_score: 0.240600]
Thu 17 Apr 2025 01:41:59 INFO  valid result: 
mrr@10 : 0.2406
Thu 17 Apr 2025 01:41:59 INFO  Saving current: ./saved/movielens/DGCF-Apr-16-2025_17-29-38.pth
Thu 17 Apr 2025 01:54:30 INFO  epoch 39 training [time: 751.14s, train loss: 59.3087]
Thu 17 Apr 2025 01:54:36 INFO  epoch 39 evaluating [time: 6.20s, valid_score: 0.239800]
Thu 17 Apr 2025 01:54:36 INFO  valid result: 
mrr@10 : 0.2398
Thu 17 Apr 2025 02:07:09 INFO  epoch 40 training [time: 752.89s, train loss: 58.5298]
Thu 17 Apr 2025 02:07:15 INFO  epoch 40 evaluating [time: 5.63s, valid_score: 0.240900]
Thu 17 Apr 2025 02:07:15 INFO  valid result: 
mrr@10 : 0.2409
Thu 17 Apr 2025 02:07:15 INFO  Saving current: ./saved/movielens/DGCF-Apr-16-2025_17-29-38.pth
Thu 17 Apr 2025 02:19:46 INFO  epoch 41 training [time: 751.81s, train loss: 58.4314]
Thu 17 Apr 2025 02:19:52 INFO  epoch 41 evaluating [time: 5.86s, valid_score: 0.241900]
Thu 17 Apr 2025 02:19:52 INFO  valid result: 
mrr@10 : 0.2419
Thu 17 Apr 2025 02:19:52 INFO  Saving current: ./saved/movielens/DGCF-Apr-16-2025_17-29-38.pth
Thu 17 Apr 2025 02:32:23 INFO  epoch 42 training [time: 750.39s, train loss: 57.8600]
Thu 17 Apr 2025 02:32:28 INFO  epoch 42 evaluating [time: 5.62s, valid_score: 0.241500]
Thu 17 Apr 2025 02:32:28 INFO  valid result: 
mrr@10 : 0.2415
Thu 17 Apr 2025 02:44:58 INFO  epoch 43 training [time: 749.91s, train loss: 57.3514]
Thu 17 Apr 2025 02:45:05 INFO  epoch 43 evaluating [time: 7.08s, valid_score: 0.242700]
Thu 17 Apr 2025 02:45:05 INFO  valid result: 
mrr@10 : 0.2427
Thu 17 Apr 2025 02:45:05 INFO  Saving current: ./saved/movielens/DGCF-Apr-16-2025_17-29-38.pth
Thu 17 Apr 2025 02:57:35 INFO  epoch 44 training [time: 749.64s, train loss: 57.1099]
Thu 17 Apr 2025 02:57:41 INFO  epoch 44 evaluating [time: 5.67s, valid_score: 0.242600]
Thu 17 Apr 2025 02:57:41 INFO  valid result: 
mrr@10 : 0.2426
Thu 17 Apr 2025 03:10:11 INFO  epoch 45 training [time: 750.32s, train loss: 56.4759]
Thu 17 Apr 2025 03:10:17 INFO  epoch 45 evaluating [time: 5.67s, valid_score: 0.243200]
Thu 17 Apr 2025 03:10:17 INFO  valid result: 
mrr@10 : 0.2432
Thu 17 Apr 2025 03:10:17 INFO  Saving current: ./saved/movielens/DGCF-Apr-16-2025_17-29-38.pth
Thu 17 Apr 2025 03:22:47 INFO  epoch 46 training [time: 750.66s, train loss: 55.8903]
Thu 17 Apr 2025 03:22:54 INFO  epoch 46 evaluating [time: 6.88s, valid_score: 0.242900]
Thu 17 Apr 2025 03:22:54 INFO  valid result: 
mrr@10 : 0.2429
Thu 17 Apr 2025 03:35:25 INFO  epoch 47 training [time: 750.78s, train loss: 55.8526]
Thu 17 Apr 2025 03:35:31 INFO  epoch 47 evaluating [time: 5.79s, valid_score: 0.246600]
Thu 17 Apr 2025 03:35:31 INFO  valid result: 
mrr@10 : 0.2466
Thu 17 Apr 2025 03:35:31 INFO  Saving current: ./saved/movielens/DGCF-Apr-16-2025_17-29-38.pth
Thu 17 Apr 2025 03:48:01 INFO  epoch 48 training [time: 750.26s, train loss: 55.1833]
Thu 17 Apr 2025 03:48:07 INFO  epoch 48 evaluating [time: 5.59s, valid_score: 0.244900]
Thu 17 Apr 2025 03:48:07 INFO  valid result: 
mrr@10 : 0.2449
Thu 17 Apr 2025 04:00:38 INFO  epoch 49 training [time: 751.17s, train loss: 54.9267]
Thu 17 Apr 2025 04:00:43 INFO  epoch 49 evaluating [time: 5.56s, valid_score: 0.246600]
Thu 17 Apr 2025 04:00:43 INFO  valid result: 
mrr@10 : 0.2466
Thu 17 Apr 2025 04:00:43 INFO  Saving current: ./saved/movielens/DGCF-Apr-16-2025_17-29-38.pth
Thu 17 Apr 2025 04:00:43 INFO  Loading model structure and parameters from ./saved/movielens/DGCF-Apr-16-2025_17-29-38.pth
