Tue 29 Apr 2025 13:29:42 INFO  
General Hyper Parameters:
gpu_id = 0
use_gpu = True
seed = 2020
state = INFO
reproducibility = True
data_path = dataset/amazon
checkpoint_dir = ./saved/amazon/
show_progress = True
save_dataset = True
dataset_save_path = None
save_dataloaders = True
dataloaders_save_path = None
log_wandb = False

Training Hyper Parameters:
epochs = 20
train_batch_size = 2048
learner = adam
learning_rate = 0.001
train_neg_sample_args = {'distribution': 'uniform', 'sample_num': 1, 'alpha': 1.0, 'dynamic': False, 'candidate_num': 0}
eval_step = 1
stopping_step = 50
clip_grad_norm = None
weight_decay = 0.0
loss_decimal_place = 4

Evaluation Hyper Parameters:
eval_args = {'split': {'RS': [0.8, 0.1, 0.1]}, 'group_by': 'user', 'order': 'RO', 'mode': 'full'}
repeatable = False
metrics = ['MRR']
topk = [10]
valid_metric = MRR@10
valid_metric_bigger = True
eval_batch_size = 4096
metric_decimal_place = 4

Dataset Hyper Parameters:
field_separator = 	
seq_separator =  
USER_ID_FIELD = user_id
ITEM_ID_FIELD = item_id
RATING_FIELD = rating
TIME_FIELD = timestamp
seq_len = None
LABEL_FIELD = label
threshold = None
NEG_PREFIX = neg_
load_col = {'inter': ['user_id', 'item_id']}
unload_col = None
unused_col = None
additional_feat_suffix = None
rm_dup_inter = None
val_interval = None
filter_inter_by_user_or_item = True
user_inter_num_interval = [0,inf)
item_inter_num_interval = [0,inf)
alias_of_user_id = None
alias_of_item_id = None
alias_of_entity_id = None
alias_of_relation_id = None
preload_weight = None
normalize_field = None
normalize_all = None
ITEM_LIST_LENGTH_FIELD = item_length
LIST_SUFFIX = _list
MAX_ITEM_LIST_LENGTH = 50
POSITION_FIELD = position_id
HEAD_ENTITY_ID_FIELD = head_id
TAIL_ENTITY_ID_FIELD = tail_id
RELATION_ID_FIELD = relation_id
ENTITY_ID_FIELD = entity_id
benchmark_filename = None

Other Hyper Parameters: 
worker = 0
wandb_project = recbole
shuffle = True
require_pow = False
enable_amp = False
enable_scaler = False
transform = None
embedding_size = 64
n_factors = 4
n_iterations = 2
n_layers = 1
reg_weight = 0.001
cor_weight = 0.01
numerical_features = []
discretization = None
kg_reverse_r = False
entity_kg_num_interval = [0,inf)
relation_kg_num_interval = [0,inf)
MODEL_TYPE = ModelType.GENERAL
MODEL_INPUT_TYPE = InputType.PAIRWISE
eval_type = EvaluatorType.RANKING
single_spec = True
local_rank = 0
device = cuda
eval_neg_sample_args = {'distribution': 'uniform', 'sample_num': 'none'}


Tue 29 Apr 2025 13:29:42 INFO  Load filtered dataset from: [./saved/amazon/amazon-Dataset.pth]
Tue 29 Apr 2025 13:29:42 INFO  amazon
The number of users: 22156
Average actions of users: 66.16434213495825
The number of items: 54459
Average actions of items: 26.917459326453415
The number of inters: 1465871
The sparsity of the dataset: 99.87851162187994%
Remain Fields: ['user_id', 'item_id']
Tue 29 Apr 2025 13:29:51 INFO  Load split dataloaders from: [./saved/amazon/amazon-for-DGCF-dataloader.pth]
Tue 29 Apr 2025 13:29:51 INFO  [Training]: train_batch_size = [2048] train_neg_sample_args: [{'distribution': 'uniform', 'sample_num': 1, 'alpha': 1.0, 'dynamic': False, 'candidate_num': 0}]
Tue 29 Apr 2025 13:29:51 INFO  [Evaluation]: eval_batch_size = [4096] eval_args: [{'split': {'RS': [0.8, 0.1, 0.1]}, 'group_by': 'user', 'order': 'RO', 'mode': 'full'}]
Tue 29 Apr 2025 13:29:55 INFO  DGCF(
  (user_embedding): Embedding(22156, 64)
  (item_embedding): Embedding(54459, 64)
  (softmax): Softmax(dim=1)
  (mf_loss): BPRLoss()
  (reg_loss): EmbLoss()
)
Trainable parameters: 4903360
Tue 29 Apr 2025 16:13:53 INFO  epoch 0 training [time: 9830.71s, train loss: 322.7817]
Tue 29 Apr 2025 16:14:27 INFO  epoch 0 evaluating [time: 33.24s, valid_score: 0.029800]
Tue 29 Apr 2025 16:14:27 INFO  valid result: 
mrr@10 : 0.0298
Tue 29 Apr 2025 16:14:27 INFO  Saving current: ./saved/amazon/DGCF-Apr-29-2025_13-29-55.pth
Tue 29 Apr 2025 18:45:45 INFO  epoch 1 training [time: 9077.86s, train loss: 163.3861]
Tue 29 Apr 2025 18:46:18 INFO  epoch 1 evaluating [time: 33.39s, valid_score: 0.032000]
Tue 29 Apr 2025 18:46:18 INFO  valid result: 
mrr@10 : 0.032
Tue 29 Apr 2025 18:46:18 INFO  Saving current: ./saved/amazon/DGCF-Apr-29-2025_13-29-55.pth
Tue 29 Apr 2025 21:17:05 INFO  epoch 2 training [time: 9047.18s, train loss: 124.3295]
Tue 29 Apr 2025 21:17:39 INFO  epoch 2 evaluating [time: 34.19s, valid_score: 0.035300]
Tue 29 Apr 2025 21:17:39 INFO  valid result: 
mrr@10 : 0.0353
Tue 29 Apr 2025 21:17:39 INFO  Saving current: ./saved/amazon/DGCF-Apr-29-2025_13-29-55.pth
Tue 29 Apr 2025 23:49:12 INFO  epoch 3 training [time: 9092.46s, train loss: 106.5481]
Tue 29 Apr 2025 23:49:46 INFO  epoch 3 evaluating [time: 33.69s, valid_score: 0.037400]
Tue 29 Apr 2025 23:49:46 INFO  valid result: 
mrr@10 : 0.0374
Tue 29 Apr 2025 23:49:46 INFO  Saving current: ./saved/amazon/DGCF-Apr-29-2025_13-29-55.pth
Wed 30 Apr 2025 02:21:10 INFO  epoch 4 training [time: 9084.10s, train loss: 95.7159]
Wed 30 Apr 2025 02:21:45 INFO  epoch 4 evaluating [time: 34.72s, valid_score: 0.039700]
Wed 30 Apr 2025 02:21:45 INFO  valid result: 
mrr@10 : 0.0397
Wed 30 Apr 2025 02:21:45 INFO  Saving current: ./saved/amazon/DGCF-Apr-29-2025_13-29-55.pth
Wed 30 Apr 2025 04:52:45 INFO  epoch 5 training [time: 9059.95s, train loss: 87.6548]
Wed 30 Apr 2025 04:53:18 INFO  epoch 5 evaluating [time: 33.49s, valid_score: 0.041200]
Wed 30 Apr 2025 04:53:18 INFO  valid result: 
mrr@10 : 0.0412
Wed 30 Apr 2025 04:53:18 INFO  Saving current: ./saved/amazon/DGCF-Apr-29-2025_13-29-55.pth
Wed 30 Apr 2025 07:24:10 INFO  epoch 6 training [time: 9052.06s, train loss: 81.6573]
Wed 30 Apr 2025 07:24:44 INFO  epoch 6 evaluating [time: 33.45s, valid_score: 0.042700]
Wed 30 Apr 2025 07:24:44 INFO  valid result: 
mrr@10 : 0.0427
Wed 30 Apr 2025 07:24:44 INFO  Saving current: ./saved/amazon/DGCF-Apr-29-2025_13-29-55.pth
Wed 30 Apr 2025 09:55:56 INFO  epoch 7 training [time: 9072.37s, train loss: 75.8617]
Wed 30 Apr 2025 09:56:29 INFO  epoch 7 evaluating [time: 33.35s, valid_score: 0.043800]
Wed 30 Apr 2025 09:56:29 INFO  valid result: 
mrr@10 : 0.0438
Wed 30 Apr 2025 09:56:30 INFO  Saving current: ./saved/amazon/DGCF-Apr-29-2025_13-29-55.pth
Wed 30 Apr 2025 12:27:54 INFO  epoch 8 training [time: 9084.85s, train loss: 71.8829]
Wed 30 Apr 2025 12:28:28 INFO  epoch 8 evaluating [time: 33.49s, valid_score: 0.044400]
Wed 30 Apr 2025 12:28:28 INFO  valid result: 
mrr@10 : 0.0444
Wed 30 Apr 2025 12:28:28 INFO  Saving current: ./saved/amazon/DGCF-Apr-29-2025_13-29-55.pth
Wed 30 Apr 2025 14:59:58 INFO  epoch 9 training [time: 9090.36s, train loss: 68.5449]
Wed 30 Apr 2025 15:00:32 INFO  epoch 9 evaluating [time: 33.57s, valid_score: 0.045300]
Wed 30 Apr 2025 15:00:32 INFO  valid result: 
mrr@10 : 0.0453
Wed 30 Apr 2025 15:00:32 INFO  Saving current: ./saved/amazon/DGCF-Apr-29-2025_13-29-55.pth
Wed 30 Apr 2025 17:31:59 INFO  epoch 10 training [time: 9087.07s, train loss: 65.2511]
Wed 30 Apr 2025 17:32:32 INFO  epoch 10 evaluating [time: 33.39s, valid_score: 0.046500]
Wed 30 Apr 2025 17:32:32 INFO  valid result: 
mrr@10 : 0.0465
Wed 30 Apr 2025 17:32:32 INFO  Saving current: ./saved/amazon/DGCF-Apr-29-2025_13-29-55.pth
Wed 30 Apr 2025 20:03:41 INFO  epoch 11 training [time: 9068.79s, train loss: 62.4455]
Wed 30 Apr 2025 20:04:15 INFO  epoch 11 evaluating [time: 33.50s, valid_score: 0.047600]
Wed 30 Apr 2025 20:04:15 INFO  valid result: 
mrr@10 : 0.0476
Wed 30 Apr 2025 20:04:15 INFO  Saving current: ./saved/amazon/DGCF-Apr-29-2025_13-29-55.pth
Wed 30 Apr 2025 22:35:14 INFO  epoch 12 training [time: 9059.61s, train loss: 60.1129]
Wed 30 Apr 2025 22:35:48 INFO  epoch 12 evaluating [time: 33.65s, valid_score: 0.047900]
Wed 30 Apr 2025 22:35:48 INFO  valid result: 
mrr@10 : 0.0479
Wed 30 Apr 2025 22:35:48 INFO  Saving current: ./saved/amazon/DGCF-Apr-29-2025_13-29-55.pth
Thu 01 May 2025 01:06:54 INFO  epoch 13 training [time: 9065.72s, train loss: 57.4552]
Thu 01 May 2025 01:07:29 INFO  epoch 13 evaluating [time: 34.58s, valid_score: 0.048800]
Thu 01 May 2025 01:07:29 INFO  valid result: 
mrr@10 : 0.0488
Thu 01 May 2025 01:07:29 INFO  Saving current: ./saved/amazon/DGCF-Apr-29-2025_13-29-55.pth
Thu 01 May 2025 03:38:35 INFO  epoch 14 training [time: 9066.29s, train loss: 55.3830]
Thu 01 May 2025 03:39:10 INFO  epoch 14 evaluating [time: 34.87s, valid_score: 0.049700]
Thu 01 May 2025 03:39:10 INFO  valid result: 
mrr@10 : 0.0497
Thu 01 May 2025 03:39:10 INFO  Saving current: ./saved/amazon/DGCF-Apr-29-2025_13-29-55.pth
Thu 01 May 2025 06:10:14 INFO  epoch 15 training [time: 9064.07s, train loss: 53.5858]
Thu 01 May 2025 06:10:48 INFO  epoch 15 evaluating [time: 34.50s, valid_score: 0.050600]
Thu 01 May 2025 06:10:48 INFO  valid result: 
mrr@10 : 0.0506
Thu 01 May 2025 06:10:48 INFO  Saving current: ./saved/amazon/DGCF-Apr-29-2025_13-29-55.pth
Thu 01 May 2025 08:42:05 INFO  epoch 16 training [time: 9076.74s, train loss: 51.3972]
Thu 01 May 2025 08:42:39 INFO  epoch 16 evaluating [time: 33.41s, valid_score: 0.051500]
Thu 01 May 2025 08:42:39 INFO  valid result: 
mrr@10 : 0.0515
Thu 01 May 2025 08:42:39 INFO  Saving current: ./saved/amazon/DGCF-Apr-29-2025_13-29-55.pth
Thu 01 May 2025 11:13:23 INFO  epoch 17 training [time: 9043.86s, train loss: 50.0617]
Thu 01 May 2025 11:13:56 INFO  epoch 17 evaluating [time: 33.51s, valid_score: 0.052500]
Thu 01 May 2025 11:13:56 INFO  valid result: 
mrr@10 : 0.0525
Thu 01 May 2025 11:13:56 INFO  Saving current: ./saved/amazon/DGCF-Apr-29-2025_13-29-55.pth
Thu 01 May 2025 13:44:55 INFO  epoch 18 training [time: 9058.70s, train loss: 48.1337]
Thu 01 May 2025 13:45:28 INFO  epoch 18 evaluating [time: 33.44s, valid_score: 0.052600]
Thu 01 May 2025 13:45:28 INFO  valid result: 
mrr@10 : 0.0526
Thu 01 May 2025 13:45:28 INFO  Saving current: ./saved/amazon/DGCF-Apr-29-2025_13-29-55.pth
Thu 01 May 2025 16:16:56 INFO  epoch 19 training [time: 9087.72s, train loss: 46.8802]
Thu 01 May 2025 16:17:30 INFO  epoch 19 evaluating [time: 33.88s, valid_score: 0.053500]
Thu 01 May 2025 16:17:30 INFO  valid result: 
mrr@10 : 0.0535
Thu 01 May 2025 16:17:30 INFO  Saving current: ./saved/amazon/DGCF-Apr-29-2025_13-29-55.pth
Thu 01 May 2025 16:17:30 INFO  Loading model structure and parameters from ./saved/amazon/DGCF-Apr-29-2025_13-29-55.pth
