Sun 06 Apr 2025 22:26:33 INFO  
General Hyper Parameters:
gpu_id = 0
use_gpu = True
seed = 2020
state = INFO
reproducibility = True
data_path = dataset/mind
checkpoint_dir = ./saved/mind/
show_progress = True
save_dataset = True
dataset_save_path = None
save_dataloaders = True
dataloaders_save_path = None
log_wandb = False

Training Hyper Parameters:
epochs = 50
train_batch_size = 2048
learner = adam
learning_rate = 0.001
train_neg_sample_args = {'distribution': 'uniform', 'sample_num': 1, 'alpha': 1.0, 'dynamic': False, 'candidate_num': 0}
eval_step = 1
stopping_step = 50
clip_grad_norm = None
weight_decay = 0.0
loss_decimal_place = 4

Evaluation Hyper Parameters:
eval_args = {'split': {'RS': [0.8, 0.1, 0.1]}, 'group_by': 'user', 'order': 'RO', 'mode': 'full'}
repeatable = False
metrics = ['Recall', 'MRR', 'NDCG', 'Hit', 'MAP', 'Precision', 'GAUC', 'ItemCoverage', 'AveragePopularity', 'GiniIndex', 'ShannonEntropy', 'TailPercentage']
topk = [10]
valid_metric = MRR@10
valid_metric_bigger = True
eval_batch_size = 4096
metric_decimal_place = 4

Dataset Hyper Parameters:
field_separator = 	
seq_separator =  
USER_ID_FIELD = user_id
ITEM_ID_FIELD = item_id
RATING_FIELD = rating
TIME_FIELD = timestamp
seq_len = None
LABEL_FIELD = label
threshold = None
NEG_PREFIX = neg_
load_col = {'inter': ['user_id', 'item_id']}
unload_col = None
unused_col = None
additional_feat_suffix = None
rm_dup_inter = None
val_interval = None
filter_inter_by_user_or_item = True
user_inter_num_interval = [0,inf)
item_inter_num_interval = [0,inf)
alias_of_user_id = None
alias_of_item_id = None
alias_of_entity_id = None
alias_of_relation_id = None
preload_weight = None
normalize_field = None
normalize_all = None
ITEM_LIST_LENGTH_FIELD = item_length
LIST_SUFFIX = _list
MAX_ITEM_LIST_LENGTH = 50
POSITION_FIELD = position_id
HEAD_ENTITY_ID_FIELD = head_id
TAIL_ENTITY_ID_FIELD = tail_id
RELATION_ID_FIELD = relation_id
ENTITY_ID_FIELD = entity_id
benchmark_filename = None

Other Hyper Parameters: 
worker = 0
wandb_project = recbole
shuffle = True
require_pow = False
enable_amp = False
enable_scaler = False
transform = None
embedding_size = 64
n_factors = 4
n_iterations = 2
n_layers = 1
reg_weight = 0.001
cor_weight = 0.01
numerical_features = []
discretization = None
kg_reverse_r = False
entity_kg_num_interval = [0,inf)
relation_kg_num_interval = [0,inf)
MODEL_TYPE = ModelType.GENERAL
MODEL_INPUT_TYPE = InputType.PAIRWISE
eval_type = EvaluatorType.RANKING
single_spec = True
local_rank = 0
device = cuda
eval_neg_sample_args = {'distribution': 'uniform', 'sample_num': 'none'}


Sun 06 Apr 2025 22:26:33 INFO  Load filtered dataset from: [./saved/mind/mind-Dataset.pth]
Sun 06 Apr 2025 22:26:33 INFO  mind
The number of users: 23680
Average actions of users: 44.282908906626126
The number of items: 4415
Average actions of items: 237.55663797009515
The number of inters: 1048575
The sparsity of the dataset: 98.9970319625968%
Remain Fields: ['user_id', 'item_id']
Sun 06 Apr 2025 22:26:36 INFO  Saving split dataloaders into: [./saved/mind/mind-for-DGCF-dataloader.pth]
Sun 06 Apr 2025 22:26:45 INFO  [Training]: train_batch_size = [2048] train_neg_sample_args: [{'distribution': 'uniform', 'sample_num': 1, 'alpha': 1.0, 'dynamic': False, 'candidate_num': 0}]
Sun 06 Apr 2025 22:26:45 INFO  [Evaluation]: eval_batch_size = [4096] eval_args: [{'split': {'RS': [0.8, 0.1, 0.1]}, 'group_by': 'user', 'order': 'RO', 'mode': 'full'}]
Sun 06 Apr 2025 22:26:46 INFO  DGCF(
  (user_embedding): Embedding(23680, 64)
  (item_embedding): Embedding(4415, 64)
  (softmax): Softmax(dim=1)
  (mf_loss): BPRLoss()
  (reg_loss): EmbLoss()
)
Trainable parameters: 1798080
Sun 06 Apr 2025 23:07:07 INFO  epoch 0 training [time: 2415.80s, train loss: 120.5965]
Sun 06 Apr 2025 23:08:07 INFO  epoch 0 evaluating [time: 59.73s, valid_score: 0.303100]
Sun 06 Apr 2025 23:08:07 INFO  valid result: 
recall@10 : 0.348    mrr@10 : 0.3031    ndcg@10 : 0.2474    hit@10 : 0.6191    map@10 : 0.1665    precision@10 : 0.0927    gauc : 0.964    itemcoverage@10 : 0.0396    averagepopularity@10 : 8989.6011    giniindex@10 : 0.9958    shannonentropy@10 : 0.0179    tailpercentage@10 : 0.0002
Sun 06 Apr 2025 23:08:07 INFO  Saving current: ./saved/mind/DGCF-Apr-06-2025_22-26-46.pth
Sun 06 Apr 2025 23:48:26 INFO  epoch 1 training [time: 2419.12s, train loss: 46.8918]
Sun 06 Apr 2025 23:49:26 INFO  epoch 1 evaluating [time: 60.31s, valid_score: 0.350600]
Sun 06 Apr 2025 23:49:26 INFO  valid result: 
recall@10 : 0.3704    mrr@10 : 0.3506    ndcg@10 : 0.2795    hit@10 : 0.648    map@10 : 0.1963    precision@10 : 0.0996    gauc : 0.9662    itemcoverage@10 : 0.0347    averagepopularity@10 : 9018.9797    giniindex@10 : 0.9955    shannonentropy@10 : 0.0209    tailpercentage@10 : 0.0001
Sun 06 Apr 2025 23:49:26 INFO  Saving current: ./saved/mind/DGCF-Apr-06-2025_22-26-46.pth
Mon 07 Apr 2025 00:29:41 INFO  epoch 2 training [time: 2414.67s, train loss: 41.7150]
Mon 07 Apr 2025 00:30:41 INFO  epoch 2 evaluating [time: 60.29s, valid_score: 0.414300]
Mon 07 Apr 2025 00:30:41 INFO  valid result: 
recall@10 : 0.422    mrr@10 : 0.4143    ndcg@10 : 0.3313    hit@10 : 0.7034    map@10 : 0.2422    precision@10 : 0.1109    gauc : 0.9691    itemcoverage@10 : 0.0279    averagepopularity@10 : 8534.3216    giniindex@10 : 0.9945    shannonentropy@10 : 0.0279    tailpercentage@10 : 0.0
Mon 07 Apr 2025 00:30:41 INFO  Saving current: ./saved/mind/DGCF-Apr-06-2025_22-26-46.pth
Mon 07 Apr 2025 01:10:53 INFO  epoch 3 training [time: 2411.99s, train loss: 36.7963]
Mon 07 Apr 2025 01:11:53 INFO  epoch 3 evaluating [time: 59.76s, valid_score: 0.457900]
Mon 07 Apr 2025 01:11:53 INFO  valid result: 
recall@10 : 0.4721    mrr@10 : 0.4579    ndcg@10 : 0.3721    hit@10 : 0.7546    map@10 : 0.2757    precision@10 : 0.1229    gauc : 0.9719    itemcoverage@10 : 0.0324    averagepopularity@10 : 7753.7122    giniindex@10 : 0.9927    shannonentropy@10 : 0.0261    tailpercentage@10 : 0.0
Mon 07 Apr 2025 01:11:53 INFO  Saving current: ./saved/mind/DGCF-Apr-06-2025_22-26-46.pth
Mon 07 Apr 2025 01:52:04 INFO  epoch 4 training [time: 2411.53s, train loss: 33.4600]
Mon 07 Apr 2025 01:53:03 INFO  epoch 4 evaluating [time: 58.86s, valid_score: 0.474800]
Mon 07 Apr 2025 01:53:03 INFO  valid result: 
recall@10 : 0.4973    mrr@10 : 0.4748    ndcg@10 : 0.3905    hit@10 : 0.7816    map@10 : 0.2899    precision@10 : 0.13    gauc : 0.9738    itemcoverage@10 : 0.0358    averagepopularity@10 : 7208.6996    giniindex@10 : 0.9913    shannonentropy@10 : 0.0248    tailpercentage@10 : 0.0
Mon 07 Apr 2025 01:53:03 INFO  Saving current: ./saved/mind/DGCF-Apr-06-2025_22-26-46.pth
Mon 07 Apr 2025 02:33:15 INFO  epoch 5 training [time: 2411.70s, train loss: 31.0813]
Mon 07 Apr 2025 02:34:15 INFO  epoch 5 evaluating [time: 60.28s, valid_score: 0.488300]
Mon 07 Apr 2025 02:34:15 INFO  valid result: 
recall@10 : 0.5121    mrr@10 : 0.4883    ndcg@10 : 0.4033    hit@10 : 0.798    map@10 : 0.3002    precision@10 : 0.1349    gauc : 0.9751    itemcoverage@10 : 0.0405    averagepopularity@10 : 6839.9754    giniindex@10 : 0.9901    shannonentropy@10 : 0.0226    tailpercentage@10 : 0.0
Mon 07 Apr 2025 02:34:15 INFO  Saving current: ./saved/mind/DGCF-Apr-06-2025_22-26-46.pth
Mon 07 Apr 2025 03:14:28 INFO  epoch 6 training [time: 2413.16s, train loss: 29.0945]
Mon 07 Apr 2025 03:15:28 INFO  epoch 6 evaluating [time: 59.69s, valid_score: 0.500500]
Mon 07 Apr 2025 03:15:28 INFO  valid result: 
recall@10 : 0.5234    mrr@10 : 0.5005    ndcg@10 : 0.4141    hit@10 : 0.8125    map@10 : 0.3088    precision@10 : 0.1396    gauc : 0.9762    itemcoverage@10 : 0.0421    averagepopularity@10 : 6583.334    giniindex@10 : 0.9891    shannonentropy@10 : 0.0223    tailpercentage@10 : 0.0
Mon 07 Apr 2025 03:15:28 INFO  Saving current: ./saved/mind/DGCF-Apr-06-2025_22-26-46.pth
Mon 07 Apr 2025 03:55:37 INFO  epoch 7 training [time: 2408.91s, train loss: 27.4058]
Mon 07 Apr 2025 03:56:36 INFO  epoch 7 evaluating [time: 59.01s, valid_score: 0.511800]
Mon 07 Apr 2025 03:56:36 INFO  valid result: 
recall@10 : 0.5344    mrr@10 : 0.5118    ndcg@10 : 0.4244    hit@10 : 0.8247    map@10 : 0.3174    precision@10 : 0.144    gauc : 0.9771    itemcoverage@10 : 0.0444    averagepopularity@10 : 6384.0755    giniindex@10 : 0.9882    shannonentropy@10 : 0.0216    tailpercentage@10 : 0.0
Mon 07 Apr 2025 03:56:36 INFO  Saving current: ./saved/mind/DGCF-Apr-06-2025_22-26-46.pth
Mon 07 Apr 2025 04:36:50 INFO  epoch 8 training [time: 2414.21s, train loss: 25.9431]
Mon 07 Apr 2025 04:37:53 INFO  epoch 8 evaluating [time: 62.25s, valid_score: 0.519200]
Mon 07 Apr 2025 04:37:53 INFO  valid result: 
recall@10 : 0.543    mrr@10 : 0.5192    ndcg@10 : 0.4323    hit@10 : 0.8327    map@10 : 0.3238    precision@10 : 0.1478    gauc : 0.978    itemcoverage@10 : 0.0498    averagepopularity@10 : 6247.9539    giniindex@10 : 0.9874    shannonentropy@10 : 0.0196    tailpercentage@10 : 0.0
Mon 07 Apr 2025 04:37:53 INFO  Saving current: ./saved/mind/DGCF-Apr-06-2025_22-26-46.pth
Mon 07 Apr 2025 05:18:06 INFO  epoch 9 training [time: 2413.64s, train loss: 24.8093]
Mon 07 Apr 2025 05:19:05 INFO  epoch 9 evaluating [time: 58.46s, valid_score: 0.525400]
Mon 07 Apr 2025 05:19:05 INFO  valid result: 
recall@10 : 0.5495    mrr@10 : 0.5254    ndcg@10 : 0.4389    hit@10 : 0.8388    map@10 : 0.3296    precision@10 : 0.1509    gauc : 0.9787    itemcoverage@10 : 0.053    averagepopularity@10 : 6113.2313    giniindex@10 : 0.9865    shannonentropy@10 : 0.0187    tailpercentage@10 : 0.0
Mon 07 Apr 2025 05:19:05 INFO  Saving current: ./saved/mind/DGCF-Apr-06-2025_22-26-46.pth
Mon 07 Apr 2025 05:59:16 INFO  epoch 10 training [time: 2410.91s, train loss: 23.7570]
Mon 07 Apr 2025 06:00:15 INFO  epoch 10 evaluating [time: 59.43s, valid_score: 0.529500]
Mon 07 Apr 2025 06:00:15 INFO  valid result: 
recall@10 : 0.5535    mrr@10 : 0.5295    ndcg@10 : 0.443    hit@10 : 0.8425    map@10 : 0.333    precision@10 : 0.1532    gauc : 0.9793    itemcoverage@10 : 0.0555    averagepopularity@10 : 6048.8285    giniindex@10 : 0.9859    shannonentropy@10 : 0.0181    tailpercentage@10 : 0.0
Mon 07 Apr 2025 06:00:15 INFO  Saving current: ./saved/mind/DGCF-Apr-06-2025_22-26-46.pth
Mon 07 Apr 2025 06:40:30 INFO  epoch 11 training [time: 2414.83s, train loss: 22.5388]
Mon 07 Apr 2025 06:41:29 INFO  epoch 11 evaluating [time: 59.10s, valid_score: 0.532600]
Mon 07 Apr 2025 06:41:29 INFO  valid result: 
recall@10 : 0.5574    mrr@10 : 0.5326    ndcg@10 : 0.4466    hit@10 : 0.8458    map@10 : 0.3362    precision@10 : 0.155    gauc : 0.9798    itemcoverage@10 : 0.0589    averagepopularity@10 : 6016.9433    giniindex@10 : 0.9854    shannonentropy@10 : 0.0172    tailpercentage@10 : 0.0
Mon 07 Apr 2025 06:41:29 INFO  Saving current: ./saved/mind/DGCF-Apr-06-2025_22-26-46.pth
Mon 07 Apr 2025 07:21:41 INFO  epoch 12 training [time: 2412.00s, train loss: 21.6929]
Mon 07 Apr 2025 07:22:40 INFO  epoch 12 evaluating [time: 59.01s, valid_score: 0.536100]
Mon 07 Apr 2025 07:22:40 INFO  valid result: 
recall@10 : 0.5624    mrr@10 : 0.5361    ndcg@10 : 0.4519    hit@10 : 0.8505    map@10 : 0.3412    precision@10 : 0.1572    gauc : 0.9803    itemcoverage@10 : 0.0618    averagepopularity@10 : 5931.5936    giniindex@10 : 0.9847    shannonentropy@10 : 0.0165    tailpercentage@10 : 0.0
Mon 07 Apr 2025 07:22:40 INFO  Saving current: ./saved/mind/DGCF-Apr-06-2025_22-26-46.pth
Mon 07 Apr 2025 08:02:52 INFO  epoch 13 training [time: 2411.60s, train loss: 21.0486]
Mon 07 Apr 2025 08:03:50 INFO  epoch 13 evaluating [time: 58.61s, valid_score: 0.538200]
Mon 07 Apr 2025 08:03:50 INFO  valid result: 
recall@10 : 0.5651    mrr@10 : 0.5382    ndcg@10 : 0.4545    hit@10 : 0.8515    map@10 : 0.3436    precision@10 : 0.1585    gauc : 0.9807    itemcoverage@10 : 0.0657    averagepopularity@10 : 5880.9203    giniindex@10 : 0.9842    shannonentropy@10 : 0.0157    tailpercentage@10 : 0.0
Mon 07 Apr 2025 08:03:50 INFO  Saving current: ./saved/mind/DGCF-Apr-06-2025_22-26-46.pth
Mon 07 Apr 2025 08:44:05 INFO  epoch 14 training [time: 2414.54s, train loss: 20.5030]
Mon 07 Apr 2025 08:45:03 INFO  epoch 14 evaluating [time: 58.56s, valid_score: 0.540400]
Mon 07 Apr 2025 08:45:03 INFO  valid result: 
recall@10 : 0.5677    mrr@10 : 0.5404    ndcg@10 : 0.4572    hit@10 : 0.8541    map@10 : 0.3461    precision@10 : 0.1598    gauc : 0.9811    itemcoverage@10 : 0.0704    averagepopularity@10 : 5822.0862    giniindex@10 : 0.9837    shannonentropy@10 : 0.0147    tailpercentage@10 : 0.0
Mon 07 Apr 2025 08:45:03 INFO  Saving current: ./saved/mind/DGCF-Apr-06-2025_22-26-46.pth
Mon 07 Apr 2025 09:25:16 INFO  epoch 15 training [time: 2412.28s, train loss: 19.5830]
Mon 07 Apr 2025 09:26:15 INFO  epoch 15 evaluating [time: 59.17s, valid_score: 0.540600]
Mon 07 Apr 2025 09:26:15 INFO  valid result: 
recall@10 : 0.5702    mrr@10 : 0.5406    ndcg@10 : 0.4583    hit@10 : 0.8561    map@10 : 0.3465    precision@10 : 0.1612    gauc : 0.9815    itemcoverage@10 : 0.0723    averagepopularity@10 : 5798.2816    giniindex@10 : 0.9834    shannonentropy@10 : 0.0144    tailpercentage@10 : 0.0
Mon 07 Apr 2025 09:26:15 INFO  Saving current: ./saved/mind/DGCF-Apr-06-2025_22-26-46.pth
Mon 07 Apr 2025 10:06:34 INFO  epoch 16 training [time: 2418.56s, train loss: 19.3134]
Mon 07 Apr 2025 10:07:37 INFO  epoch 16 evaluating [time: 63.59s, valid_score: 0.542500]
Mon 07 Apr 2025 10:07:37 INFO  valid result: 
recall@10 : 0.5726    mrr@10 : 0.5425    ndcg@10 : 0.4605    hit@10 : 0.8581    map@10 : 0.3484    precision@10 : 0.1622    gauc : 0.9819    itemcoverage@10 : 0.0768    averagepopularity@10 : 5736.8828    giniindex@10 : 0.983    shannonentropy@10 : 0.0136    tailpercentage@10 : 0.0
Mon 07 Apr 2025 10:07:37 INFO  Saving current: ./saved/mind/DGCF-Apr-06-2025_22-26-46.pth
Mon 07 Apr 2025 10:47:50 INFO  epoch 17 training [time: 2413.16s, train loss: 18.5822]
Mon 07 Apr 2025 10:48:52 INFO  epoch 17 evaluating [time: 61.68s, valid_score: 0.543800]
Mon 07 Apr 2025 10:48:52 INFO  valid result: 
recall@10 : 0.5749    mrr@10 : 0.5438    ndcg@10 : 0.4627    hit@10 : 0.8594    map@10 : 0.3505    precision@10 : 0.1631    gauc : 0.9822    itemcoverage@10 : 0.079    averagepopularity@10 : 5676.2038    giniindex@10 : 0.9825    shannonentropy@10 : 0.0133    tailpercentage@10 : 0.0
Mon 07 Apr 2025 10:48:52 INFO  Saving current: ./saved/mind/DGCF-Apr-06-2025_22-26-46.pth
Mon 07 Apr 2025 11:29:02 INFO  epoch 18 training [time: 2409.60s, train loss: 18.0694]
Mon 07 Apr 2025 11:30:02 INFO  epoch 18 evaluating [time: 60.44s, valid_score: 0.544600]
Mon 07 Apr 2025 11:30:02 INFO  valid result: 
recall@10 : 0.5758    mrr@10 : 0.5446    ndcg@10 : 0.4637    hit@10 : 0.8594    map@10 : 0.3515    precision@10 : 0.1638    gauc : 0.9824    itemcoverage@10 : 0.0818    averagepopularity@10 : 5636.2611    giniindex@10 : 0.9822    shannonentropy@10 : 0.0129    tailpercentage@10 : 0.0
Mon 07 Apr 2025 11:30:02 INFO  Saving current: ./saved/mind/DGCF-Apr-06-2025_22-26-46.pth
Mon 07 Apr 2025 12:10:14 INFO  epoch 19 training [time: 2412.38s, train loss: 17.8574]
Mon 07 Apr 2025 12:11:15 INFO  epoch 19 evaluating [time: 60.37s, valid_score: 0.547300]
Mon 07 Apr 2025 12:11:15 INFO  valid result: 
recall@10 : 0.578    mrr@10 : 0.5473    ndcg@10 : 0.4662    hit@10 : 0.8613    map@10 : 0.3538    precision@10 : 0.1646    gauc : 0.9827    itemcoverage@10 : 0.0852    averagepopularity@10 : 5585.3948    giniindex@10 : 0.9816    shannonentropy@10 : 0.0125    tailpercentage@10 : 0.0
Mon 07 Apr 2025 12:11:15 INFO  Saving current: ./saved/mind/DGCF-Apr-06-2025_22-26-46.pth
Mon 07 Apr 2025 12:51:29 INFO  epoch 20 training [time: 2414.62s, train loss: 17.4023]
Mon 07 Apr 2025 12:52:29 INFO  epoch 20 evaluating [time: 59.32s, valid_score: 0.548000]
Mon 07 Apr 2025 12:52:29 INFO  valid result: 
recall@10 : 0.5806    mrr@10 : 0.548    ndcg@10 : 0.4679    hit@10 : 0.8645    map@10 : 0.355    precision@10 : 0.1659    gauc : 0.983    itemcoverage@10 : 0.0892    averagepopularity@10 : 5593.4866    giniindex@10 : 0.9815    shannonentropy@10 : 0.0119    tailpercentage@10 : 0.0
Mon 07 Apr 2025 12:52:29 INFO  Saving current: ./saved/mind/DGCF-Apr-06-2025_22-26-46.pth
Mon 07 Apr 2025 13:32:41 INFO  epoch 21 training [time: 2412.49s, train loss: 16.8509]
Mon 07 Apr 2025 13:33:40 INFO  epoch 21 evaluating [time: 58.62s, valid_score: 0.550300]
Mon 07 Apr 2025 13:33:40 INFO  valid result: 
recall@10 : 0.5837    mrr@10 : 0.5503    ndcg@10 : 0.4706    hit@10 : 0.8678    map@10 : 0.3576    precision@10 : 0.1666    gauc : 0.9832    itemcoverage@10 : 0.0926    averagepopularity@10 : 5538.2794    giniindex@10 : 0.981    shannonentropy@10 : 0.0116    tailpercentage@10 : 0.0
Mon 07 Apr 2025 13:33:40 INFO  Saving current: ./saved/mind/DGCF-Apr-06-2025_22-26-46.pth
Mon 07 Apr 2025 14:13:50 INFO  epoch 22 training [time: 2409.90s, train loss: 16.6541]
Mon 07 Apr 2025 14:14:52 INFO  epoch 22 evaluating [time: 62.01s, valid_score: 0.551600]
Mon 07 Apr 2025 14:14:52 INFO  valid result: 
recall@10 : 0.5848    mrr@10 : 0.5516    ndcg@10 : 0.4723    hit@10 : 0.8693    map@10 : 0.3593    precision@10 : 0.1674    gauc : 0.9835    itemcoverage@10 : 0.0956    averagepopularity@10 : 5557.6253    giniindex@10 : 0.9809    shannonentropy@10 : 0.0112    tailpercentage@10 : 0.0
Mon 07 Apr 2025 14:14:52 INFO  Saving current: ./saved/mind/DGCF-Apr-06-2025_22-26-46.pth
Mon 07 Apr 2025 14:55:05 INFO  epoch 23 training [time: 2413.33s, train loss: 16.2663]
Mon 07 Apr 2025 14:56:06 INFO  epoch 23 evaluating [time: 60.61s, valid_score: 0.553400]
Mon 07 Apr 2025 14:56:06 INFO  valid result: 
recall@10 : 0.587    mrr@10 : 0.5534    ndcg@10 : 0.4743    hit@10 : 0.8704    map@10 : 0.3613    precision@10 : 0.1681    gauc : 0.9837    itemcoverage@10 : 0.096    averagepopularity@10 : 5480.8706    giniindex@10 : 0.9802    shannonentropy@10 : 0.0112    tailpercentage@10 : 0.0
Mon 07 Apr 2025 14:56:06 INFO  Saving current: ./saved/mind/DGCF-Apr-06-2025_22-26-46.pth
Mon 07 Apr 2025 15:36:17 INFO  epoch 24 training [time: 2410.99s, train loss: 15.6749]
Mon 07 Apr 2025 15:37:17 INFO  epoch 24 evaluating [time: 60.00s, valid_score: 0.554200]
Mon 07 Apr 2025 15:37:17 INFO  valid result: 
recall@10 : 0.5896    mrr@10 : 0.5542    ndcg@10 : 0.4761    hit@10 : 0.8723    map@10 : 0.3627    precision@10 : 0.169    gauc : 0.9839    itemcoverage@10 : 0.0969    averagepopularity@10 : 5493.7726    giniindex@10 : 0.9801    shannonentropy@10 : 0.0112    tailpercentage@10 : 0.0
Mon 07 Apr 2025 15:37:17 INFO  Saving current: ./saved/mind/DGCF-Apr-06-2025_22-26-46.pth
Mon 07 Apr 2025 16:17:28 INFO  epoch 25 training [time: 2411.30s, train loss: 15.3396]
Mon 07 Apr 2025 16:18:29 INFO  epoch 25 evaluating [time: 60.51s, valid_score: 0.555000]
Mon 07 Apr 2025 16:18:29 INFO  valid result: 
recall@10 : 0.5914    mrr@10 : 0.555    ndcg@10 : 0.4777    hit@10 : 0.874    map@10 : 0.3641    precision@10 : 0.17    gauc : 0.9841    itemcoverage@10 : 0.1006    averagepopularity@10 : 5465.1885    giniindex@10 : 0.9797    shannonentropy@10 : 0.0108    tailpercentage@10 : 0.0
Mon 07 Apr 2025 16:18:29 INFO  Saving current: ./saved/mind/DGCF-Apr-06-2025_22-26-46.pth
Mon 07 Apr 2025 16:58:47 INFO  epoch 26 training [time: 2417.81s, train loss: 14.9486]
Mon 07 Apr 2025 16:59:45 INFO  epoch 26 evaluating [time: 58.22s, valid_score: 0.557700]
Mon 07 Apr 2025 16:59:45 INFO  valid result: 
recall@10 : 0.5935    mrr@10 : 0.5577    ndcg@10 : 0.4802    hit@10 : 0.8762    map@10 : 0.3665    precision@10 : 0.1708    gauc : 0.9844    itemcoverage@10 : 0.1019    averagepopularity@10 : 5483.0119    giniindex@10 : 0.9797    shannonentropy@10 : 0.0107    tailpercentage@10 : 0.0
Mon 07 Apr 2025 16:59:45 INFO  Saving current: ./saved/mind/DGCF-Apr-06-2025_22-26-46.pth
Mon 07 Apr 2025 17:40:05 INFO  epoch 27 training [time: 2420.42s, train loss: 14.5752]
Mon 07 Apr 2025 17:41:05 INFO  epoch 27 evaluating [time: 59.51s, valid_score: 0.558500]
Mon 07 Apr 2025 17:41:05 INFO  valid result: 
recall@10 : 0.5958    mrr@10 : 0.5585    ndcg@10 : 0.4821    hit@10 : 0.8778    map@10 : 0.3683    precision@10 : 0.1716    gauc : 0.9845    itemcoverage@10 : 0.104    averagepopularity@10 : 5452.0107    giniindex@10 : 0.9793    shannonentropy@10 : 0.0105    tailpercentage@10 : 0.0
Mon 07 Apr 2025 17:41:05 INFO  Saving current: ./saved/mind/DGCF-Apr-06-2025_22-26-46.pth
Mon 07 Apr 2025 18:21:23 INFO  epoch 28 training [time: 2417.81s, train loss: 14.3860]
Mon 07 Apr 2025 18:22:23 INFO  epoch 28 evaluating [time: 60.11s, valid_score: 0.560400]
Mon 07 Apr 2025 18:22:23 INFO  valid result: 
recall@10 : 0.5981    mrr@10 : 0.5604    ndcg@10 : 0.4845    hit@10 : 0.8802    map@10 : 0.3707    precision@10 : 0.1723    gauc : 0.9847    itemcoverage@10 : 0.1067    averagepopularity@10 : 5394.4685    giniindex@10 : 0.9787    shannonentropy@10 : 0.0103    tailpercentage@10 : 0.0
Mon 07 Apr 2025 18:22:23 INFO  Saving current: ./saved/mind/DGCF-Apr-06-2025_22-26-46.pth
Mon 07 Apr 2025 19:02:39 INFO  epoch 29 training [time: 2416.62s, train loss: 14.0873]
Mon 07 Apr 2025 19:03:39 INFO  epoch 29 evaluating [time: 59.39s, valid_score: 0.564000]
Mon 07 Apr 2025 19:03:39 INFO  valid result: 
recall@10 : 0.6002    mrr@10 : 0.564    ndcg@10 : 0.4874    hit@10 : 0.8807    map@10 : 0.3736    precision@10 : 0.1731    gauc : 0.9849    itemcoverage@10 : 0.1085    averagepopularity@10 : 5385.1638    giniindex@10 : 0.9785    shannonentropy@10 : 0.0101    tailpercentage@10 : 0.0
Mon 07 Apr 2025 19:03:39 INFO  Saving current: ./saved/mind/DGCF-Apr-06-2025_22-26-46.pth
Mon 07 Apr 2025 19:44:06 INFO  epoch 30 training [time: 2426.99s, train loss: 13.9156]
Mon 07 Apr 2025 19:45:04 INFO  epoch 30 evaluating [time: 58.02s, valid_score: 0.564200]
Mon 07 Apr 2025 19:45:04 INFO  valid result: 
recall@10 : 0.6023    mrr@10 : 0.5642    ndcg@10 : 0.489    hit@10 : 0.8821    map@10 : 0.3752    precision@10 : 0.1736    gauc : 0.9851    itemcoverage@10 : 0.111    averagepopularity@10 : 5327.3438    giniindex@10 : 0.978    shannonentropy@10 : 0.01    tailpercentage@10 : 0.0
Mon 07 Apr 2025 19:45:04 INFO  Saving current: ./saved/mind/DGCF-Apr-06-2025_22-26-46.pth
Mon 07 Apr 2025 20:25:20 INFO  epoch 31 training [time: 2415.64s, train loss: 13.7014]
Mon 07 Apr 2025 20:26:19 INFO  epoch 31 evaluating [time: 59.04s, valid_score: 0.566800]
Mon 07 Apr 2025 20:26:19 INFO  valid result: 
recall@10 : 0.6045    mrr@10 : 0.5668    ndcg@10 : 0.4914    hit@10 : 0.8845    map@10 : 0.3774    precision@10 : 0.1745    gauc : 0.9852    itemcoverage@10 : 0.1173    averagepopularity@10 : 5337.3531    giniindex@10 : 0.9779    shannonentropy@10 : 0.0094    tailpercentage@10 : 0.0
Mon 07 Apr 2025 20:26:19 INFO  Saving current: ./saved/mind/DGCF-Apr-06-2025_22-26-46.pth
Mon 07 Apr 2025 21:06:33 INFO  epoch 32 training [time: 2414.88s, train loss: 13.3243]
Mon 07 Apr 2025 21:07:32 INFO  epoch 32 evaluating [time: 58.20s, valid_score: 0.568100]
Mon 07 Apr 2025 21:07:32 INFO  valid result: 
recall@10 : 0.6076    mrr@10 : 0.5681    ndcg@10 : 0.4934    hit@10 : 0.8868    map@10 : 0.379    precision@10 : 0.1752    gauc : 0.9854    itemcoverage@10 : 0.121    averagepopularity@10 : 5329.7049    giniindex@10 : 0.9776    shannonentropy@10 : 0.0092    tailpercentage@10 : 0.0
Mon 07 Apr 2025 21:07:32 INFO  Saving current: ./saved/mind/DGCF-Apr-06-2025_22-26-46.pth
Mon 07 Apr 2025 21:47:46 INFO  epoch 33 training [time: 2413.92s, train loss: 12.9618]
Mon 07 Apr 2025 21:48:46 INFO  epoch 33 evaluating [time: 60.75s, valid_score: 0.569300]
Mon 07 Apr 2025 21:48:46 INFO  valid result: 
recall@10 : 0.6097    mrr@10 : 0.5693    ndcg@10 : 0.4951    hit@10 : 0.8884    map@10 : 0.3804    precision@10 : 0.1761    gauc : 0.9856    itemcoverage@10 : 0.1228    averagepopularity@10 : 5299.4687    giniindex@10 : 0.9774    shannonentropy@10 : 0.009    tailpercentage@10 : 0.0
Mon 07 Apr 2025 21:48:46 INFO  Saving current: ./saved/mind/DGCF-Apr-06-2025_22-26-46.pth
Mon 07 Apr 2025 22:29:05 INFO  epoch 34 training [time: 2418.16s, train loss: 12.8259]
Mon 07 Apr 2025 22:30:07 INFO  epoch 34 evaluating [time: 62.17s, valid_score: 0.570500]
Mon 07 Apr 2025 22:30:07 INFO  valid result: 
recall@10 : 0.6114    mrr@10 : 0.5705    ndcg@10 : 0.4964    hit@10 : 0.8892    map@10 : 0.3816    precision@10 : 0.1765    gauc : 0.9857    itemcoverage@10 : 0.1243    averagepopularity@10 : 5259.3869    giniindex@10 : 0.9769    shannonentropy@10 : 0.009    tailpercentage@10 : 0.0
Mon 07 Apr 2025 22:30:07 INFO  Saving current: ./saved/mind/DGCF-Apr-06-2025_22-26-46.pth
Mon 07 Apr 2025 23:10:18 INFO  epoch 35 training [time: 2411.05s, train loss: 12.5710]
Mon 07 Apr 2025 23:11:19 INFO  epoch 35 evaluating [time: 60.78s, valid_score: 0.572000]
Mon 07 Apr 2025 23:11:19 INFO  valid result: 
recall@10 : 0.6128    mrr@10 : 0.572    ndcg@10 : 0.498    hit@10 : 0.891    map@10 : 0.3831    precision@10 : 0.1771    gauc : 0.9858    itemcoverage@10 : 0.1275    averagepopularity@10 : 5273.9199    giniindex@10 : 0.9769    shannonentropy@10 : 0.0087    tailpercentage@10 : 0.0
Mon 07 Apr 2025 23:11:19 INFO  Saving current: ./saved/mind/DGCF-Apr-06-2025_22-26-46.pth
Mon 07 Apr 2025 23:51:32 INFO  epoch 36 training [time: 2413.48s, train loss: 12.1033]
Mon 07 Apr 2025 23:52:33 INFO  epoch 36 evaluating [time: 60.62s, valid_score: 0.572800]
Mon 07 Apr 2025 23:52:33 INFO  valid result: 
recall@10 : 0.6149    mrr@10 : 0.5728    ndcg@10 : 0.4994    hit@10 : 0.8926    map@10 : 0.3842    precision@10 : 0.1777    gauc : 0.986    itemcoverage@10 : 0.1302    averagepopularity@10 : 5251.8871    giniindex@10 : 0.9766    shannonentropy@10 : 0.0086    tailpercentage@10 : 0.0
Mon 07 Apr 2025 23:52:33 INFO  Saving current: ./saved/mind/DGCF-Apr-06-2025_22-26-46.pth
Tue 08 Apr 2025 00:32:46 INFO  epoch 37 training [time: 2413.33s, train loss: 12.1915]
Tue 08 Apr 2025 00:33:45 INFO  epoch 37 evaluating [time: 58.91s, valid_score: 0.573800]
Tue 08 Apr 2025 00:33:45 INFO  valid result: 
recall@10 : 0.6161    mrr@10 : 0.5738    ndcg@10 : 0.5004    hit@10 : 0.893    map@10 : 0.385    precision@10 : 0.1783    gauc : 0.9861    itemcoverage@10 : 0.1302    averagepopularity@10 : 5247.3967    giniindex@10 : 0.9765    shannonentropy@10 : 0.0086    tailpercentage@10 : 0.0
Tue 08 Apr 2025 00:33:45 INFO  Saving current: ./saved/mind/DGCF-Apr-06-2025_22-26-46.pth
Tue 08 Apr 2025 01:14:02 INFO  epoch 38 training [time: 2416.83s, train loss: 11.9972]
Tue 08 Apr 2025 01:15:01 INFO  epoch 38 evaluating [time: 58.88s, valid_score: 0.573800]
Tue 08 Apr 2025 01:15:01 INFO  valid result: 
recall@10 : 0.6179    mrr@10 : 0.5738    ndcg@10 : 0.5012    hit@10 : 0.8941    map@10 : 0.3855    precision@10 : 0.1787    gauc : 0.9863    itemcoverage@10 : 0.1364    averagepopularity@10 : 5175.8351    giniindex@10 : 0.9756    shannonentropy@10 : 0.0083    tailpercentage@10 : 0.0
Tue 08 Apr 2025 01:15:01 INFO  Saving current: ./saved/mind/DGCF-Apr-06-2025_22-26-46.pth
Tue 08 Apr 2025 01:55:10 INFO  epoch 39 training [time: 2409.45s, train loss: 11.5259]
Tue 08 Apr 2025 01:56:09 INFO  epoch 39 evaluating [time: 59.04s, valid_score: 0.574800]
Tue 08 Apr 2025 01:56:09 INFO  valid result: 
recall@10 : 0.6201    mrr@10 : 0.5748    ndcg@10 : 0.5029    hit@10 : 0.8951    map@10 : 0.3871    precision@10 : 0.1796    gauc : 0.9864    itemcoverage@10 : 0.1364    averagepopularity@10 : 5185.5571    giniindex@10 : 0.9755    shannonentropy@10 : 0.0083    tailpercentage@10 : 0.0
Tue 08 Apr 2025 01:56:09 INFO  Saving current: ./saved/mind/DGCF-Apr-06-2025_22-26-46.pth
Tue 08 Apr 2025 02:36:25 INFO  epoch 40 training [time: 2415.31s, train loss: 11.4114]
Tue 08 Apr 2025 02:37:25 INFO  epoch 40 evaluating [time: 60.27s, valid_score: 0.574600]
Tue 08 Apr 2025 02:37:25 INFO  valid result: 
recall@10 : 0.6211    mrr@10 : 0.5746    ndcg@10 : 0.5034    hit@10 : 0.8959    map@10 : 0.3876    precision@10 : 0.1798    gauc : 0.9865    itemcoverage@10 : 0.1402    averagepopularity@10 : 5174.9509    giniindex@10 : 0.9752    shannonentropy@10 : 0.0081    tailpercentage@10 : 0.0
Tue 08 Apr 2025 03:17:40 INFO  epoch 41 training [time: 2415.22s, train loss: 11.1913]
Tue 08 Apr 2025 03:18:40 INFO  epoch 41 evaluating [time: 59.90s, valid_score: 0.576900]
Tue 08 Apr 2025 03:18:40 INFO  valid result: 
recall@10 : 0.623    mrr@10 : 0.5769    ndcg@10 : 0.5052    hit@10 : 0.8982    map@10 : 0.3889    precision@10 : 0.1805    gauc : 0.9867    itemcoverage@10 : 0.1407    averagepopularity@10 : 5177.8233    giniindex@10 : 0.9752    shannonentropy@10 : 0.008    tailpercentage@10 : 0.0
Tue 08 Apr 2025 03:18:40 INFO  Saving current: ./saved/mind/DGCF-Apr-06-2025_22-26-46.pth
Tue 08 Apr 2025 03:58:51 INFO  epoch 42 training [time: 2411.20s, train loss: 11.1944]
Tue 08 Apr 2025 03:59:51 INFO  epoch 42 evaluating [time: 59.66s, valid_score: 0.575900]
Tue 08 Apr 2025 03:59:51 INFO  valid result: 
recall@10 : 0.6232    mrr@10 : 0.5759    ndcg@10 : 0.5047    hit@10 : 0.8981    map@10 : 0.3883    precision@10 : 0.1805    gauc : 0.9868    itemcoverage@10 : 0.1447    averagepopularity@10 : 5132.6059    giniindex@10 : 0.9745    shannonentropy@10 : 0.0078    tailpercentage@10 : 0.0
Tue 08 Apr 2025 04:40:00 INFO  epoch 43 training [time: 2409.09s, train loss: 11.0938]
Tue 08 Apr 2025 04:41:01 INFO  epoch 43 evaluating [time: 60.73s, valid_score: 0.576100]
Tue 08 Apr 2025 04:41:01 INFO  valid result: 
recall@10 : 0.6244    mrr@10 : 0.5761    ndcg@10 : 0.5056    hit@10 : 0.8987    map@10 : 0.3889    precision@10 : 0.1811    gauc : 0.9869    itemcoverage@10 : 0.1481    averagepopularity@10 : 5121.7809    giniindex@10 : 0.9743    shannonentropy@10 : 0.0077    tailpercentage@10 : 0.0
Tue 08 Apr 2025 05:21:13 INFO  epoch 44 training [time: 2412.09s, train loss: 10.7187]
Tue 08 Apr 2025 05:22:12 INFO  epoch 44 evaluating [time: 59.45s, valid_score: 0.576400]
Tue 08 Apr 2025 05:22:12 INFO  valid result: 
recall@10 : 0.6254    mrr@10 : 0.5764    ndcg@10 : 0.506    hit@10 : 0.8986    map@10 : 0.3892    precision@10 : 0.1815    gauc : 0.987    itemcoverage@10 : 0.1497    averagepopularity@10 : 5094.8346    giniindex@10 : 0.9741    shannonentropy@10 : 0.0076    tailpercentage@10 : 0.0
Tue 08 Apr 2025 06:02:25 INFO  epoch 45 training [time: 2413.02s, train loss: 10.5493]
Tue 08 Apr 2025 06:03:25 INFO  epoch 45 evaluating [time: 59.97s, valid_score: 0.577500]
Tue 08 Apr 2025 06:03:25 INFO  valid result: 
recall@10 : 0.6264    mrr@10 : 0.5775    ndcg@10 : 0.5072    hit@10 : 0.8998    map@10 : 0.3903    precision@10 : 0.1821    gauc : 0.9871    itemcoverage@10 : 0.1531    averagepopularity@10 : 5079.9636    giniindex@10 : 0.9738    shannonentropy@10 : 0.0075    tailpercentage@10 : 0.0001
Tue 08 Apr 2025 06:03:25 INFO  Saving current: ./saved/mind/DGCF-Apr-06-2025_22-26-46.pth
Tue 08 Apr 2025 06:43:42 INFO  epoch 46 training [time: 2416.84s, train loss: 10.3435]
Tue 08 Apr 2025 06:44:43 INFO  epoch 46 evaluating [time: 61.27s, valid_score: 0.576300]
Tue 08 Apr 2025 06:44:43 INFO  valid result: 
recall@10 : 0.6271    mrr@10 : 0.5763    ndcg@10 : 0.5066    hit@10 : 0.8999    map@10 : 0.3894    precision@10 : 0.1823    gauc : 0.9872    itemcoverage@10 : 0.1542    averagepopularity@10 : 5062.0141    giniindex@10 : 0.9734    shannonentropy@10 : 0.0074    tailpercentage@10 : 0.0
Tue 08 Apr 2025 07:25:03 INFO  epoch 47 training [time: 2419.18s, train loss: 10.4734]
Tue 08 Apr 2025 07:26:02 INFO  epoch 47 evaluating [time: 59.48s, valid_score: 0.577700]
Tue 08 Apr 2025 07:26:02 INFO  valid result: 
recall@10 : 0.6291    mrr@10 : 0.5777    ndcg@10 : 0.5084    hit@10 : 0.9013    map@10 : 0.391    precision@10 : 0.183    gauc : 0.9873    itemcoverage@10 : 0.1579    averagepopularity@10 : 5064.0886    giniindex@10 : 0.9733    shannonentropy@10 : 0.0073    tailpercentage@10 : 0.0
Tue 08 Apr 2025 07:26:02 INFO  Saving current: ./saved/mind/DGCF-Apr-06-2025_22-26-46.pth
Tue 08 Apr 2025 08:06:19 INFO  epoch 48 training [time: 2416.50s, train loss: 10.1973]
Tue 08 Apr 2025 08:07:20 INFO  epoch 48 evaluating [time: 61.65s, valid_score: 0.577700]
Tue 08 Apr 2025 08:07:20 INFO  valid result: 
recall@10 : 0.6291    mrr@10 : 0.5777    ndcg@10 : 0.5082    hit@10 : 0.9014    map@10 : 0.3908    precision@10 : 0.183    gauc : 0.9873    itemcoverage@10 : 0.1588    averagepopularity@10 : 5057.8398    giniindex@10 : 0.973    shannonentropy@10 : 0.0072    tailpercentage@10 : 0.0
Tue 08 Apr 2025 08:07:20 INFO  Saving current: ./saved/mind/DGCF-Apr-06-2025_22-26-46.pth
Tue 08 Apr 2025 08:47:44 INFO  epoch 49 training [time: 2424.00s, train loss: 9.9206]
Tue 08 Apr 2025 08:48:44 INFO  epoch 49 evaluating [time: 59.92s, valid_score: 0.577900]
Tue 08 Apr 2025 08:48:44 INFO  valid result: 
recall@10 : 0.6299    mrr@10 : 0.5779    ndcg@10 : 0.5091    hit@10 : 0.9018    map@10 : 0.3918    precision@10 : 0.1834    gauc : 0.9874    itemcoverage@10 : 0.1617    averagepopularity@10 : 5010.931    giniindex@10 : 0.9725    shannonentropy@10 : 0.0071    tailpercentage@10 : 0.0
Tue 08 Apr 2025 08:48:44 INFO  Saving current: ./saved/mind/DGCF-Apr-06-2025_22-26-46.pth
Tue 08 Apr 2025 08:48:44 INFO  Loading model structure and parameters from ./saved/mind/DGCF-Apr-06-2025_22-26-46.pth
