Sat 05 Apr 2025 19:52:27 INFO  
General Hyper Parameters:
gpu_id = 0
use_gpu = True
seed = 2020
state = INFO
reproducibility = True
data_path = dataset/movielens
checkpoint_dir = ./saved/movielens/
show_progress = True
save_dataset = True
dataset_save_path = None
save_dataloaders = True
dataloaders_save_path = None
log_wandb = False

Training Hyper Parameters:
epochs = 50
train_batch_size = 2048
learner = adam
learning_rate = 0.001
train_neg_sample_args = {'distribution': 'uniform', 'sample_num': 1, 'alpha': 1.0, 'dynamic': False, 'candidate_num': 0}
eval_step = 1
stopping_step = 50
clip_grad_norm = None
weight_decay = 0.0
loss_decimal_place = 4

Evaluation Hyper Parameters:
eval_args = {'split': {'RS': [0.8, 0.1, 0.1]}, 'group_by': 'user', 'order': 'RO', 'mode': 'full'}
repeatable = False
metrics = ['Recall', 'MRR', 'NDCG', 'Hit', 'MAP', 'Precision', 'GAUC', 'ItemCoverage', 'AveragePopularity', 'GiniIndex', 'ShannonEntropy', 'TailPercentage']
topk = [10]
valid_metric = MRR@10
valid_metric_bigger = True
eval_batch_size = 4096
metric_decimal_place = 4

Dataset Hyper Parameters:
field_separator = 	
seq_separator =  
USER_ID_FIELD = user_id
ITEM_ID_FIELD = item_id
RATING_FIELD = rating
TIME_FIELD = timestamp
seq_len = None
LABEL_FIELD = label
threshold = None
NEG_PREFIX = neg_
load_col = {'inter': ['user_id', 'item_id']}
unload_col = None
unused_col = None
additional_feat_suffix = None
rm_dup_inter = None
val_interval = None
filter_inter_by_user_or_item = True
user_inter_num_interval = [0,inf)
item_inter_num_interval = [0,inf)
alias_of_user_id = None
alias_of_item_id = None
alias_of_entity_id = None
alias_of_relation_id = None
preload_weight = None
normalize_field = None
normalize_all = None
ITEM_LIST_LENGTH_FIELD = item_length
LIST_SUFFIX = _list
MAX_ITEM_LIST_LENGTH = 50
POSITION_FIELD = position_id
HEAD_ENTITY_ID_FIELD = head_id
TAIL_ENTITY_ID_FIELD = tail_id
RELATION_ID_FIELD = relation_id
ENTITY_ID_FIELD = entity_id
benchmark_filename = None

Other Hyper Parameters: 
worker = 0
wandb_project = recbole
shuffle = True
require_pow = False
enable_amp = False
enable_scaler = False
transform = None
type = ED
n_layers = 3
ssl_tau = 0.5
reg_weight = 1e-05
ssl_weight = 0.05
drop_ratio = 0.1
embedding_size = 64
numerical_features = []
discretization = None
kg_reverse_r = False
entity_kg_num_interval = [0,inf)
relation_kg_num_interval = [0,inf)
MODEL_TYPE = ModelType.GENERAL
MODEL_INPUT_TYPE = InputType.PAIRWISE
eval_type = EvaluatorType.RANKING
single_spec = True
local_rank = 0
device = cuda
eval_neg_sample_args = {'distribution': 'uniform', 'sample_num': 'none'}


Sat 05 Apr 2025 19:52:27 INFO  Load filtered dataset from: [./saved/movielens/movielens-Dataset.pth]
Sat 05 Apr 2025 19:52:27 INFO  movielens
The number of users: 6037
Average actions of users: 125.48889993373095
The number of items: 3193
Average actions of items: 237.296679197995
The number of inters: 757451
The sparsity of the dataset: 96.07052573437805%
Remain Fields: ['user_id', 'item_id']
Sat 05 Apr 2025 19:52:28 INFO  Saving split dataloaders into: [./saved/movielens/movielens-for-SGL-dataloader.pth]
Sat 05 Apr 2025 19:52:32 INFO  [Training]: train_batch_size = [2048] train_neg_sample_args: [{'distribution': 'uniform', 'sample_num': 1, 'alpha': 1.0, 'dynamic': False, 'candidate_num': 0}]
Sat 05 Apr 2025 19:52:32 INFO  [Evaluation]: eval_batch_size = [4096] eval_args: [{'split': {'RS': [0.8, 0.1, 0.1]}, 'group_by': 'user', 'order': 'RO', 'mode': 'full'}]
Sat 05 Apr 2025 19:52:32 INFO  SGL(
  (user_embedding): Embedding(6037, 64)
  (item_embedding): Embedding(3193, 64)
  (reg_loss): EmbLoss()
)
Trainable parameters: 590720
Sat 05 Apr 2025 19:54:00 INFO  epoch 0 training [time: 82.76s, train loss: 813797.9587]
Sat 05 Apr 2025 19:54:13 INFO  epoch 0 evaluating [time: 13.26s, valid_score: 0.051600]
Sat 05 Apr 2025 19:54:13 INFO  valid result: 
recall@10 : 0.0396    mrr@10 : 0.0516    ndcg@10 : 0.0299    hit@10 : 0.1448    map@10 : 0.0148    precision@10 : 0.0156    gauc : 0.4658    itemcoverage@10 : 0.756    averagepopularity@10 : 894.6829    giniindex@10 : 0.7868    shannonentropy@10 : 0.0025    tailpercentage@10 : 0.016
Sat 05 Apr 2025 19:54:13 INFO  Saving current: ./saved/movielens/SGL-Apr-05-2025_19-52-32.pth
Sat 05 Apr 2025 19:55:36 INFO  epoch 1 training [time: 82.94s, train loss: 813166.5161]
Sat 05 Apr 2025 19:55:50 INFO  epoch 1 evaluating [time: 14.28s, valid_score: 0.050600]
Sat 05 Apr 2025 19:55:50 INFO  valid result: 
recall@10 : 0.0312    mrr@10 : 0.0506    ndcg@10 : 0.0265    hit@10 : 0.1426    map@10 : 0.0122    precision@10 : 0.0161    gauc : 0.5287    itemcoverage@10 : 0.6849    averagepopularity@10 : 707.3096    giniindex@10 : 0.837    shannonentropy@10 : 0.0027    tailpercentage@10 : 0.1878
Sat 05 Apr 2025 19:57:13 INFO  epoch 2 training [time: 82.94s, train loss: 813058.9191]
Sat 05 Apr 2025 19:57:26 INFO  epoch 2 evaluating [time: 13.52s, valid_score: 0.056800]
Sat 05 Apr 2025 19:57:26 INFO  valid result: 
recall@10 : 0.0256    mrr@10 : 0.0568    ndcg@10 : 0.0261    hit@10 : 0.1622    map@10 : 0.0107    precision@10 : 0.019    gauc : 0.5965    itemcoverage@10 : 0.6558    averagepopularity@10 : 501.6485    giniindex@10 : 0.8562    shannonentropy@10 : 0.0027    tailpercentage@10 : 0.3474
Sat 05 Apr 2025 19:57:26 INFO  Saving current: ./saved/movielens/SGL-Apr-05-2025_19-52-32.pth
Sat 05 Apr 2025 19:58:49 INFO  epoch 3 training [time: 82.88s, train loss: 812931.5259]
Sat 05 Apr 2025 19:59:03 INFO  epoch 3 evaluating [time: 13.44s, valid_score: 0.072200]
Sat 05 Apr 2025 19:59:03 INFO  valid result: 
recall@10 : 0.0198    mrr@10 : 0.0722    ndcg@10 : 0.0285    hit@10 : 0.1867    map@10 : 0.011    precision@10 : 0.0234    gauc : 0.6516    itemcoverage@10 : 0.6104    averagepopularity@10 : 377.949    giniindex@10 : 0.8804    shannonentropy@10 : 0.0027    tailpercentage@10 : 0.4584
Sat 05 Apr 2025 19:59:03 INFO  Saving current: ./saved/movielens/SGL-Apr-05-2025_19-52-32.pth
Sat 05 Apr 2025 20:00:26 INFO  epoch 4 training [time: 83.00s, train loss: 812710.4907]
Sat 05 Apr 2025 20:00:40 INFO  epoch 4 evaluating [time: 14.50s, valid_score: 0.088600]
Sat 05 Apr 2025 20:00:40 INFO  valid result: 
recall@10 : 0.0198    mrr@10 : 0.0886    ndcg@10 : 0.0354    hit@10 : 0.228    map@10 : 0.0133    precision@10 : 0.0322    gauc : 0.6948    itemcoverage@10 : 0.5164    averagepopularity@10 : 312.6921    giniindex@10 : 0.9123    shannonentropy@10 : 0.0031    tailpercentage@10 : 0.5339
Sat 05 Apr 2025 20:00:40 INFO  Saving current: ./saved/movielens/SGL-Apr-05-2025_19-52-32.pth
Sat 05 Apr 2025 20:02:03 INFO  epoch 5 training [time: 82.90s, train loss: 812058.5706]
Sat 05 Apr 2025 20:02:17 INFO  epoch 5 evaluating [time: 13.46s, valid_score: 0.111200]
Sat 05 Apr 2025 20:02:17 INFO  valid result: 
recall@10 : 0.0251    mrr@10 : 0.1112    ndcg@10 : 0.0463    hit@10 : 0.2763    map@10 : 0.018    precision@10 : 0.0429    gauc : 0.738    itemcoverage@10 : 0.414    averagepopularity@10 : 317.7234    giniindex@10 : 0.9336    shannonentropy@10 : 0.0038    tailpercentage@10 : 0.5344
Sat 05 Apr 2025 20:02:17 INFO  Saving current: ./saved/movielens/SGL-Apr-05-2025_19-52-32.pth
Sat 05 Apr 2025 20:03:39 INFO  epoch 6 training [time: 82.76s, train loss: 809187.8801]
Sat 05 Apr 2025 20:03:53 INFO  epoch 6 evaluating [time: 13.47s, valid_score: 0.144000]
Sat 05 Apr 2025 20:03:53 INFO  valid result: 
recall@10 : 0.0404    mrr@10 : 0.144    ndcg@10 : 0.0645    hit@10 : 0.3569    map@10 : 0.026    precision@10 : 0.0586    gauc : 0.8014    itemcoverage@10 : 0.3301    averagepopularity@10 : 412.8059    giniindex@10 : 0.9396    shannonentropy@10 : 0.0049    tailpercentage@10 : 0.4042
Sat 05 Apr 2025 20:03:53 INFO  Saving current: ./saved/movielens/SGL-Apr-05-2025_19-52-32.pth
Sat 05 Apr 2025 20:05:16 INFO  epoch 7 training [time: 82.91s, train loss: 772043.6183]
Sat 05 Apr 2025 20:05:30 INFO  epoch 7 evaluating [time: 14.18s, valid_score: 0.209800]
Sat 05 Apr 2025 20:05:30 INFO  valid result: 
recall@10 : 0.0946    mrr@10 : 0.2098    ndcg@10 : 0.1071    hit@10 : 0.5068    map@10 : 0.0492    precision@10 : 0.0798    gauc : 0.8571    itemcoverage@10 : 0.2953    averagepopularity@10 : 1084.0441    giniindex@10 : 0.9567    shannonentropy@10 : 0.0054    tailpercentage@10 : 0.0825
Sat 05 Apr 2025 20:05:30 INFO  Saving current: ./saved/movielens/SGL-Apr-05-2025_19-52-32.pth
Sat 05 Apr 2025 20:06:53 INFO  epoch 8 training [time: 82.93s, train loss: 665007.7490]
Sat 05 Apr 2025 20:07:08 INFO  epoch 8 evaluating [time: 15.44s, valid_score: 0.228100]
Sat 05 Apr 2025 20:07:08 INFO  valid result: 
recall@10 : 0.1086    mrr@10 : 0.2281    ndcg@10 : 0.1193    hit@10 : 0.5364    map@10 : 0.0561    precision@10 : 0.0866    gauc : 0.8732    itemcoverage@10 : 0.3022    averagepopularity@10 : 1140.0912    giniindex@10 : 0.9531    shannonentropy@10 : 0.0054    tailpercentage@10 : 0.0366
Sat 05 Apr 2025 20:07:08 INFO  Saving current: ./saved/movielens/SGL-Apr-05-2025_19-52-32.pth
Sat 05 Apr 2025 20:08:31 INFO  epoch 9 training [time: 82.82s, train loss: 623051.6383]
Sat 05 Apr 2025 20:08:46 INFO  epoch 9 evaluating [time: 14.80s, valid_score: 0.229500]
Sat 05 Apr 2025 20:08:46 INFO  valid result: 
recall@10 : 0.1157    mrr@10 : 0.2295    ndcg@10 : 0.1231    hit@10 : 0.549    map@10 : 0.058    precision@10 : 0.0893    gauc : 0.8807    itemcoverage@10 : 0.3097    averagepopularity@10 : 1120.7281    giniindex@10 : 0.9493    shannonentropy@10 : 0.0054    tailpercentage@10 : 0.0213
Sat 05 Apr 2025 20:08:46 INFO  Saving current: ./saved/movielens/SGL-Apr-05-2025_19-52-32.pth
Sat 05 Apr 2025 20:10:09 INFO  epoch 10 training [time: 82.89s, train loss: 604284.8982]
Sat 05 Apr 2025 20:10:22 INFO  epoch 10 evaluating [time: 13.43s, valid_score: 0.229900]
Sat 05 Apr 2025 20:10:22 INFO  valid result: 
recall@10 : 0.1188    mrr@10 : 0.2299    ndcg@10 : 0.1246    hit@10 : 0.555    map@10 : 0.0589    precision@10 : 0.0899    gauc : 0.8843    itemcoverage@10 : 0.3238    averagepopularity@10 : 1106.5245    giniindex@10 : 0.9458    shannonentropy@10 : 0.0052    tailpercentage@10 : 0.015
Sat 05 Apr 2025 20:10:22 INFO  Saving current: ./saved/movielens/SGL-Apr-05-2025_19-52-32.pth
Sat 05 Apr 2025 20:11:45 INFO  epoch 11 training [time: 82.88s, train loss: 592210.2942]
Sat 05 Apr 2025 20:12:03 INFO  epoch 11 evaluating [time: 17.99s, valid_score: 0.230100]
Sat 05 Apr 2025 20:12:03 INFO  valid result: 
recall@10 : 0.1216    mrr@10 : 0.2301    ndcg@10 : 0.1264    hit@10 : 0.5605    map@10 : 0.0598    precision@10 : 0.0917    gauc : 0.8867    itemcoverage@10 : 0.3169    averagepopularity@10 : 1103.5897    giniindex@10 : 0.9442    shannonentropy@10 : 0.0053    tailpercentage@10 : 0.0111
Sat 05 Apr 2025 20:12:03 INFO  Saving current: ./saved/movielens/SGL-Apr-05-2025_19-52-32.pth
Sat 05 Apr 2025 20:13:26 INFO  epoch 12 training [time: 82.96s, train loss: 583731.3770]
Sat 05 Apr 2025 20:13:39 INFO  epoch 12 evaluating [time: 13.13s, valid_score: 0.232200]
Sat 05 Apr 2025 20:13:39 INFO  valid result: 
recall@10 : 0.1234    mrr@10 : 0.2322    ndcg@10 : 0.1278    hit@10 : 0.5641    map@10 : 0.0605    precision@10 : 0.0926    gauc : 0.8885    itemcoverage@10 : 0.322    averagepopularity@10 : 1097.4652    giniindex@10 : 0.9416    shannonentropy@10 : 0.0053    tailpercentage@10 : 0.0101
Sat 05 Apr 2025 20:13:39 INFO  Saving current: ./saved/movielens/SGL-Apr-05-2025_19-52-32.pth
Sat 05 Apr 2025 20:15:02 INFO  epoch 13 training [time: 82.93s, train loss: 577537.8823]
Sat 05 Apr 2025 20:15:16 INFO  epoch 13 evaluating [time: 13.48s, valid_score: 0.232800]
Sat 05 Apr 2025 20:15:16 INFO  valid result: 
recall@10 : 0.1248    mrr@10 : 0.2328    ndcg@10 : 0.1289    hit@10 : 0.5678    map@10 : 0.0611    precision@10 : 0.0933    gauc : 0.8901    itemcoverage@10 : 0.3232    averagepopularity@10 : 1090.6059    giniindex@10 : 0.9393    shannonentropy@10 : 0.0053    tailpercentage@10 : 0.0089
Sat 05 Apr 2025 20:15:16 INFO  Saving current: ./saved/movielens/SGL-Apr-05-2025_19-52-32.pth
Sat 05 Apr 2025 20:16:39 INFO  epoch 14 training [time: 83.07s, train loss: 572248.8142]
Sat 05 Apr 2025 20:16:53 INFO  epoch 14 evaluating [time: 13.68s, valid_score: 0.235500]
Sat 05 Apr 2025 20:16:53 INFO  valid result: 
recall@10 : 0.1249    mrr@10 : 0.2355    ndcg@10 : 0.1296    hit@10 : 0.5737    map@10 : 0.0616    precision@10 : 0.0935    gauc : 0.8914    itemcoverage@10 : 0.3238    averagepopularity@10 : 1081.6378    giniindex@10 : 0.937    shannonentropy@10 : 0.0053    tailpercentage@10 : 0.0071
Sat 05 Apr 2025 20:16:53 INFO  Saving current: ./saved/movielens/SGL-Apr-05-2025_19-52-32.pth
Sat 05 Apr 2025 20:18:16 INFO  epoch 15 training [time: 82.98s, train loss: 568078.5425]
Sat 05 Apr 2025 20:18:29 INFO  epoch 15 evaluating [time: 13.71s, valid_score: 0.236900]
Sat 05 Apr 2025 20:18:29 INFO  valid result: 
recall@10 : 0.126    mrr@10 : 0.2369    ndcg@10 : 0.1304    hit@10 : 0.5744    map@10 : 0.0621    precision@10 : 0.0933    gauc : 0.8925    itemcoverage@10 : 0.3288    averagepopularity@10 : 1074.6047    giniindex@10 : 0.9347    shannonentropy@10 : 0.0053    tailpercentage@10 : 0.007
Sat 05 Apr 2025 20:18:29 INFO  Saving current: ./saved/movielens/SGL-Apr-05-2025_19-52-32.pth
Sat 05 Apr 2025 20:19:52 INFO  epoch 16 training [time: 82.92s, train loss: 563749.8691]
Sat 05 Apr 2025 20:20:06 INFO  epoch 16 evaluating [time: 14.08s, valid_score: 0.238400]
Sat 05 Apr 2025 20:20:06 INFO  valid result: 
recall@10 : 0.1267    mrr@10 : 0.2384    ndcg@10 : 0.1311    hit@10 : 0.5769    map@10 : 0.0625    precision@10 : 0.0938    gauc : 0.8936    itemcoverage@10 : 0.3326    averagepopularity@10 : 1068.7516    giniindex@10 : 0.933    shannonentropy@10 : 0.0053    tailpercentage@10 : 0.0058
Sat 05 Apr 2025 20:20:06 INFO  Saving current: ./saved/movielens/SGL-Apr-05-2025_19-52-32.pth
Sat 05 Apr 2025 20:21:29 INFO  epoch 17 training [time: 82.85s, train loss: 560818.0115]
Sat 05 Apr 2025 20:21:44 INFO  epoch 17 evaluating [time: 15.26s, valid_score: 0.237800]
Sat 05 Apr 2025 20:21:44 INFO  valid result: 
recall@10 : 0.1272    mrr@10 : 0.2378    ndcg@10 : 0.1312    hit@10 : 0.5777    map@10 : 0.0628    precision@10 : 0.0937    gauc : 0.8944    itemcoverage@10 : 0.3345    averagepopularity@10 : 1057.284    giniindex@10 : 0.9307    shannonentropy@10 : 0.0053    tailpercentage@10 : 0.0047
Sat 05 Apr 2025 20:23:07 INFO  epoch 18 training [time: 83.03s, train loss: 557311.2001]
Sat 05 Apr 2025 20:23:22 INFO  epoch 18 evaluating [time: 14.86s, valid_score: 0.239700]
Sat 05 Apr 2025 20:23:22 INFO  valid result: 
recall@10 : 0.1282    mrr@10 : 0.2397    ndcg@10 : 0.1322    hit@10 : 0.5799    map@10 : 0.0634    precision@10 : 0.094    gauc : 0.8952    itemcoverage@10 : 0.3357    averagepopularity@10 : 1053.5327    giniindex@10 : 0.9296    shannonentropy@10 : 0.0053    tailpercentage@10 : 0.0048
Sat 05 Apr 2025 20:23:22 INFO  Saving current: ./saved/movielens/SGL-Apr-05-2025_19-52-32.pth
Sat 05 Apr 2025 20:24:45 INFO  epoch 19 training [time: 82.91s, train loss: 555519.5212]
Sat 05 Apr 2025 20:24:59 INFO  epoch 19 evaluating [time: 13.59s, valid_score: 0.240400]
Sat 05 Apr 2025 20:24:59 INFO  valid result: 
recall@10 : 0.1289    mrr@10 : 0.2404    ndcg@10 : 0.1327    hit@10 : 0.581    map@10 : 0.0637    precision@10 : 0.0942    gauc : 0.8959    itemcoverage@10 : 0.3401    averagepopularity@10 : 1044.2514    giniindex@10 : 0.9274    shannonentropy@10 : 0.0052    tailpercentage@10 : 0.004
Sat 05 Apr 2025 20:24:59 INFO  Saving current: ./saved/movielens/SGL-Apr-05-2025_19-52-32.pth
Sat 05 Apr 2025 20:26:22 INFO  epoch 20 training [time: 83.05s, train loss: 552731.4537]
Sat 05 Apr 2025 20:26:36 INFO  epoch 20 evaluating [time: 14.52s, valid_score: 0.240600]
Sat 05 Apr 2025 20:26:36 INFO  valid result: 
recall@10 : 0.1294    mrr@10 : 0.2406    ndcg@10 : 0.133    hit@10 : 0.5825    map@10 : 0.0639    precision@10 : 0.0944    gauc : 0.8965    itemcoverage@10 : 0.3417    averagepopularity@10 : 1037.3854    giniindex@10 : 0.9257    shannonentropy@10 : 0.0052    tailpercentage@10 : 0.0032
Sat 05 Apr 2025 20:26:36 INFO  Saving current: ./saved/movielens/SGL-Apr-05-2025_19-52-32.pth
Sat 05 Apr 2025 20:28:00 INFO  epoch 21 training [time: 83.15s, train loss: 550734.0623]
Sat 05 Apr 2025 20:28:13 INFO  epoch 21 evaluating [time: 13.69s, valid_score: 0.240200]
Sat 05 Apr 2025 20:28:13 INFO  valid result: 
recall@10 : 0.1297    mrr@10 : 0.2402    ndcg@10 : 0.1332    hit@10 : 0.5852    map@10 : 0.0639    precision@10 : 0.0949    gauc : 0.8971    itemcoverage@10 : 0.3451    averagepopularity@10 : 1032.4618    giniindex@10 : 0.9244    shannonentropy@10 : 0.0052    tailpercentage@10 : 0.0035
Sat 05 Apr 2025 20:29:36 INFO  epoch 22 training [time: 83.03s, train loss: 548175.0303]
Sat 05 Apr 2025 20:29:50 INFO  epoch 22 evaluating [time: 13.32s, valid_score: 0.239800]
Sat 05 Apr 2025 20:29:50 INFO  valid result: 
recall@10 : 0.1299    mrr@10 : 0.2398    ndcg@10 : 0.1331    hit@10 : 0.5858    map@10 : 0.0638    precision@10 : 0.0949    gauc : 0.8977    itemcoverage@10 : 0.3429    averagepopularity@10 : 1029.1307    giniindex@10 : 0.9234    shannonentropy@10 : 0.0052    tailpercentage@10 : 0.0021
Sat 05 Apr 2025 20:31:13 INFO  epoch 23 training [time: 83.03s, train loss: 546275.9748]
Sat 05 Apr 2025 20:31:27 INFO  epoch 23 evaluating [time: 14.11s, valid_score: 0.240000]
Sat 05 Apr 2025 20:31:27 INFO  valid result: 
recall@10 : 0.1298    mrr@10 : 0.24    ndcg@10 : 0.1334    hit@10 : 0.587    map@10 : 0.064    precision@10 : 0.095    gauc : 0.8981    itemcoverage@10 : 0.3442    averagepopularity@10 : 1020.0958    giniindex@10 : 0.9216    shannonentropy@10 : 0.0052    tailpercentage@10 : 0.0018
Sat 05 Apr 2025 20:32:50 INFO  epoch 24 training [time: 83.06s, train loss: 544927.7559]
Sat 05 Apr 2025 20:33:05 INFO  epoch 24 evaluating [time: 15.26s, valid_score: 0.240200]
Sat 05 Apr 2025 20:33:05 INFO  valid result: 
recall@10 : 0.1303    mrr@10 : 0.2402    ndcg@10 : 0.1336    hit@10 : 0.5883    map@10 : 0.0642    precision@10 : 0.0949    gauc : 0.8985    itemcoverage@10 : 0.3473    averagepopularity@10 : 1016.8165    giniindex@10 : 0.9205    shannonentropy@10 : 0.0052    tailpercentage@10 : 0.0019
Sat 05 Apr 2025 20:34:28 INFO  epoch 25 training [time: 83.02s, train loss: 543036.2155]
Sat 05 Apr 2025 20:34:42 INFO  epoch 25 evaluating [time: 13.39s, valid_score: 0.240700]
Sat 05 Apr 2025 20:34:42 INFO  valid result: 
recall@10 : 0.1311    mrr@10 : 0.2407    ndcg@10 : 0.1338    hit@10 : 0.589    map@10 : 0.0642    precision@10 : 0.095    gauc : 0.899    itemcoverage@10 : 0.3536    averagepopularity@10 : 1013.4685    giniindex@10 : 0.9193    shannonentropy@10 : 0.0051    tailpercentage@10 : 0.0018
Sat 05 Apr 2025 20:34:42 INFO  Saving current: ./saved/movielens/SGL-Apr-05-2025_19-52-32.pth
Sat 05 Apr 2025 20:36:05 INFO  epoch 26 training [time: 83.04s, train loss: 540899.0333]
Sat 05 Apr 2025 20:36:19 INFO  epoch 26 evaluating [time: 13.99s, valid_score: 0.243100]
Sat 05 Apr 2025 20:36:19 INFO  valid result: 
recall@10 : 0.1321    mrr@10 : 0.2431    ndcg@10 : 0.135    hit@10 : 0.5938    map@10 : 0.0649    precision@10 : 0.0958    gauc : 0.8993    itemcoverage@10 : 0.3461    averagepopularity@10 : 1009.764    giniindex@10 : 0.9186    shannonentropy@10 : 0.0052    tailpercentage@10 : 0.0013
Sat 05 Apr 2025 20:36:19 INFO  Saving current: ./saved/movielens/SGL-Apr-05-2025_19-52-32.pth
Sat 05 Apr 2025 20:37:42 INFO  epoch 27 training [time: 83.03s, train loss: 539786.6586]
Sat 05 Apr 2025 20:37:55 INFO  epoch 27 evaluating [time: 13.51s, valid_score: 0.243800]
Sat 05 Apr 2025 20:37:55 INFO  valid result: 
recall@10 : 0.1328    mrr@10 : 0.2438    ndcg@10 : 0.1355    hit@10 : 0.5936    map@10 : 0.065    precision@10 : 0.0962    gauc : 0.8997    itemcoverage@10 : 0.352    averagepopularity@10 : 1007.6289    giniindex@10 : 0.9176    shannonentropy@10 : 0.0052    tailpercentage@10 : 0.001
Sat 05 Apr 2025 20:37:55 INFO  Saving current: ./saved/movielens/SGL-Apr-05-2025_19-52-32.pth
Sat 05 Apr 2025 20:39:18 INFO  epoch 28 training [time: 82.96s, train loss: 537984.9581]
Sat 05 Apr 2025 20:39:31 INFO  epoch 28 evaluating [time: 13.38s, valid_score: 0.244500]
Sat 05 Apr 2025 20:39:31 INFO  valid result: 
recall@10 : 0.1331    mrr@10 : 0.2445    ndcg@10 : 0.1356    hit@10 : 0.5926    map@10 : 0.0652    precision@10 : 0.0957    gauc : 0.8999    itemcoverage@10 : 0.352    averagepopularity@10 : 1002.4097    giniindex@10 : 0.9164    shannonentropy@10 : 0.0052    tailpercentage@10 : 0.0011
Sat 05 Apr 2025 20:39:31 INFO  Saving current: ./saved/movielens/SGL-Apr-05-2025_19-52-32.pth
Sat 05 Apr 2025 20:40:54 INFO  epoch 29 training [time: 82.98s, train loss: 536179.3488]
Sat 05 Apr 2025 20:41:08 INFO  epoch 29 evaluating [time: 13.39s, valid_score: 0.244300]
Sat 05 Apr 2025 20:41:08 INFO  valid result: 
recall@10 : 0.1331    mrr@10 : 0.2443    ndcg@10 : 0.1355    hit@10 : 0.5944    map@10 : 0.0651    precision@10 : 0.0957    gauc : 0.9002    itemcoverage@10 : 0.3533    averagepopularity@10 : 997.6149    giniindex@10 : 0.9152    shannonentropy@10 : 0.0052    tailpercentage@10 : 0.0009
Sat 05 Apr 2025 20:42:31 INFO  epoch 30 training [time: 83.08s, train loss: 535534.5350]
Sat 05 Apr 2025 20:42:45 INFO  epoch 30 evaluating [time: 14.29s, valid_score: 0.244300]
Sat 05 Apr 2025 20:42:45 INFO  valid result: 
recall@10 : 0.1336    mrr@10 : 0.2443    ndcg@10 : 0.1357    hit@10 : 0.5943    map@10 : 0.065    precision@10 : 0.0961    gauc : 0.9004    itemcoverage@10 : 0.3555    averagepopularity@10 : 993.6609    giniindex@10 : 0.9143    shannonentropy@10 : 0.0051    tailpercentage@10 : 0.0011
Sat 05 Apr 2025 20:44:08 INFO  epoch 31 training [time: 82.99s, train loss: 534235.5432]
Sat 05 Apr 2025 20:44:22 INFO  epoch 31 evaluating [time: 13.58s, valid_score: 0.244200]
Sat 05 Apr 2025 20:44:22 INFO  valid result: 
recall@10 : 0.1341    mrr@10 : 0.2442    ndcg@10 : 0.1357    hit@10 : 0.5949    map@10 : 0.065    precision@10 : 0.0961    gauc : 0.9006    itemcoverage@10 : 0.3598    averagepopularity@10 : 990.3843    giniindex@10 : 0.9132    shannonentropy@10 : 0.0051    tailpercentage@10 : 0.0011
Sat 05 Apr 2025 20:45:45 INFO  epoch 32 training [time: 82.86s, train loss: 532293.2363]
Sat 05 Apr 2025 20:45:58 INFO  epoch 32 evaluating [time: 13.24s, valid_score: 0.245300]
Sat 05 Apr 2025 20:45:58 INFO  valid result: 
recall@10 : 0.1339    mrr@10 : 0.2453    ndcg@10 : 0.1359    hit@10 : 0.5949    map@10 : 0.0652    precision@10 : 0.096    gauc : 0.9007    itemcoverage@10 : 0.3671    averagepopularity@10 : 983.5577    giniindex@10 : 0.9114    shannonentropy@10 : 0.005    tailpercentage@10 : 0.0014
Sat 05 Apr 2025 20:45:58 INFO  Saving current: ./saved/movielens/SGL-Apr-05-2025_19-52-32.pth
Sat 05 Apr 2025 20:47:21 INFO  epoch 33 training [time: 83.00s, train loss: 531634.0714]
Sat 05 Apr 2025 20:47:35 INFO  epoch 33 evaluating [time: 14.09s, valid_score: 0.245500]
Sat 05 Apr 2025 20:47:35 INFO  valid result: 
recall@10 : 0.1346    mrr@10 : 0.2455    ndcg@10 : 0.1365    hit@10 : 0.5979    map@10 : 0.0656    precision@10 : 0.0963    gauc : 0.901    itemcoverage@10 : 0.3689    averagepopularity@10 : 983.3918    giniindex@10 : 0.911    shannonentropy@10 : 0.005    tailpercentage@10 : 0.0011
Sat 05 Apr 2025 20:47:35 INFO  Saving current: ./saved/movielens/SGL-Apr-05-2025_19-52-32.pth
Sat 05 Apr 2025 20:48:58 INFO  epoch 34 training [time: 83.09s, train loss: 530231.3999]
Sat 05 Apr 2025 20:49:12 INFO  epoch 34 evaluating [time: 13.43s, valid_score: 0.247600]
Sat 05 Apr 2025 20:49:12 INFO  valid result: 
recall@10 : 0.134    mrr@10 : 0.2476    ndcg@10 : 0.1367    hit@10 : 0.5969    map@10 : 0.066    precision@10 : 0.096    gauc : 0.9011    itemcoverage@10 : 0.373    averagepopularity@10 : 975.4768    giniindex@10 : 0.9091    shannonentropy@10 : 0.005    tailpercentage@10 : 0.0013
Sat 05 Apr 2025 20:49:12 INFO  Saving current: ./saved/movielens/SGL-Apr-05-2025_19-52-32.pth
Sat 05 Apr 2025 20:50:35 INFO  epoch 35 training [time: 83.03s, train loss: 528579.4859]
Sat 05 Apr 2025 20:50:48 INFO  epoch 35 evaluating [time: 13.36s, valid_score: 0.246500]
Sat 05 Apr 2025 20:50:48 INFO  valid result: 
recall@10 : 0.1337    mrr@10 : 0.2465    ndcg@10 : 0.1361    hit@10 : 0.5958    map@10 : 0.0656    precision@10 : 0.0955    gauc : 0.9014    itemcoverage@10 : 0.3749    averagepopularity@10 : 976.3998    giniindex@10 : 0.909    shannonentropy@10 : 0.0049    tailpercentage@10 : 0.001
Sat 05 Apr 2025 20:52:11 INFO  epoch 36 training [time: 82.91s, train loss: 527938.3168]
Sat 05 Apr 2025 20:52:25 INFO  epoch 36 evaluating [time: 13.68s, valid_score: 0.245600]
Sat 05 Apr 2025 20:52:25 INFO  valid result: 
recall@10 : 0.1339    mrr@10 : 0.2456    ndcg@10 : 0.1361    hit@10 : 0.5963    map@10 : 0.0657    precision@10 : 0.0956    gauc : 0.9015    itemcoverage@10 : 0.378    averagepopularity@10 : 973.4367    giniindex@10 : 0.908    shannonentropy@10 : 0.0049    tailpercentage@10 : 0.001
Sat 05 Apr 2025 20:53:48 INFO  epoch 37 training [time: 83.06s, train loss: 526680.7513]
Sat 05 Apr 2025 20:54:02 INFO  epoch 37 evaluating [time: 14.19s, valid_score: 0.247700]
Sat 05 Apr 2025 20:54:02 INFO  valid result: 
recall@10 : 0.1339    mrr@10 : 0.2477    ndcg@10 : 0.1365    hit@10 : 0.5959    map@10 : 0.0659    precision@10 : 0.0955    gauc : 0.9016    itemcoverage@10 : 0.379    averagepopularity@10 : 968.7214    giniindex@10 : 0.9067    shannonentropy@10 : 0.0049    tailpercentage@10 : 0.0007
Sat 05 Apr 2025 20:54:02 INFO  Saving current: ./saved/movielens/SGL-Apr-05-2025_19-52-32.pth
Sat 05 Apr 2025 20:55:25 INFO  epoch 38 training [time: 82.90s, train loss: 525106.3741]
Sat 05 Apr 2025 20:55:38 INFO  epoch 38 evaluating [time: 13.37s, valid_score: 0.248500]
Sat 05 Apr 2025 20:55:38 INFO  valid result: 
recall@10 : 0.134    mrr@10 : 0.2485    ndcg@10 : 0.1371    hit@10 : 0.5959    map@10 : 0.0664    precision@10 : 0.0961    gauc : 0.9018    itemcoverage@10 : 0.3799    averagepopularity@10 : 966.5055    giniindex@10 : 0.906    shannonentropy@10 : 0.0049    tailpercentage@10 : 0.0006
Sat 05 Apr 2025 20:55:38 INFO  Saving current: ./saved/movielens/SGL-Apr-05-2025_19-52-32.pth
Sat 05 Apr 2025 20:57:01 INFO  epoch 39 training [time: 83.02s, train loss: 524865.7037]
Sat 05 Apr 2025 20:57:15 INFO  epoch 39 evaluating [time: 13.84s, valid_score: 0.246800]
Sat 05 Apr 2025 20:57:15 INFO  valid result: 
recall@10 : 0.1339    mrr@10 : 0.2468    ndcg@10 : 0.1366    hit@10 : 0.5981    map@10 : 0.0659    precision@10 : 0.0959    gauc : 0.9019    itemcoverage@10 : 0.3833    averagepopularity@10 : 964.3934    giniindex@10 : 0.9052    shannonentropy@10 : 0.0049    tailpercentage@10 : 0.0006
Sat 05 Apr 2025 20:58:38 INFO  epoch 40 training [time: 82.99s, train loss: 523618.7350]
Sat 05 Apr 2025 20:58:51 INFO  epoch 40 evaluating [time: 13.34s, valid_score: 0.247400]
Sat 05 Apr 2025 20:58:51 INFO  valid result: 
recall@10 : 0.1344    mrr@10 : 0.2474    ndcg@10 : 0.137    hit@10 : 0.6006    map@10 : 0.0662    precision@10 : 0.0961    gauc : 0.902    itemcoverage@10 : 0.3846    averagepopularity@10 : 960.214    giniindex@10 : 0.9039    shannonentropy@10 : 0.0049    tailpercentage@10 : 0.0004
Sat 05 Apr 2025 21:00:14 INFO  epoch 41 training [time: 82.94s, train loss: 522274.7637]
Sat 05 Apr 2025 21:00:30 INFO  epoch 41 evaluating [time: 15.49s, valid_score: 0.247600]
Sat 05 Apr 2025 21:00:30 INFO  valid result: 
recall@10 : 0.1339    mrr@10 : 0.2476    ndcg@10 : 0.1368    hit@10 : 0.5994    map@10 : 0.0662    precision@10 : 0.0958    gauc : 0.9022    itemcoverage@10 : 0.3824    averagepopularity@10 : 958.4959    giniindex@10 : 0.9034    shannonentropy@10 : 0.0049    tailpercentage@10 : 0.0004
Sat 05 Apr 2025 21:01:53 INFO  epoch 42 training [time: 82.90s, train loss: 521403.3451]
Sat 05 Apr 2025 21:02:06 INFO  epoch 42 evaluating [time: 13.80s, valid_score: 0.247700]
Sat 05 Apr 2025 21:02:06 INFO  valid result: 
recall@10 : 0.1336    mrr@10 : 0.2477    ndcg@10 : 0.1368    hit@10 : 0.5997    map@10 : 0.0662    precision@10 : 0.0959    gauc : 0.9023    itemcoverage@10 : 0.3883    averagepopularity@10 : 957.1462    giniindex@10 : 0.9025    shannonentropy@10 : 0.0048    tailpercentage@10 : 0.0006
Sat 05 Apr 2025 21:03:29 INFO  epoch 43 training [time: 82.98s, train loss: 519961.5979]
Sat 05 Apr 2025 21:03:43 INFO  epoch 43 evaluating [time: 13.58s, valid_score: 0.247700]
Sat 05 Apr 2025 21:03:43 INFO  valid result: 
recall@10 : 0.1341    mrr@10 : 0.2477    ndcg@10 : 0.1368    hit@10 : 0.6029    map@10 : 0.066    precision@10 : 0.096    gauc : 0.9024    itemcoverage@10 : 0.3915    averagepopularity@10 : 957.1278    giniindex@10 : 0.9024    shannonentropy@10 : 0.0048    tailpercentage@10 : 0.0006
Sat 05 Apr 2025 21:05:06 INFO  epoch 44 training [time: 82.99s, train loss: 519880.6674]
Sat 05 Apr 2025 21:05:20 INFO  epoch 44 evaluating [time: 13.66s, valid_score: 0.248000]
Sat 05 Apr 2025 21:05:20 INFO  valid result: 
recall@10 : 0.1341    mrr@10 : 0.248    ndcg@10 : 0.1369    hit@10 : 0.6007    map@10 : 0.0661    precision@10 : 0.0959    gauc : 0.9024    itemcoverage@10 : 0.3993    averagepopularity@10 : 951.186    giniindex@10 : 0.9006    shannonentropy@10 : 0.0047    tailpercentage@10 : 0.0006
Sat 05 Apr 2025 21:06:43 INFO  epoch 45 training [time: 82.91s, train loss: 518970.5096]
Sat 05 Apr 2025 21:06:56 INFO  epoch 45 evaluating [time: 13.78s, valid_score: 0.249300]
Sat 05 Apr 2025 21:06:56 INFO  valid result: 
recall@10 : 0.134    mrr@10 : 0.2493    ndcg@10 : 0.1373    hit@10 : 0.6016    map@10 : 0.0665    precision@10 : 0.0961    gauc : 0.9025    itemcoverage@10 : 0.3952    averagepopularity@10 : 952.5    giniindex@10 : 0.9008    shannonentropy@10 : 0.0047    tailpercentage@10 : 0.0003
Sat 05 Apr 2025 21:06:56 INFO  Saving current: ./saved/movielens/SGL-Apr-05-2025_19-52-32.pth
Sat 05 Apr 2025 21:08:19 INFO  epoch 46 training [time: 82.94s, train loss: 517734.6035]
Sat 05 Apr 2025 21:08:33 INFO  epoch 46 evaluating [time: 13.87s, valid_score: 0.248700]
Sat 05 Apr 2025 21:08:33 INFO  valid result: 
recall@10 : 0.1336    mrr@10 : 0.2487    ndcg@10 : 0.1368    hit@10 : 0.6002    map@10 : 0.0661    precision@10 : 0.0957    gauc : 0.9026    itemcoverage@10 : 0.393    averagepopularity@10 : 949.3052    giniindex@10 : 0.8998    shannonentropy@10 : 0.0048    tailpercentage@10 : 0.0002
Sat 05 Apr 2025 21:09:56 INFO  epoch 47 training [time: 83.05s, train loss: 516884.1567]
Sat 05 Apr 2025 21:10:10 INFO  epoch 47 evaluating [time: 13.72s, valid_score: 0.249900]
Sat 05 Apr 2025 21:10:10 INFO  valid result: 
recall@10 : 0.1339    mrr@10 : 0.2499    ndcg@10 : 0.1373    hit@10 : 0.6016    map@10 : 0.0665    precision@10 : 0.0958    gauc : 0.9026    itemcoverage@10 : 0.3984    averagepopularity@10 : 946.3394    giniindex@10 : 0.8987    shannonentropy@10 : 0.0047    tailpercentage@10 : 0.0002
Sat 05 Apr 2025 21:10:10 INFO  Saving current: ./saved/movielens/SGL-Apr-05-2025_19-52-32.pth
Sat 05 Apr 2025 21:11:33 INFO  epoch 48 training [time: 83.02s, train loss: 515600.8705]
Sat 05 Apr 2025 21:11:46 INFO  epoch 48 evaluating [time: 13.19s, valid_score: 0.249800]
Sat 05 Apr 2025 21:11:46 INFO  valid result: 
recall@10 : 0.1346    mrr@10 : 0.2498    ndcg@10 : 0.1375    hit@10 : 0.6011    map@10 : 0.0665    precision@10 : 0.0959    gauc : 0.9026    itemcoverage@10 : 0.3984    averagepopularity@10 : 941.723    giniindex@10 : 0.8976    shannonentropy@10 : 0.0047    tailpercentage@10 : 0.0001
Sat 05 Apr 2025 21:13:09 INFO  epoch 49 training [time: 82.98s, train loss: 514792.5966]
Sat 05 Apr 2025 21:13:23 INFO  epoch 49 evaluating [time: 14.06s, valid_score: 0.248800]
Sat 05 Apr 2025 21:13:23 INFO  valid result: 
recall@10 : 0.1357    mrr@10 : 0.2488    ndcg@10 : 0.1375    hit@10 : 0.6044    map@10 : 0.0662    precision@10 : 0.0965    gauc : 0.9027    itemcoverage@10 : 0.3987    averagepopularity@10 : 940.6075    giniindex@10 : 0.8972    shannonentropy@10 : 0.0047    tailpercentage@10 : 0.0001
Sat 05 Apr 2025 21:13:23 INFO  Loading model structure and parameters from ./saved/movielens/SGL-Apr-05-2025_19-52-32.pth
