Thu 17 Apr 2025 04:22:01 INFO  
General Hyper Parameters:
gpu_id = 0
use_gpu = True
seed = 2020
state = INFO
reproducibility = True
data_path = dataset/movielens
checkpoint_dir = ./saved/movielens/
show_progress = True
save_dataset = True
dataset_save_path = None
save_dataloaders = True
dataloaders_save_path = None
log_wandb = False

Training Hyper Parameters:
epochs = 50
train_batch_size = 2048
learner = adam
learning_rate = 0.001
train_neg_sample_args = {'distribution': 'uniform', 'sample_num': 1, 'alpha': 1.0, 'dynamic': False, 'candidate_num': 0}
eval_step = 1
stopping_step = 50
clip_grad_norm = None
weight_decay = 0.0
loss_decimal_place = 4

Evaluation Hyper Parameters:
eval_args = {'split': {'RS': [0.8, 0.1, 0.1]}, 'group_by': 'user', 'order': 'RO', 'mode': 'full'}
repeatable = False
metrics = ['MRR']
topk = [10]
valid_metric = MRR@10
valid_metric_bigger = True
eval_batch_size = 4096
metric_decimal_place = 4

Dataset Hyper Parameters:
field_separator = 	
seq_separator =  
USER_ID_FIELD = user_id
ITEM_ID_FIELD = item_id
RATING_FIELD = rating
TIME_FIELD = timestamp
seq_len = None
LABEL_FIELD = label
threshold = None
NEG_PREFIX = neg_
load_col = {'inter': ['user_id', 'item_id']}
unload_col = None
unused_col = None
additional_feat_suffix = None
rm_dup_inter = None
val_interval = None
filter_inter_by_user_or_item = True
user_inter_num_interval = [0,inf)
item_inter_num_interval = [0,inf)
alias_of_user_id = None
alias_of_item_id = None
alias_of_entity_id = None
alias_of_relation_id = None
preload_weight = None
normalize_field = None
normalize_all = None
ITEM_LIST_LENGTH_FIELD = item_length
LIST_SUFFIX = _list
MAX_ITEM_LIST_LENGTH = 50
POSITION_FIELD = position_id
HEAD_ENTITY_ID_FIELD = head_id
TAIL_ENTITY_ID_FIELD = tail_id
RELATION_ID_FIELD = relation_id
ENTITY_ID_FIELD = entity_id
benchmark_filename = None

Other Hyper Parameters: 
worker = 0
wandb_project = recbole
shuffle = True
require_pow = False
enable_amp = False
enable_scaler = False
transform = None
type = ED
n_layers = 3
ssl_tau = 0.5
reg_weight = 1e-05
ssl_weight = 0.05
drop_ratio = 0.1
embedding_size = 64
numerical_features = []
discretization = None
kg_reverse_r = False
entity_kg_num_interval = [0,inf)
relation_kg_num_interval = [0,inf)
MODEL_TYPE = ModelType.GENERAL
MODEL_INPUT_TYPE = InputType.PAIRWISE
eval_type = EvaluatorType.RANKING
single_spec = True
local_rank = 0
device = cuda
eval_neg_sample_args = {'distribution': 'uniform', 'sample_num': 'none'}


Thu 17 Apr 2025 04:22:01 INFO  Load filtered dataset from: [./saved/movielens/movielens-Dataset.pth]
Thu 17 Apr 2025 04:22:01 INFO  movielens
The number of users: 6037
Average actions of users: 125.48889993373095
The number of items: 3193
Average actions of items: 237.296679197995
The number of inters: 757451
The sparsity of the dataset: 96.07052573437805%
Remain Fields: ['user_id', 'item_id']
Thu 17 Apr 2025 04:22:04 INFO  Load split dataloaders from: [./saved/movielens/movielens-for-SGL-dataloader.pth]
Thu 17 Apr 2025 04:22:04 INFO  [Training]: train_batch_size = [2048] train_neg_sample_args: [{'distribution': 'uniform', 'sample_num': 1, 'alpha': 1.0, 'dynamic': False, 'candidate_num': 0}]
Thu 17 Apr 2025 04:22:04 INFO  [Evaluation]: eval_batch_size = [4096] eval_args: [{'split': {'RS': [0.8, 0.1, 0.1]}, 'group_by': 'user', 'order': 'RO', 'mode': 'full'}]
Thu 17 Apr 2025 04:22:04 INFO  SGL(
  (user_embedding): Embedding(6037, 64)
  (item_embedding): Embedding(3193, 64)
  (reg_loss): EmbLoss()
)
Trainable parameters: 590720
Thu 17 Apr 2025 04:23:32 INFO  epoch 0 training [time: 82.78s, train loss: 813794.9158]
Thu 17 Apr 2025 04:23:37 INFO  epoch 0 evaluating [time: 5.15s, valid_score: 0.047600]
Thu 17 Apr 2025 04:23:37 INFO  valid result: 
mrr@10 : 0.0476
Thu 17 Apr 2025 04:23:37 INFO  Saving current: ./saved/movielens/SGL-Apr-17-2025_04-22-04.pth
Thu 17 Apr 2025 04:25:00 INFO  epoch 1 training [time: 82.69s, train loss: 813148.1372]
Thu 17 Apr 2025 04:25:05 INFO  epoch 1 evaluating [time: 5.01s, valid_score: 0.045200]
Thu 17 Apr 2025 04:25:05 INFO  valid result: 
mrr@10 : 0.0452
Thu 17 Apr 2025 04:26:27 INFO  epoch 2 training [time: 82.72s, train loss: 813028.4335]
Thu 17 Apr 2025 04:26:32 INFO  epoch 2 evaluating [time: 4.98s, valid_score: 0.050400]
Thu 17 Apr 2025 04:26:32 INFO  valid result: 
mrr@10 : 0.0504
Thu 17 Apr 2025 04:26:32 INFO  Saving current: ./saved/movielens/SGL-Apr-17-2025_04-22-04.pth
Thu 17 Apr 2025 04:27:55 INFO  epoch 3 training [time: 82.80s, train loss: 812887.3137]
Thu 17 Apr 2025 04:28:02 INFO  epoch 3 evaluating [time: 6.42s, valid_score: 0.062600]
Thu 17 Apr 2025 04:28:02 INFO  valid result: 
mrr@10 : 0.0626
Thu 17 Apr 2025 04:28:02 INFO  Saving current: ./saved/movielens/SGL-Apr-17-2025_04-22-04.pth
Thu 17 Apr 2025 04:29:24 INFO  epoch 4 training [time: 82.76s, train loss: 812619.5715]
Thu 17 Apr 2025 04:29:30 INFO  epoch 4 evaluating [time: 5.36s, valid_score: 0.079500]
Thu 17 Apr 2025 04:29:30 INFO  valid result: 
mrr@10 : 0.0795
Thu 17 Apr 2025 04:29:30 INFO  Saving current: ./saved/movielens/SGL-Apr-17-2025_04-22-04.pth
Thu 17 Apr 2025 04:30:53 INFO  epoch 5 training [time: 82.84s, train loss: 811815.1893]
Thu 17 Apr 2025 04:30:58 INFO  epoch 5 evaluating [time: 5.87s, valid_score: 0.102900]
Thu 17 Apr 2025 04:30:58 INFO  valid result: 
mrr@10 : 0.1029
Thu 17 Apr 2025 04:30:58 INFO  Saving current: ./saved/movielens/SGL-Apr-17-2025_04-22-04.pth
Thu 17 Apr 2025 04:32:21 INFO  epoch 6 training [time: 83.08s, train loss: 807905.7583]
Thu 17 Apr 2025 04:32:27 INFO  epoch 6 evaluating [time: 5.05s, valid_score: 0.147000]
Thu 17 Apr 2025 04:32:27 INFO  valid result: 
mrr@10 : 0.147
Thu 17 Apr 2025 04:32:27 INFO  Saving current: ./saved/movielens/SGL-Apr-17-2025_04-22-04.pth
Thu 17 Apr 2025 04:33:49 INFO  epoch 7 training [time: 82.90s, train loss: 756971.7773]
Thu 17 Apr 2025 04:33:55 INFO  epoch 7 evaluating [time: 5.24s, valid_score: 0.214700]
Thu 17 Apr 2025 04:33:55 INFO  valid result: 
mrr@10 : 0.2147
Thu 17 Apr 2025 04:33:55 INFO  Saving current: ./saved/movielens/SGL-Apr-17-2025_04-22-04.pth
Thu 17 Apr 2025 04:35:18 INFO  epoch 8 training [time: 82.98s, train loss: 657883.9424]
Thu 17 Apr 2025 04:35:23 INFO  epoch 8 evaluating [time: 5.35s, valid_score: 0.225400]
Thu 17 Apr 2025 04:35:23 INFO  valid result: 
mrr@10 : 0.2254
Thu 17 Apr 2025 04:35:23 INFO  Saving current: ./saved/movielens/SGL-Apr-17-2025_04-22-04.pth
Thu 17 Apr 2025 04:36:46 INFO  epoch 9 training [time: 82.85s, train loss: 620083.9429]
Thu 17 Apr 2025 04:36:51 INFO  epoch 9 evaluating [time: 5.00s, valid_score: 0.227000]
Thu 17 Apr 2025 04:36:51 INFO  valid result: 
mrr@10 : 0.227
Thu 17 Apr 2025 04:36:51 INFO  Saving current: ./saved/movielens/SGL-Apr-17-2025_04-22-04.pth
Thu 17 Apr 2025 04:38:14 INFO  epoch 10 training [time: 82.93s, train loss: 602901.5220]
Thu 17 Apr 2025 04:38:19 INFO  epoch 10 evaluating [time: 5.31s, valid_score: 0.228900]
Thu 17 Apr 2025 04:38:19 INFO  valid result: 
mrr@10 : 0.2289
Thu 17 Apr 2025 04:38:19 INFO  Saving current: ./saved/movielens/SGL-Apr-17-2025_04-22-04.pth
Thu 17 Apr 2025 04:39:42 INFO  epoch 11 training [time: 82.59s, train loss: 591335.6879]
Thu 17 Apr 2025 04:39:47 INFO  epoch 11 evaluating [time: 5.12s, valid_score: 0.231700]
Thu 17 Apr 2025 04:39:47 INFO  valid result: 
mrr@10 : 0.2317
Thu 17 Apr 2025 04:39:47 INFO  Saving current: ./saved/movielens/SGL-Apr-17-2025_04-22-04.pth
Thu 17 Apr 2025 04:41:10 INFO  epoch 12 training [time: 82.88s, train loss: 583528.0175]
Thu 17 Apr 2025 04:41:15 INFO  epoch 12 evaluating [time: 5.11s, valid_score: 0.233800]
Thu 17 Apr 2025 04:41:15 INFO  valid result: 
mrr@10 : 0.2338
Thu 17 Apr 2025 04:41:15 INFO  Saving current: ./saved/movielens/SGL-Apr-17-2025_04-22-04.pth
Thu 17 Apr 2025 04:42:38 INFO  epoch 13 training [time: 82.87s, train loss: 576729.0328]
Thu 17 Apr 2025 04:42:43 INFO  epoch 13 evaluating [time: 5.06s, valid_score: 0.233800]
Thu 17 Apr 2025 04:42:43 INFO  valid result: 
mrr@10 : 0.2338
Thu 17 Apr 2025 04:42:43 INFO  Saving current: ./saved/movielens/SGL-Apr-17-2025_04-22-04.pth
Thu 17 Apr 2025 04:44:06 INFO  epoch 14 training [time: 82.86s, train loss: 572137.8130]
Thu 17 Apr 2025 04:44:11 INFO  epoch 14 evaluating [time: 5.12s, valid_score: 0.236100]
Thu 17 Apr 2025 04:44:11 INFO  valid result: 
mrr@10 : 0.2361
Thu 17 Apr 2025 04:44:11 INFO  Saving current: ./saved/movielens/SGL-Apr-17-2025_04-22-04.pth
Thu 17 Apr 2025 04:45:34 INFO  epoch 15 training [time: 82.99s, train loss: 567994.0198]
Thu 17 Apr 2025 04:45:39 INFO  epoch 15 evaluating [time: 5.39s, valid_score: 0.236800]
Thu 17 Apr 2025 04:45:39 INFO  valid result: 
mrr@10 : 0.2368
Thu 17 Apr 2025 04:45:39 INFO  Saving current: ./saved/movielens/SGL-Apr-17-2025_04-22-04.pth
Thu 17 Apr 2025 04:47:02 INFO  epoch 16 training [time: 83.05s, train loss: 564023.8792]
Thu 17 Apr 2025 04:47:09 INFO  epoch 16 evaluating [time: 6.38s, valid_score: 0.238600]
Thu 17 Apr 2025 04:47:09 INFO  valid result: 
mrr@10 : 0.2386
Thu 17 Apr 2025 04:47:09 INFO  Saving current: ./saved/movielens/SGL-Apr-17-2025_04-22-04.pth
Thu 17 Apr 2025 04:48:32 INFO  epoch 17 training [time: 83.02s, train loss: 561001.0541]
Thu 17 Apr 2025 04:48:38 INFO  epoch 17 evaluating [time: 6.38s, valid_score: 0.239200]
Thu 17 Apr 2025 04:48:38 INFO  valid result: 
mrr@10 : 0.2392
Thu 17 Apr 2025 04:48:38 INFO  Saving current: ./saved/movielens/SGL-Apr-17-2025_04-22-04.pth
Thu 17 Apr 2025 04:50:01 INFO  epoch 18 training [time: 82.82s, train loss: 557892.9530]
Thu 17 Apr 2025 04:50:06 INFO  epoch 18 evaluating [time: 5.14s, valid_score: 0.239900]
Thu 17 Apr 2025 04:50:06 INFO  valid result: 
mrr@10 : 0.2399
Thu 17 Apr 2025 04:50:06 INFO  Saving current: ./saved/movielens/SGL-Apr-17-2025_04-22-04.pth
Thu 17 Apr 2025 04:51:29 INFO  epoch 19 training [time: 82.87s, train loss: 555644.5610]
Thu 17 Apr 2025 04:51:34 INFO  epoch 19 evaluating [time: 5.07s, valid_score: 0.240900]
Thu 17 Apr 2025 04:51:34 INFO  valid result: 
mrr@10 : 0.2409
Thu 17 Apr 2025 04:51:34 INFO  Saving current: ./saved/movielens/SGL-Apr-17-2025_04-22-04.pth
Thu 17 Apr 2025 04:52:57 INFO  epoch 20 training [time: 82.89s, train loss: 553349.2226]
Thu 17 Apr 2025 04:53:02 INFO  epoch 20 evaluating [time: 5.55s, valid_score: 0.240500]
Thu 17 Apr 2025 04:53:02 INFO  valid result: 
mrr@10 : 0.2405
Thu 17 Apr 2025 04:54:25 INFO  epoch 21 training [time: 82.95s, train loss: 551017.0020]
Thu 17 Apr 2025 04:54:30 INFO  epoch 21 evaluating [time: 5.06s, valid_score: 0.241500]
Thu 17 Apr 2025 04:54:30 INFO  valid result: 
mrr@10 : 0.2415
Thu 17 Apr 2025 04:54:30 INFO  Saving current: ./saved/movielens/SGL-Apr-17-2025_04-22-04.pth
Thu 17 Apr 2025 04:55:53 INFO  epoch 22 training [time: 83.01s, train loss: 548759.4119]
Thu 17 Apr 2025 04:55:59 INFO  epoch 22 evaluating [time: 5.16s, valid_score: 0.242900]
Thu 17 Apr 2025 04:55:59 INFO  valid result: 
mrr@10 : 0.2429
Thu 17 Apr 2025 04:55:59 INFO  Saving current: ./saved/movielens/SGL-Apr-17-2025_04-22-04.pth
Thu 17 Apr 2025 04:57:22 INFO  epoch 23 training [time: 82.88s, train loss: 546625.4553]
Thu 17 Apr 2025 04:57:27 INFO  epoch 23 evaluating [time: 5.27s, valid_score: 0.243200]
Thu 17 Apr 2025 04:57:27 INFO  valid result: 
mrr@10 : 0.2432
Thu 17 Apr 2025 04:57:27 INFO  Saving current: ./saved/movielens/SGL-Apr-17-2025_04-22-04.pth
Thu 17 Apr 2025 04:58:50 INFO  epoch 24 training [time: 82.81s, train loss: 544535.6979]
Thu 17 Apr 2025 04:58:55 INFO  epoch 24 evaluating [time: 5.44s, valid_score: 0.244000]
Thu 17 Apr 2025 04:58:55 INFO  valid result: 
mrr@10 : 0.244
Thu 17 Apr 2025 04:58:55 INFO  Saving current: ./saved/movielens/SGL-Apr-17-2025_04-22-04.pth
Thu 17 Apr 2025 05:00:18 INFO  epoch 25 training [time: 82.91s, train loss: 542954.5844]
Thu 17 Apr 2025 05:00:24 INFO  epoch 25 evaluating [time: 5.61s, valid_score: 0.245900]
Thu 17 Apr 2025 05:00:24 INFO  valid result: 
mrr@10 : 0.2459
Thu 17 Apr 2025 05:00:24 INFO  Saving current: ./saved/movielens/SGL-Apr-17-2025_04-22-04.pth
Thu 17 Apr 2025 05:01:46 INFO  epoch 26 training [time: 82.73s, train loss: 541409.3197]
Thu 17 Apr 2025 05:01:52 INFO  epoch 26 evaluating [time: 5.79s, valid_score: 0.246700]
Thu 17 Apr 2025 05:01:52 INFO  valid result: 
mrr@10 : 0.2467
Thu 17 Apr 2025 05:01:52 INFO  Saving current: ./saved/movielens/SGL-Apr-17-2025_04-22-04.pth
Thu 17 Apr 2025 05:03:15 INFO  epoch 27 training [time: 82.78s, train loss: 539560.9568]
Thu 17 Apr 2025 05:03:20 INFO  epoch 27 evaluating [time: 5.13s, valid_score: 0.245600]
Thu 17 Apr 2025 05:03:20 INFO  valid result: 
mrr@10 : 0.2456
Thu 17 Apr 2025 05:04:43 INFO  epoch 28 training [time: 82.73s, train loss: 538726.4371]
Thu 17 Apr 2025 05:04:48 INFO  epoch 28 evaluating [time: 5.12s, valid_score: 0.247400]
Thu 17 Apr 2025 05:04:48 INFO  valid result: 
mrr@10 : 0.2474
Thu 17 Apr 2025 05:04:48 INFO  Saving current: ./saved/movielens/SGL-Apr-17-2025_04-22-04.pth
Thu 17 Apr 2025 05:06:11 INFO  epoch 29 training [time: 82.95s, train loss: 536474.1094]
Thu 17 Apr 2025 05:06:16 INFO  epoch 29 evaluating [time: 5.39s, valid_score: 0.248300]
Thu 17 Apr 2025 05:06:16 INFO  valid result: 
mrr@10 : 0.2483
Thu 17 Apr 2025 05:06:16 INFO  Saving current: ./saved/movielens/SGL-Apr-17-2025_04-22-04.pth
Thu 17 Apr 2025 05:07:39 INFO  epoch 30 training [time: 83.09s, train loss: 535387.1993]
Thu 17 Apr 2025 05:07:45 INFO  epoch 30 evaluating [time: 5.63s, valid_score: 0.248400]
Thu 17 Apr 2025 05:07:45 INFO  valid result: 
mrr@10 : 0.2484
Thu 17 Apr 2025 05:07:45 INFO  Saving current: ./saved/movielens/SGL-Apr-17-2025_04-22-04.pth
Thu 17 Apr 2025 05:09:08 INFO  epoch 31 training [time: 82.69s, train loss: 533995.4353]
Thu 17 Apr 2025 05:09:13 INFO  epoch 31 evaluating [time: 5.57s, valid_score: 0.249500]
Thu 17 Apr 2025 05:09:13 INFO  valid result: 
mrr@10 : 0.2495
Thu 17 Apr 2025 05:09:13 INFO  Saving current: ./saved/movielens/SGL-Apr-17-2025_04-22-04.pth
Thu 17 Apr 2025 05:10:36 INFO  epoch 32 training [time: 82.73s, train loss: 533219.0569]
Thu 17 Apr 2025 05:10:41 INFO  epoch 32 evaluating [time: 5.23s, valid_score: 0.250100]
Thu 17 Apr 2025 05:10:41 INFO  valid result: 
mrr@10 : 0.2501
Thu 17 Apr 2025 05:10:41 INFO  Saving current: ./saved/movielens/SGL-Apr-17-2025_04-22-04.pth
Thu 17 Apr 2025 05:12:04 INFO  epoch 33 training [time: 82.81s, train loss: 531200.0204]
Thu 17 Apr 2025 05:12:09 INFO  epoch 33 evaluating [time: 5.05s, valid_score: 0.250000]
Thu 17 Apr 2025 05:12:09 INFO  valid result: 
mrr@10 : 0.25
Thu 17 Apr 2025 05:13:32 INFO  epoch 34 training [time: 82.96s, train loss: 529947.2827]
Thu 17 Apr 2025 05:13:37 INFO  epoch 34 evaluating [time: 5.13s, valid_score: 0.249800]
Thu 17 Apr 2025 05:13:37 INFO  valid result: 
mrr@10 : 0.2498
Thu 17 Apr 2025 05:15:00 INFO  epoch 35 training [time: 82.81s, train loss: 528663.5084]
Thu 17 Apr 2025 05:15:05 INFO  epoch 35 evaluating [time: 5.21s, valid_score: 0.249100]
Thu 17 Apr 2025 05:15:05 INFO  valid result: 
mrr@10 : 0.2491
Thu 17 Apr 2025 05:16:28 INFO  epoch 36 training [time: 82.79s, train loss: 527466.6772]
Thu 17 Apr 2025 05:16:33 INFO  epoch 36 evaluating [time: 5.26s, valid_score: 0.250200]
Thu 17 Apr 2025 05:16:33 INFO  valid result: 
mrr@10 : 0.2502
Thu 17 Apr 2025 05:16:33 INFO  Saving current: ./saved/movielens/SGL-Apr-17-2025_04-22-04.pth
Thu 17 Apr 2025 05:17:56 INFO  epoch 37 training [time: 82.92s, train loss: 526398.6193]
Thu 17 Apr 2025 05:18:02 INFO  epoch 37 evaluating [time: 5.50s, valid_score: 0.250000]
Thu 17 Apr 2025 05:18:02 INFO  valid result: 
mrr@10 : 0.25
Thu 17 Apr 2025 05:19:25 INFO  epoch 38 training [time: 82.96s, train loss: 525253.1377]
Thu 17 Apr 2025 05:19:30 INFO  epoch 38 evaluating [time: 5.19s, valid_score: 0.251400]
Thu 17 Apr 2025 05:19:30 INFO  valid result: 
mrr@10 : 0.2514
Thu 17 Apr 2025 05:19:30 INFO  Saving current: ./saved/movielens/SGL-Apr-17-2025_04-22-04.pth
Thu 17 Apr 2025 05:20:53 INFO  epoch 39 training [time: 82.96s, train loss: 524821.4092]
Thu 17 Apr 2025 05:20:59 INFO  epoch 39 evaluating [time: 6.12s, valid_score: 0.250000]
Thu 17 Apr 2025 05:20:59 INFO  valid result: 
mrr@10 : 0.25
Thu 17 Apr 2025 05:22:22 INFO  epoch 40 training [time: 82.89s, train loss: 523955.8519]
Thu 17 Apr 2025 05:22:27 INFO  epoch 40 evaluating [time: 5.22s, valid_score: 0.249300]
Thu 17 Apr 2025 05:22:27 INFO  valid result: 
mrr@10 : 0.2493
Thu 17 Apr 2025 05:23:50 INFO  epoch 41 training [time: 83.01s, train loss: 522670.2755]
Thu 17 Apr 2025 05:23:55 INFO  epoch 41 evaluating [time: 5.26s, valid_score: 0.249700]
Thu 17 Apr 2025 05:23:55 INFO  valid result: 
mrr@10 : 0.2497
Thu 17 Apr 2025 05:25:18 INFO  epoch 42 training [time: 82.67s, train loss: 520909.4707]
Thu 17 Apr 2025 05:25:23 INFO  epoch 42 evaluating [time: 5.12s, valid_score: 0.250000]
Thu 17 Apr 2025 05:25:23 INFO  valid result: 
mrr@10 : 0.25
Thu 17 Apr 2025 05:26:46 INFO  epoch 43 training [time: 82.93s, train loss: 520530.1059]
Thu 17 Apr 2025 05:26:53 INFO  epoch 43 evaluating [time: 6.78s, valid_score: 0.250500]
Thu 17 Apr 2025 05:26:53 INFO  valid result: 
mrr@10 : 0.2505
Thu 17 Apr 2025 05:28:15 INFO  epoch 44 training [time: 82.65s, train loss: 519089.7550]
Thu 17 Apr 2025 05:28:22 INFO  epoch 44 evaluating [time: 6.28s, valid_score: 0.249200]
Thu 17 Apr 2025 05:28:22 INFO  valid result: 
mrr@10 : 0.2492
Thu 17 Apr 2025 05:29:45 INFO  epoch 45 training [time: 82.90s, train loss: 518728.2437]
Thu 17 Apr 2025 05:29:50 INFO  epoch 45 evaluating [time: 4.97s, valid_score: 0.249300]
Thu 17 Apr 2025 05:29:50 INFO  valid result: 
mrr@10 : 0.2493
Thu 17 Apr 2025 05:31:13 INFO  epoch 46 training [time: 82.86s, train loss: 517593.5847]
Thu 17 Apr 2025 05:31:18 INFO  epoch 46 evaluating [time: 5.18s, valid_score: 0.248600]
Thu 17 Apr 2025 05:31:18 INFO  valid result: 
mrr@10 : 0.2486
Thu 17 Apr 2025 05:32:41 INFO  epoch 47 training [time: 82.88s, train loss: 516946.8428]
Thu 17 Apr 2025 05:32:46 INFO  epoch 47 evaluating [time: 5.21s, valid_score: 0.250000]
Thu 17 Apr 2025 05:32:46 INFO  valid result: 
mrr@10 : 0.25
Thu 17 Apr 2025 05:34:09 INFO  epoch 48 training [time: 83.03s, train loss: 515537.5287]
Thu 17 Apr 2025 05:34:14 INFO  epoch 48 evaluating [time: 5.42s, valid_score: 0.250000]
Thu 17 Apr 2025 05:34:14 INFO  valid result: 
mrr@10 : 0.25
Thu 17 Apr 2025 05:35:37 INFO  epoch 49 training [time: 82.89s, train loss: 515195.6331]
Thu 17 Apr 2025 05:35:42 INFO  epoch 49 evaluating [time: 5.08s, valid_score: 0.250300]
Thu 17 Apr 2025 05:35:42 INFO  valid result: 
mrr@10 : 0.2503
Thu 17 Apr 2025 05:35:42 INFO  Loading model structure and parameters from ./saved/movielens/SGL-Apr-17-2025_04-22-04.pth
