Mon 28 Apr 2025 10:23:46 INFO  
General Hyper Parameters:
gpu_id = 0
use_gpu = True
seed = 2020
state = INFO
reproducibility = True
data_path = dataset/mind
checkpoint_dir = ./saved/mind/
show_progress = True
save_dataset = True
dataset_save_path = None
save_dataloaders = True
dataloaders_save_path = None
log_wandb = False

Training Hyper Parameters:
epochs = 50
train_batch_size = 2048
learner = adam
learning_rate = 0.001
train_neg_sample_args = {'distribution': 'uniform', 'sample_num': 1, 'alpha': 1.0, 'dynamic': False, 'candidate_num': 0}
eval_step = 1
stopping_step = 50
clip_grad_norm = None
weight_decay = 0.0
loss_decimal_place = 4

Evaluation Hyper Parameters:
eval_args = {'split': {'RS': [0.8, 0.1, 0.1]}, 'group_by': 'user', 'order': 'RO', 'mode': 'full'}
repeatable = False
metrics = ['MRR']
topk = [10]
valid_metric = MRR@10
valid_metric_bigger = True
eval_batch_size = 4096
metric_decimal_place = 4

Dataset Hyper Parameters:
field_separator = 	
seq_separator =  
USER_ID_FIELD = user_id
ITEM_ID_FIELD = item_id
RATING_FIELD = rating
TIME_FIELD = timestamp
seq_len = None
LABEL_FIELD = label
threshold = None
NEG_PREFIX = neg_
load_col = {'inter': ['user_id', 'item_id']}
unload_col = None
unused_col = None
additional_feat_suffix = None
rm_dup_inter = None
val_interval = None
filter_inter_by_user_or_item = True
user_inter_num_interval = [0,inf)
item_inter_num_interval = [0,inf)
alias_of_user_id = None
alias_of_item_id = None
alias_of_entity_id = None
alias_of_relation_id = None
preload_weight = None
normalize_field = None
normalize_all = None
ITEM_LIST_LENGTH_FIELD = item_length
LIST_SUFFIX = _list
MAX_ITEM_LIST_LENGTH = 50
POSITION_FIELD = position_id
HEAD_ENTITY_ID_FIELD = head_id
TAIL_ENTITY_ID_FIELD = tail_id
RELATION_ID_FIELD = relation_id
ENTITY_ID_FIELD = entity_id
benchmark_filename = None

Other Hyper Parameters: 
worker = 0
wandb_project = recbole
shuffle = True
require_pow = False
enable_amp = False
enable_scaler = False
transform = None
type = ED
n_layers = 3
ssl_tau = 0.5
reg_weight = 1e-05
ssl_weight = 0.05
drop_ratio = 0.1
embedding_size = 64
numerical_features = []
discretization = None
kg_reverse_r = False
entity_kg_num_interval = [0,inf)
relation_kg_num_interval = [0,inf)
MODEL_TYPE = ModelType.GENERAL
MODEL_INPUT_TYPE = InputType.PAIRWISE
eval_type = EvaluatorType.RANKING
single_spec = True
local_rank = 0
device = cuda
eval_neg_sample_args = {'distribution': 'uniform', 'sample_num': 'none'}


Mon 28 Apr 2025 10:23:46 INFO  Load filtered dataset from: [./saved/mind/mind-Dataset.pth]
Mon 28 Apr 2025 10:23:46 INFO  mind
The number of users: 23680
Average actions of users: 44.282908906626126
The number of items: 4415
Average actions of items: 237.55663797009515
The number of inters: 1048575
The sparsity of the dataset: 98.9970319625968%
Remain Fields: ['user_id', 'item_id']
Mon 28 Apr 2025 10:23:54 INFO  Load split dataloaders from: [./saved/mind/mind-for-SGL-dataloader.pth]
Mon 28 Apr 2025 10:23:54 INFO  [Training]: train_batch_size = [2048] train_neg_sample_args: [{'distribution': 'uniform', 'sample_num': 1, 'alpha': 1.0, 'dynamic': False, 'candidate_num': 0}]
Mon 28 Apr 2025 10:23:54 INFO  [Evaluation]: eval_batch_size = [4096] eval_args: [{'split': {'RS': [0.8, 0.1, 0.1]}, 'group_by': 'user', 'order': 'RO', 'mode': 'full'}]
Mon 28 Apr 2025 10:23:57 INFO  SGL(
  (user_embedding): Embedding(23680, 64)
  (item_embedding): Embedding(4415, 64)
  (reg_loss): EmbLoss()
)
Trainable parameters: 1798080
Mon 28 Apr 2025 10:26:51 INFO  epoch 0 training [time: 167.55s, train loss: 1183058.8782]
Mon 28 Apr 2025 10:27:13 INFO  epoch 0 evaluating [time: 21.44s, valid_score: 0.146300]
Mon 28 Apr 2025 10:27:13 INFO  valid result: 
mrr@10 : 0.1463
Mon 28 Apr 2025 10:27:13 INFO  Saving current: ./saved/mind/SGL-Apr-28-2025_10-23-57.pth
Mon 28 Apr 2025 10:29:58 INFO  epoch 1 training [time: 165.28s, train loss: 1179728.1060]
Mon 28 Apr 2025 10:30:21 INFO  epoch 1 evaluating [time: 22.54s, valid_score: 0.172900]
Mon 28 Apr 2025 10:30:21 INFO  valid result: 
mrr@10 : 0.1729
Mon 28 Apr 2025 10:30:21 INFO  Saving current: ./saved/mind/SGL-Apr-28-2025_10-23-57.pth
Mon 28 Apr 2025 10:33:07 INFO  epoch 2 training [time: 166.00s, train loss: 1178930.8638]
Mon 28 Apr 2025 10:33:29 INFO  epoch 2 evaluating [time: 22.70s, valid_score: 0.245100]
Mon 28 Apr 2025 10:33:29 INFO  valid result: 
mrr@10 : 0.2451
Mon 28 Apr 2025 10:33:29 INFO  Saving current: ./saved/mind/SGL-Apr-28-2025_10-23-57.pth
Mon 28 Apr 2025 10:36:15 INFO  epoch 3 training [time: 165.27s, train loss: 1143627.4946]
Mon 28 Apr 2025 10:36:37 INFO  epoch 3 evaluating [time: 22.56s, valid_score: 0.384500]
Mon 28 Apr 2025 10:36:37 INFO  valid result: 
mrr@10 : 0.3845
Mon 28 Apr 2025 10:36:37 INFO  Saving current: ./saved/mind/SGL-Apr-28-2025_10-23-57.pth
Mon 28 Apr 2025 10:39:22 INFO  epoch 4 training [time: 165.18s, train loss: 960386.4800]
Mon 28 Apr 2025 10:39:45 INFO  epoch 4 evaluating [time: 22.19s, valid_score: 0.479700]
Mon 28 Apr 2025 10:39:45 INFO  valid result: 
mrr@10 : 0.4797
Mon 28 Apr 2025 10:39:45 INFO  Saving current: ./saved/mind/SGL-Apr-28-2025_10-23-57.pth
Mon 28 Apr 2025 10:42:30 INFO  epoch 5 training [time: 165.49s, train loss: 780222.3922]
Mon 28 Apr 2025 10:42:52 INFO  epoch 5 evaluating [time: 21.49s, valid_score: 0.515700]
Mon 28 Apr 2025 10:42:52 INFO  valid result: 
mrr@10 : 0.5157
Mon 28 Apr 2025 10:42:52 INFO  Saving current: ./saved/mind/SGL-Apr-28-2025_10-23-57.pth
Mon 28 Apr 2025 10:45:37 INFO  epoch 6 training [time: 165.52s, train loss: 731511.1919]
Mon 28 Apr 2025 10:45:59 INFO  epoch 6 evaluating [time: 21.72s, valid_score: 0.529300]
Mon 28 Apr 2025 10:45:59 INFO  valid result: 
mrr@10 : 0.5293
Mon 28 Apr 2025 10:45:59 INFO  Saving current: ./saved/mind/SGL-Apr-28-2025_10-23-57.pth
Mon 28 Apr 2025 10:48:44 INFO  epoch 7 training [time: 165.16s, train loss: 714108.0137]
Mon 28 Apr 2025 10:49:06 INFO  epoch 7 evaluating [time: 21.90s, valid_score: 0.536600]
Mon 28 Apr 2025 10:49:06 INFO  valid result: 
mrr@10 : 0.5366
Mon 28 Apr 2025 10:49:06 INFO  Saving current: ./saved/mind/SGL-Apr-28-2025_10-23-57.pth
Mon 28 Apr 2025 10:51:51 INFO  epoch 8 training [time: 165.14s, train loss: 703209.3042]
Mon 28 Apr 2025 10:52:13 INFO  epoch 8 evaluating [time: 21.49s, valid_score: 0.540600]
Mon 28 Apr 2025 10:52:13 INFO  valid result: 
mrr@10 : 0.5406
Mon 28 Apr 2025 10:52:13 INFO  Saving current: ./saved/mind/SGL-Apr-28-2025_10-23-57.pth
Mon 28 Apr 2025 10:54:58 INFO  epoch 9 training [time: 165.17s, train loss: 695974.1534]
Mon 28 Apr 2025 10:55:19 INFO  epoch 9 evaluating [time: 21.34s, valid_score: 0.542600]
Mon 28 Apr 2025 10:55:19 INFO  valid result: 
mrr@10 : 0.5426
Mon 28 Apr 2025 10:55:19 INFO  Saving current: ./saved/mind/SGL-Apr-28-2025_10-23-57.pth
Mon 28 Apr 2025 10:58:04 INFO  epoch 10 training [time: 165.08s, train loss: 690553.9146]
Mon 28 Apr 2025 10:58:26 INFO  epoch 10 evaluating [time: 21.87s, valid_score: 0.544600]
Mon 28 Apr 2025 10:58:26 INFO  valid result: 
mrr@10 : 0.5446
Mon 28 Apr 2025 10:58:26 INFO  Saving current: ./saved/mind/SGL-Apr-28-2025_10-23-57.pth
Mon 28 Apr 2025 11:01:11 INFO  epoch 11 training [time: 165.27s, train loss: 685708.5304]
Mon 28 Apr 2025 11:01:33 INFO  epoch 11 evaluating [time: 22.00s, valid_score: 0.547500]
Mon 28 Apr 2025 11:01:33 INFO  valid result: 
mrr@10 : 0.5475
Mon 28 Apr 2025 11:01:34 INFO  Saving current: ./saved/mind/SGL-Apr-28-2025_10-23-57.pth
Mon 28 Apr 2025 11:04:19 INFO  epoch 12 training [time: 165.12s, train loss: 681321.4119]
Mon 28 Apr 2025 11:04:41 INFO  epoch 12 evaluating [time: 22.50s, valid_score: 0.549100]
Mon 28 Apr 2025 11:04:41 INFO  valid result: 
mrr@10 : 0.5491
Mon 28 Apr 2025 11:04:41 INFO  Saving current: ./saved/mind/SGL-Apr-28-2025_10-23-57.pth
Mon 28 Apr 2025 11:07:26 INFO  epoch 13 training [time: 165.10s, train loss: 677352.8580]
Mon 28 Apr 2025 11:07:49 INFO  epoch 13 evaluating [time: 22.47s, valid_score: 0.550200]
Mon 28 Apr 2025 11:07:49 INFO  valid result: 
mrr@10 : 0.5502
Mon 28 Apr 2025 11:07:49 INFO  Saving current: ./saved/mind/SGL-Apr-28-2025_10-23-57.pth
Mon 28 Apr 2025 11:10:34 INFO  epoch 14 training [time: 165.15s, train loss: 673924.7490]
Mon 28 Apr 2025 11:10:56 INFO  epoch 14 evaluating [time: 22.40s, valid_score: 0.552500]
Mon 28 Apr 2025 11:10:56 INFO  valid result: 
mrr@10 : 0.5525
Mon 28 Apr 2025 11:10:56 INFO  Saving current: ./saved/mind/SGL-Apr-28-2025_10-23-57.pth
Mon 28 Apr 2025 11:13:42 INFO  epoch 15 training [time: 165.16s, train loss: 670818.8014]
Mon 28 Apr 2025 11:14:04 INFO  epoch 15 evaluating [time: 21.99s, valid_score: 0.554100]
Mon 28 Apr 2025 11:14:04 INFO  valid result: 
mrr@10 : 0.5541
Mon 28 Apr 2025 11:14:04 INFO  Saving current: ./saved/mind/SGL-Apr-28-2025_10-23-57.pth
Mon 28 Apr 2025 11:16:49 INFO  epoch 16 training [time: 165.16s, train loss: 667619.0730]
Mon 28 Apr 2025 11:17:11 INFO  epoch 16 evaluating [time: 22.33s, valid_score: 0.557100]
Mon 28 Apr 2025 11:17:11 INFO  valid result: 
mrr@10 : 0.5571
Mon 28 Apr 2025 11:17:11 INFO  Saving current: ./saved/mind/SGL-Apr-28-2025_10-23-57.pth
Mon 28 Apr 2025 11:19:56 INFO  epoch 17 training [time: 165.13s, train loss: 665382.3279]
Mon 28 Apr 2025 11:20:19 INFO  epoch 17 evaluating [time: 22.48s, valid_score: 0.558500]
Mon 28 Apr 2025 11:20:19 INFO  valid result: 
mrr@10 : 0.5585
Mon 28 Apr 2025 11:20:19 INFO  Saving current: ./saved/mind/SGL-Apr-28-2025_10-23-57.pth
Mon 28 Apr 2025 11:23:04 INFO  epoch 18 training [time: 165.04s, train loss: 663320.7568]
Mon 28 Apr 2025 11:23:26 INFO  epoch 18 evaluating [time: 22.40s, valid_score: 0.558600]
Mon 28 Apr 2025 11:23:26 INFO  valid result: 
mrr@10 : 0.5586
Mon 28 Apr 2025 11:23:26 INFO  Saving current: ./saved/mind/SGL-Apr-28-2025_10-23-57.pth
Mon 28 Apr 2025 11:26:11 INFO  epoch 19 training [time: 165.15s, train loss: 660823.9805]
Mon 28 Apr 2025 11:26:34 INFO  epoch 19 evaluating [time: 22.20s, valid_score: 0.560200]
Mon 28 Apr 2025 11:26:34 INFO  valid result: 
mrr@10 : 0.5602
Mon 28 Apr 2025 11:26:34 INFO  Saving current: ./saved/mind/SGL-Apr-28-2025_10-23-57.pth
Mon 28 Apr 2025 11:29:19 INFO  epoch 20 training [time: 165.16s, train loss: 658872.8060]
Mon 28 Apr 2025 11:29:40 INFO  epoch 20 evaluating [time: 21.58s, valid_score: 0.562200]
Mon 28 Apr 2025 11:29:40 INFO  valid result: 
mrr@10 : 0.5622
Mon 28 Apr 2025 11:29:40 INFO  Saving current: ./saved/mind/SGL-Apr-28-2025_10-23-57.pth
Mon 28 Apr 2025 11:32:25 INFO  epoch 21 training [time: 165.07s, train loss: 656772.9971]
Mon 28 Apr 2025 11:32:47 INFO  epoch 21 evaluating [time: 21.45s, valid_score: 0.562300]
Mon 28 Apr 2025 11:32:47 INFO  valid result: 
mrr@10 : 0.5623
Mon 28 Apr 2025 11:32:47 INFO  Saving current: ./saved/mind/SGL-Apr-28-2025_10-23-57.pth
Mon 28 Apr 2025 11:35:32 INFO  epoch 22 training [time: 165.17s, train loss: 655267.4364]
Mon 28 Apr 2025 11:35:54 INFO  epoch 22 evaluating [time: 22.21s, valid_score: 0.563700]
Mon 28 Apr 2025 11:35:54 INFO  valid result: 
mrr@10 : 0.5637
Mon 28 Apr 2025 11:35:54 INFO  Saving current: ./saved/mind/SGL-Apr-28-2025_10-23-57.pth
Mon 28 Apr 2025 11:38:40 INFO  epoch 23 training [time: 165.24s, train loss: 653874.2504]
Mon 28 Apr 2025 11:39:01 INFO  epoch 23 evaluating [time: 21.57s, valid_score: 0.564500]
Mon 28 Apr 2025 11:39:01 INFO  valid result: 
mrr@10 : 0.5645
Mon 28 Apr 2025 11:39:01 INFO  Saving current: ./saved/mind/SGL-Apr-28-2025_10-23-57.pth
Mon 28 Apr 2025 11:41:46 INFO  epoch 24 training [time: 165.22s, train loss: 652254.4640]
Mon 28 Apr 2025 11:42:08 INFO  epoch 24 evaluating [time: 21.74s, valid_score: 0.564700]
Mon 28 Apr 2025 11:42:08 INFO  valid result: 
mrr@10 : 0.5647
Mon 28 Apr 2025 11:42:08 INFO  Saving current: ./saved/mind/SGL-Apr-28-2025_10-23-57.pth
Mon 28 Apr 2025 11:44:53 INFO  epoch 25 training [time: 165.21s, train loss: 651234.5059]
Mon 28 Apr 2025 11:45:16 INFO  epoch 25 evaluating [time: 22.51s, valid_score: 0.566000]
Mon 28 Apr 2025 11:45:16 INFO  valid result: 
mrr@10 : 0.566
Mon 28 Apr 2025 11:45:16 INFO  Saving current: ./saved/mind/SGL-Apr-28-2025_10-23-57.pth
Mon 28 Apr 2025 11:48:01 INFO  epoch 26 training [time: 165.04s, train loss: 649500.2092]
Mon 28 Apr 2025 11:48:23 INFO  epoch 26 evaluating [time: 22.36s, valid_score: 0.565300]
Mon 28 Apr 2025 11:48:23 INFO  valid result: 
mrr@10 : 0.5653
Mon 28 Apr 2025 11:51:08 INFO  epoch 27 training [time: 165.17s, train loss: 648325.3606]
Mon 28 Apr 2025 11:51:31 INFO  epoch 27 evaluating [time: 22.20s, valid_score: 0.566400]
Mon 28 Apr 2025 11:51:31 INFO  valid result: 
mrr@10 : 0.5664
Mon 28 Apr 2025 11:51:31 INFO  Saving current: ./saved/mind/SGL-Apr-28-2025_10-23-57.pth
Mon 28 Apr 2025 11:54:16 INFO  epoch 28 training [time: 165.02s, train loss: 647097.9635]
Mon 28 Apr 2025 11:54:37 INFO  epoch 28 evaluating [time: 21.71s, valid_score: 0.566500]
Mon 28 Apr 2025 11:54:37 INFO  valid result: 
mrr@10 : 0.5665
Mon 28 Apr 2025 11:54:37 INFO  Saving current: ./saved/mind/SGL-Apr-28-2025_10-23-57.pth
Mon 28 Apr 2025 11:57:23 INFO  epoch 29 training [time: 165.31s, train loss: 646621.3934]
Mon 28 Apr 2025 11:57:44 INFO  epoch 29 evaluating [time: 21.60s, valid_score: 0.566300]
Mon 28 Apr 2025 11:57:44 INFO  valid result: 
mrr@10 : 0.5663
Mon 28 Apr 2025 12:00:30 INFO  epoch 30 training [time: 165.29s, train loss: 645100.2593]
Mon 28 Apr 2025 12:00:51 INFO  epoch 30 evaluating [time: 21.59s, valid_score: 0.567200]
Mon 28 Apr 2025 12:00:51 INFO  valid result: 
mrr@10 : 0.5672
Mon 28 Apr 2025 12:00:51 INFO  Saving current: ./saved/mind/SGL-Apr-28-2025_10-23-57.pth
Mon 28 Apr 2025 12:03:37 INFO  epoch 31 training [time: 165.29s, train loss: 643978.6129]
Mon 28 Apr 2025 12:03:59 INFO  epoch 31 evaluating [time: 22.14s, valid_score: 0.568400]
Mon 28 Apr 2025 12:03:59 INFO  valid result: 
mrr@10 : 0.5684
Mon 28 Apr 2025 12:03:59 INFO  Saving current: ./saved/mind/SGL-Apr-28-2025_10-23-57.pth
Mon 28 Apr 2025 12:06:44 INFO  epoch 32 training [time: 165.22s, train loss: 643656.7627]
Mon 28 Apr 2025 12:07:06 INFO  epoch 32 evaluating [time: 21.84s, valid_score: 0.569600]
Mon 28 Apr 2025 12:07:06 INFO  valid result: 
mrr@10 : 0.5696
Mon 28 Apr 2025 12:07:06 INFO  Saving current: ./saved/mind/SGL-Apr-28-2025_10-23-57.pth
Mon 28 Apr 2025 12:09:51 INFO  epoch 33 training [time: 165.18s, train loss: 642477.6984]
Mon 28 Apr 2025 12:10:13 INFO  epoch 33 evaluating [time: 21.82s, valid_score: 0.568600]
Mon 28 Apr 2025 12:10:13 INFO  valid result: 
mrr@10 : 0.5686
Mon 28 Apr 2025 12:12:58 INFO  epoch 34 training [time: 165.20s, train loss: 641635.5865]
Mon 28 Apr 2025 12:13:20 INFO  epoch 34 evaluating [time: 22.45s, valid_score: 0.568800]
Mon 28 Apr 2025 12:13:20 INFO  valid result: 
mrr@10 : 0.5688
Mon 28 Apr 2025 12:16:06 INFO  epoch 35 training [time: 165.28s, train loss: 640757.3613]
Mon 28 Apr 2025 12:16:28 INFO  epoch 35 evaluating [time: 22.62s, valid_score: 0.569600]
Mon 28 Apr 2025 12:16:28 INFO  valid result: 
mrr@10 : 0.5696
Mon 28 Apr 2025 12:16:28 INFO  Saving current: ./saved/mind/SGL-Apr-28-2025_10-23-57.pth
Mon 28 Apr 2025 12:19:14 INFO  epoch 36 training [time: 165.25s, train loss: 639948.4489]
Mon 28 Apr 2025 12:19:37 INFO  epoch 36 evaluating [time: 22.87s, valid_score: 0.570700]
Mon 28 Apr 2025 12:19:37 INFO  valid result: 
mrr@10 : 0.5707
Mon 28 Apr 2025 12:19:37 INFO  Saving current: ./saved/mind/SGL-Apr-28-2025_10-23-57.pth
Mon 28 Apr 2025 12:22:22 INFO  epoch 37 training [time: 165.30s, train loss: 638704.3899]
Mon 28 Apr 2025 12:22:44 INFO  epoch 37 evaluating [time: 22.06s, valid_score: 0.569500]
Mon 28 Apr 2025 12:22:44 INFO  valid result: 
mrr@10 : 0.5695
Mon 28 Apr 2025 12:25:29 INFO  epoch 38 training [time: 165.22s, train loss: 638728.7640]
Mon 28 Apr 2025 12:25:51 INFO  epoch 38 evaluating [time: 21.76s, valid_score: 0.571300]
Mon 28 Apr 2025 12:25:51 INFO  valid result: 
mrr@10 : 0.5713
Mon 28 Apr 2025 12:25:51 INFO  Saving current: ./saved/mind/SGL-Apr-28-2025_10-23-57.pth
Mon 28 Apr 2025 12:28:36 INFO  epoch 39 training [time: 165.15s, train loss: 638204.3784]
Mon 28 Apr 2025 12:28:58 INFO  epoch 39 evaluating [time: 22.17s, valid_score: 0.569800]
Mon 28 Apr 2025 12:28:58 INFO  valid result: 
mrr@10 : 0.5698
Mon 28 Apr 2025 12:31:44 INFO  epoch 40 training [time: 165.34s, train loss: 637372.7749]
Mon 28 Apr 2025 12:32:05 INFO  epoch 40 evaluating [time: 21.49s, valid_score: 0.569800]
Mon 28 Apr 2025 12:32:05 INFO  valid result: 
mrr@10 : 0.5698
Mon 28 Apr 2025 12:34:50 INFO  epoch 41 training [time: 165.28s, train loss: 636868.3107]
Mon 28 Apr 2025 12:35:12 INFO  epoch 41 evaluating [time: 21.48s, valid_score: 0.572400]
Mon 28 Apr 2025 12:35:12 INFO  valid result: 
mrr@10 : 0.5724
Mon 28 Apr 2025 12:35:12 INFO  Saving current: ./saved/mind/SGL-Apr-28-2025_10-23-57.pth
Mon 28 Apr 2025 12:37:57 INFO  epoch 42 training [time: 165.28s, train loss: 636209.9664]
Mon 28 Apr 2025 12:38:19 INFO  epoch 42 evaluating [time: 22.22s, valid_score: 0.571800]
Mon 28 Apr 2025 12:38:19 INFO  valid result: 
mrr@10 : 0.5718
Mon 28 Apr 2025 12:41:05 INFO  epoch 43 training [time: 165.33s, train loss: 635643.7524]
Mon 28 Apr 2025 12:41:27 INFO  epoch 43 evaluating [time: 21.99s, valid_score: 0.571400]
Mon 28 Apr 2025 12:41:27 INFO  valid result: 
mrr@10 : 0.5714
Mon 28 Apr 2025 12:44:12 INFO  epoch 44 training [time: 165.21s, train loss: 634743.4313]
Mon 28 Apr 2025 12:44:33 INFO  epoch 44 evaluating [time: 21.36s, valid_score: 0.571600]
Mon 28 Apr 2025 12:44:33 INFO  valid result: 
mrr@10 : 0.5716
Mon 28 Apr 2025 12:47:19 INFO  epoch 45 training [time: 165.26s, train loss: 634193.5537]
Mon 28 Apr 2025 12:47:40 INFO  epoch 45 evaluating [time: 21.55s, valid_score: 0.572400]
Mon 28 Apr 2025 12:47:40 INFO  valid result: 
mrr@10 : 0.5724
Mon 28 Apr 2025 12:47:40 INFO  Saving current: ./saved/mind/SGL-Apr-28-2025_10-23-57.pth
Mon 28 Apr 2025 12:50:25 INFO  epoch 46 training [time: 165.16s, train loss: 633744.9960]
Mon 28 Apr 2025 12:50:47 INFO  epoch 46 evaluating [time: 21.57s, valid_score: 0.573100]
Mon 28 Apr 2025 12:50:47 INFO  valid result: 
mrr@10 : 0.5731
Mon 28 Apr 2025 12:50:47 INFO  Saving current: ./saved/mind/SGL-Apr-28-2025_10-23-57.pth
Mon 28 Apr 2025 12:53:32 INFO  epoch 47 training [time: 165.38s, train loss: 633334.2285]
Mon 28 Apr 2025 12:53:54 INFO  epoch 47 evaluating [time: 22.13s, valid_score: 0.574800]
Mon 28 Apr 2025 12:53:54 INFO  valid result: 
mrr@10 : 0.5748
Mon 28 Apr 2025 12:53:54 INFO  Saving current: ./saved/mind/SGL-Apr-28-2025_10-23-57.pth
Mon 28 Apr 2025 12:56:40 INFO  epoch 48 training [time: 165.11s, train loss: 632717.0814]
Mon 28 Apr 2025 12:57:01 INFO  epoch 48 evaluating [time: 21.65s, valid_score: 0.572600]
Mon 28 Apr 2025 12:57:01 INFO  valid result: 
mrr@10 : 0.5726
Mon 28 Apr 2025 12:59:46 INFO  epoch 49 training [time: 165.19s, train loss: 632366.2151]
Mon 28 Apr 2025 13:00:09 INFO  epoch 49 evaluating [time: 22.26s, valid_score: 0.574700]
Mon 28 Apr 2025 13:00:09 INFO  valid result: 
mrr@10 : 0.5747
Mon 28 Apr 2025 13:00:09 INFO  Loading model structure and parameters from ./saved/mind/SGL-Apr-28-2025_10-23-57.pth
