Thu 10 Apr 2025 09:23:24 INFO  
General Hyper Parameters:
gpu_id = 0
use_gpu = True
seed = 2020
state = INFO
reproducibility = True
data_path = dataset/amazon
checkpoint_dir = ./saved/amazon/
show_progress = True
save_dataset = True
dataset_save_path = None
save_dataloaders = True
dataloaders_save_path = None
log_wandb = False

Training Hyper Parameters:
epochs = 20
train_batch_size = 2048
learner = adam
learning_rate = 0.001
train_neg_sample_args = {'distribution': 'uniform', 'sample_num': 1, 'alpha': 1.0, 'dynamic': False, 'candidate_num': 0}
eval_step = 1
stopping_step = 50
clip_grad_norm = None
weight_decay = 0.0
loss_decimal_place = 4

Evaluation Hyper Parameters:
eval_args = {'split': {'RS': [0.8, 0.1, 0.1]}, 'group_by': 'user', 'order': 'RO', 'mode': 'full'}
repeatable = False
metrics = ['Recall', 'MRR', 'NDCG', 'Hit', 'MAP', 'Precision', 'GAUC', 'ItemCoverage', 'AveragePopularity', 'GiniIndex', 'ShannonEntropy', 'TailPercentage']
topk = [10]
valid_metric = MRR@10
valid_metric_bigger = True
eval_batch_size = 4096
metric_decimal_place = 4

Dataset Hyper Parameters:
field_separator = 	
seq_separator =  
USER_ID_FIELD = user_id
ITEM_ID_FIELD = item_id
RATING_FIELD = rating
TIME_FIELD = timestamp
seq_len = None
LABEL_FIELD = label
threshold = None
NEG_PREFIX = neg_
load_col = {'inter': ['user_id', 'item_id']}
unload_col = None
unused_col = None
additional_feat_suffix = None
rm_dup_inter = None
val_interval = None
filter_inter_by_user_or_item = True
user_inter_num_interval = [0,inf)
item_inter_num_interval = [0,inf)
alias_of_user_id = None
alias_of_item_id = None
alias_of_entity_id = None
alias_of_relation_id = None
preload_weight = None
normalize_field = None
normalize_all = None
ITEM_LIST_LENGTH_FIELD = item_length
LIST_SUFFIX = _list
MAX_ITEM_LIST_LENGTH = 50
POSITION_FIELD = position_id
HEAD_ENTITY_ID_FIELD = head_id
TAIL_ENTITY_ID_FIELD = tail_id
RELATION_ID_FIELD = relation_id
ENTITY_ID_FIELD = entity_id
benchmark_filename = None

Other Hyper Parameters: 
worker = 0
wandb_project = recbole
shuffle = True
require_pow = False
enable_amp = False
enable_scaler = False
transform = None
type = ED
n_layers = 3
ssl_tau = 0.5
reg_weight = 1e-05
ssl_weight = 0.05
drop_ratio = 0.1
embedding_size = 64
numerical_features = []
discretization = None
kg_reverse_r = False
entity_kg_num_interval = [0,inf)
relation_kg_num_interval = [0,inf)
MODEL_TYPE = ModelType.GENERAL
MODEL_INPUT_TYPE = InputType.PAIRWISE
eval_type = EvaluatorType.RANKING
single_spec = True
local_rank = 0
device = cuda
eval_neg_sample_args = {'distribution': 'uniform', 'sample_num': 'none'}


Thu 10 Apr 2025 09:23:24 INFO  Load filtered dataset from: [./saved/amazon/amazon-Dataset.pth]
Thu 10 Apr 2025 09:23:24 INFO  amazon
The number of users: 22156
Average actions of users: 66.16434213495825
The number of items: 54459
Average actions of items: 26.917459326453415
The number of inters: 1465871
The sparsity of the dataset: 99.87851162187994%
Remain Fields: ['user_id', 'item_id']
Thu 10 Apr 2025 09:23:28 INFO  Saving split dataloaders into: [./saved/amazon/amazon-for-SGL-dataloader.pth]
Thu 10 Apr 2025 09:23:37 INFO  [Training]: train_batch_size = [2048] train_neg_sample_args: [{'distribution': 'uniform', 'sample_num': 1, 'alpha': 1.0, 'dynamic': False, 'candidate_num': 0}]
Thu 10 Apr 2025 09:23:37 INFO  [Evaluation]: eval_batch_size = [4096] eval_args: [{'split': {'RS': [0.8, 0.1, 0.1]}, 'group_by': 'user', 'order': 'RO', 'mode': 'full'}]
Thu 10 Apr 2025 09:23:38 INFO  SGL(
  (user_embedding): Embedding(22156, 64)
  (item_embedding): Embedding(54459, 64)
  (reg_loss): EmbLoss()
)
Trainable parameters: 4903360
Thu 10 Apr 2025 09:29:54 INFO  epoch 0 training [time: 371.03s, train loss: 1832731.7755]
Thu 10 Apr 2025 09:31:06 INFO  epoch 0 evaluating [time: 72.65s, valid_score: 0.007800]
Thu 10 Apr 2025 09:31:06 INFO  valid result: 
recall@10 : 0.0052    mrr@10 : 0.0078    ndcg@10 : 0.0042    hit@10 : 0.0237    map@10 : 0.0019    precision@10 : 0.0028    gauc : 0.7219    itemcoverage@10 : 0.2773    averagepopularity@10 : 18.4053    giniindex@10 : -0.1251    shannonentropy@10 : 0.0005    tailpercentage@10 : 0.3695
Thu 10 Apr 2025 09:31:07 INFO  Saving current: ./saved/amazon/SGL-Apr-10-2025_09-23-38.pth
Thu 10 Apr 2025 09:37:19 INFO  epoch 1 training [time: 371.69s, train loss: 1826770.2927]
Thu 10 Apr 2025 09:38:34 INFO  epoch 1 evaluating [time: 75.82s, valid_score: 0.017000]
Thu 10 Apr 2025 09:38:34 INFO  valid result: 
recall@10 : 0.0078    mrr@10 : 0.017    ndcg@10 : 0.0078    hit@10 : 0.0463    map@10 : 0.0033    precision@10 : 0.0058    gauc : 0.8107    itemcoverage@10 : 0.1375    averagepopularity@10 : 39.42    giniindex@10 : -0.094    shannonentropy@10 : 0.0008    tailpercentage@10 : 0.1822
Thu 10 Apr 2025 09:38:35 INFO  Saving current: ./saved/amazon/SGL-Apr-10-2025_09-23-38.pth
Thu 10 Apr 2025 09:44:47 INFO  epoch 2 training [time: 371.66s, train loss: 1796697.4026]
Thu 10 Apr 2025 09:46:05 INFO  epoch 2 evaluating [time: 78.73s, valid_score: 0.025400]
Thu 10 Apr 2025 09:46:05 INFO  valid result: 
recall@10 : 0.0125    mrr@10 : 0.0254    ndcg@10 : 0.0119    hit@10 : 0.0713    map@10 : 0.005    precision@10 : 0.0086    gauc : 0.9046    itemcoverage@10 : 0.0481    averagepopularity@10 : 126.5681    giniindex@10 : -0.0859    shannonentropy@10 : 0.0021    tailpercentage@10 : 0.0081
Thu 10 Apr 2025 09:46:05 INFO  Saving current: ./saved/amazon/SGL-Apr-10-2025_09-23-38.pth
Thu 10 Apr 2025 09:52:17 INFO  epoch 3 training [time: 371.60s, train loss: 1512875.9199]
Thu 10 Apr 2025 09:53:36 INFO  epoch 3 evaluating [time: 78.69s, valid_score: 0.038700]
Thu 10 Apr 2025 09:53:36 INFO  valid result: 
recall@10 : 0.0198    mrr@10 : 0.0387    ndcg@10 : 0.0185    hit@10 : 0.1066    map@10 : 0.008    precision@10 : 0.0126    gauc : 0.9248    itemcoverage@10 : 0.0256    averagepopularity@10 : 222.2893    giniindex@10 : -0.0855    shannonentropy@10 : 0.0041    tailpercentage@10 : 0.0
Thu 10 Apr 2025 09:53:36 INFO  Saving current: ./saved/amazon/SGL-Apr-10-2025_09-23-38.pth
Thu 10 Apr 2025 09:59:48 INFO  epoch 4 training [time: 371.82s, train loss: 1288642.2190]
Thu 10 Apr 2025 10:01:06 INFO  epoch 4 evaluating [time: 78.53s, valid_score: 0.045200]
Thu 10 Apr 2025 10:01:06 INFO  valid result: 
recall@10 : 0.0232    mrr@10 : 0.0452    ndcg@10 : 0.0216    hit@10 : 0.1215    map@10 : 0.0095    precision@10 : 0.0143    gauc : 0.9333    itemcoverage@10 : 0.0297    averagepopularity@10 : 204.6266    giniindex@10 : -0.0868    shannonentropy@10 : 0.0037    tailpercentage@10 : 0.0
Thu 10 Apr 2025 10:01:06 INFO  Saving current: ./saved/amazon/SGL-Apr-10-2025_09-23-38.pth
Thu 10 Apr 2025 10:07:18 INFO  epoch 5 training [time: 371.62s, train loss: 1231634.6955]
Thu 10 Apr 2025 10:08:35 INFO  epoch 5 evaluating [time: 77.50s, valid_score: 0.048600]
Thu 10 Apr 2025 10:08:35 INFO  valid result: 
recall@10 : 0.0256    mrr@10 : 0.0486    ndcg@10 : 0.0235    hit@10 : 0.1309    map@10 : 0.0104    precision@10 : 0.0155    gauc : 0.9379    itemcoverage@10 : 0.0347    averagepopularity@10 : 191.1644    giniindex@10 : -0.088    shannonentropy@10 : 0.0033    tailpercentage@10 : 0.0
Thu 10 Apr 2025 10:08:35 INFO  Saving current: ./saved/amazon/SGL-Apr-10-2025_09-23-38.pth
Thu 10 Apr 2025 10:14:47 INFO  epoch 6 training [time: 371.72s, train loss: 1203160.1715]
Thu 10 Apr 2025 10:16:05 INFO  epoch 6 evaluating [time: 78.35s, valid_score: 0.051800]
Thu 10 Apr 2025 10:16:05 INFO  valid result: 
recall@10 : 0.0276    mrr@10 : 0.0518    ndcg@10 : 0.0252    hit@10 : 0.1376    map@10 : 0.0114    precision@10 : 0.0163    gauc : 0.9409    itemcoverage@10 : 0.0395    averagepopularity@10 : 184.2246    giniindex@10 : -0.0891    shannonentropy@10 : 0.0029    tailpercentage@10 : 0.0
Thu 10 Apr 2025 10:16:06 INFO  Saving current: ./saved/amazon/SGL-Apr-10-2025_09-23-38.pth
Thu 10 Apr 2025 10:22:17 INFO  epoch 7 training [time: 371.73s, train loss: 1185255.5555]
Thu 10 Apr 2025 10:23:36 INFO  epoch 7 evaluating [time: 78.97s, valid_score: 0.054300]
Thu 10 Apr 2025 10:23:36 INFO  valid result: 
recall@10 : 0.0294    mrr@10 : 0.0543    ndcg@10 : 0.0267    hit@10 : 0.1443    map@10 : 0.0121    precision@10 : 0.0172    gauc : 0.9431    itemcoverage@10 : 0.0434    averagepopularity@10 : 179.1386    giniindex@10 : -0.09    shannonentropy@10 : 0.0027    tailpercentage@10 : 0.0
Thu 10 Apr 2025 10:23:36 INFO  Saving current: ./saved/amazon/SGL-Apr-10-2025_09-23-38.pth
Thu 10 Apr 2025 10:29:48 INFO  epoch 8 training [time: 371.60s, train loss: 1171640.4909]
Thu 10 Apr 2025 10:31:06 INFO  epoch 8 evaluating [time: 78.06s, valid_score: 0.056000]
Thu 10 Apr 2025 10:31:06 INFO  valid result: 
recall@10 : 0.0305    mrr@10 : 0.056    ndcg@10 : 0.0277    hit@10 : 0.1485    map@10 : 0.0126    precision@10 : 0.0178    gauc : 0.9447    itemcoverage@10 : 0.0481    averagepopularity@10 : 175.7005    giniindex@10 : -0.091    shannonentropy@10 : 0.0025    tailpercentage@10 : 0.0
Thu 10 Apr 2025 10:31:06 INFO  Saving current: ./saved/amazon/SGL-Apr-10-2025_09-23-38.pth
Thu 10 Apr 2025 10:37:18 INFO  epoch 9 training [time: 371.75s, train loss: 1160829.8449]
Thu 10 Apr 2025 10:38:36 INFO  epoch 9 evaluating [time: 78.37s, valid_score: 0.058100]
Thu 10 Apr 2025 10:38:36 INFO  valid result: 
recall@10 : 0.0318    mrr@10 : 0.0581    ndcg@10 : 0.0288    hit@10 : 0.1529    map@10 : 0.0131    precision@10 : 0.0184    gauc : 0.9461    itemcoverage@10 : 0.0524    averagepopularity@10 : 172.4808    giniindex@10 : -0.0919    shannonentropy@10 : 0.0023    tailpercentage@10 : 0.0001
Thu 10 Apr 2025 10:38:36 INFO  Saving current: ./saved/amazon/SGL-Apr-10-2025_09-23-38.pth
Thu 10 Apr 2025 10:44:48 INFO  epoch 10 training [time: 371.77s, train loss: 1152297.7745]
Thu 10 Apr 2025 10:46:07 INFO  epoch 10 evaluating [time: 78.74s, valid_score: 0.059400]
Thu 10 Apr 2025 10:46:07 INFO  valid result: 
recall@10 : 0.033    mrr@10 : 0.0594    ndcg@10 : 0.0296    hit@10 : 0.1569    map@10 : 0.0135    precision@10 : 0.0189    gauc : 0.9472    itemcoverage@10 : 0.0564    averagepopularity@10 : 170.1243    giniindex@10 : -0.0928    shannonentropy@10 : 0.0022    tailpercentage@10 : 0.0001
Thu 10 Apr 2025 10:46:07 INFO  Saving current: ./saved/amazon/SGL-Apr-10-2025_09-23-38.pth
Thu 10 Apr 2025 10:52:19 INFO  epoch 11 training [time: 372.03s, train loss: 1143702.4237]
Thu 10 Apr 2025 10:53:39 INFO  epoch 11 evaluating [time: 79.68s, valid_score: 0.061300]
Thu 10 Apr 2025 10:53:39 INFO  valid result: 
recall@10 : 0.0342    mrr@10 : 0.0613    ndcg@10 : 0.0306    hit@10 : 0.1614    map@10 : 0.014    precision@10 : 0.0195    gauc : 0.9481    itemcoverage@10 : 0.061    averagepopularity@10 : 167.9667    giniindex@10 : -0.0938    shannonentropy@10 : 0.002    tailpercentage@10 : 0.0001
Thu 10 Apr 2025 10:53:39 INFO  Saving current: ./saved/amazon/SGL-Apr-10-2025_09-23-38.pth
Thu 10 Apr 2025 10:59:51 INFO  epoch 12 training [time: 371.90s, train loss: 1137260.3165]
Thu 10 Apr 2025 11:01:09 INFO  epoch 12 evaluating [time: 78.56s, valid_score: 0.062800]
Thu 10 Apr 2025 11:01:09 INFO  valid result: 
recall@10 : 0.0349    mrr@10 : 0.0628    ndcg@10 : 0.0314    hit@10 : 0.1649    map@10 : 0.0145    precision@10 : 0.0199    gauc : 0.949    itemcoverage@10 : 0.0658    averagepopularity@10 : 165.6175    giniindex@10 : -0.0947    shannonentropy@10 : 0.0019    tailpercentage@10 : 0.0001
Thu 10 Apr 2025 11:01:10 INFO  Saving current: ./saved/amazon/SGL-Apr-10-2025_09-23-38.pth
Thu 10 Apr 2025 11:07:21 INFO  epoch 13 training [time: 371.69s, train loss: 1131102.3543]
Thu 10 Apr 2025 11:08:39 INFO  epoch 13 evaluating [time: 77.86s, valid_score: 0.064000]
Thu 10 Apr 2025 11:08:39 INFO  valid result: 
recall@10 : 0.0358    mrr@10 : 0.064    ndcg@10 : 0.0321    hit@10 : 0.1692    map@10 : 0.0148    precision@10 : 0.0204    gauc : 0.9497    itemcoverage@10 : 0.0703    averagepopularity@10 : 163.7453    giniindex@10 : -0.0956    shannonentropy@10 : 0.0018    tailpercentage@10 : 0.0001
Thu 10 Apr 2025 11:08:39 INFO  Saving current: ./saved/amazon/SGL-Apr-10-2025_09-23-38.pth
Thu 10 Apr 2025 11:14:51 INFO  epoch 14 training [time: 371.59s, train loss: 1126340.7160]
Thu 10 Apr 2025 11:16:10 INFO  epoch 14 evaluating [time: 79.20s, valid_score: 0.065100]
Thu 10 Apr 2025 11:16:10 INFO  valid result: 
recall@10 : 0.0365    mrr@10 : 0.0651    ndcg@10 : 0.0327    hit@10 : 0.1715    map@10 : 0.0151    precision@10 : 0.0207    gauc : 0.9503    itemcoverage@10 : 0.0749    averagepopularity@10 : 161.659    giniindex@10 : -0.0966    shannonentropy@10 : 0.0017    tailpercentage@10 : 0.0001
Thu 10 Apr 2025 11:16:10 INFO  Saving current: ./saved/amazon/SGL-Apr-10-2025_09-23-38.pth
Thu 10 Apr 2025 11:22:22 INFO  epoch 15 training [time: 371.74s, train loss: 1121082.0801]
Thu 10 Apr 2025 11:23:40 INFO  epoch 15 evaluating [time: 78.26s, valid_score: 0.065800]
Thu 10 Apr 2025 11:23:40 INFO  valid result: 
recall@10 : 0.0371    mrr@10 : 0.0658    ndcg@10 : 0.0332    hit@10 : 0.1733    map@10 : 0.0154    precision@10 : 0.021    gauc : 0.9508    itemcoverage@10 : 0.0793    averagepopularity@10 : 159.9234    giniindex@10 : -0.0976    shannonentropy@10 : 0.0016    tailpercentage@10 : 0.0002
Thu 10 Apr 2025 11:23:40 INFO  Saving current: ./saved/amazon/SGL-Apr-10-2025_09-23-38.pth
Thu 10 Apr 2025 11:29:52 INFO  epoch 16 training [time: 371.57s, train loss: 1116086.6840]
Thu 10 Apr 2025 11:31:10 INFO  epoch 16 evaluating [time: 78.26s, valid_score: 0.067000]
Thu 10 Apr 2025 11:31:10 INFO  valid result: 
recall@10 : 0.0377    mrr@10 : 0.067    ndcg@10 : 0.0338    hit@10 : 0.1765    map@10 : 0.0156    precision@10 : 0.0213    gauc : 0.9514    itemcoverage@10 : 0.083    averagepopularity@10 : 158.3647    giniindex@10 : -0.0985    shannonentropy@10 : 0.0016    tailpercentage@10 : 0.0002
Thu 10 Apr 2025 11:31:10 INFO  Saving current: ./saved/amazon/SGL-Apr-10-2025_09-23-38.pth
Thu 10 Apr 2025 11:37:22 INFO  epoch 17 training [time: 371.53s, train loss: 1112488.0552]
Thu 10 Apr 2025 11:38:42 INFO  epoch 17 evaluating [time: 80.78s, valid_score: 0.068100]
Thu 10 Apr 2025 11:38:42 INFO  valid result: 
recall@10 : 0.0382    mrr@10 : 0.0681    ndcg@10 : 0.0342    hit@10 : 0.1778    map@10 : 0.0159    precision@10 : 0.0215    gauc : 0.9518    itemcoverage@10 : 0.0876    averagepopularity@10 : 156.7878    giniindex@10 : -0.0995    shannonentropy@10 : 0.0015    tailpercentage@10 : 0.0002
Thu 10 Apr 2025 11:38:42 INFO  Saving current: ./saved/amazon/SGL-Apr-10-2025_09-23-38.pth
Thu 10 Apr 2025 11:44:54 INFO  epoch 18 training [time: 371.89s, train loss: 1109336.8109]
Thu 10 Apr 2025 11:46:15 INFO  epoch 18 evaluating [time: 80.98s, valid_score: 0.069300]
Thu 10 Apr 2025 11:46:15 INFO  valid result: 
recall@10 : 0.0384    mrr@10 : 0.0693    ndcg@10 : 0.0347    hit@10 : 0.179    map@10 : 0.0162    precision@10 : 0.0217    gauc : 0.9522    itemcoverage@10 : 0.0918    averagepopularity@10 : 155.4319    giniindex@10 : -0.1005    shannonentropy@10 : 0.0014    tailpercentage@10 : 0.0003
Thu 10 Apr 2025 11:46:15 INFO  Saving current: ./saved/amazon/SGL-Apr-10-2025_09-23-38.pth
Thu 10 Apr 2025 11:52:27 INFO  epoch 19 training [time: 371.77s, train loss: 1105650.1868]
Thu 10 Apr 2025 11:53:48 INFO  epoch 19 evaluating [time: 80.36s, valid_score: 0.069800]
Thu 10 Apr 2025 11:53:48 INFO  valid result: 
recall@10 : 0.0395    mrr@10 : 0.0698    ndcg@10 : 0.0352    hit@10 : 0.1818    map@10 : 0.0164    precision@10 : 0.0221    gauc : 0.9525    itemcoverage@10 : 0.096    averagepopularity@10 : 153.8788    giniindex@10 : -0.1015    shannonentropy@10 : 0.0014    tailpercentage@10 : 0.0003
Thu 10 Apr 2025 11:53:48 INFO  Saving current: ./saved/amazon/SGL-Apr-10-2025_09-23-38.pth
Thu 10 Apr 2025 11:53:48 INFO  Loading model structure and parameters from ./saved/amazon/SGL-Apr-10-2025_09-23-38.pth
