Wed 16 Apr 2025 16:59:12 INFO  
General Hyper Parameters:
gpu_id = 0
use_gpu = True
seed = 2020
state = INFO
reproducibility = True
data_path = dataset/movielens
checkpoint_dir = ./saved/movielens/
show_progress = True
save_dataset = True
dataset_save_path = None
save_dataloaders = True
dataloaders_save_path = None
log_wandb = False

Training Hyper Parameters:
epochs = 50
train_batch_size = 2048
learner = adam
learning_rate = 0.001
train_neg_sample_args = {'distribution': 'uniform', 'sample_num': 1, 'alpha': 1.0, 'dynamic': False, 'candidate_num': 0}
eval_step = 1
stopping_step = 50
clip_grad_norm = None
weight_decay = 0.0
loss_decimal_place = 4

Evaluation Hyper Parameters:
eval_args = {'split': {'RS': [0.8, 0.1, 0.1]}, 'group_by': 'user', 'order': 'RO', 'mode': 'full'}
repeatable = False
metrics = ['MRR']
topk = [10]
valid_metric = MRR@10
valid_metric_bigger = True
eval_batch_size = 4096
metric_decimal_place = 4

Dataset Hyper Parameters:
field_separator = 	
seq_separator =  
USER_ID_FIELD = user_id
ITEM_ID_FIELD = item_id
RATING_FIELD = rating
TIME_FIELD = timestamp
seq_len = None
LABEL_FIELD = label
threshold = None
NEG_PREFIX = neg_
load_col = {'inter': ['user_id', 'item_id']}
unload_col = None
unused_col = None
additional_feat_suffix = None
rm_dup_inter = None
val_interval = None
filter_inter_by_user_or_item = True
user_inter_num_interval = [0,inf)
item_inter_num_interval = [0,inf)
alias_of_user_id = None
alias_of_item_id = None
alias_of_entity_id = None
alias_of_relation_id = None
preload_weight = None
normalize_field = None
normalize_all = None
ITEM_LIST_LENGTH_FIELD = item_length
LIST_SUFFIX = _list
MAX_ITEM_LIST_LENGTH = 50
POSITION_FIELD = position_id
HEAD_ENTITY_ID_FIELD = head_id
TAIL_ENTITY_ID_FIELD = tail_id
RELATION_ID_FIELD = relation_id
ENTITY_ID_FIELD = entity_id
benchmark_filename = None

Other Hyper Parameters: 
worker = 0
wandb_project = recbole
shuffle = True
require_pow = False
enable_amp = False
enable_scaler = False
transform = None
embedding_size = 64
hidden_size_list = [64, 64, 64]
node_dropout = 0.0
message_dropout = 0.1
reg_weight = 1e-05
numerical_features = []
discretization = None
kg_reverse_r = False
entity_kg_num_interval = [0,inf)
relation_kg_num_interval = [0,inf)
MODEL_TYPE = ModelType.GENERAL
MODEL_INPUT_TYPE = InputType.PAIRWISE
eval_type = EvaluatorType.RANKING
single_spec = True
local_rank = 0
device = cuda
eval_neg_sample_args = {'distribution': 'uniform', 'sample_num': 'none'}


Wed 16 Apr 2025 16:59:12 INFO  Load filtered dataset from: [./saved/movielens/movielens-Dataset.pth]
Wed 16 Apr 2025 16:59:12 INFO  movielens
The number of users: 6037
Average actions of users: 125.48889993373095
The number of items: 3193
Average actions of items: 237.296679197995
The number of inters: 757451
The sparsity of the dataset: 96.07052573437805%
Remain Fields: ['user_id', 'item_id']
Wed 16 Apr 2025 16:59:15 INFO  Load split dataloaders from: [./saved/movielens/movielens-for-NGCF-dataloader.pth]
Wed 16 Apr 2025 16:59:15 INFO  [Training]: train_batch_size = [2048] train_neg_sample_args: [{'distribution': 'uniform', 'sample_num': 1, 'alpha': 1.0, 'dynamic': False, 'candidate_num': 0}]
Wed 16 Apr 2025 16:59:15 INFO  [Evaluation]: eval_batch_size = [4096] eval_args: [{'split': {'RS': [0.8, 0.1, 0.1]}, 'group_by': 'user', 'order': 'RO', 'mode': 'full'}]
Wed 16 Apr 2025 16:59:19 INFO  NGCF(
  (sparse_dropout): SparseDropout()
  (user_embedding): Embedding(6037, 64)
  (item_embedding): Embedding(3193, 64)
  (GNNlayers): ModuleList(
    (0-2): 3 x BiGNNLayer(
      (linear): Linear(in_features=64, out_features=64, bias=True)
      (interActTransform): Linear(in_features=64, out_features=64, bias=True)
    )
  )
  (mf_loss): BPRLoss()
  (reg_loss): EmbLoss()
)
Trainable parameters: 615680
Wed 16 Apr 2025 16:59:59 INFO  epoch 0 training [time: 33.24s, train loss: 117.2655]
Wed 16 Apr 2025 17:00:05 INFO  epoch 0 evaluating [time: 5.90s, valid_score: 0.088600]
Wed 16 Apr 2025 17:00:05 INFO  valid result: 
mrr@10 : 0.0886
Wed 16 Apr 2025 17:00:05 INFO  Saving current: ./saved/movielens/NGCF-Apr-16-2025_16-59-19.pth
Wed 16 Apr 2025 17:00:35 INFO  epoch 1 training [time: 30.48s, train loss: 98.2563]
Wed 16 Apr 2025 17:00:40 INFO  epoch 1 evaluating [time: 5.22s, valid_score: 0.117000]
Wed 16 Apr 2025 17:00:40 INFO  valid result: 
mrr@10 : 0.117
Wed 16 Apr 2025 17:00:40 INFO  Saving current: ./saved/movielens/NGCF-Apr-16-2025_16-59-19.pth
Wed 16 Apr 2025 17:01:11 INFO  epoch 2 training [time: 30.45s, train loss: 93.5077]
Wed 16 Apr 2025 17:01:18 INFO  epoch 2 evaluating [time: 6.87s, valid_score: 0.129600]
Wed 16 Apr 2025 17:01:18 INFO  valid result: 
mrr@10 : 0.1296
Wed 16 Apr 2025 17:01:18 INFO  Saving current: ./saved/movielens/NGCF-Apr-16-2025_16-59-19.pth
Wed 16 Apr 2025 17:01:48 INFO  epoch 3 training [time: 30.44s, train loss: 91.1304]
Wed 16 Apr 2025 17:01:53 INFO  epoch 3 evaluating [time: 5.05s, valid_score: 0.139400]
Wed 16 Apr 2025 17:01:53 INFO  valid result: 
mrr@10 : 0.1394
Wed 16 Apr 2025 17:01:53 INFO  Saving current: ./saved/movielens/NGCF-Apr-16-2025_16-59-19.pth
Wed 16 Apr 2025 17:02:24 INFO  epoch 4 training [time: 30.44s, train loss: 89.4737]
Wed 16 Apr 2025 17:02:29 INFO  epoch 4 evaluating [time: 5.23s, valid_score: 0.144200]
Wed 16 Apr 2025 17:02:29 INFO  valid result: 
mrr@10 : 0.1442
Wed 16 Apr 2025 17:02:29 INFO  Saving current: ./saved/movielens/NGCF-Apr-16-2025_16-59-19.pth
Wed 16 Apr 2025 17:02:59 INFO  epoch 5 training [time: 30.40s, train loss: 87.9477]
Wed 16 Apr 2025 17:03:05 INFO  epoch 5 evaluating [time: 5.55s, valid_score: 0.168400]
Wed 16 Apr 2025 17:03:05 INFO  valid result: 
mrr@10 : 0.1684
Wed 16 Apr 2025 17:03:05 INFO  Saving current: ./saved/movielens/NGCF-Apr-16-2025_16-59-19.pth
Wed 16 Apr 2025 17:03:35 INFO  epoch 6 training [time: 30.59s, train loss: 86.8958]
Wed 16 Apr 2025 17:03:41 INFO  epoch 6 evaluating [time: 5.31s, valid_score: 0.176100]
Wed 16 Apr 2025 17:03:41 INFO  valid result: 
mrr@10 : 0.1761
Wed 16 Apr 2025 17:03:41 INFO  Saving current: ./saved/movielens/NGCF-Apr-16-2025_16-59-19.pth
Wed 16 Apr 2025 17:04:11 INFO  epoch 7 training [time: 30.52s, train loss: 85.8866]
Wed 16 Apr 2025 17:04:17 INFO  epoch 7 evaluating [time: 5.31s, valid_score: 0.180200]
Wed 16 Apr 2025 17:04:17 INFO  valid result: 
mrr@10 : 0.1802
Wed 16 Apr 2025 17:04:17 INFO  Saving current: ./saved/movielens/NGCF-Apr-16-2025_16-59-19.pth
Wed 16 Apr 2025 17:04:47 INFO  epoch 8 training [time: 30.53s, train loss: 84.6498]
Wed 16 Apr 2025 17:04:53 INFO  epoch 8 evaluating [time: 5.65s, valid_score: 0.190900]
Wed 16 Apr 2025 17:04:53 INFO  valid result: 
mrr@10 : 0.1909
Wed 16 Apr 2025 17:04:53 INFO  Saving current: ./saved/movielens/NGCF-Apr-16-2025_16-59-19.pth
Wed 16 Apr 2025 17:05:24 INFO  epoch 9 training [time: 31.03s, train loss: 83.7709]
Wed 16 Apr 2025 17:05:29 INFO  epoch 9 evaluating [time: 5.37s, valid_score: 0.201200]
Wed 16 Apr 2025 17:05:29 INFO  valid result: 
mrr@10 : 0.2012
Wed 16 Apr 2025 17:05:29 INFO  Saving current: ./saved/movielens/NGCF-Apr-16-2025_16-59-19.pth
Wed 16 Apr 2025 17:06:00 INFO  epoch 10 training [time: 30.53s, train loss: 82.6128]
Wed 16 Apr 2025 17:06:07 INFO  epoch 10 evaluating [time: 7.18s, valid_score: 0.206600]
Wed 16 Apr 2025 17:06:07 INFO  valid result: 
mrr@10 : 0.2066
Wed 16 Apr 2025 17:06:07 INFO  Saving current: ./saved/movielens/NGCF-Apr-16-2025_16-59-19.pth
Wed 16 Apr 2025 17:06:37 INFO  epoch 11 training [time: 30.53s, train loss: 81.6794]
Wed 16 Apr 2025 17:06:43 INFO  epoch 11 evaluating [time: 5.42s, valid_score: 0.214500]
Wed 16 Apr 2025 17:06:43 INFO  valid result: 
mrr@10 : 0.2145
Wed 16 Apr 2025 17:06:43 INFO  Saving current: ./saved/movielens/NGCF-Apr-16-2025_16-59-19.pth
Wed 16 Apr 2025 17:07:13 INFO  epoch 12 training [time: 30.47s, train loss: 80.3693]
Wed 16 Apr 2025 17:07:19 INFO  epoch 12 evaluating [time: 5.81s, valid_score: 0.220900]
Wed 16 Apr 2025 17:07:19 INFO  valid result: 
mrr@10 : 0.2209
Wed 16 Apr 2025 17:07:19 INFO  Saving current: ./saved/movielens/NGCF-Apr-16-2025_16-59-19.pth
Wed 16 Apr 2025 17:07:50 INFO  epoch 13 training [time: 30.48s, train loss: 79.6554]
Wed 16 Apr 2025 17:07:55 INFO  epoch 13 evaluating [time: 5.60s, valid_score: 0.220200]
Wed 16 Apr 2025 17:07:55 INFO  valid result: 
mrr@10 : 0.2202
Wed 16 Apr 2025 17:08:26 INFO  epoch 14 training [time: 30.50s, train loss: 78.4514]
Wed 16 Apr 2025 17:08:31 INFO  epoch 14 evaluating [time: 5.22s, valid_score: 0.223200]
Wed 16 Apr 2025 17:08:31 INFO  valid result: 
mrr@10 : 0.2232
Wed 16 Apr 2025 17:08:31 INFO  Saving current: ./saved/movielens/NGCF-Apr-16-2025_16-59-19.pth
Wed 16 Apr 2025 17:09:01 INFO  epoch 15 training [time: 30.41s, train loss: 77.6956]
Wed 16 Apr 2025 17:09:07 INFO  epoch 15 evaluating [time: 5.06s, valid_score: 0.223200]
Wed 16 Apr 2025 17:09:07 INFO  valid result: 
mrr@10 : 0.2232
Wed 16 Apr 2025 17:09:07 INFO  Saving current: ./saved/movielens/NGCF-Apr-16-2025_16-59-19.pth
Wed 16 Apr 2025 17:09:37 INFO  epoch 16 training [time: 30.42s, train loss: 76.7601]
Wed 16 Apr 2025 17:09:42 INFO  epoch 16 evaluating [time: 5.50s, valid_score: 0.226100]
Wed 16 Apr 2025 17:09:42 INFO  valid result: 
mrr@10 : 0.2261
Wed 16 Apr 2025 17:09:42 INFO  Saving current: ./saved/movielens/NGCF-Apr-16-2025_16-59-19.pth
Wed 16 Apr 2025 17:10:13 INFO  epoch 17 training [time: 30.51s, train loss: 75.8668]
Wed 16 Apr 2025 17:10:18 INFO  epoch 17 evaluating [time: 5.49s, valid_score: 0.226800]
Wed 16 Apr 2025 17:10:18 INFO  valid result: 
mrr@10 : 0.2268
Wed 16 Apr 2025 17:10:19 INFO  Saving current: ./saved/movielens/NGCF-Apr-16-2025_16-59-19.pth
Wed 16 Apr 2025 17:10:49 INFO  epoch 18 training [time: 30.47s, train loss: 74.7978]
Wed 16 Apr 2025 17:10:54 INFO  epoch 18 evaluating [time: 5.31s, valid_score: 0.227400]
Wed 16 Apr 2025 17:10:54 INFO  valid result: 
mrr@10 : 0.2274
Wed 16 Apr 2025 17:10:54 INFO  Saving current: ./saved/movielens/NGCF-Apr-16-2025_16-59-19.pth
Wed 16 Apr 2025 17:11:25 INFO  epoch 19 training [time: 30.45s, train loss: 74.2011]
Wed 16 Apr 2025 17:11:30 INFO  epoch 19 evaluating [time: 5.04s, valid_score: 0.227300]
Wed 16 Apr 2025 17:11:30 INFO  valid result: 
mrr@10 : 0.2273
Wed 16 Apr 2025 17:12:00 INFO  epoch 20 training [time: 30.41s, train loss: 73.2647]
Wed 16 Apr 2025 17:12:06 INFO  epoch 20 evaluating [time: 5.48s, valid_score: 0.227100]
Wed 16 Apr 2025 17:12:06 INFO  valid result: 
mrr@10 : 0.2271
Wed 16 Apr 2025 17:12:36 INFO  epoch 21 training [time: 30.61s, train loss: 72.3812]
Wed 16 Apr 2025 17:12:41 INFO  epoch 21 evaluating [time: 5.19s, valid_score: 0.227700]
Wed 16 Apr 2025 17:12:41 INFO  valid result: 
mrr@10 : 0.2277
Wed 16 Apr 2025 17:12:42 INFO  Saving current: ./saved/movielens/NGCF-Apr-16-2025_16-59-19.pth
Wed 16 Apr 2025 17:13:12 INFO  epoch 22 training [time: 30.70s, train loss: 71.2976]
Wed 16 Apr 2025 17:13:18 INFO  epoch 22 evaluating [time: 5.38s, valid_score: 0.230800]
Wed 16 Apr 2025 17:13:18 INFO  valid result: 
mrr@10 : 0.2308
Wed 16 Apr 2025 17:13:18 INFO  Saving current: ./saved/movielens/NGCF-Apr-16-2025_16-59-19.pth
Wed 16 Apr 2025 17:13:48 INFO  epoch 23 training [time: 30.46s, train loss: 70.8316]
Wed 16 Apr 2025 17:13:53 INFO  epoch 23 evaluating [time: 5.24s, valid_score: 0.229600]
Wed 16 Apr 2025 17:13:53 INFO  valid result: 
mrr@10 : 0.2296
Wed 16 Apr 2025 17:14:24 INFO  epoch 24 training [time: 30.62s, train loss: 70.3438]
Wed 16 Apr 2025 17:14:29 INFO  epoch 24 evaluating [time: 5.10s, valid_score: 0.228500]
Wed 16 Apr 2025 17:14:29 INFO  valid result: 
mrr@10 : 0.2285
Wed 16 Apr 2025 17:15:00 INFO  epoch 25 training [time: 30.46s, train loss: 69.5018]
Wed 16 Apr 2025 17:15:05 INFO  epoch 25 evaluating [time: 5.11s, valid_score: 0.231200]
Wed 16 Apr 2025 17:15:05 INFO  valid result: 
mrr@10 : 0.2312
Wed 16 Apr 2025 17:15:05 INFO  Saving current: ./saved/movielens/NGCF-Apr-16-2025_16-59-19.pth
Wed 16 Apr 2025 17:15:35 INFO  epoch 26 training [time: 30.43s, train loss: 68.3959]
Wed 16 Apr 2025 17:15:40 INFO  epoch 26 evaluating [time: 5.22s, valid_score: 0.234600]
Wed 16 Apr 2025 17:15:40 INFO  valid result: 
mrr@10 : 0.2346
Wed 16 Apr 2025 17:15:40 INFO  Saving current: ./saved/movielens/NGCF-Apr-16-2025_16-59-19.pth
Wed 16 Apr 2025 17:16:11 INFO  epoch 27 training [time: 30.50s, train loss: 67.6376]
Wed 16 Apr 2025 17:16:16 INFO  epoch 27 evaluating [time: 5.37s, valid_score: 0.232400]
Wed 16 Apr 2025 17:16:16 INFO  valid result: 
mrr@10 : 0.2324
Wed 16 Apr 2025 17:16:47 INFO  epoch 28 training [time: 30.54s, train loss: 66.8445]
Wed 16 Apr 2025 17:16:52 INFO  epoch 28 evaluating [time: 5.02s, valid_score: 0.231500]
Wed 16 Apr 2025 17:16:52 INFO  valid result: 
mrr@10 : 0.2315
Wed 16 Apr 2025 17:17:22 INFO  epoch 29 training [time: 30.62s, train loss: 66.1359]
Wed 16 Apr 2025 17:17:29 INFO  epoch 29 evaluating [time: 7.03s, valid_score: 0.233100]
Wed 16 Apr 2025 17:17:29 INFO  valid result: 
mrr@10 : 0.2331
Wed 16 Apr 2025 17:18:00 INFO  epoch 30 training [time: 30.70s, train loss: 65.2689]
Wed 16 Apr 2025 17:18:07 INFO  epoch 30 evaluating [time: 7.27s, valid_score: 0.232200]
Wed 16 Apr 2025 17:18:07 INFO  valid result: 
mrr@10 : 0.2322
Wed 16 Apr 2025 17:18:38 INFO  epoch 31 training [time: 30.59s, train loss: 64.7691]
Wed 16 Apr 2025 17:18:43 INFO  epoch 31 evaluating [time: 5.46s, valid_score: 0.234600]
Wed 16 Apr 2025 17:18:43 INFO  valid result: 
mrr@10 : 0.2346
Wed 16 Apr 2025 17:18:43 INFO  Saving current: ./saved/movielens/NGCF-Apr-16-2025_16-59-19.pth
Wed 16 Apr 2025 17:19:14 INFO  epoch 32 training [time: 30.46s, train loss: 64.0294]
Wed 16 Apr 2025 17:19:20 INFO  epoch 32 evaluating [time: 6.45s, valid_score: 0.234000]
Wed 16 Apr 2025 17:19:20 INFO  valid result: 
mrr@10 : 0.234
Wed 16 Apr 2025 17:19:51 INFO  epoch 33 training [time: 30.49s, train loss: 63.3407]
Wed 16 Apr 2025 17:19:56 INFO  epoch 33 evaluating [time: 5.05s, valid_score: 0.234500]
Wed 16 Apr 2025 17:19:56 INFO  valid result: 
mrr@10 : 0.2345
Wed 16 Apr 2025 17:20:26 INFO  epoch 34 training [time: 30.43s, train loss: 63.0198]
Wed 16 Apr 2025 17:20:31 INFO  epoch 34 evaluating [time: 5.01s, valid_score: 0.231800]
Wed 16 Apr 2025 17:20:31 INFO  valid result: 
mrr@10 : 0.2318
Wed 16 Apr 2025 17:21:02 INFO  epoch 35 training [time: 30.44s, train loss: 62.0528]
Wed 16 Apr 2025 17:21:07 INFO  epoch 35 evaluating [time: 5.04s, valid_score: 0.232200]
Wed 16 Apr 2025 17:21:07 INFO  valid result: 
mrr@10 : 0.2322
Wed 16 Apr 2025 17:21:37 INFO  epoch 36 training [time: 30.58s, train loss: 61.4684]
Wed 16 Apr 2025 17:21:42 INFO  epoch 36 evaluating [time: 5.08s, valid_score: 0.235300]
Wed 16 Apr 2025 17:21:42 INFO  valid result: 
mrr@10 : 0.2353
Wed 16 Apr 2025 17:21:43 INFO  Saving current: ./saved/movielens/NGCF-Apr-16-2025_16-59-19.pth
Wed 16 Apr 2025 17:22:13 INFO  epoch 37 training [time: 30.57s, train loss: 60.9307]
Wed 16 Apr 2025 17:22:18 INFO  epoch 37 evaluating [time: 5.06s, valid_score: 0.233800]
Wed 16 Apr 2025 17:22:18 INFO  valid result: 
mrr@10 : 0.2338
Wed 16 Apr 2025 17:22:49 INFO  epoch 38 training [time: 30.52s, train loss: 60.4899]
Wed 16 Apr 2025 17:22:54 INFO  epoch 38 evaluating [time: 5.00s, valid_score: 0.234100]
Wed 16 Apr 2025 17:22:54 INFO  valid result: 
mrr@10 : 0.2341
Wed 16 Apr 2025 17:23:24 INFO  epoch 39 training [time: 30.41s, train loss: 59.4182]
Wed 16 Apr 2025 17:23:29 INFO  epoch 39 evaluating [time: 5.09s, valid_score: 0.237300]
Wed 16 Apr 2025 17:23:29 INFO  valid result: 
mrr@10 : 0.2373
Wed 16 Apr 2025 17:23:29 INFO  Saving current: ./saved/movielens/NGCF-Apr-16-2025_16-59-19.pth
Wed 16 Apr 2025 17:24:00 INFO  epoch 40 training [time: 30.36s, train loss: 58.4837]
Wed 16 Apr 2025 17:24:04 INFO  epoch 40 evaluating [time: 4.91s, valid_score: 0.235500]
Wed 16 Apr 2025 17:24:04 INFO  valid result: 
mrr@10 : 0.2355
Wed 16 Apr 2025 17:24:35 INFO  epoch 41 training [time: 30.45s, train loss: 58.1852]
Wed 16 Apr 2025 17:24:40 INFO  epoch 41 evaluating [time: 5.15s, valid_score: 0.238700]
Wed 16 Apr 2025 17:24:40 INFO  valid result: 
mrr@10 : 0.2387
Wed 16 Apr 2025 17:24:40 INFO  Saving current: ./saved/movielens/NGCF-Apr-16-2025_16-59-19.pth
Wed 16 Apr 2025 17:25:11 INFO  epoch 42 training [time: 30.48s, train loss: 57.6292]
Wed 16 Apr 2025 17:25:16 INFO  epoch 42 evaluating [time: 5.08s, valid_score: 0.240500]
Wed 16 Apr 2025 17:25:16 INFO  valid result: 
mrr@10 : 0.2405
Wed 16 Apr 2025 17:25:16 INFO  Saving current: ./saved/movielens/NGCF-Apr-16-2025_16-59-19.pth
Wed 16 Apr 2025 17:25:46 INFO  epoch 43 training [time: 30.32s, train loss: 56.8573]
Wed 16 Apr 2025 17:25:52 INFO  epoch 43 evaluating [time: 5.56s, valid_score: 0.241100]
Wed 16 Apr 2025 17:25:52 INFO  valid result: 
mrr@10 : 0.2411
Wed 16 Apr 2025 17:25:52 INFO  Saving current: ./saved/movielens/NGCF-Apr-16-2025_16-59-19.pth
Wed 16 Apr 2025 17:26:22 INFO  epoch 44 training [time: 30.45s, train loss: 56.4295]
Wed 16 Apr 2025 17:26:27 INFO  epoch 44 evaluating [time: 5.35s, valid_score: 0.240500]
Wed 16 Apr 2025 17:26:27 INFO  valid result: 
mrr@10 : 0.2405
Wed 16 Apr 2025 17:26:58 INFO  epoch 45 training [time: 30.46s, train loss: 55.6170]
Wed 16 Apr 2025 17:27:05 INFO  epoch 45 evaluating [time: 7.21s, valid_score: 0.239700]
Wed 16 Apr 2025 17:27:05 INFO  valid result: 
mrr@10 : 0.2397
Wed 16 Apr 2025 17:27:35 INFO  epoch 46 training [time: 30.43s, train loss: 54.9916]
Wed 16 Apr 2025 17:27:41 INFO  epoch 46 evaluating [time: 5.06s, valid_score: 0.241400]
Wed 16 Apr 2025 17:27:41 INFO  valid result: 
mrr@10 : 0.2414
Wed 16 Apr 2025 17:27:41 INFO  Saving current: ./saved/movielens/NGCF-Apr-16-2025_16-59-19.pth
Wed 16 Apr 2025 17:28:11 INFO  epoch 47 training [time: 30.47s, train loss: 54.7385]
Wed 16 Apr 2025 17:28:16 INFO  epoch 47 evaluating [time: 5.34s, valid_score: 0.239000]
Wed 16 Apr 2025 17:28:16 INFO  valid result: 
mrr@10 : 0.239
Wed 16 Apr 2025 17:28:47 INFO  epoch 48 training [time: 30.45s, train loss: 53.8674]
Wed 16 Apr 2025 17:28:53 INFO  epoch 48 evaluating [time: 6.17s, valid_score: 0.240900]
Wed 16 Apr 2025 17:28:53 INFO  valid result: 
mrr@10 : 0.2409
Wed 16 Apr 2025 17:29:23 INFO  epoch 49 training [time: 30.40s, train loss: 53.4460]
Wed 16 Apr 2025 17:29:29 INFO  epoch 49 evaluating [time: 5.20s, valid_score: 0.243800]
Wed 16 Apr 2025 17:29:29 INFO  valid result: 
mrr@10 : 0.2438
Wed 16 Apr 2025 17:29:29 INFO  Saving current: ./saved/movielens/NGCF-Apr-16-2025_16-59-19.pth
Wed 16 Apr 2025 17:29:29 INFO  Loading model structure and parameters from ./saved/movielens/NGCF-Apr-16-2025_16-59-19.pth
