Sat 19 Apr 2025 21:46:28 INFO  
General Hyper Parameters:
gpu_id = 0
use_gpu = True
seed = 2020
state = INFO
reproducibility = True
data_path = dataset/amazon
checkpoint_dir = ./saved/amazon/
show_progress = True
save_dataset = True
dataset_save_path = None
save_dataloaders = True
dataloaders_save_path = None
log_wandb = False

Training Hyper Parameters:
epochs = 20
train_batch_size = 2048
learner = adam
learning_rate = 0.001
train_neg_sample_args = {'distribution': 'uniform', 'sample_num': 1, 'alpha': 1.0, 'dynamic': False, 'candidate_num': 0}
eval_step = 1
stopping_step = 50
clip_grad_norm = None
weight_decay = 0.0
loss_decimal_place = 4

Evaluation Hyper Parameters:
eval_args = {'split': {'RS': [0.8, 0.1, 0.1]}, 'group_by': 'user', 'order': 'RO', 'mode': 'full'}
repeatable = False
metrics = ['MRR']
topk = [10]
valid_metric = MRR@10
valid_metric_bigger = True
eval_batch_size = 4096
metric_decimal_place = 4

Dataset Hyper Parameters:
field_separator = 	
seq_separator =  
USER_ID_FIELD = user_id
ITEM_ID_FIELD = item_id
RATING_FIELD = rating
TIME_FIELD = timestamp
seq_len = None
LABEL_FIELD = label
threshold = None
NEG_PREFIX = neg_
load_col = {'inter': ['user_id', 'item_id']}
unload_col = None
unused_col = None
additional_feat_suffix = None
rm_dup_inter = None
val_interval = None
filter_inter_by_user_or_item = True
user_inter_num_interval = [0,inf)
item_inter_num_interval = [0,inf)
alias_of_user_id = None
alias_of_item_id = None
alias_of_entity_id = None
alias_of_relation_id = None
preload_weight = None
normalize_field = None
normalize_all = None
ITEM_LIST_LENGTH_FIELD = item_length
LIST_SUFFIX = _list
MAX_ITEM_LIST_LENGTH = 50
POSITION_FIELD = position_id
HEAD_ENTITY_ID_FIELD = head_id
TAIL_ENTITY_ID_FIELD = tail_id
RELATION_ID_FIELD = relation_id
ENTITY_ID_FIELD = entity_id
benchmark_filename = None

Other Hyper Parameters: 
worker = 0
wandb_project = recbole
shuffle = True
require_pow = False
enable_amp = False
enable_scaler = False
transform = None
embedding_size = 64
hidden_size_list = [64, 64, 64]
node_dropout = 0.0
message_dropout = 0.1
reg_weight = 1e-05
numerical_features = []
discretization = None
kg_reverse_r = False
entity_kg_num_interval = [0,inf)
relation_kg_num_interval = [0,inf)
MODEL_TYPE = ModelType.GENERAL
MODEL_INPUT_TYPE = InputType.PAIRWISE
eval_type = EvaluatorType.RANKING
single_spec = True
local_rank = 0
device = cuda
eval_neg_sample_args = {'distribution': 'uniform', 'sample_num': 'none'}


Sat 19 Apr 2025 21:46:29 INFO  Load filtered dataset from: [./saved/amazon/amazon-Dataset.pth]
Sat 19 Apr 2025 21:46:29 INFO  amazon
The number of users: 22156
Average actions of users: 66.16434213495825
The number of items: 54459
Average actions of items: 26.917459326453415
The number of inters: 1465871
The sparsity of the dataset: 99.87851162187994%
Remain Fields: ['user_id', 'item_id']
Sat 19 Apr 2025 21:46:36 INFO  Load split dataloaders from: [./saved/amazon/amazon-for-NGCF-dataloader.pth]
Sat 19 Apr 2025 21:46:36 INFO  [Training]: train_batch_size = [2048] train_neg_sample_args: [{'distribution': 'uniform', 'sample_num': 1, 'alpha': 1.0, 'dynamic': False, 'candidate_num': 0}]
Sat 19 Apr 2025 21:46:36 INFO  [Evaluation]: eval_batch_size = [4096] eval_args: [{'split': {'RS': [0.8, 0.1, 0.1]}, 'group_by': 'user', 'order': 'RO', 'mode': 'full'}]
Sat 19 Apr 2025 21:46:40 INFO  NGCF(
  (sparse_dropout): SparseDropout()
  (user_embedding): Embedding(22156, 64)
  (item_embedding): Embedding(54459, 64)
  (GNNlayers): ModuleList(
    (0-2): 3 x BiGNNLayer(
      (linear): Linear(in_features=64, out_features=64, bias=True)
      (interActTransform): Linear(in_features=64, out_features=64, bias=True)
    )
  )
  (mf_loss): BPRLoss()
  (reg_loss): EmbLoss()
)
Trainable parameters: 4928320
Sat 19 Apr 2025 21:49:05 INFO  epoch 0 training [time: 138.23s, train loss: 152.5986]
Sat 19 Apr 2025 21:49:33 INFO  epoch 0 evaluating [time: 28.55s, valid_score: 0.018700]
Sat 19 Apr 2025 21:49:33 INFO  valid result: 
mrr@10 : 0.0187
Sat 19 Apr 2025 21:49:33 INFO  Saving current: ./saved/amazon/NGCF-Apr-19-2025_21-46-40.pth
Sat 19 Apr 2025 21:51:51 INFO  epoch 1 training [time: 137.32s, train loss: 125.3127]
Sat 19 Apr 2025 21:52:19 INFO  epoch 1 evaluating [time: 28.11s, valid_score: 0.020600]
Sat 19 Apr 2025 21:52:19 INFO  valid result: 
mrr@10 : 0.0206
Sat 19 Apr 2025 21:52:19 INFO  Saving current: ./saved/amazon/NGCF-Apr-19-2025_21-46-40.pth
Sat 19 Apr 2025 21:54:36 INFO  epoch 2 training [time: 137.23s, train loss: 118.5693]
Sat 19 Apr 2025 21:55:05 INFO  epoch 2 evaluating [time: 28.50s, valid_score: 0.024700]
Sat 19 Apr 2025 21:55:05 INFO  valid result: 
mrr@10 : 0.0247
Sat 19 Apr 2025 21:55:05 INFO  Saving current: ./saved/amazon/NGCF-Apr-19-2025_21-46-40.pth
Sat 19 Apr 2025 21:57:22 INFO  epoch 3 training [time: 137.47s, train loss: 114.6447]
Sat 19 Apr 2025 21:57:50 INFO  epoch 3 evaluating [time: 27.60s, valid_score: 0.026900]
Sat 19 Apr 2025 21:57:50 INFO  valid result: 
mrr@10 : 0.0269
Sat 19 Apr 2025 21:57:50 INFO  Saving current: ./saved/amazon/NGCF-Apr-19-2025_21-46-40.pth
Sat 19 Apr 2025 22:00:08 INFO  epoch 4 training [time: 137.42s, train loss: 111.7667]
Sat 19 Apr 2025 22:00:37 INFO  epoch 4 evaluating [time: 29.02s, valid_score: 0.031700]
Sat 19 Apr 2025 22:00:37 INFO  valid result: 
mrr@10 : 0.0317
Sat 19 Apr 2025 22:00:37 INFO  Saving current: ./saved/amazon/NGCF-Apr-19-2025_21-46-40.pth
Sat 19 Apr 2025 22:02:54 INFO  epoch 5 training [time: 137.20s, train loss: 109.0309]
Sat 19 Apr 2025 22:03:23 INFO  epoch 5 evaluating [time: 29.27s, valid_score: 0.035900]
Sat 19 Apr 2025 22:03:23 INFO  valid result: 
mrr@10 : 0.0359
Sat 19 Apr 2025 22:03:23 INFO  Saving current: ./saved/amazon/NGCF-Apr-19-2025_21-46-40.pth
Sat 19 Apr 2025 22:05:41 INFO  epoch 6 training [time: 137.23s, train loss: 105.8085]
Sat 19 Apr 2025 22:06:09 INFO  epoch 6 evaluating [time: 28.14s, valid_score: 0.040800]
Sat 19 Apr 2025 22:06:09 INFO  valid result: 
mrr@10 : 0.0408
Sat 19 Apr 2025 22:06:09 INFO  Saving current: ./saved/amazon/NGCF-Apr-19-2025_21-46-40.pth
Sat 19 Apr 2025 22:08:26 INFO  epoch 7 training [time: 137.16s, train loss: 101.7635]
Sat 19 Apr 2025 22:08:55 INFO  epoch 7 evaluating [time: 28.74s, valid_score: 0.045000]
Sat 19 Apr 2025 22:08:55 INFO  valid result: 
mrr@10 : 0.045
Sat 19 Apr 2025 22:08:55 INFO  Saving current: ./saved/amazon/NGCF-Apr-19-2025_21-46-40.pth
Sat 19 Apr 2025 22:11:12 INFO  epoch 8 training [time: 137.24s, train loss: 97.5347]
Sat 19 Apr 2025 22:11:41 INFO  epoch 8 evaluating [time: 28.63s, valid_score: 0.046200]
Sat 19 Apr 2025 22:11:41 INFO  valid result: 
mrr@10 : 0.0462
Sat 19 Apr 2025 22:11:41 INFO  Saving current: ./saved/amazon/NGCF-Apr-19-2025_21-46-40.pth
Sat 19 Apr 2025 22:13:58 INFO  epoch 9 training [time: 137.22s, train loss: 92.7910]
Sat 19 Apr 2025 22:14:27 INFO  epoch 9 evaluating [time: 28.64s, valid_score: 0.047500]
Sat 19 Apr 2025 22:14:27 INFO  valid result: 
mrr@10 : 0.0475
Sat 19 Apr 2025 22:14:27 INFO  Saving current: ./saved/amazon/NGCF-Apr-19-2025_21-46-40.pth
Sat 19 Apr 2025 22:16:44 INFO  epoch 10 training [time: 137.20s, train loss: 87.7146]
Sat 19 Apr 2025 22:17:12 INFO  epoch 10 evaluating [time: 27.88s, valid_score: 0.047900]
Sat 19 Apr 2025 22:17:12 INFO  valid result: 
mrr@10 : 0.0479
Sat 19 Apr 2025 22:17:12 INFO  Saving current: ./saved/amazon/NGCF-Apr-19-2025_21-46-40.pth
Sat 19 Apr 2025 22:19:30 INFO  epoch 11 training [time: 137.23s, train loss: 82.4070]
Sat 19 Apr 2025 22:19:59 INFO  epoch 11 evaluating [time: 29.30s, valid_score: 0.048800]
Sat 19 Apr 2025 22:19:59 INFO  valid result: 
mrr@10 : 0.0488
Sat 19 Apr 2025 22:19:59 INFO  Saving current: ./saved/amazon/NGCF-Apr-19-2025_21-46-40.pth
Sat 19 Apr 2025 22:22:16 INFO  epoch 12 training [time: 137.25s, train loss: 77.4947]
Sat 19 Apr 2025 22:22:45 INFO  epoch 12 evaluating [time: 28.59s, valid_score: 0.049900]
Sat 19 Apr 2025 22:22:45 INFO  valid result: 
mrr@10 : 0.0499
Sat 19 Apr 2025 22:22:45 INFO  Saving current: ./saved/amazon/NGCF-Apr-19-2025_21-46-40.pth
Sat 19 Apr 2025 22:25:02 INFO  epoch 13 training [time: 137.22s, train loss: 72.5353]
Sat 19 Apr 2025 22:25:30 INFO  epoch 13 evaluating [time: 27.93s, valid_score: 0.049800]
Sat 19 Apr 2025 22:25:30 INFO  valid result: 
mrr@10 : 0.0498
Sat 19 Apr 2025 22:27:48 INFO  epoch 14 training [time: 137.26s, train loss: 67.9633]
Sat 19 Apr 2025 22:28:16 INFO  epoch 14 evaluating [time: 28.82s, valid_score: 0.050900]
Sat 19 Apr 2025 22:28:16 INFO  valid result: 
mrr@10 : 0.0509
Sat 19 Apr 2025 22:28:17 INFO  Saving current: ./saved/amazon/NGCF-Apr-19-2025_21-46-40.pth
Sat 19 Apr 2025 22:30:34 INFO  epoch 15 training [time: 137.16s, train loss: 63.9743]
Sat 19 Apr 2025 22:31:03 INFO  epoch 15 evaluating [time: 28.75s, valid_score: 0.051700]
Sat 19 Apr 2025 22:31:03 INFO  valid result: 
mrr@10 : 0.0517
Sat 19 Apr 2025 22:31:03 INFO  Saving current: ./saved/amazon/NGCF-Apr-19-2025_21-46-40.pth
Sat 19 Apr 2025 22:33:20 INFO  epoch 16 training [time: 137.30s, train loss: 60.1314]
Sat 19 Apr 2025 22:33:48 INFO  epoch 16 evaluating [time: 28.11s, valid_score: 0.051600]
Sat 19 Apr 2025 22:33:48 INFO  valid result: 
mrr@10 : 0.0516
Sat 19 Apr 2025 22:36:05 INFO  epoch 17 training [time: 137.19s, train loss: 57.0745]
Sat 19 Apr 2025 22:36:34 INFO  epoch 17 evaluating [time: 28.46s, valid_score: 0.053300]
Sat 19 Apr 2025 22:36:34 INFO  valid result: 
mrr@10 : 0.0533
Sat 19 Apr 2025 22:36:34 INFO  Saving current: ./saved/amazon/NGCF-Apr-19-2025_21-46-40.pth
Sat 19 Apr 2025 22:38:51 INFO  epoch 18 training [time: 137.24s, train loss: 53.7469]
Sat 19 Apr 2025 22:39:20 INFO  epoch 18 evaluating [time: 28.91s, valid_score: 0.053800]
Sat 19 Apr 2025 22:39:20 INFO  valid result: 
mrr@10 : 0.0538
Sat 19 Apr 2025 22:39:20 INFO  Saving current: ./saved/amazon/NGCF-Apr-19-2025_21-46-40.pth
Sat 19 Apr 2025 22:41:38 INFO  epoch 19 training [time: 137.27s, train loss: 51.1804]
Sat 19 Apr 2025 22:42:06 INFO  epoch 19 evaluating [time: 28.72s, valid_score: 0.055000]
Sat 19 Apr 2025 22:42:06 INFO  valid result: 
mrr@10 : 0.055
Sat 19 Apr 2025 22:42:06 INFO  Saving current: ./saved/amazon/NGCF-Apr-19-2025_21-46-40.pth
Sat 19 Apr 2025 22:42:07 INFO  Loading model structure and parameters from ./saved/amazon/NGCF-Apr-19-2025_21-46-40.pth
