Sat 19 Apr 2025 00:12:27 INFO  
General Hyper Parameters:
gpu_id = 0
use_gpu = True
seed = 2020
state = INFO
reproducibility = True
data_path = dataset/mind
checkpoint_dir = ./saved/mind/
show_progress = True
save_dataset = True
dataset_save_path = None
save_dataloaders = True
dataloaders_save_path = None
log_wandb = False

Training Hyper Parameters:
epochs = 50
train_batch_size = 2048
learner = adam
learning_rate = 0.001
train_neg_sample_args = {'distribution': 'uniform', 'sample_num': 1, 'alpha': 1.0, 'dynamic': False, 'candidate_num': 0}
eval_step = 1
stopping_step = 50
clip_grad_norm = None
weight_decay = 0.0
loss_decimal_place = 4

Evaluation Hyper Parameters:
eval_args = {'split': {'RS': [0.8, 0.1, 0.1]}, 'group_by': 'user', 'order': 'RO', 'mode': 'full'}
repeatable = False
metrics = ['MRR']
topk = [10]
valid_metric = MRR@10
valid_metric_bigger = True
eval_batch_size = 4096
metric_decimal_place = 4

Dataset Hyper Parameters:
field_separator = 	
seq_separator =  
USER_ID_FIELD = user_id
ITEM_ID_FIELD = item_id
RATING_FIELD = rating
TIME_FIELD = timestamp
seq_len = None
LABEL_FIELD = label
threshold = None
NEG_PREFIX = neg_
load_col = {'inter': ['user_id', 'item_id']}
unload_col = None
unused_col = None
additional_feat_suffix = None
rm_dup_inter = None
val_interval = None
filter_inter_by_user_or_item = True
user_inter_num_interval = [0,inf)
item_inter_num_interval = [0,inf)
alias_of_user_id = None
alias_of_item_id = None
alias_of_entity_id = None
alias_of_relation_id = None
preload_weight = None
normalize_field = None
normalize_all = None
ITEM_LIST_LENGTH_FIELD = item_length
LIST_SUFFIX = _list
MAX_ITEM_LIST_LENGTH = 50
POSITION_FIELD = position_id
HEAD_ENTITY_ID_FIELD = head_id
TAIL_ENTITY_ID_FIELD = tail_id
RELATION_ID_FIELD = relation_id
ENTITY_ID_FIELD = entity_id
benchmark_filename = None

Other Hyper Parameters: 
worker = 0
wandb_project = recbole
shuffle = True
require_pow = False
enable_amp = False
enable_scaler = False
transform = None
embedding_size = 64
hidden_size_list = [64, 64, 64]
node_dropout = 0.0
message_dropout = 0.1
reg_weight = 1e-05
numerical_features = []
discretization = None
kg_reverse_r = False
entity_kg_num_interval = [0,inf)
relation_kg_num_interval = [0,inf)
MODEL_TYPE = ModelType.GENERAL
MODEL_INPUT_TYPE = InputType.PAIRWISE
eval_type = EvaluatorType.RANKING
single_spec = True
local_rank = 0
device = cuda
eval_neg_sample_args = {'distribution': 'uniform', 'sample_num': 'none'}


Sat 19 Apr 2025 00:12:27 INFO  Load filtered dataset from: [./saved/mind/mind-Dataset.pth]
Sat 19 Apr 2025 00:12:27 INFO  mind
The number of users: 23680
Average actions of users: 44.282908906626126
The number of items: 4415
Average actions of items: 237.55663797009515
The number of inters: 1048575
The sparsity of the dataset: 98.9970319625968%
Remain Fields: ['user_id', 'item_id']
Sat 19 Apr 2025 00:12:35 INFO  Load split dataloaders from: [./saved/mind/mind-for-NGCF-dataloader.pth]
Sat 19 Apr 2025 00:12:35 INFO  [Training]: train_batch_size = [2048] train_neg_sample_args: [{'distribution': 'uniform', 'sample_num': 1, 'alpha': 1.0, 'dynamic': False, 'candidate_num': 0}]
Sat 19 Apr 2025 00:12:35 INFO  [Evaluation]: eval_batch_size = [4096] eval_args: [{'split': {'RS': [0.8, 0.1, 0.1]}, 'group_by': 'user', 'order': 'RO', 'mode': 'full'}]
Sat 19 Apr 2025 00:12:37 INFO  NGCF(
  (sparse_dropout): SparseDropout()
  (user_embedding): Embedding(23680, 64)
  (item_embedding): Embedding(4415, 64)
  (GNNlayers): ModuleList(
    (0-2): 3 x BiGNNLayer(
      (linear): Linear(in_features=64, out_features=64, bias=True)
      (interActTransform): Linear(in_features=64, out_features=64, bias=True)
    )
  )
  (mf_loss): BPRLoss()
  (reg_loss): EmbLoss()
)
Trainable parameters: 1823040
Sat 19 Apr 2025 00:13:42 INFO  epoch 0 training [time: 60.65s, train loss: 62.4590]
Sat 19 Apr 2025 00:14:05 INFO  epoch 0 evaluating [time: 22.58s, valid_score: 0.129100]
Sat 19 Apr 2025 00:14:05 INFO  valid result: 
mrr@10 : 0.1291
Sat 19 Apr 2025 00:14:05 INFO  Saving current: ./saved/mind/NGCF-Apr-19-2025_00-12-37.pth
Sat 19 Apr 2025 00:15:05 INFO  epoch 1 training [time: 59.93s, train loss: 41.1340]
Sat 19 Apr 2025 00:15:27 INFO  epoch 1 evaluating [time: 22.13s, valid_score: 0.169500]
Sat 19 Apr 2025 00:15:27 INFO  valid result: 
mrr@10 : 0.1695
Sat 19 Apr 2025 00:15:27 INFO  Saving current: ./saved/mind/NGCF-Apr-19-2025_00-12-37.pth
Sat 19 Apr 2025 00:16:27 INFO  epoch 2 training [time: 60.05s, train loss: 37.8783]
Sat 19 Apr 2025 00:16:50 INFO  epoch 2 evaluating [time: 22.66s, valid_score: 0.235500]
Sat 19 Apr 2025 00:16:50 INFO  valid result: 
mrr@10 : 0.2355
Sat 19 Apr 2025 00:16:50 INFO  Saving current: ./saved/mind/NGCF-Apr-19-2025_00-12-37.pth
Sat 19 Apr 2025 00:17:50 INFO  epoch 3 training [time: 60.05s, train loss: 35.7737]
Sat 19 Apr 2025 00:18:13 INFO  epoch 3 evaluating [time: 22.58s, valid_score: 0.294700]
Sat 19 Apr 2025 00:18:13 INFO  valid result: 
mrr@10 : 0.2947
Sat 19 Apr 2025 00:18:13 INFO  Saving current: ./saved/mind/NGCF-Apr-19-2025_00-12-37.pth
Sat 19 Apr 2025 00:19:13 INFO  epoch 4 training [time: 60.09s, train loss: 34.3226]
Sat 19 Apr 2025 00:19:37 INFO  epoch 4 evaluating [time: 24.37s, valid_score: 0.334900]
Sat 19 Apr 2025 00:19:37 INFO  valid result: 
mrr@10 : 0.3349
Sat 19 Apr 2025 00:19:37 INFO  Saving current: ./saved/mind/NGCF-Apr-19-2025_00-12-37.pth
Sat 19 Apr 2025 00:20:37 INFO  epoch 5 training [time: 60.06s, train loss: 32.5780]
Sat 19 Apr 2025 00:21:00 INFO  epoch 5 evaluating [time: 22.40s, valid_score: 0.403900]
Sat 19 Apr 2025 00:21:00 INFO  valid result: 
mrr@10 : 0.4039
Sat 19 Apr 2025 00:21:00 INFO  Saving current: ./saved/mind/NGCF-Apr-19-2025_00-12-37.pth
Sat 19 Apr 2025 00:22:00 INFO  epoch 6 training [time: 60.08s, train loss: 30.6462]
Sat 19 Apr 2025 00:22:22 INFO  epoch 6 evaluating [time: 22.13s, valid_score: 0.435100]
Sat 19 Apr 2025 00:22:22 INFO  valid result: 
mrr@10 : 0.4351
Sat 19 Apr 2025 00:22:22 INFO  Saving current: ./saved/mind/NGCF-Apr-19-2025_00-12-37.pth
Sat 19 Apr 2025 00:23:22 INFO  epoch 7 training [time: 60.09s, train loss: 28.7136]
Sat 19 Apr 2025 00:23:45 INFO  epoch 7 evaluating [time: 22.79s, valid_score: 0.461900]
Sat 19 Apr 2025 00:23:45 INFO  valid result: 
mrr@10 : 0.4619
Sat 19 Apr 2025 00:23:45 INFO  Saving current: ./saved/mind/NGCF-Apr-19-2025_00-12-37.pth
Sat 19 Apr 2025 00:24:45 INFO  epoch 8 training [time: 60.01s, train loss: 26.6973]
Sat 19 Apr 2025 00:25:07 INFO  epoch 8 evaluating [time: 22.57s, valid_score: 0.469800]
Sat 19 Apr 2025 00:25:07 INFO  valid result: 
mrr@10 : 0.4698
Sat 19 Apr 2025 00:25:08 INFO  Saving current: ./saved/mind/NGCF-Apr-19-2025_00-12-37.pth
Sat 19 Apr 2025 00:26:08 INFO  epoch 9 training [time: 60.14s, train loss: 24.8932]
Sat 19 Apr 2025 00:26:30 INFO  epoch 9 evaluating [time: 22.34s, valid_score: 0.475100]
Sat 19 Apr 2025 00:26:30 INFO  valid result: 
mrr@10 : 0.4751
Sat 19 Apr 2025 00:26:30 INFO  Saving current: ./saved/mind/NGCF-Apr-19-2025_00-12-37.pth
Sat 19 Apr 2025 00:27:30 INFO  epoch 10 training [time: 60.06s, train loss: 23.4138]
Sat 19 Apr 2025 00:27:52 INFO  epoch 10 evaluating [time: 21.78s, valid_score: 0.483200]
Sat 19 Apr 2025 00:27:52 INFO  valid result: 
mrr@10 : 0.4832
Sat 19 Apr 2025 00:27:52 INFO  Saving current: ./saved/mind/NGCF-Apr-19-2025_00-12-37.pth
Sat 19 Apr 2025 00:28:52 INFO  epoch 11 training [time: 60.27s, train loss: 21.9606]
Sat 19 Apr 2025 00:29:14 INFO  epoch 11 evaluating [time: 21.67s, valid_score: 0.490900]
Sat 19 Apr 2025 00:29:14 INFO  valid result: 
mrr@10 : 0.4909
Sat 19 Apr 2025 00:29:14 INFO  Saving current: ./saved/mind/NGCF-Apr-19-2025_00-12-37.pth
Sat 19 Apr 2025 00:30:14 INFO  epoch 12 training [time: 60.20s, train loss: 20.8726]
Sat 19 Apr 2025 00:30:37 INFO  epoch 12 evaluating [time: 22.35s, valid_score: 0.493000]
Sat 19 Apr 2025 00:30:37 INFO  valid result: 
mrr@10 : 0.493
Sat 19 Apr 2025 00:30:37 INFO  Saving current: ./saved/mind/NGCF-Apr-19-2025_00-12-37.pth
Sat 19 Apr 2025 00:31:37 INFO  epoch 13 training [time: 60.28s, train loss: 20.2250]
Sat 19 Apr 2025 00:32:00 INFO  epoch 13 evaluating [time: 23.14s, valid_score: 0.489800]
Sat 19 Apr 2025 00:32:00 INFO  valid result: 
mrr@10 : 0.4898
Sat 19 Apr 2025 00:33:00 INFO  epoch 14 training [time: 60.27s, train loss: 19.2369]
Sat 19 Apr 2025 00:33:23 INFO  epoch 14 evaluating [time: 22.91s, valid_score: 0.495000]
Sat 19 Apr 2025 00:33:23 INFO  valid result: 
mrr@10 : 0.495
Sat 19 Apr 2025 00:33:23 INFO  Saving current: ./saved/mind/NGCF-Apr-19-2025_00-12-37.pth
Sat 19 Apr 2025 00:34:23 INFO  epoch 15 training [time: 60.17s, train loss: 18.5149]
Sat 19 Apr 2025 00:34:46 INFO  epoch 15 evaluating [time: 22.83s, valid_score: 0.496000]
Sat 19 Apr 2025 00:34:46 INFO  valid result: 
mrr@10 : 0.496
Sat 19 Apr 2025 00:34:46 INFO  Saving current: ./saved/mind/NGCF-Apr-19-2025_00-12-37.pth
Sat 19 Apr 2025 00:35:46 INFO  epoch 16 training [time: 60.15s, train loss: 17.7239]
Sat 19 Apr 2025 00:36:09 INFO  epoch 16 evaluating [time: 22.11s, valid_score: 0.493000]
Sat 19 Apr 2025 00:36:09 INFO  valid result: 
mrr@10 : 0.493
Sat 19 Apr 2025 00:37:09 INFO  epoch 17 training [time: 60.06s, train loss: 17.1528]
Sat 19 Apr 2025 00:37:33 INFO  epoch 17 evaluating [time: 23.89s, valid_score: 0.501300]
Sat 19 Apr 2025 00:37:33 INFO  valid result: 
mrr@10 : 0.5013
Sat 19 Apr 2025 00:37:33 INFO  Saving current: ./saved/mind/NGCF-Apr-19-2025_00-12-37.pth
Sat 19 Apr 2025 00:38:33 INFO  epoch 18 training [time: 60.33s, train loss: 16.7086]
Sat 19 Apr 2025 00:38:56 INFO  epoch 18 evaluating [time: 22.90s, valid_score: 0.497800]
Sat 19 Apr 2025 00:38:56 INFO  valid result: 
mrr@10 : 0.4978
Sat 19 Apr 2025 00:39:56 INFO  epoch 19 training [time: 60.14s, train loss: 16.0729]
Sat 19 Apr 2025 00:40:18 INFO  epoch 19 evaluating [time: 22.42s, valid_score: 0.504600]
Sat 19 Apr 2025 00:40:18 INFO  valid result: 
mrr@10 : 0.5046
Sat 19 Apr 2025 00:40:18 INFO  Saving current: ./saved/mind/NGCF-Apr-19-2025_00-12-37.pth
Sat 19 Apr 2025 00:41:19 INFO  epoch 20 training [time: 60.08s, train loss: 15.6965]
Sat 19 Apr 2025 00:41:41 INFO  epoch 20 evaluating [time: 22.19s, valid_score: 0.509400]
Sat 19 Apr 2025 00:41:41 INFO  valid result: 
mrr@10 : 0.5094
Sat 19 Apr 2025 00:41:41 INFO  Saving current: ./saved/mind/NGCF-Apr-19-2025_00-12-37.pth
Sat 19 Apr 2025 00:42:41 INFO  epoch 21 training [time: 60.15s, train loss: 15.1858]
Sat 19 Apr 2025 00:43:03 INFO  epoch 21 evaluating [time: 21.96s, valid_score: 0.507000]
Sat 19 Apr 2025 00:43:03 INFO  valid result: 
mrr@10 : 0.507
Sat 19 Apr 2025 00:44:03 INFO  epoch 22 training [time: 60.10s, train loss: 14.8631]
Sat 19 Apr 2025 00:44:25 INFO  epoch 22 evaluating [time: 22.19s, valid_score: 0.508100]
Sat 19 Apr 2025 00:44:25 INFO  valid result: 
mrr@10 : 0.5081
Sat 19 Apr 2025 00:45:25 INFO  epoch 23 training [time: 60.15s, train loss: 14.4037]
Sat 19 Apr 2025 00:45:48 INFO  epoch 23 evaluating [time: 22.14s, valid_score: 0.512000]
Sat 19 Apr 2025 00:45:48 INFO  valid result: 
mrr@10 : 0.512
Sat 19 Apr 2025 00:45:48 INFO  Saving current: ./saved/mind/NGCF-Apr-19-2025_00-12-37.pth
Sat 19 Apr 2025 00:46:48 INFO  epoch 24 training [time: 60.14s, train loss: 13.8915]
Sat 19 Apr 2025 00:47:10 INFO  epoch 24 evaluating [time: 22.26s, valid_score: 0.513500]
Sat 19 Apr 2025 00:47:10 INFO  valid result: 
mrr@10 : 0.5135
Sat 19 Apr 2025 00:47:10 INFO  Saving current: ./saved/mind/NGCF-Apr-19-2025_00-12-37.pth
Sat 19 Apr 2025 00:48:10 INFO  epoch 25 training [time: 60.32s, train loss: 13.6427]
Sat 19 Apr 2025 00:48:33 INFO  epoch 25 evaluating [time: 22.71s, valid_score: 0.518600]
Sat 19 Apr 2025 00:48:33 INFO  valid result: 
mrr@10 : 0.5186
Sat 19 Apr 2025 00:48:33 INFO  Saving current: ./saved/mind/NGCF-Apr-19-2025_00-12-37.pth
Sat 19 Apr 2025 00:49:33 INFO  epoch 26 training [time: 60.05s, train loss: 13.4193]
Sat 19 Apr 2025 00:49:55 INFO  epoch 26 evaluating [time: 22.16s, valid_score: 0.521600]
Sat 19 Apr 2025 00:49:55 INFO  valid result: 
mrr@10 : 0.5216
Sat 19 Apr 2025 00:49:55 INFO  Saving current: ./saved/mind/NGCF-Apr-19-2025_00-12-37.pth
Sat 19 Apr 2025 00:50:56 INFO  epoch 27 training [time: 60.22s, train loss: 12.7990]
Sat 19 Apr 2025 00:51:18 INFO  epoch 27 evaluating [time: 22.06s, valid_score: 0.523300]
Sat 19 Apr 2025 00:51:18 INFO  valid result: 
mrr@10 : 0.5233
Sat 19 Apr 2025 00:51:18 INFO  Saving current: ./saved/mind/NGCF-Apr-19-2025_00-12-37.pth
Sat 19 Apr 2025 00:52:18 INFO  epoch 28 training [time: 60.34s, train loss: 12.7935]
Sat 19 Apr 2025 00:52:40 INFO  epoch 28 evaluating [time: 22.36s, valid_score: 0.523700]
Sat 19 Apr 2025 00:52:40 INFO  valid result: 
mrr@10 : 0.5237
Sat 19 Apr 2025 00:52:41 INFO  Saving current: ./saved/mind/NGCF-Apr-19-2025_00-12-37.pth
Sat 19 Apr 2025 00:53:41 INFO  epoch 29 training [time: 60.17s, train loss: 12.5872]
Sat 19 Apr 2025 00:54:03 INFO  epoch 29 evaluating [time: 22.41s, valid_score: 0.526800]
Sat 19 Apr 2025 00:54:03 INFO  valid result: 
mrr@10 : 0.5268
Sat 19 Apr 2025 00:54:03 INFO  Saving current: ./saved/mind/NGCF-Apr-19-2025_00-12-37.pth
Sat 19 Apr 2025 00:55:03 INFO  epoch 30 training [time: 60.23s, train loss: 12.2085]
Sat 19 Apr 2025 00:55:26 INFO  epoch 30 evaluating [time: 22.91s, valid_score: 0.526700]
Sat 19 Apr 2025 00:55:26 INFO  valid result: 
mrr@10 : 0.5267
Sat 19 Apr 2025 00:56:27 INFO  epoch 31 training [time: 60.28s, train loss: 11.7783]
Sat 19 Apr 2025 00:56:49 INFO  epoch 31 evaluating [time: 22.73s, valid_score: 0.529400]
Sat 19 Apr 2025 00:56:49 INFO  valid result: 
mrr@10 : 0.5294
Sat 19 Apr 2025 00:56:49 INFO  Saving current: ./saved/mind/NGCF-Apr-19-2025_00-12-37.pth
Sat 19 Apr 2025 00:57:49 INFO  epoch 32 training [time: 60.07s, train loss: 11.6414]
Sat 19 Apr 2025 00:58:13 INFO  epoch 32 evaluating [time: 23.51s, valid_score: 0.529200]
Sat 19 Apr 2025 00:58:13 INFO  valid result: 
mrr@10 : 0.5292
Sat 19 Apr 2025 00:59:13 INFO  epoch 33 training [time: 60.20s, train loss: 11.3975]
Sat 19 Apr 2025 00:59:36 INFO  epoch 33 evaluating [time: 22.56s, valid_score: 0.533500]
Sat 19 Apr 2025 00:59:36 INFO  valid result: 
mrr@10 : 0.5335
Sat 19 Apr 2025 00:59:36 INFO  Saving current: ./saved/mind/NGCF-Apr-19-2025_00-12-37.pth
Sat 19 Apr 2025 01:00:36 INFO  epoch 34 training [time: 60.15s, train loss: 11.1767]
Sat 19 Apr 2025 01:00:59 INFO  epoch 34 evaluating [time: 22.65s, valid_score: 0.534400]
Sat 19 Apr 2025 01:00:59 INFO  valid result: 
mrr@10 : 0.5344
Sat 19 Apr 2025 01:00:59 INFO  Saving current: ./saved/mind/NGCF-Apr-19-2025_00-12-37.pth
Sat 19 Apr 2025 01:01:59 INFO  epoch 35 training [time: 60.15s, train loss: 11.0308]
Sat 19 Apr 2025 01:02:21 INFO  epoch 35 evaluating [time: 22.47s, valid_score: 0.533400]
Sat 19 Apr 2025 01:02:21 INFO  valid result: 
mrr@10 : 0.5334
Sat 19 Apr 2025 01:03:21 INFO  epoch 36 training [time: 60.05s, train loss: 10.6860]
Sat 19 Apr 2025 01:03:43 INFO  epoch 36 evaluating [time: 21.95s, valid_score: 0.536900]
Sat 19 Apr 2025 01:03:43 INFO  valid result: 
mrr@10 : 0.5369
Sat 19 Apr 2025 01:03:43 INFO  Saving current: ./saved/mind/NGCF-Apr-19-2025_00-12-37.pth
Sat 19 Apr 2025 01:04:43 INFO  epoch 37 training [time: 60.09s, train loss: 10.4707]
Sat 19 Apr 2025 01:05:06 INFO  epoch 37 evaluating [time: 22.85s, valid_score: 0.536700]
Sat 19 Apr 2025 01:05:06 INFO  valid result: 
mrr@10 : 0.5367
Sat 19 Apr 2025 01:06:07 INFO  epoch 38 training [time: 60.24s, train loss: 10.3586]
Sat 19 Apr 2025 01:06:29 INFO  epoch 38 evaluating [time: 22.39s, valid_score: 0.537300]
Sat 19 Apr 2025 01:06:29 INFO  valid result: 
mrr@10 : 0.5373
Sat 19 Apr 2025 01:06:29 INFO  Saving current: ./saved/mind/NGCF-Apr-19-2025_00-12-37.pth
Sat 19 Apr 2025 01:07:29 INFO  epoch 39 training [time: 60.27s, train loss: 10.1252]
Sat 19 Apr 2025 01:07:52 INFO  epoch 39 evaluating [time: 23.09s, valid_score: 0.533200]
Sat 19 Apr 2025 01:07:52 INFO  valid result: 
mrr@10 : 0.5332
Sat 19 Apr 2025 01:08:53 INFO  epoch 40 training [time: 60.24s, train loss: 10.0624]
Sat 19 Apr 2025 01:09:15 INFO  epoch 40 evaluating [time: 22.68s, valid_score: 0.534300]
Sat 19 Apr 2025 01:09:15 INFO  valid result: 
mrr@10 : 0.5343
Sat 19 Apr 2025 01:10:15 INFO  epoch 41 training [time: 60.18s, train loss: 9.7966]
Sat 19 Apr 2025 01:10:38 INFO  epoch 41 evaluating [time: 22.48s, valid_score: 0.536500]
Sat 19 Apr 2025 01:10:38 INFO  valid result: 
mrr@10 : 0.5365
Sat 19 Apr 2025 01:11:38 INFO  epoch 42 training [time: 60.14s, train loss: 9.4696]
Sat 19 Apr 2025 01:12:01 INFO  epoch 42 evaluating [time: 22.48s, valid_score: 0.540000]
Sat 19 Apr 2025 01:12:01 INFO  valid result: 
mrr@10 : 0.54
Sat 19 Apr 2025 01:12:01 INFO  Saving current: ./saved/mind/NGCF-Apr-19-2025_00-12-37.pth
Sat 19 Apr 2025 01:13:01 INFO  epoch 43 training [time: 60.15s, train loss: 9.4807]
Sat 19 Apr 2025 01:13:24 INFO  epoch 43 evaluating [time: 23.67s, valid_score: 0.541300]
Sat 19 Apr 2025 01:13:24 INFO  valid result: 
mrr@10 : 0.5413
Sat 19 Apr 2025 01:13:25 INFO  Saving current: ./saved/mind/NGCF-Apr-19-2025_00-12-37.pth
Sat 19 Apr 2025 01:14:25 INFO  epoch 44 training [time: 60.12s, train loss: 9.3182]
Sat 19 Apr 2025 01:14:47 INFO  epoch 44 evaluating [time: 22.50s, valid_score: 0.541600]
Sat 19 Apr 2025 01:14:47 INFO  valid result: 
mrr@10 : 0.5416
Sat 19 Apr 2025 01:14:47 INFO  Saving current: ./saved/mind/NGCF-Apr-19-2025_00-12-37.pth
Sat 19 Apr 2025 01:15:47 INFO  epoch 45 training [time: 60.14s, train loss: 9.3437]
Sat 19 Apr 2025 01:16:09 INFO  epoch 45 evaluating [time: 22.09s, valid_score: 0.542300]
Sat 19 Apr 2025 01:16:09 INFO  valid result: 
mrr@10 : 0.5423
Sat 19 Apr 2025 01:16:09 INFO  Saving current: ./saved/mind/NGCF-Apr-19-2025_00-12-37.pth
Sat 19 Apr 2025 01:17:10 INFO  epoch 46 training [time: 60.15s, train loss: 9.0066]
Sat 19 Apr 2025 01:17:32 INFO  epoch 46 evaluating [time: 22.75s, valid_score: 0.539700]
Sat 19 Apr 2025 01:17:32 INFO  valid result: 
mrr@10 : 0.5397
Sat 19 Apr 2025 01:18:33 INFO  epoch 47 training [time: 60.21s, train loss: 8.8142]
Sat 19 Apr 2025 01:18:55 INFO  epoch 47 evaluating [time: 22.21s, valid_score: 0.540200]
Sat 19 Apr 2025 01:18:55 INFO  valid result: 
mrr@10 : 0.5402
Sat 19 Apr 2025 01:19:55 INFO  epoch 48 training [time: 60.06s, train loss: 8.7723]
Sat 19 Apr 2025 01:20:17 INFO  epoch 48 evaluating [time: 22.59s, valid_score: 0.537600]
Sat 19 Apr 2025 01:20:17 INFO  valid result: 
mrr@10 : 0.5376
Sat 19 Apr 2025 01:21:18 INFO  epoch 49 training [time: 60.08s, train loss: 8.6974]
Sat 19 Apr 2025 01:21:40 INFO  epoch 49 evaluating [time: 22.04s, valid_score: 0.541700]
Sat 19 Apr 2025 01:21:40 INFO  valid result: 
mrr@10 : 0.5417
Sat 19 Apr 2025 01:21:40 INFO  Loading model structure and parameters from ./saved/mind/NGCF-Apr-19-2025_00-12-37.pth
