Wed 09 Apr 2025 13:54:10 INFO  
General Hyper Parameters:
gpu_id = 0
use_gpu = True
seed = 2020
state = INFO
reproducibility = True
data_path = dataset/amazon
checkpoint_dir = ./saved/amazon/
show_progress = True
save_dataset = True
dataset_save_path = None
save_dataloaders = True
dataloaders_save_path = None
log_wandb = False

Training Hyper Parameters:
epochs = 20
train_batch_size = 2048
learner = adam
learning_rate = 0.001
train_neg_sample_args = {'distribution': 'uniform', 'sample_num': 1, 'alpha': 1.0, 'dynamic': False, 'candidate_num': 0}
eval_step = 1
stopping_step = 50
clip_grad_norm = None
weight_decay = 0.0
loss_decimal_place = 4

Evaluation Hyper Parameters:
eval_args = {'split': {'RS': [0.8, 0.1, 0.1]}, 'group_by': 'user', 'order': 'RO', 'mode': 'full'}
repeatable = False
metrics = ['Recall', 'MRR', 'NDCG', 'Hit', 'MAP', 'Precision', 'GAUC', 'ItemCoverage', 'AveragePopularity', 'GiniIndex', 'ShannonEntropy', 'TailPercentage']
topk = [10]
valid_metric = MRR@10
valid_metric_bigger = True
eval_batch_size = 4096
metric_decimal_place = 4

Dataset Hyper Parameters:
field_separator = 	
seq_separator =  
USER_ID_FIELD = user_id
ITEM_ID_FIELD = item_id
RATING_FIELD = rating
TIME_FIELD = timestamp
seq_len = None
LABEL_FIELD = label
threshold = None
NEG_PREFIX = neg_
load_col = {'inter': ['user_id', 'item_id']}
unload_col = None
unused_col = None
additional_feat_suffix = None
rm_dup_inter = None
val_interval = None
filter_inter_by_user_or_item = True
user_inter_num_interval = [0,inf)
item_inter_num_interval = [0,inf)
alias_of_user_id = None
alias_of_item_id = None
alias_of_entity_id = None
alias_of_relation_id = None
preload_weight = None
normalize_field = None
normalize_all = None
ITEM_LIST_LENGTH_FIELD = item_length
LIST_SUFFIX = _list
MAX_ITEM_LIST_LENGTH = 50
POSITION_FIELD = position_id
HEAD_ENTITY_ID_FIELD = head_id
TAIL_ENTITY_ID_FIELD = tail_id
RELATION_ID_FIELD = relation_id
ENTITY_ID_FIELD = entity_id
benchmark_filename = None

Other Hyper Parameters: 
worker = 0
wandb_project = recbole
shuffle = True
require_pow = False
enable_amp = False
enable_scaler = False
transform = None
embedding_size = 64
hidden_size_list = [64, 64, 64]
node_dropout = 0.0
message_dropout = 0.1
reg_weight = 1e-05
numerical_features = []
discretization = None
kg_reverse_r = False
entity_kg_num_interval = [0,inf)
relation_kg_num_interval = [0,inf)
MODEL_TYPE = ModelType.GENERAL
MODEL_INPUT_TYPE = InputType.PAIRWISE
eval_type = EvaluatorType.RANKING
single_spec = True
local_rank = 0
device = cuda
eval_neg_sample_args = {'distribution': 'uniform', 'sample_num': 'none'}


Wed 09 Apr 2025 13:54:10 INFO  Load filtered dataset from: [./saved/amazon/amazon-Dataset.pth]
Wed 09 Apr 2025 13:54:10 INFO  amazon
The number of users: 22156
Average actions of users: 66.16434213495825
The number of items: 54459
Average actions of items: 26.917459326453415
The number of inters: 1465871
The sparsity of the dataset: 99.87851162187994%
Remain Fields: ['user_id', 'item_id']
Wed 09 Apr 2025 13:54:14 INFO  Saving split dataloaders into: [./saved/amazon/amazon-for-NGCF-dataloader.pth]
Wed 09 Apr 2025 13:54:24 INFO  [Training]: train_batch_size = [2048] train_neg_sample_args: [{'distribution': 'uniform', 'sample_num': 1, 'alpha': 1.0, 'dynamic': False, 'candidate_num': 0}]
Wed 09 Apr 2025 13:54:24 INFO  [Evaluation]: eval_batch_size = [4096] eval_args: [{'split': {'RS': [0.8, 0.1, 0.1]}, 'group_by': 'user', 'order': 'RO', 'mode': 'full'}]
Wed 09 Apr 2025 13:54:26 INFO  NGCF(
  (sparse_dropout): SparseDropout()
  (user_embedding): Embedding(22156, 64)
  (item_embedding): Embedding(54459, 64)
  (GNNlayers): ModuleList(
    (0-2): 3 x BiGNNLayer(
      (linear): Linear(in_features=64, out_features=64, bias=True)
      (interActTransform): Linear(in_features=64, out_features=64, bias=True)
    )
  )
  (mf_loss): BPRLoss()
  (reg_loss): EmbLoss()
)
Trainable parameters: 4928320
Wed 09 Apr 2025 13:56:49 INFO  epoch 0 training [time: 137.79s, train loss: 152.9799]
Wed 09 Apr 2025 13:58:10 INFO  epoch 0 evaluating [time: 81.30s, valid_score: 0.018900]
Wed 09 Apr 2025 13:58:10 INFO  valid result: 
recall@10 : 0.0095    mrr@10 : 0.0189    ndcg@10 : 0.0088    hit@10 : 0.0577    map@10 : 0.0035    precision@10 : 0.0063    gauc : 0.918    itemcoverage@10 : 0.6454    averagepopularity@10 : 41.3339    giniindex@10 : 0.0103    shannonentropy@10 : 0.0003    tailpercentage@10 : 0.0125
Wed 09 Apr 2025 13:58:10 INFO  Saving current: ./saved/amazon/NGCF-Apr-09-2025_13-54-26.pth
Wed 09 Apr 2025 14:00:28 INFO  epoch 1 training [time: 137.27s, train loss: 125.5327]
Wed 09 Apr 2025 14:01:50 INFO  epoch 1 evaluating [time: 82.09s, valid_score: 0.021600]
Wed 09 Apr 2025 14:01:50 INFO  valid result: 
recall@10 : 0.011    mrr@10 : 0.0216    ndcg@10 : 0.01    hit@10 : 0.0644    map@10 : 0.004    precision@10 : 0.0071    gauc : 0.9268    itemcoverage@10 : 0.6235    averagepopularity@10 : 41.4234    giniindex@10 : 0.0172    shannonentropy@10 : 0.0003    tailpercentage@10 : 0.0078
Wed 09 Apr 2025 14:01:50 INFO  Saving current: ./saved/amazon/NGCF-Apr-09-2025_13-54-26.pth
Wed 09 Apr 2025 14:04:07 INFO  epoch 2 training [time: 137.23s, train loss: 118.8417]
Wed 09 Apr 2025 14:05:29 INFO  epoch 2 evaluating [time: 82.32s, valid_score: 0.024300]
Wed 09 Apr 2025 14:05:29 INFO  valid result: 
recall@10 : 0.0133    mrr@10 : 0.0243    ndcg@10 : 0.0119    hit@10 : 0.0749    map@10 : 0.0049    precision@10 : 0.0082    gauc : 0.9305    itemcoverage@10 : 0.6045    averagepopularity@10 : 44.0279    giniindex@10 : 0.0265    shannonentropy@10 : 0.0003    tailpercentage@10 : 0.0055
Wed 09 Apr 2025 14:05:30 INFO  Saving current: ./saved/amazon/NGCF-Apr-09-2025_13-54-26.pth
Wed 09 Apr 2025 14:07:47 INFO  epoch 3 training [time: 137.14s, train loss: 114.6525]
Wed 09 Apr 2025 14:09:09 INFO  epoch 3 evaluating [time: 82.38s, valid_score: 0.027000]
Wed 09 Apr 2025 14:09:09 INFO  valid result: 
recall@10 : 0.0135    mrr@10 : 0.027    ndcg@10 : 0.0126    hit@10 : 0.0794    map@10 : 0.0052    precision@10 : 0.0089    gauc : 0.9331    itemcoverage@10 : 0.5899    averagepopularity@10 : 47.6589    giniindex@10 : 0.038    shannonentropy@10 : 0.0003    tailpercentage@10 : 0.0048
Wed 09 Apr 2025 14:09:09 INFO  Saving current: ./saved/amazon/NGCF-Apr-09-2025_13-54-26.pth
Wed 09 Apr 2025 14:11:27 INFO  epoch 4 training [time: 137.23s, train loss: 111.7838]
Wed 09 Apr 2025 14:12:49 INFO  epoch 4 evaluating [time: 82.28s, valid_score: 0.031800]
Wed 09 Apr 2025 14:12:49 INFO  valid result: 
recall@10 : 0.0156    mrr@10 : 0.0318    ndcg@10 : 0.0148    hit@10 : 0.0884    map@10 : 0.0063    precision@10 : 0.0101    gauc : 0.9347    itemcoverage@10 : 0.5717    averagepopularity@10 : 56.3432    giniindex@10 : 0.0581    shannonentropy@10 : 0.0003    tailpercentage@10 : 0.0047
Wed 09 Apr 2025 14:12:49 INFO  Saving current: ./saved/amazon/NGCF-Apr-09-2025_13-54-26.pth
Wed 09 Apr 2025 14:15:06 INFO  epoch 5 training [time: 137.03s, train loss: 108.9360]
Wed 09 Apr 2025 14:16:28 INFO  epoch 5 evaluating [time: 82.37s, valid_score: 0.034600]
Wed 09 Apr 2025 14:16:28 INFO  valid result: 
recall@10 : 0.0175    mrr@10 : 0.0346    ndcg@10 : 0.0165    hit@10 : 0.1003    map@10 : 0.0069    precision@10 : 0.0117    gauc : 0.9362    itemcoverage@10 : 0.5538    averagepopularity@10 : 68.9175    giniindex@10 : 0.0782    shannonentropy@10 : 0.0003    tailpercentage@10 : 0.0047
Wed 09 Apr 2025 14:16:29 INFO  Saving current: ./saved/amazon/NGCF-Apr-09-2025_13-54-26.pth
Wed 09 Apr 2025 14:18:46 INFO  epoch 6 training [time: 137.06s, train loss: 105.7758]
Wed 09 Apr 2025 14:20:07 INFO  epoch 6 evaluating [time: 80.84s, valid_score: 0.040000]
Wed 09 Apr 2025 14:20:07 INFO  valid result: 
recall@10 : 0.0193    mrr@10 : 0.04    ndcg@10 : 0.0185    hit@10 : 0.1135    map@10 : 0.0076    precision@10 : 0.0132    gauc : 0.9378    itemcoverage@10 : 0.5244    averagepopularity@10 : 87.7544    giniindex@10 : 0.1075    shannonentropy@10 : 0.0003    tailpercentage@10 : 0.0045
Wed 09 Apr 2025 14:20:07 INFO  Saving current: ./saved/amazon/NGCF-Apr-09-2025_13-54-26.pth
Wed 09 Apr 2025 14:22:24 INFO  epoch 7 training [time: 136.89s, train loss: 101.6998]
Wed 09 Apr 2025 14:23:46 INFO  epoch 7 evaluating [time: 82.22s, valid_score: 0.042400]
Wed 09 Apr 2025 14:23:46 INFO  valid result: 
recall@10 : 0.0201    mrr@10 : 0.0424    ndcg@10 : 0.0196    hit@10 : 0.1145    map@10 : 0.0083    precision@10 : 0.0134    gauc : 0.9389    itemcoverage@10 : 0.4971    averagepopularity@10 : 111.6157    giniindex@10 : 0.1374    shannonentropy@10 : 0.0003    tailpercentage@10 : 0.0047
Wed 09 Apr 2025 14:23:47 INFO  Saving current: ./saved/amazon/NGCF-Apr-09-2025_13-54-26.pth
Wed 09 Apr 2025 14:26:04 INFO  epoch 8 training [time: 137.03s, train loss: 97.3965]
Wed 09 Apr 2025 14:27:26 INFO  epoch 8 evaluating [time: 82.43s, valid_score: 0.045300]
Wed 09 Apr 2025 14:27:26 INFO  valid result: 
recall@10 : 0.0228    mrr@10 : 0.0453    ndcg@10 : 0.0214    hit@10 : 0.1249    map@10 : 0.0091    precision@10 : 0.0146    gauc : 0.9403    itemcoverage@10 : 0.4552    averagepopularity@10 : 137.1845    giniindex@10 : 0.1703    shannonentropy@10 : 0.0003    tailpercentage@10 : 0.0051
Wed 09 Apr 2025 14:27:27 INFO  Saving current: ./saved/amazon/NGCF-Apr-09-2025_13-54-26.pth
Wed 09 Apr 2025 14:29:44 INFO  epoch 9 training [time: 137.21s, train loss: 92.5902]
Wed 09 Apr 2025 14:31:08 INFO  epoch 9 evaluating [time: 83.61s, valid_score: 0.048300]
Wed 09 Apr 2025 14:31:08 INFO  valid result: 
recall@10 : 0.0244    mrr@10 : 0.0483    ndcg@10 : 0.0229    hit@10 : 0.1311    map@10 : 0.01    precision@10 : 0.0154    gauc : 0.9416    itemcoverage@10 : 0.4098    averagepopularity@10 : 157.9531    giniindex@10 : -0.1636    shannonentropy@10 : 0.0004    tailpercentage@10 : 0.0049
Wed 09 Apr 2025 14:31:08 INFO  Saving current: ./saved/amazon/NGCF-Apr-09-2025_13-54-26.pth
Wed 09 Apr 2025 14:33:25 INFO  epoch 10 training [time: 137.01s, train loss: 87.2180]
Wed 09 Apr 2025 14:34:47 INFO  epoch 10 evaluating [time: 82.48s, valid_score: 0.048400]
Wed 09 Apr 2025 14:34:47 INFO  valid result: 
recall@10 : 0.0241    mrr@10 : 0.0484    ndcg@10 : 0.0227    hit@10 : 0.129    map@10 : 0.0098    precision@10 : 0.0152    gauc : 0.9425    itemcoverage@10 : 0.3573    averagepopularity@10 : 177.7714    giniindex@10 : -0.1403    shannonentropy@10 : 0.0004    tailpercentage@10 : 0.0051
Wed 09 Apr 2025 14:34:48 INFO  Saving current: ./saved/amazon/NGCF-Apr-09-2025_13-54-26.pth
Wed 09 Apr 2025 14:37:05 INFO  epoch 11 training [time: 137.10s, train loss: 82.0680]
Wed 09 Apr 2025 14:38:27 INFO  epoch 11 evaluating [time: 81.74s, valid_score: 0.051000]
Wed 09 Apr 2025 14:38:27 INFO  valid result: 
recall@10 : 0.0261    mrr@10 : 0.051    ndcg@10 : 0.0243    hit@10 : 0.1343    map@10 : 0.0108    precision@10 : 0.0159    gauc : 0.9435    itemcoverage@10 : 0.3096    averagepopularity@10 : 190.3829    giniindex@10 : -0.1253    shannonentropy@10 : 0.0004    tailpercentage@10 : 0.0049
Wed 09 Apr 2025 14:38:27 INFO  Saving current: ./saved/amazon/NGCF-Apr-09-2025_13-54-26.pth
Wed 09 Apr 2025 14:40:44 INFO  epoch 12 training [time: 137.11s, train loss: 77.0791]
Wed 09 Apr 2025 14:42:06 INFO  epoch 12 evaluating [time: 81.38s, valid_score: 0.050700]
Wed 09 Apr 2025 14:42:06 INFO  valid result: 
recall@10 : 0.0264    mrr@10 : 0.0507    ndcg@10 : 0.0244    hit@10 : 0.1372    map@10 : 0.0106    precision@10 : 0.0163    gauc : 0.9446    itemcoverage@10 : 0.2653    averagepopularity@10 : 194.0541    giniindex@10 : -0.1157    shannonentropy@10 : 0.0005    tailpercentage@10 : 0.0047
Wed 09 Apr 2025 14:44:23 INFO  epoch 13 training [time: 137.14s, train loss: 72.1852]
Wed 09 Apr 2025 14:45:45 INFO  epoch 13 evaluating [time: 82.47s, valid_score: 0.050000]
Wed 09 Apr 2025 14:45:45 INFO  valid result: 
recall@10 : 0.026    mrr@10 : 0.05    ndcg@10 : 0.0241    hit@10 : 0.1348    map@10 : 0.0106    precision@10 : 0.016    gauc : 0.9453    itemcoverage@10 : 0.234    averagepopularity@10 : 198.7469    giniindex@10 : -0.11    shannonentropy@10 : 0.0006    tailpercentage@10 : 0.0046
Wed 09 Apr 2025 14:48:03 INFO  epoch 14 training [time: 137.54s, train loss: 67.5476]
Wed 09 Apr 2025 14:49:25 INFO  epoch 14 evaluating [time: 82.54s, valid_score: 0.052800]
Wed 09 Apr 2025 14:49:25 INFO  valid result: 
recall@10 : 0.0273    mrr@10 : 0.0528    ndcg@10 : 0.0254    hit@10 : 0.1387    map@10 : 0.0114    precision@10 : 0.0166    gauc : 0.9458    itemcoverage@10 : 0.21    averagepopularity@10 : 199.08    giniindex@10 : -0.1066    shannonentropy@10 : 0.0006    tailpercentage@10 : 0.0041
Wed 09 Apr 2025 14:49:25 INFO  Saving current: ./saved/amazon/NGCF-Apr-09-2025_13-54-26.pth
Wed 09 Apr 2025 14:51:42 INFO  epoch 15 training [time: 136.94s, train loss: 63.6697]
Wed 09 Apr 2025 14:53:05 INFO  epoch 15 evaluating [time: 82.71s, valid_score: 0.053000]
Wed 09 Apr 2025 14:53:05 INFO  valid result: 
recall@10 : 0.0281    mrr@10 : 0.053    ndcg@10 : 0.0257    hit@10 : 0.1426    map@10 : 0.0114    precision@10 : 0.0169    gauc : 0.9464    itemcoverage@10 : 0.1938    averagepopularity@10 : 199.0854    giniindex@10 : -0.1051    shannonentropy@10 : 0.0007    tailpercentage@10 : 0.0038
Wed 09 Apr 2025 14:53:05 INFO  Saving current: ./saved/amazon/NGCF-Apr-09-2025_13-54-26.pth
Wed 09 Apr 2025 14:55:22 INFO  epoch 16 training [time: 137.14s, train loss: 59.8960]
Wed 09 Apr 2025 14:56:44 INFO  epoch 16 evaluating [time: 81.97s, valid_score: 0.053300]
Wed 09 Apr 2025 14:56:44 INFO  valid result: 
recall@10 : 0.0285    mrr@10 : 0.0533    ndcg@10 : 0.026    hit@10 : 0.1439    map@10 : 0.0115    precision@10 : 0.017    gauc : 0.9471    itemcoverage@10 : 0.1784    averagepopularity@10 : 194.4251    giniindex@10 : -0.104    shannonentropy@10 : 0.0007    tailpercentage@10 : 0.0031
Wed 09 Apr 2025 14:56:45 INFO  Saving current: ./saved/amazon/NGCF-Apr-09-2025_13-54-26.pth
Wed 09 Apr 2025 14:59:02 INFO  epoch 17 training [time: 137.04s, train loss: 56.6665]
Wed 09 Apr 2025 15:00:24 INFO  epoch 17 evaluating [time: 81.67s, valid_score: 0.052700]
Wed 09 Apr 2025 15:00:24 INFO  valid result: 
recall@10 : 0.028    mrr@10 : 0.0527    ndcg@10 : 0.0257    hit@10 : 0.143    map@10 : 0.0113    precision@10 : 0.017    gauc : 0.9474    itemcoverage@10 : 0.171    averagepopularity@10 : 192.2377    giniindex@10 : -0.1038    shannonentropy@10 : 0.0008    tailpercentage@10 : 0.0028
Wed 09 Apr 2025 15:02:41 INFO  epoch 18 training [time: 137.03s, train loss: 53.2305]
Wed 09 Apr 2025 15:04:02 INFO  epoch 18 evaluating [time: 81.35s, valid_score: 0.054800]
Wed 09 Apr 2025 15:04:02 INFO  valid result: 
recall@10 : 0.0294    mrr@10 : 0.0548    ndcg@10 : 0.0267    hit@10 : 0.1468    map@10 : 0.0118    precision@10 : 0.0175    gauc : 0.9478    itemcoverage@10 : 0.1681    averagepopularity@10 : 188.3222    giniindex@10 : -0.1046    shannonentropy@10 : 0.0008    tailpercentage@10 : 0.0025
Wed 09 Apr 2025 15:04:03 INFO  Saving current: ./saved/amazon/NGCF-Apr-09-2025_13-54-26.pth
Wed 09 Apr 2025 15:06:20 INFO  epoch 19 training [time: 137.10s, train loss: 50.8519]
Wed 09 Apr 2025 15:07:41 INFO  epoch 19 evaluating [time: 81.63s, valid_score: 0.055400]
Wed 09 Apr 2025 15:07:41 INFO  valid result: 
recall@10 : 0.03    mrr@10 : 0.0554    ndcg@10 : 0.0272    hit@10 : 0.1492    map@10 : 0.0121    precision@10 : 0.0178    gauc : 0.9483    itemcoverage@10 : 0.1677    averagepopularity@10 : 183.037    giniindex@10 : -0.1059    shannonentropy@10 : 0.0008    tailpercentage@10 : 0.0023
Wed 09 Apr 2025 15:07:42 INFO  Saving current: ./saved/amazon/NGCF-Apr-09-2025_13-54-26.pth
Wed 09 Apr 2025 15:07:42 INFO  Loading model structure and parameters from ./saved/amazon/NGCF-Apr-09-2025_13-54-26.pth
