Tue 08 Apr 2025 08:49:48 INFO  
General Hyper Parameters:
gpu_id = 0
use_gpu = True
seed = 2020
state = INFO
reproducibility = True
data_path = dataset/mind
checkpoint_dir = ./saved/mind/
show_progress = True
save_dataset = True
dataset_save_path = None
save_dataloaders = True
dataloaders_save_path = None
log_wandb = False

Training Hyper Parameters:
epochs = 50
train_batch_size = 2048
learner = adam
learning_rate = 0.001
train_neg_sample_args = {'distribution': 'uniform', 'sample_num': 1, 'alpha': 1.0, 'dynamic': False, 'candidate_num': 0}
eval_step = 1
stopping_step = 50
clip_grad_norm = None
weight_decay = 0.0
loss_decimal_place = 4

Evaluation Hyper Parameters:
eval_args = {'split': {'RS': [0.8, 0.1, 0.1]}, 'group_by': 'user', 'order': 'RO', 'mode': 'full'}
repeatable = False
metrics = ['Recall', 'MRR', 'NDCG', 'Hit', 'MAP', 'Precision', 'GAUC', 'ItemCoverage', 'AveragePopularity', 'GiniIndex', 'ShannonEntropy', 'TailPercentage']
topk = [10]
valid_metric = MRR@10
valid_metric_bigger = True
eval_batch_size = 4096
metric_decimal_place = 4

Dataset Hyper Parameters:
field_separator = 	
seq_separator =  
USER_ID_FIELD = user_id
ITEM_ID_FIELD = item_id
RATING_FIELD = rating
TIME_FIELD = timestamp
seq_len = None
LABEL_FIELD = label
threshold = None
NEG_PREFIX = neg_
load_col = {'inter': ['user_id', 'item_id']}
unload_col = None
unused_col = None
additional_feat_suffix = None
rm_dup_inter = None
val_interval = None
filter_inter_by_user_or_item = True
user_inter_num_interval = [0,inf)
item_inter_num_interval = [0,inf)
alias_of_user_id = None
alias_of_item_id = None
alias_of_entity_id = None
alias_of_relation_id = None
preload_weight = None
normalize_field = None
normalize_all = None
ITEM_LIST_LENGTH_FIELD = item_length
LIST_SUFFIX = _list
MAX_ITEM_LIST_LENGTH = 50
POSITION_FIELD = position_id
HEAD_ENTITY_ID_FIELD = head_id
TAIL_ENTITY_ID_FIELD = tail_id
RELATION_ID_FIELD = relation_id
ENTITY_ID_FIELD = entity_id
benchmark_filename = None

Other Hyper Parameters: 
worker = 0
wandb_project = recbole
shuffle = True
require_pow = False
enable_amp = False
enable_scaler = False
transform = None
embedding_size = 64
n_layers = 2
reg_weight = 1e-05
numerical_features = []
discretization = None
kg_reverse_r = False
entity_kg_num_interval = [0,inf)
relation_kg_num_interval = [0,inf)
MODEL_TYPE = ModelType.GENERAL
MODEL_INPUT_TYPE = InputType.PAIRWISE
eval_type = EvaluatorType.RANKING
single_spec = True
local_rank = 0
device = cuda
eval_neg_sample_args = {'distribution': 'uniform', 'sample_num': 'none'}


Tue 08 Apr 2025 08:49:49 INFO  Load filtered dataset from: [./saved/mind/mind-Dataset.pth]
Tue 08 Apr 2025 08:49:49 INFO  mind
The number of users: 23680
Average actions of users: 44.282908906626126
The number of items: 4415
Average actions of items: 237.55663797009515
The number of inters: 1048575
The sparsity of the dataset: 98.9970319625968%
Remain Fields: ['user_id', 'item_id']
Tue 08 Apr 2025 08:49:52 INFO  Saving split dataloaders into: [./saved/mind/mind-for-LightGCN-dataloader.pth]
Tue 08 Apr 2025 08:50:01 INFO  [Training]: train_batch_size = [2048] train_neg_sample_args: [{'distribution': 'uniform', 'sample_num': 1, 'alpha': 1.0, 'dynamic': False, 'candidate_num': 0}]
Tue 08 Apr 2025 08:50:01 INFO  [Evaluation]: eval_batch_size = [4096] eval_args: [{'split': {'RS': [0.8, 0.1, 0.1]}, 'group_by': 'user', 'order': 'RO', 'mode': 'full'}]
Tue 08 Apr 2025 08:50:02 INFO  LightGCN(
  (user_embedding): Embedding(23680, 64)
  (item_embedding): Embedding(4415, 64)
  (mf_loss): BPRLoss()
  (reg_loss): EmbLoss()
)
Trainable parameters: 1798080
Tue 08 Apr 2025 08:50:45 INFO  epoch 0 training [time: 37.99s, train loss: 98.0032]
Tue 08 Apr 2025 08:51:43 INFO  epoch 0 evaluating [time: 58.00s, valid_score: 0.287600]
Tue 08 Apr 2025 08:51:43 INFO  valid result: 
recall@10 : 0.3252    mrr@10 : 0.2876    ndcg@10 : 0.232    hit@10 : 0.5967    map@10 : 0.1545    precision@10 : 0.089    gauc : 0.9632    itemcoverage@10 : 0.017    averagepopularity@10 : 9033.9227    giniindex@10 : 0.9959    shannonentropy@10 : 0.0415    tailpercentage@10 : 0.0002
Tue 08 Apr 2025 08:51:43 INFO  Saving current: ./saved/mind/LightGCN-Apr-08-2025_08-50-02.pth
Tue 08 Apr 2025 08:52:21 INFO  epoch 1 training [time: 37.93s, train loss: 46.5086]
Tue 08 Apr 2025 08:53:21 INFO  epoch 1 evaluating [time: 60.00s, valid_score: 0.298500]
Tue 08 Apr 2025 08:53:21 INFO  valid result: 
recall@10 : 0.318    mrr@10 : 0.2985    ndcg@10 : 0.2349    hit@10 : 0.5936    map@10 : 0.159    precision@10 : 0.0895    gauc : 0.9635    itemcoverage@10 : 0.019    averagepopularity@10 : 9117.253    giniindex@10 : 0.9958    shannonentropy@10 : 0.0372    tailpercentage@10 : 0.0002
Tue 08 Apr 2025 08:53:21 INFO  Saving current: ./saved/mind/LightGCN-Apr-08-2025_08-50-02.pth
Tue 08 Apr 2025 08:53:59 INFO  epoch 2 training [time: 38.03s, train loss: 45.2706]
Tue 08 Apr 2025 08:54:59 INFO  epoch 2 evaluating [time: 60.09s, valid_score: 0.304700]
Tue 08 Apr 2025 08:54:59 INFO  valid result: 
recall@10 : 0.3166    mrr@10 : 0.3047    ndcg@10 : 0.2339    hit@10 : 0.593    map@10 : 0.1566    precision@10 : 0.0898    gauc : 0.9637    itemcoverage@10 : 0.0183    averagepopularity@10 : 9129.0227    giniindex@10 : 0.9958    shannonentropy@10 : 0.0386    tailpercentage@10 : 0.0002
Tue 08 Apr 2025 08:54:59 INFO  Saving current: ./saved/mind/LightGCN-Apr-08-2025_08-50-02.pth
Tue 08 Apr 2025 08:55:37 INFO  epoch 3 training [time: 38.01s, train loss: 43.7496]
Tue 08 Apr 2025 08:56:36 INFO  epoch 3 evaluating [time: 58.58s, valid_score: 0.309100]
Tue 08 Apr 2025 08:56:36 INFO  valid result: 
recall@10 : 0.3164    mrr@10 : 0.3091    ndcg@10 : 0.2351    hit@10 : 0.5931    map@10 : 0.1576    precision@10 : 0.0898    gauc : 0.9641    itemcoverage@10 : 0.0181    averagepopularity@10 : 9127.2722    giniindex@10 : 0.9958    shannonentropy@10 : 0.0391    tailpercentage@10 : 0.0002
Tue 08 Apr 2025 08:56:36 INFO  Saving current: ./saved/mind/LightGCN-Apr-08-2025_08-50-02.pth
Tue 08 Apr 2025 08:57:14 INFO  epoch 4 training [time: 37.90s, train loss: 42.1724]
Tue 08 Apr 2025 08:58:11 INFO  epoch 4 evaluating [time: 57.58s, valid_score: 0.315000]
Tue 08 Apr 2025 08:58:11 INFO  valid result: 
recall@10 : 0.3315    mrr@10 : 0.315    ndcg@10 : 0.2434    hit@10 : 0.6109    map@10 : 0.1627    precision@10 : 0.0935    gauc : 0.9655    itemcoverage@10 : 0.0217    averagepopularity@10 : 9115.1015    giniindex@10 : 0.9958    shannonentropy@10 : 0.0328    tailpercentage@10 : 0.0001
Tue 08 Apr 2025 08:58:11 INFO  Saving current: ./saved/mind/LightGCN-Apr-08-2025_08-50-02.pth
Tue 08 Apr 2025 08:58:49 INFO  epoch 5 training [time: 37.94s, train loss: 39.1110]
Tue 08 Apr 2025 08:59:48 INFO  epoch 5 evaluating [time: 58.62s, valid_score: 0.380100]
Tue 08 Apr 2025 08:59:48 INFO  valid result: 
recall@10 : 0.4075    mrr@10 : 0.3801    ndcg@10 : 0.3042    hit@10 : 0.6907    map@10 : 0.212    precision@10 : 0.1096    gauc : 0.9688    itemcoverage@10 : 0.0247    averagepopularity@10 : 8677.5498    giniindex@10 : 0.9948    shannonentropy@10 : 0.031    tailpercentage@10 : 0.0001
Tue 08 Apr 2025 08:59:48 INFO  Saving current: ./saved/mind/LightGCN-Apr-08-2025_08-50-02.pth
Tue 08 Apr 2025 09:00:26 INFO  epoch 6 training [time: 37.98s, train loss: 34.5528]
Tue 08 Apr 2025 09:01:24 INFO  epoch 6 evaluating [time: 58.58s, valid_score: 0.458100]
Tue 08 Apr 2025 09:01:24 INFO  valid result: 
recall@10 : 0.4753    mrr@10 : 0.4581    ndcg@10 : 0.3733    hit@10 : 0.7584    map@10 : 0.2753    precision@10 : 0.1264    gauc : 0.972    itemcoverage@10 : 0.0292    averagepopularity@10 : 7497.9715    giniindex@10 : 0.9921    shannonentropy@10 : 0.0295    tailpercentage@10 : 0.0001
Tue 08 Apr 2025 09:01:24 INFO  Saving current: ./saved/mind/LightGCN-Apr-08-2025_08-50-02.pth
Tue 08 Apr 2025 09:02:02 INFO  epoch 7 training [time: 37.95s, train loss: 31.4334]
Tue 08 Apr 2025 09:03:02 INFO  epoch 7 evaluating [time: 59.47s, valid_score: 0.471000]
Tue 08 Apr 2025 09:03:02 INFO  valid result: 
recall@10 : 0.4866    mrr@10 : 0.471    ndcg@10 : 0.3864    hit@10 : 0.7668    map@10 : 0.2871    precision@10 : 0.1318    gauc : 0.9737    itemcoverage@10 : 0.0322    averagepopularity@10 : 6881.5941    giniindex@10 : 0.9904    shannonentropy@10 : 0.0281    tailpercentage@10 : 0.0
Tue 08 Apr 2025 09:03:02 INFO  Saving current: ./saved/mind/LightGCN-Apr-08-2025_08-50-02.pth
Tue 08 Apr 2025 09:03:40 INFO  epoch 8 training [time: 37.99s, train loss: 29.5827]
Tue 08 Apr 2025 09:04:43 INFO  epoch 8 evaluating [time: 62.99s, valid_score: 0.474200]
Tue 08 Apr 2025 09:04:43 INFO  valid result: 
recall@10 : 0.4921    mrr@10 : 0.4742    ndcg@10 : 0.3904    hit@10 : 0.7732    map@10 : 0.2901    precision@10 : 0.1338    gauc : 0.9748    itemcoverage@10 : 0.0353    averagepopularity@10 : 6681.3774    giniindex@10 : 0.9898    shannonentropy@10 : 0.026    tailpercentage@10 : 0.0
Tue 08 Apr 2025 09:04:43 INFO  Saving current: ./saved/mind/LightGCN-Apr-08-2025_08-50-02.pth
Tue 08 Apr 2025 09:05:21 INFO  epoch 9 training [time: 37.94s, train loss: 28.3679]
Tue 08 Apr 2025 09:06:20 INFO  epoch 9 evaluating [time: 58.98s, valid_score: 0.478900]
Tue 08 Apr 2025 09:06:20 INFO  valid result: 
recall@10 : 0.5014    mrr@10 : 0.4789    ndcg@10 : 0.3965    hit@10 : 0.7841    map@10 : 0.2947    precision@10 : 0.136    gauc : 0.9756    itemcoverage@10 : 0.0378    averagepopularity@10 : 6585.0989    giniindex@10 : 0.9893    shannonentropy@10 : 0.0246    tailpercentage@10 : 0.0
Tue 08 Apr 2025 09:06:20 INFO  Saving current: ./saved/mind/LightGCN-Apr-08-2025_08-50-02.pth
Tue 08 Apr 2025 09:06:58 INFO  epoch 10 training [time: 38.01s, train loss: 27.3817]
Tue 08 Apr 2025 09:07:55 INFO  epoch 10 evaluating [time: 57.28s, valid_score: 0.489000]
Tue 08 Apr 2025 09:07:55 INFO  valid result: 
recall@10 : 0.5122    mrr@10 : 0.489    ndcg@10 : 0.4056    hit@10 : 0.7975    map@10 : 0.302    precision@10 : 0.1391    gauc : 0.9763    itemcoverage@10 : 0.0403    averagepopularity@10 : 6492.4827    giniindex@10 : 0.9889    shannonentropy@10 : 0.0234    tailpercentage@10 : 0.0
Tue 08 Apr 2025 09:07:55 INFO  Saving current: ./saved/mind/LightGCN-Apr-08-2025_08-50-02.pth
Tue 08 Apr 2025 09:08:33 INFO  epoch 11 training [time: 38.03s, train loss: 26.1329]
Tue 08 Apr 2025 09:09:33 INFO  epoch 11 evaluating [time: 59.58s, valid_score: 0.502600]
Tue 08 Apr 2025 09:09:33 INFO  valid result: 
recall@10 : 0.5274    mrr@10 : 0.5026    ndcg@10 : 0.4189    hit@10 : 0.8131    map@10 : 0.3138    precision@10 : 0.1428    gauc : 0.9769    itemcoverage@10 : 0.0439    averagepopularity@10 : 6477.5486    giniindex@10 : 0.9885    shannonentropy@10 : 0.0217    tailpercentage@10 : 0.0
Tue 08 Apr 2025 09:09:33 INFO  Saving current: ./saved/mind/LightGCN-Apr-08-2025_08-50-02.pth
Tue 08 Apr 2025 09:10:11 INFO  epoch 12 training [time: 37.90s, train loss: 25.1800]
Tue 08 Apr 2025 09:11:08 INFO  epoch 12 evaluating [time: 57.47s, valid_score: 0.515000]
Tue 08 Apr 2025 09:11:08 INFO  valid result: 
recall@10 : 0.5377    mrr@10 : 0.515    ndcg@10 : 0.4297    hit@10 : 0.8267    map@10 : 0.3231    precision@10 : 0.1463    gauc : 0.9775    itemcoverage@10 : 0.046    averagepopularity@10 : 6376.7773    giniindex@10 : 0.9877    shannonentropy@10 : 0.0211    tailpercentage@10 : 0.0
Tue 08 Apr 2025 09:11:08 INFO  Saving current: ./saved/mind/LightGCN-Apr-08-2025_08-50-02.pth
Tue 08 Apr 2025 09:11:46 INFO  epoch 13 training [time: 38.03s, train loss: 24.5364]
Tue 08 Apr 2025 09:12:46 INFO  epoch 13 evaluating [time: 60.18s, valid_score: 0.523500]
Tue 08 Apr 2025 09:12:46 INFO  valid result: 
recall@10 : 0.5448    mrr@10 : 0.5235    ndcg@10 : 0.4369    hit@10 : 0.8335    map@10 : 0.3291    precision@10 : 0.1495    gauc : 0.9781    itemcoverage@10 : 0.0485    averagepopularity@10 : 6309.3685    giniindex@10 : 0.9869    shannonentropy@10 : 0.0204    tailpercentage@10 : 0.0
Tue 08 Apr 2025 09:12:46 INFO  Saving current: ./saved/mind/LightGCN-Apr-08-2025_08-50-02.pth
Tue 08 Apr 2025 09:13:24 INFO  epoch 14 training [time: 37.91s, train loss: 23.8088]
Tue 08 Apr 2025 09:14:22 INFO  epoch 14 evaluating [time: 57.51s, valid_score: 0.526700]
Tue 08 Apr 2025 09:14:22 INFO  valid result: 
recall@10 : 0.5493    mrr@10 : 0.5267    ndcg@10 : 0.4401    hit@10 : 0.8384    map@10 : 0.3309    precision@10 : 0.1524    gauc : 0.9787    itemcoverage@10 : 0.0516    averagepopularity@10 : 6267.8679    giniindex@10 : 0.9863    shannonentropy@10 : 0.0193    tailpercentage@10 : 0.0
Tue 08 Apr 2025 09:14:22 INFO  Saving current: ./saved/mind/LightGCN-Apr-08-2025_08-50-02.pth
Tue 08 Apr 2025 09:15:00 INFO  epoch 15 training [time: 37.92s, train loss: 22.6713]
Tue 08 Apr 2025 09:15:58 INFO  epoch 15 evaluating [time: 57.80s, valid_score: 0.528300]
Tue 08 Apr 2025 09:15:58 INFO  valid result: 
recall@10 : 0.5534    mrr@10 : 0.5283    ndcg@10 : 0.4423    hit@10 : 0.8425    map@10 : 0.3321    precision@10 : 0.1542    gauc : 0.9792    itemcoverage@10 : 0.0532    averagepopularity@10 : 6211.2786    giniindex@10 : 0.9858    shannonentropy@10 : 0.0189    tailpercentage@10 : 0.0
Tue 08 Apr 2025 09:15:58 INFO  Saving current: ./saved/mind/LightGCN-Apr-08-2025_08-50-02.pth
Tue 08 Apr 2025 09:16:36 INFO  epoch 16 training [time: 37.90s, train loss: 22.1949]
Tue 08 Apr 2025 09:17:35 INFO  epoch 16 evaluating [time: 59.04s, valid_score: 0.528500]
Tue 08 Apr 2025 09:17:35 INFO  valid result: 
recall@10 : 0.5538    mrr@10 : 0.5285    ndcg@10 : 0.4428    hit@10 : 0.8434    map@10 : 0.3325    precision@10 : 0.1548    gauc : 0.9797    itemcoverage@10 : 0.0557    averagepopularity@10 : 6166.3772    giniindex@10 : 0.9853    shannonentropy@10 : 0.0182    tailpercentage@10 : 0.0
Tue 08 Apr 2025 09:17:35 INFO  Saving current: ./saved/mind/LightGCN-Apr-08-2025_08-50-02.pth
Tue 08 Apr 2025 09:18:13 INFO  epoch 17 training [time: 38.01s, train loss: 21.2876]
Tue 08 Apr 2025 09:19:11 INFO  epoch 17 evaluating [time: 58.23s, valid_score: 0.528500]
Tue 08 Apr 2025 09:19:11 INFO  valid result: 
recall@10 : 0.5566    mrr@10 : 0.5285    ndcg@10 : 0.4442    hit@10 : 0.8454    map@10 : 0.3334    precision@10 : 0.1559    gauc : 0.9802    itemcoverage@10 : 0.0573    averagepopularity@10 : 6132.5886    giniindex@10 : 0.9849    shannonentropy@10 : 0.0178    tailpercentage@10 : 0.0
Tue 08 Apr 2025 09:19:11 INFO  Saving current: ./saved/mind/LightGCN-Apr-08-2025_08-50-02.pth
Tue 08 Apr 2025 09:19:49 INFO  epoch 18 training [time: 37.86s, train loss: 20.7979]
Tue 08 Apr 2025 09:20:48 INFO  epoch 18 evaluating [time: 58.69s, valid_score: 0.528700]
Tue 08 Apr 2025 09:20:48 INFO  valid result: 
recall@10 : 0.5564    mrr@10 : 0.5287    ndcg@10 : 0.4448    hit@10 : 0.8448    map@10 : 0.3341    precision@10 : 0.1564    gauc : 0.9805    itemcoverage@10 : 0.0593    averagepopularity@10 : 6114.2125    giniindex@10 : 0.9846    shannonentropy@10 : 0.0173    tailpercentage@10 : 0.0
Tue 08 Apr 2025 09:20:48 INFO  Saving current: ./saved/mind/LightGCN-Apr-08-2025_08-50-02.pth
Tue 08 Apr 2025 09:21:25 INFO  epoch 19 training [time: 37.95s, train loss: 20.5032]
Tue 08 Apr 2025 09:22:24 INFO  epoch 19 evaluating [time: 58.35s, valid_score: 0.530000]
Tue 08 Apr 2025 09:22:24 INFO  valid result: 
recall@10 : 0.5596    mrr@10 : 0.53    ndcg@10 : 0.4471    hit@10 : 0.847    map@10 : 0.336    precision@10 : 0.1575    gauc : 0.9809    itemcoverage@10 : 0.0625    averagepopularity@10 : 6064.1472    giniindex@10 : 0.9841    shannonentropy@10 : 0.0165    tailpercentage@10 : 0.0
Tue 08 Apr 2025 09:22:24 INFO  Saving current: ./saved/mind/LightGCN-Apr-08-2025_08-50-02.pth
Tue 08 Apr 2025 09:23:02 INFO  epoch 20 training [time: 37.98s, train loss: 19.9952]
Tue 08 Apr 2025 09:24:00 INFO  epoch 20 evaluating [time: 58.28s, valid_score: 0.531100]
Tue 08 Apr 2025 09:24:00 INFO  valid result: 
recall@10 : 0.5602    mrr@10 : 0.5311    ndcg@10 : 0.4485    hit@10 : 0.8487    map@10 : 0.3375    precision@10 : 0.1583    gauc : 0.9812    itemcoverage@10 : 0.0641    averagepopularity@10 : 6058.3934    giniindex@10 : 0.9839    shannonentropy@10 : 0.0161    tailpercentage@10 : 0.0
Tue 08 Apr 2025 09:24:00 INFO  Saving current: ./saved/mind/LightGCN-Apr-08-2025_08-50-02.pth
Tue 08 Apr 2025 09:24:38 INFO  epoch 21 training [time: 38.00s, train loss: 19.3392]
Tue 08 Apr 2025 09:25:38 INFO  epoch 21 evaluating [time: 59.43s, valid_score: 0.534700]
Tue 08 Apr 2025 09:25:38 INFO  valid result: 
recall@10 : 0.5628    mrr@10 : 0.5347    ndcg@10 : 0.4524    hit@10 : 0.8505    map@10 : 0.3415    precision@10 : 0.1592    gauc : 0.9815    itemcoverage@10 : 0.0659    averagepopularity@10 : 5966.7333    giniindex@10 : 0.9833    shannonentropy@10 : 0.0158    tailpercentage@10 : 0.0
Tue 08 Apr 2025 09:25:38 INFO  Saving current: ./saved/mind/LightGCN-Apr-08-2025_08-50-02.pth
Tue 08 Apr 2025 09:26:16 INFO  epoch 22 training [time: 37.94s, train loss: 19.2071]
Tue 08 Apr 2025 09:27:14 INFO  epoch 22 evaluating [time: 58.19s, valid_score: 0.539000]
Tue 08 Apr 2025 09:27:14 INFO  valid result: 
recall@10 : 0.5636    mrr@10 : 0.539    ndcg@10 : 0.4557    hit@10 : 0.8509    map@10 : 0.3454    precision@10 : 0.1599    gauc : 0.9818    itemcoverage@10 : 0.0695    averagepopularity@10 : 5913.8705    giniindex@10 : 0.9831    shannonentropy@10 : 0.015    tailpercentage@10 : 0.0
Tue 08 Apr 2025 09:27:14 INFO  Saving current: ./saved/mind/LightGCN-Apr-08-2025_08-50-02.pth
Tue 08 Apr 2025 09:27:52 INFO  epoch 23 training [time: 37.97s, train loss: 18.7929]
Tue 08 Apr 2025 09:28:50 INFO  epoch 23 evaluating [time: 58.30s, valid_score: 0.540600]
Tue 08 Apr 2025 09:28:50 INFO  valid result: 
recall@10 : 0.5673    mrr@10 : 0.5406    ndcg@10 : 0.4585    hit@10 : 0.8541    map@10 : 0.3479    precision@10 : 0.161    gauc : 0.982    itemcoverage@10 : 0.0729    averagepopularity@10 : 5778.07    giniindex@10 : 0.9823    shannonentropy@10 : 0.0145    tailpercentage@10 : 0.0
Tue 08 Apr 2025 09:28:50 INFO  Saving current: ./saved/mind/LightGCN-Apr-08-2025_08-50-02.pth
Tue 08 Apr 2025 09:29:28 INFO  epoch 24 training [time: 38.04s, train loss: 18.1844]
Tue 08 Apr 2025 09:30:26 INFO  epoch 24 evaluating [time: 57.93s, valid_score: 0.542400]
Tue 08 Apr 2025 09:30:26 INFO  valid result: 
recall@10 : 0.5693    mrr@10 : 0.5424    ndcg@10 : 0.4605    hit@10 : 0.8554    map@10 : 0.3497    precision@10 : 0.1617    gauc : 0.9823    itemcoverage@10 : 0.0747    averagepopularity@10 : 5746.5652    giniindex@10 : 0.9822    shannonentropy@10 : 0.0141    tailpercentage@10 : 0.0
Tue 08 Apr 2025 09:30:26 INFO  Saving current: ./saved/mind/LightGCN-Apr-08-2025_08-50-02.pth
Tue 08 Apr 2025 09:31:04 INFO  epoch 25 training [time: 37.90s, train loss: 17.8973]
Tue 08 Apr 2025 09:32:04 INFO  epoch 25 evaluating [time: 59.84s, valid_score: 0.542600]
Tue 08 Apr 2025 09:32:04 INFO  valid result: 
recall@10 : 0.5726    mrr@10 : 0.5426    ndcg@10 : 0.462    hit@10 : 0.8583    map@10 : 0.3505    precision@10 : 0.1633    gauc : 0.9825    itemcoverage@10 : 0.0768    averagepopularity@10 : 5661.4274    giniindex@10 : 0.9817    shannonentropy@10 : 0.0138    tailpercentage@10 : 0.0
Tue 08 Apr 2025 09:32:04 INFO  Saving current: ./saved/mind/LightGCN-Apr-08-2025_08-50-02.pth
Tue 08 Apr 2025 09:32:42 INFO  epoch 26 training [time: 37.87s, train loss: 17.4433]
Tue 08 Apr 2025 09:33:44 INFO  epoch 26 evaluating [time: 62.22s, valid_score: 0.544900]
Tue 08 Apr 2025 09:33:44 INFO  valid result: 
recall@10 : 0.5738    mrr@10 : 0.5449    ndcg@10 : 0.4637    hit@10 : 0.859    map@10 : 0.3521    precision@10 : 0.1639    gauc : 0.9828    itemcoverage@10 : 0.0781    averagepopularity@10 : 5681.2004    giniindex@10 : 0.9818    shannonentropy@10 : 0.0136    tailpercentage@10 : 0.0
Tue 08 Apr 2025 09:33:44 INFO  Saving current: ./saved/mind/LightGCN-Apr-08-2025_08-50-02.pth
Tue 08 Apr 2025 09:34:22 INFO  epoch 27 training [time: 37.85s, train loss: 17.0973]
Tue 08 Apr 2025 09:35:21 INFO  epoch 27 evaluating [time: 58.71s, valid_score: 0.544000]
Tue 08 Apr 2025 09:35:21 INFO  valid result: 
recall@10 : 0.5746    mrr@10 : 0.544    ndcg@10 : 0.4635    hit@10 : 0.8588    map@10 : 0.3515    precision@10 : 0.1645    gauc : 0.983    itemcoverage@10 : 0.08    averagepopularity@10 : 5628.0047    giniindex@10 : 0.9815    shannonentropy@10 : 0.0133    tailpercentage@10 : 0.0
Tue 08 Apr 2025 09:35:59 INFO  epoch 28 training [time: 38.02s, train loss: 16.8772]
Tue 08 Apr 2025 09:36:58 INFO  epoch 28 evaluating [time: 59.78s, valid_score: 0.544200]
Tue 08 Apr 2025 09:36:58 INFO  valid result: 
recall@10 : 0.5758    mrr@10 : 0.5442    ndcg@10 : 0.4644    hit@10 : 0.8605    map@10 : 0.3524    precision@10 : 0.1652    gauc : 0.9832    itemcoverage@10 : 0.0822    averagepopularity@10 : 5564.6967    giniindex@10 : 0.9809    shannonentropy@10 : 0.013    tailpercentage@10 : 0.0
Tue 08 Apr 2025 09:37:36 INFO  epoch 29 training [time: 38.00s, train loss: 16.6910]
Tue 08 Apr 2025 09:38:35 INFO  epoch 29 evaluating [time: 58.61s, valid_score: 0.544700]
Tue 08 Apr 2025 09:38:35 INFO  valid result: 
recall@10 : 0.5765    mrr@10 : 0.5447    ndcg@10 : 0.4647    hit@10 : 0.8612    map@10 : 0.3522    precision@10 : 0.1658    gauc : 0.9834    itemcoverage@10 : 0.0849    averagepopularity@10 : 5546.7011    giniindex@10 : 0.9808    shannonentropy@10 : 0.0126    tailpercentage@10 : 0.0
Tue 08 Apr 2025 09:39:13 INFO  epoch 30 training [time: 37.85s, train loss: 16.4841]
Tue 08 Apr 2025 09:40:12 INFO  epoch 30 evaluating [time: 59.18s, valid_score: 0.545300]
Tue 08 Apr 2025 09:40:12 INFO  valid result: 
recall@10 : 0.579    mrr@10 : 0.5453    ndcg@10 : 0.4662    hit@10 : 0.8635    map@10 : 0.3535    precision@10 : 0.1666    gauc : 0.9836    itemcoverage@10 : 0.089    averagepopularity@10 : 5501.5465    giniindex@10 : 0.9804    shannonentropy@10 : 0.0121    tailpercentage@10 : 0.0
Tue 08 Apr 2025 09:40:12 INFO  Saving current: ./saved/mind/LightGCN-Apr-08-2025_08-50-02.pth
Tue 08 Apr 2025 09:40:50 INFO  epoch 31 training [time: 37.88s, train loss: 16.2316]
Tue 08 Apr 2025 09:41:48 INFO  epoch 31 evaluating [time: 57.74s, valid_score: 0.546900]
Tue 08 Apr 2025 09:41:48 INFO  valid result: 
recall@10 : 0.58    mrr@10 : 0.5469    ndcg@10 : 0.4677    hit@10 : 0.8638    map@10 : 0.355    precision@10 : 0.1672    gauc : 0.9837    itemcoverage@10 : 0.0922    averagepopularity@10 : 5519.9263    giniindex@10 : 0.9804    shannonentropy@10 : 0.0117    tailpercentage@10 : 0.0
Tue 08 Apr 2025 09:41:48 INFO  Saving current: ./saved/mind/LightGCN-Apr-08-2025_08-50-02.pth
Tue 08 Apr 2025 09:42:26 INFO  epoch 32 training [time: 37.91s, train loss: 15.8996]
Tue 08 Apr 2025 09:43:25 INFO  epoch 32 evaluating [time: 59.64s, valid_score: 0.548300]
Tue 08 Apr 2025 09:43:25 INFO  valid result: 
recall@10 : 0.5822    mrr@10 : 0.5483    ndcg@10 : 0.4691    hit@10 : 0.8664    map@10 : 0.3561    precision@10 : 0.1678    gauc : 0.9839    itemcoverage@10 : 0.0956    averagepopularity@10 : 5536.195    giniindex@10 : 0.9803    shannonentropy@10 : 0.0113    tailpercentage@10 : 0.0
Tue 08 Apr 2025 09:43:25 INFO  Saving current: ./saved/mind/LightGCN-Apr-08-2025_08-50-02.pth
Tue 08 Apr 2025 09:44:03 INFO  epoch 33 training [time: 37.86s, train loss: 15.5946]
Tue 08 Apr 2025 09:45:02 INFO  epoch 33 evaluating [time: 58.63s, valid_score: 0.551300]
Tue 08 Apr 2025 09:45:02 INFO  valid result: 
recall@10 : 0.5833    mrr@10 : 0.5513    ndcg@10 : 0.4714    hit@10 : 0.8668    map@10 : 0.3583    precision@10 : 0.1686    gauc : 0.9841    itemcoverage@10 : 0.0951    averagepopularity@10 : 5508.3804    giniindex@10 : 0.9801    shannonentropy@10 : 0.0114    tailpercentage@10 : 0.0
Tue 08 Apr 2025 09:45:02 INFO  Saving current: ./saved/mind/LightGCN-Apr-08-2025_08-50-02.pth
Tue 08 Apr 2025 09:45:40 INFO  epoch 34 training [time: 37.89s, train loss: 15.4553]
Tue 08 Apr 2025 09:46:38 INFO  epoch 34 evaluating [time: 58.68s, valid_score: 0.551500]
Tue 08 Apr 2025 09:46:38 INFO  valid result: 
recall@10 : 0.5847    mrr@10 : 0.5515    ndcg@10 : 0.472    hit@10 : 0.8681    map@10 : 0.3587    precision@10 : 0.1689    gauc : 0.9842    itemcoverage@10 : 0.0983    averagepopularity@10 : 5460.2034    giniindex@10 : 0.9797    shannonentropy@10 : 0.0111    tailpercentage@10 : 0.0
Tue 08 Apr 2025 09:46:38 INFO  Saving current: ./saved/mind/LightGCN-Apr-08-2025_08-50-02.pth
Tue 08 Apr 2025 09:47:16 INFO  epoch 35 training [time: 37.98s, train loss: 15.2327]
Tue 08 Apr 2025 09:48:17 INFO  epoch 35 evaluating [time: 60.65s, valid_score: 0.553100]
Tue 08 Apr 2025 09:48:17 INFO  valid result: 
recall@10 : 0.5866    mrr@10 : 0.5531    ndcg@10 : 0.4738    hit@10 : 0.8693    map@10 : 0.3603    precision@10 : 0.1696    gauc : 0.9843    itemcoverage@10 : 0.0992    averagepopularity@10 : 5480.2756    giniindex@10 : 0.9797    shannonentropy@10 : 0.011    tailpercentage@10 : 0.0
Tue 08 Apr 2025 09:48:17 INFO  Saving current: ./saved/mind/LightGCN-Apr-08-2025_08-50-02.pth
Tue 08 Apr 2025 09:48:55 INFO  epoch 36 training [time: 37.85s, train loss: 14.7698]
Tue 08 Apr 2025 09:49:53 INFO  epoch 36 evaluating [time: 58.11s, valid_score: 0.555500]
Tue 08 Apr 2025 09:49:53 INFO  valid result: 
recall@10 : 0.5889    mrr@10 : 0.5555    ndcg@10 : 0.4764    hit@10 : 0.8713    map@10 : 0.3629    precision@10 : 0.1703    gauc : 0.9845    itemcoverage@10 : 0.1012    averagepopularity@10 : 5447.0046    giniindex@10 : 0.9795    shannonentropy@10 : 0.0107    tailpercentage@10 : 0.0
Tue 08 Apr 2025 09:49:53 INFO  Saving current: ./saved/mind/LightGCN-Apr-08-2025_08-50-02.pth
Tue 08 Apr 2025 09:50:31 INFO  epoch 37 training [time: 37.97s, train loss: 14.9335]
Tue 08 Apr 2025 09:51:29 INFO  epoch 37 evaluating [time: 58.36s, valid_score: 0.556400]
Tue 08 Apr 2025 09:51:29 INFO  valid result: 
recall@10 : 0.5907    mrr@10 : 0.5564    ndcg@10 : 0.4776    hit@10 : 0.8724    map@10 : 0.364    precision@10 : 0.1706    gauc : 0.9846    itemcoverage@10 : 0.1037    averagepopularity@10 : 5432.4699    giniindex@10 : 0.9793    shannonentropy@10 : 0.0105    tailpercentage@10 : 0.0
Tue 08 Apr 2025 09:51:29 INFO  Saving current: ./saved/mind/LightGCN-Apr-08-2025_08-50-02.pth
Tue 08 Apr 2025 09:52:07 INFO  epoch 38 training [time: 37.87s, train loss: 14.7193]
Tue 08 Apr 2025 09:53:06 INFO  epoch 38 evaluating [time: 58.34s, valid_score: 0.557300]
Tue 08 Apr 2025 09:53:06 INFO  valid result: 
recall@10 : 0.5937    mrr@10 : 0.5573    ndcg@10 : 0.4797    hit@10 : 0.8738    map@10 : 0.3657    precision@10 : 0.1715    gauc : 0.9847    itemcoverage@10 : 0.1067    averagepopularity@10 : 5365.0028    giniindex@10 : 0.9786    shannonentropy@10 : 0.0103    tailpercentage@10 : 0.0
Tue 08 Apr 2025 09:53:06 INFO  Saving current: ./saved/mind/LightGCN-Apr-08-2025_08-50-02.pth
Tue 08 Apr 2025 09:53:44 INFO  epoch 39 training [time: 37.93s, train loss: 14.3041]
Tue 08 Apr 2025 09:54:43 INFO  epoch 39 evaluating [time: 59.51s, valid_score: 0.558500]
Tue 08 Apr 2025 09:54:43 INFO  valid result: 
recall@10 : 0.5952    mrr@10 : 0.5585    ndcg@10 : 0.4814    hit@10 : 0.875    map@10 : 0.3676    precision@10 : 0.1721    gauc : 0.9848    itemcoverage@10 : 0.1089    averagepopularity@10 : 5366.4842    giniindex@10 : 0.9784    shannonentropy@10 : 0.0101    tailpercentage@10 : 0.0
Tue 08 Apr 2025 09:54:43 INFO  Saving current: ./saved/mind/LightGCN-Apr-08-2025_08-50-02.pth
Tue 08 Apr 2025 09:55:21 INFO  epoch 40 training [time: 38.02s, train loss: 14.1677]
Tue 08 Apr 2025 09:56:19 INFO  epoch 40 evaluating [time: 57.75s, valid_score: 0.559900]
Tue 08 Apr 2025 09:56:19 INFO  valid result: 
recall@10 : 0.5967    mrr@10 : 0.5599    ndcg@10 : 0.4828    hit@10 : 0.8762    map@10 : 0.3689    precision@10 : 0.1725    gauc : 0.985    itemcoverage@10 : 0.1108    averagepopularity@10 : 5366.4847    giniindex@10 : 0.9783    shannonentropy@10 : 0.0099    tailpercentage@10 : 0.0
Tue 08 Apr 2025 09:56:19 INFO  Saving current: ./saved/mind/LightGCN-Apr-08-2025_08-50-02.pth
Tue 08 Apr 2025 09:56:57 INFO  epoch 41 training [time: 37.88s, train loss: 14.0156]
Tue 08 Apr 2025 09:57:56 INFO  epoch 41 evaluating [time: 58.71s, valid_score: 0.562900]
Tue 08 Apr 2025 09:57:56 INFO  valid result: 
recall@10 : 0.5987    mrr@10 : 0.5629    ndcg@10 : 0.4857    hit@10 : 0.8773    map@10 : 0.3719    precision@10 : 0.1732    gauc : 0.9851    itemcoverage@10 : 0.1142    averagepopularity@10 : 5349.1016    giniindex@10 : 0.9781    shannonentropy@10 : 0.0097    tailpercentage@10 : 0.0
Tue 08 Apr 2025 09:57:56 INFO  Saving current: ./saved/mind/LightGCN-Apr-08-2025_08-50-02.pth
Tue 08 Apr 2025 09:58:34 INFO  epoch 42 training [time: 38.02s, train loss: 14.0288]
Tue 08 Apr 2025 09:59:31 INFO  epoch 42 evaluating [time: 57.81s, valid_score: 0.561900]
Tue 08 Apr 2025 09:59:31 INFO  valid result: 
recall@10 : 0.6002    mrr@10 : 0.5619    ndcg@10 : 0.4863    hit@10 : 0.8788    map@10 : 0.3722    precision@10 : 0.1736    gauc : 0.9852    itemcoverage@10 : 0.1148    averagepopularity@10 : 5267.8592    giniindex@10 : 0.9774    shannonentropy@10 : 0.0097    tailpercentage@10 : 0.0
Tue 08 Apr 2025 10:00:09 INFO  epoch 43 training [time: 37.93s, train loss: 13.8902]
Tue 08 Apr 2025 10:01:08 INFO  epoch 43 evaluating [time: 58.29s, valid_score: 0.562900]
Tue 08 Apr 2025 10:01:08 INFO  valid result: 
recall@10 : 0.6023    mrr@10 : 0.5629    ndcg@10 : 0.4876    hit@10 : 0.8795    map@10 : 0.3732    precision@10 : 0.1743    gauc : 0.9853    itemcoverage@10 : 0.1169    averagepopularity@10 : 5266.7179    giniindex@10 : 0.9773    shannonentropy@10 : 0.0095    tailpercentage@10 : 0.0
Tue 08 Apr 2025 10:01:08 INFO  Saving current: ./saved/mind/LightGCN-Apr-08-2025_08-50-02.pth
Tue 08 Apr 2025 10:01:46 INFO  epoch 44 training [time: 37.94s, train loss: 13.5282]
Tue 08 Apr 2025 10:02:45 INFO  epoch 44 evaluating [time: 59.16s, valid_score: 0.563200]
Tue 08 Apr 2025 10:02:45 INFO  valid result: 
recall@10 : 0.6047    mrr@10 : 0.5632    ndcg@10 : 0.4892    hit@10 : 0.8812    map@10 : 0.3748    precision@10 : 0.1748    gauc : 0.9855    itemcoverage@10 : 0.1173    averagepopularity@10 : 5243.681    giniindex@10 : 0.9771    shannonentropy@10 : 0.0095    tailpercentage@10 : 0.0
Tue 08 Apr 2025 10:02:45 INFO  Saving current: ./saved/mind/LightGCN-Apr-08-2025_08-50-02.pth
Tue 08 Apr 2025 10:03:23 INFO  epoch 45 training [time: 37.89s, train loss: 13.3780]
Tue 08 Apr 2025 10:04:23 INFO  epoch 45 evaluating [time: 60.06s, valid_score: 0.563600]
Tue 08 Apr 2025 10:04:23 INFO  valid result: 
recall@10 : 0.6059    mrr@10 : 0.5636    ndcg@10 : 0.4899    hit@10 : 0.8833    map@10 : 0.3752    precision@10 : 0.175    gauc : 0.9855    itemcoverage@10 : 0.1182    averagepopularity@10 : 5199.6322    giniindex@10 : 0.9767    shannonentropy@10 : 0.0095    tailpercentage@10 : 0.0
Tue 08 Apr 2025 10:04:23 INFO  Saving current: ./saved/mind/LightGCN-Apr-08-2025_08-50-02.pth
Tue 08 Apr 2025 10:05:01 INFO  epoch 46 training [time: 38.03s, train loss: 13.1354]
Tue 08 Apr 2025 10:06:01 INFO  epoch 46 evaluating [time: 59.97s, valid_score: 0.565300]
Tue 08 Apr 2025 10:06:01 INFO  valid result: 
recall@10 : 0.6084    mrr@10 : 0.5653    ndcg@10 : 0.4917    hit@10 : 0.8854    map@10 : 0.3768    precision@10 : 0.1755    gauc : 0.9857    itemcoverage@10 : 0.1196    averagepopularity@10 : 5178.6173    giniindex@10 : 0.9763    shannonentropy@10 : 0.0094    tailpercentage@10 : 0.0
Tue 08 Apr 2025 10:06:01 INFO  Saving current: ./saved/mind/LightGCN-Apr-08-2025_08-50-02.pth
Tue 08 Apr 2025 10:06:39 INFO  epoch 47 training [time: 37.96s, train loss: 13.2751]
Tue 08 Apr 2025 10:07:39 INFO  epoch 47 evaluating [time: 60.26s, valid_score: 0.567500]
Tue 08 Apr 2025 10:07:39 INFO  valid result: 
recall@10 : 0.6103    mrr@10 : 0.5675    ndcg@10 : 0.4936    hit@10 : 0.8873    map@10 : 0.3784    precision@10 : 0.1762    gauc : 0.9858    itemcoverage@10 : 0.1216    averagepopularity@10 : 5191.9058    giniindex@10 : 0.9763    shannonentropy@10 : 0.0092    tailpercentage@10 : 0.0
Tue 08 Apr 2025 10:07:39 INFO  Saving current: ./saved/mind/LightGCN-Apr-08-2025_08-50-02.pth
Tue 08 Apr 2025 10:08:17 INFO  epoch 48 training [time: 37.98s, train loss: 13.0068]
Tue 08 Apr 2025 10:09:15 INFO  epoch 48 evaluating [time: 57.79s, valid_score: 0.567700]
Tue 08 Apr 2025 10:09:15 INFO  valid result: 
recall@10 : 0.6119    mrr@10 : 0.5677    ndcg@10 : 0.4945    hit@10 : 0.8883    map@10 : 0.3791    precision@10 : 0.1765    gauc : 0.9859    itemcoverage@10 : 0.1246    averagepopularity@10 : 5162.4535    giniindex@10 : 0.9759    shannonentropy@10 : 0.009    tailpercentage@10 : 0.0
Tue 08 Apr 2025 10:09:15 INFO  Saving current: ./saved/mind/LightGCN-Apr-08-2025_08-50-02.pth
Tue 08 Apr 2025 10:09:53 INFO  epoch 49 training [time: 37.93s, train loss: 12.7571]
Tue 08 Apr 2025 10:10:51 INFO  epoch 49 evaluating [time: 58.23s, valid_score: 0.567800]
Tue 08 Apr 2025 10:10:51 INFO  valid result: 
recall@10 : 0.6128    mrr@10 : 0.5678    ndcg@10 : 0.495    hit@10 : 0.8897    map@10 : 0.3796    precision@10 : 0.1766    gauc : 0.9859    itemcoverage@10 : 0.1259    averagepopularity@10 : 5120.5093    giniindex@10 : 0.9756    shannonentropy@10 : 0.009    tailpercentage@10 : 0.0
Tue 08 Apr 2025 10:10:51 INFO  Saving current: ./saved/mind/LightGCN-Apr-08-2025_08-50-02.pth
Tue 08 Apr 2025 10:10:51 INFO  Loading model structure and parameters from ./saved/mind/LightGCN-Apr-08-2025_08-50-02.pth
