Thu 10 Apr 2025 08:27:39 INFO  
General Hyper Parameters:
gpu_id = 0
use_gpu = True
seed = 2020
state = INFO
reproducibility = True
data_path = dataset/amazon
checkpoint_dir = ./saved/amazon/
show_progress = True
save_dataset = True
dataset_save_path = None
save_dataloaders = True
dataloaders_save_path = None
log_wandb = False

Training Hyper Parameters:
epochs = 20
train_batch_size = 2048
learner = adam
learning_rate = 0.001
train_neg_sample_args = {'distribution': 'uniform', 'sample_num': 1, 'alpha': 1.0, 'dynamic': False, 'candidate_num': 0}
eval_step = 1
stopping_step = 50
clip_grad_norm = None
weight_decay = 0.0
loss_decimal_place = 4

Evaluation Hyper Parameters:
eval_args = {'split': {'RS': [0.8, 0.1, 0.1]}, 'group_by': 'user', 'order': 'RO', 'mode': 'full'}
repeatable = False
metrics = ['Recall', 'MRR', 'NDCG', 'Hit', 'MAP', 'Precision', 'GAUC', 'ItemCoverage', 'AveragePopularity', 'GiniIndex', 'ShannonEntropy', 'TailPercentage']
topk = [10]
valid_metric = MRR@10
valid_metric_bigger = True
eval_batch_size = 4096
metric_decimal_place = 4

Dataset Hyper Parameters:
field_separator = 	
seq_separator =  
USER_ID_FIELD = user_id
ITEM_ID_FIELD = item_id
RATING_FIELD = rating
TIME_FIELD = timestamp
seq_len = None
LABEL_FIELD = label
threshold = None
NEG_PREFIX = neg_
load_col = {'inter': ['user_id', 'item_id']}
unload_col = None
unused_col = None
additional_feat_suffix = None
rm_dup_inter = None
val_interval = None
filter_inter_by_user_or_item = True
user_inter_num_interval = [0,inf)
item_inter_num_interval = [0,inf)
alias_of_user_id = None
alias_of_item_id = None
alias_of_entity_id = None
alias_of_relation_id = None
preload_weight = None
normalize_field = None
normalize_all = None
ITEM_LIST_LENGTH_FIELD = item_length
LIST_SUFFIX = _list
MAX_ITEM_LIST_LENGTH = 50
POSITION_FIELD = position_id
HEAD_ENTITY_ID_FIELD = head_id
TAIL_ENTITY_ID_FIELD = tail_id
RELATION_ID_FIELD = relation_id
ENTITY_ID_FIELD = entity_id
benchmark_filename = None

Other Hyper Parameters: 
worker = 0
wandb_project = recbole
shuffle = True
require_pow = False
enable_amp = False
enable_scaler = False
transform = None
embedding_size = 64
n_layers = 2
reg_weight = 1e-05
numerical_features = []
discretization = None
kg_reverse_r = False
entity_kg_num_interval = [0,inf)
relation_kg_num_interval = [0,inf)
MODEL_TYPE = ModelType.GENERAL
MODEL_INPUT_TYPE = InputType.PAIRWISE
eval_type = EvaluatorType.RANKING
single_spec = True
local_rank = 0
device = cuda
eval_neg_sample_args = {'distribution': 'uniform', 'sample_num': 'none'}


Thu 10 Apr 2025 08:27:40 INFO  Load filtered dataset from: [./saved/amazon/amazon-Dataset.pth]
Thu 10 Apr 2025 08:27:40 INFO  amazon
The number of users: 22156
Average actions of users: 66.16434213495825
The number of items: 54459
Average actions of items: 26.917459326453415
The number of inters: 1465871
The sparsity of the dataset: 99.87851162187994%
Remain Fields: ['user_id', 'item_id']
Thu 10 Apr 2025 08:27:43 INFO  Saving split dataloaders into: [./saved/amazon/amazon-for-LightGCN-dataloader.pth]
Thu 10 Apr 2025 08:27:53 INFO  [Training]: train_batch_size = [2048] train_neg_sample_args: [{'distribution': 'uniform', 'sample_num': 1, 'alpha': 1.0, 'dynamic': False, 'candidate_num': 0}]
Thu 10 Apr 2025 08:27:53 INFO  [Evaluation]: eval_batch_size = [4096] eval_args: [{'split': {'RS': [0.8, 0.1, 0.1]}, 'group_by': 'user', 'order': 'RO', 'mode': 'full'}]
Thu 10 Apr 2025 08:27:58 INFO  LightGCN(
  (user_embedding): Embedding(22156, 64)
  (item_embedding): Embedding(54459, 64)
  (mf_loss): BPRLoss()
  (reg_loss): EmbLoss()
)
Trainable parameters: 4903360
Thu 10 Apr 2025 08:29:29 INFO  epoch 0 training [time: 82.74s, train loss: 253.9616]
Thu 10 Apr 2025 08:30:59 INFO  epoch 0 evaluating [time: 89.87s, valid_score: 0.025200]
Thu 10 Apr 2025 08:30:59 INFO  valid result: 
recall@10 : 0.0106    mrr@10 : 0.0252    ndcg@10 : 0.0109    hit@10 : 0.0682    map@10 : 0.0044    precision@10 : 0.0079    gauc : 0.8741    itemcoverage@10 : 0.0056    averagepopularity@10 : 348.2365    giniindex@10 : -0.0822    shannonentropy@10 : 0.0133    tailpercentage@10 : 0.0
Thu 10 Apr 2025 08:30:59 INFO  Saving current: ./saved/amazon/LightGCN-Apr-10-2025_08-27-58.pth
Thu 10 Apr 2025 08:32:21 INFO  epoch 1 training [time: 81.89s, train loss: 155.1864]
Thu 10 Apr 2025 08:33:38 INFO  epoch 1 evaluating [time: 77.82s, valid_score: 0.029600]
Thu 10 Apr 2025 08:33:38 INFO  valid result: 
recall@10 : 0.0135    mrr@10 : 0.0296    ndcg@10 : 0.0133    hit@10 : 0.0788    map@10 : 0.0055    precision@10 : 0.0092    gauc : 0.8954    itemcoverage@10 : 0.0066    averagepopularity@10 : 323.4998    giniindex@10 : -0.0827    shannonentropy@10 : 0.0126    tailpercentage@10 : 0.0
Thu 10 Apr 2025 08:33:39 INFO  Saving current: ./saved/amazon/LightGCN-Apr-10-2025_08-27-58.pth
Thu 10 Apr 2025 08:35:00 INFO  epoch 2 training [time: 81.94s, train loss: 130.5698]
Thu 10 Apr 2025 08:36:20 INFO  epoch 2 evaluating [time: 79.37s, valid_score: 0.032000]
Thu 10 Apr 2025 08:36:20 INFO  valid result: 
recall@10 : 0.0147    mrr@10 : 0.032    ndcg@10 : 0.0145    hit@10 : 0.0853    map@10 : 0.0061    precision@10 : 0.0099    gauc : 0.9063    itemcoverage@10 : 0.0079    averagepopularity@10 : 306.5964    giniindex@10 : -0.083    shannonentropy@10 : 0.0111    tailpercentage@10 : 0.0
Thu 10 Apr 2025 08:36:20 INFO  Saving current: ./saved/amazon/LightGCN-Apr-10-2025_08-27-58.pth
Thu 10 Apr 2025 08:37:42 INFO  epoch 3 training [time: 82.17s, train loss: 116.1356]
Thu 10 Apr 2025 08:39:02 INFO  epoch 3 evaluating [time: 79.98s, valid_score: 0.033700]
Thu 10 Apr 2025 08:39:02 INFO  valid result: 
recall@10 : 0.0155    mrr@10 : 0.0337    ndcg@10 : 0.0153    hit@10 : 0.09    map@10 : 0.0066    precision@10 : 0.0104    gauc : 0.9133    itemcoverage@10 : 0.0095    averagepopularity@10 : 293.6551    giniindex@10 : -0.0833    shannonentropy@10 : 0.0096    tailpercentage@10 : 0.0
Thu 10 Apr 2025 08:39:02 INFO  Saving current: ./saved/amazon/LightGCN-Apr-10-2025_08-27-58.pth
Thu 10 Apr 2025 08:40:24 INFO  epoch 4 training [time: 82.04s, train loss: 106.1395]
Thu 10 Apr 2025 08:41:44 INFO  epoch 4 evaluating [time: 79.76s, valid_score: 0.034700]
Thu 10 Apr 2025 08:41:44 INFO  valid result: 
recall@10 : 0.0165    mrr@10 : 0.0347    ndcg@10 : 0.0159    hit@10 : 0.0942    map@10 : 0.0068    precision@10 : 0.0109    gauc : 0.9185    itemcoverage@10 : 0.0108    averagepopularity@10 : 280.9823    giniindex@10 : -0.0837    shannonentropy@10 : 0.0087    tailpercentage@10 : 0.0
Thu 10 Apr 2025 08:41:44 INFO  Saving current: ./saved/amazon/LightGCN-Apr-10-2025_08-27-58.pth
Thu 10 Apr 2025 08:43:06 INFO  epoch 5 training [time: 82.06s, train loss: 98.4684]
Thu 10 Apr 2025 08:44:25 INFO  epoch 5 evaluating [time: 78.98s, valid_score: 0.036000]
Thu 10 Apr 2025 08:44:25 INFO  valid result: 
recall@10 : 0.0176    mrr@10 : 0.036    ndcg@10 : 0.0166    hit@10 : 0.0981    map@10 : 0.0071    precision@10 : 0.0113    gauc : 0.9225    itemcoverage@10 : 0.0127    averagepopularity@10 : 270.501    giniindex@10 : -0.0841    shannonentropy@10 : 0.0076    tailpercentage@10 : 0.0
Thu 10 Apr 2025 08:44:25 INFO  Saving current: ./saved/amazon/LightGCN-Apr-10-2025_08-27-58.pth
Thu 10 Apr 2025 08:45:47 INFO  epoch 6 training [time: 81.94s, train loss: 92.6499]
Thu 10 Apr 2025 08:47:07 INFO  epoch 6 evaluating [time: 79.90s, valid_score: 0.037300]
Thu 10 Apr 2025 08:47:07 INFO  valid result: 
recall@10 : 0.0185    mrr@10 : 0.0373    ndcg@10 : 0.0174    hit@10 : 0.1024    map@10 : 0.0074    precision@10 : 0.0118    gauc : 0.9258    itemcoverage@10 : 0.0142    averagepopularity@10 : 260.2241    giniindex@10 : -0.0845    shannonentropy@10 : 0.007    tailpercentage@10 : 0.0
Thu 10 Apr 2025 08:47:08 INFO  Saving current: ./saved/amazon/LightGCN-Apr-10-2025_08-27-58.pth
Thu 10 Apr 2025 08:48:30 INFO  epoch 7 training [time: 82.10s, train loss: 86.5726]
Thu 10 Apr 2025 08:49:49 INFO  epoch 7 evaluating [time: 78.82s, valid_score: 0.039200]
Thu 10 Apr 2025 08:49:49 INFO  valid result: 
recall@10 : 0.0194    mrr@10 : 0.0392    ndcg@10 : 0.0183    hit@10 : 0.1063    map@10 : 0.0079    precision@10 : 0.0123    gauc : 0.9285    itemcoverage@10 : 0.0165    averagepopularity@10 : 252.2604    giniindex@10 : -0.0849    shannonentropy@10 : 0.0062    tailpercentage@10 : 0.0
Thu 10 Apr 2025 08:49:49 INFO  Saving current: ./saved/amazon/LightGCN-Apr-10-2025_08-27-58.pth
Thu 10 Apr 2025 08:51:11 INFO  epoch 8 training [time: 81.99s, train loss: 82.5977]
Thu 10 Apr 2025 08:52:31 INFO  epoch 8 evaluating [time: 79.66s, valid_score: 0.040600]
Thu 10 Apr 2025 08:52:31 INFO  valid result: 
recall@10 : 0.0204    mrr@10 : 0.0406    ndcg@10 : 0.0191    hit@10 : 0.1094    map@10 : 0.0083    precision@10 : 0.0127    gauc : 0.9308    itemcoverage@10 : 0.0189    averagepopularity@10 : 246.1972    giniindex@10 : -0.0853    shannonentropy@10 : 0.0055    tailpercentage@10 : 0.0
Thu 10 Apr 2025 08:52:31 INFO  Saving current: ./saved/amazon/LightGCN-Apr-10-2025_08-27-58.pth
Thu 10 Apr 2025 08:53:53 INFO  epoch 9 training [time: 81.91s, train loss: 78.6202]
Thu 10 Apr 2025 08:55:12 INFO  epoch 9 evaluating [time: 79.52s, valid_score: 0.041900]
Thu 10 Apr 2025 08:55:12 INFO  valid result: 
recall@10 : 0.0215    mrr@10 : 0.0419    ndcg@10 : 0.0199    hit@10 : 0.1146    map@10 : 0.0086    precision@10 : 0.0133    gauc : 0.9328    itemcoverage@10 : 0.021    averagepopularity@10 : 240.1955    giniindex@10 : -0.0857    shannonentropy@10 : 0.005    tailpercentage@10 : 0.0
Thu 10 Apr 2025 08:55:13 INFO  Saving current: ./saved/amazon/LightGCN-Apr-10-2025_08-27-58.pth
Thu 10 Apr 2025 08:56:35 INFO  epoch 10 training [time: 82.10s, train loss: 75.0860]
Thu 10 Apr 2025 08:57:52 INFO  epoch 10 evaluating [time: 77.66s, valid_score: 0.043200]
Thu 10 Apr 2025 08:57:52 INFO  valid result: 
recall@10 : 0.0223    mrr@10 : 0.0432    ndcg@10 : 0.0206    hit@10 : 0.1169    map@10 : 0.009    precision@10 : 0.0136    gauc : 0.9344    itemcoverage@10 : 0.0232    averagepopularity@10 : 234.3397    giniindex@10 : -0.0862    shannonentropy@10 : 0.0046    tailpercentage@10 : 0.0
Thu 10 Apr 2025 08:57:53 INFO  Saving current: ./saved/amazon/LightGCN-Apr-10-2025_08-27-58.pth
Thu 10 Apr 2025 08:59:15 INFO  epoch 11 training [time: 81.99s, train loss: 72.2344]
Thu 10 Apr 2025 09:00:33 INFO  epoch 11 evaluating [time: 78.70s, valid_score: 0.044400]
Thu 10 Apr 2025 09:00:33 INFO  valid result: 
recall@10 : 0.0231    mrr@10 : 0.0444    ndcg@10 : 0.0213    hit@10 : 0.1198    map@10 : 0.0094    precision@10 : 0.014    gauc : 0.936    itemcoverage@10 : 0.026    averagepopularity@10 : 229.8489    giniindex@10 : -0.0866    shannonentropy@10 : 0.0042    tailpercentage@10 : 0.0
Thu 10 Apr 2025 09:00:34 INFO  Saving current: ./saved/amazon/LightGCN-Apr-10-2025_08-27-58.pth
Thu 10 Apr 2025 09:01:56 INFO  epoch 12 training [time: 81.91s, train loss: 69.2932]
Thu 10 Apr 2025 09:03:14 INFO  epoch 12 evaluating [time: 78.24s, valid_score: 0.045700]
Thu 10 Apr 2025 09:03:14 INFO  valid result: 
recall@10 : 0.0237    mrr@10 : 0.0457    ndcg@10 : 0.0219    hit@10 : 0.1227    map@10 : 0.0097    precision@10 : 0.0143    gauc : 0.9373    itemcoverage@10 : 0.0287    averagepopularity@10 : 226.0679    giniindex@10 : -0.0871    shannonentropy@10 : 0.0038    tailpercentage@10 : 0.0
Thu 10 Apr 2025 09:03:14 INFO  Saving current: ./saved/amazon/LightGCN-Apr-10-2025_08-27-58.pth
Thu 10 Apr 2025 09:04:36 INFO  epoch 13 training [time: 81.84s, train loss: 66.7691]
Thu 10 Apr 2025 09:05:56 INFO  epoch 13 evaluating [time: 79.97s, valid_score: 0.047000]
Thu 10 Apr 2025 09:05:56 INFO  valid result: 
recall@10 : 0.0242    mrr@10 : 0.047    ndcg@10 : 0.0225    hit@10 : 0.1252    map@10 : 0.01    precision@10 : 0.0146    gauc : 0.9384    itemcoverage@10 : 0.0308    averagepopularity@10 : 223.0199    giniindex@10 : -0.0875    shannonentropy@10 : 0.0036    tailpercentage@10 : 0.0
Thu 10 Apr 2025 09:05:56 INFO  Saving current: ./saved/amazon/LightGCN-Apr-10-2025_08-27-58.pth
Thu 10 Apr 2025 09:07:18 INFO  epoch 14 training [time: 81.75s, train loss: 64.6447]
Thu 10 Apr 2025 09:08:35 INFO  epoch 14 evaluating [time: 77.85s, valid_score: 0.047700]
Thu 10 Apr 2025 09:08:35 INFO  valid result: 
recall@10 : 0.025    mrr@10 : 0.0477    ndcg@10 : 0.023    hit@10 : 0.1275    map@10 : 0.0102    precision@10 : 0.0149    gauc : 0.9395    itemcoverage@10 : 0.0338    averagepopularity@10 : 220.157    giniindex@10 : -0.088    shannonentropy@10 : 0.0033    tailpercentage@10 : 0.0
Thu 10 Apr 2025 09:08:36 INFO  Saving current: ./saved/amazon/LightGCN-Apr-10-2025_08-27-58.pth
Thu 10 Apr 2025 09:09:58 INFO  epoch 15 training [time: 81.87s, train loss: 62.3136]
Thu 10 Apr 2025 09:11:19 INFO  epoch 15 evaluating [time: 81.24s, valid_score: 0.048400]
Thu 10 Apr 2025 09:11:19 INFO  valid result: 
recall@10 : 0.0255    mrr@10 : 0.0484    ndcg@10 : 0.0234    hit@10 : 0.1299    map@10 : 0.0104    precision@10 : 0.0152    gauc : 0.9405    itemcoverage@10 : 0.0365    averagepopularity@10 : 217.7641    giniindex@10 : -0.0884    shannonentropy@10 : 0.0031    tailpercentage@10 : 0.0
Thu 10 Apr 2025 09:11:19 INFO  Saving current: ./saved/amazon/LightGCN-Apr-10-2025_08-27-58.pth
Thu 10 Apr 2025 09:12:41 INFO  epoch 16 training [time: 81.93s, train loss: 59.8878]
Thu 10 Apr 2025 09:13:59 INFO  epoch 16 evaluating [time: 78.05s, valid_score: 0.049000]
Thu 10 Apr 2025 09:13:59 INFO  valid result: 
recall@10 : 0.0262    mrr@10 : 0.049    ndcg@10 : 0.0239    hit@10 : 0.1315    map@10 : 0.0107    precision@10 : 0.0154    gauc : 0.9413    itemcoverage@10 : 0.0398    averagepopularity@10 : 215.2969    giniindex@10 : -0.089    shannonentropy@10 : 0.0029    tailpercentage@10 : 0.0
Thu 10 Apr 2025 09:13:59 INFO  Saving current: ./saved/amazon/LightGCN-Apr-10-2025_08-27-58.pth
Thu 10 Apr 2025 09:15:21 INFO  epoch 17 training [time: 81.89s, train loss: 58.0319]
Thu 10 Apr 2025 09:16:39 INFO  epoch 17 evaluating [time: 77.68s, valid_score: 0.050500]
Thu 10 Apr 2025 09:16:39 INFO  valid result: 
recall@10 : 0.027    mrr@10 : 0.0505    ndcg@10 : 0.0246    hit@10 : 0.1355    map@10 : 0.011    precision@10 : 0.016    gauc : 0.9421    itemcoverage@10 : 0.0425    averagepopularity@10 : 212.684    giniindex@10 : -0.0895    shannonentropy@10 : 0.0027    tailpercentage@10 : 0.0
Thu 10 Apr 2025 09:16:39 INFO  Saving current: ./saved/amazon/LightGCN-Apr-10-2025_08-27-58.pth
Thu 10 Apr 2025 09:18:01 INFO  epoch 18 training [time: 81.72s, train loss: 56.8595]
Thu 10 Apr 2025 09:19:23 INFO  epoch 18 evaluating [time: 81.95s, valid_score: 0.050700]
Thu 10 Apr 2025 09:19:23 INFO  valid result: 
recall@10 : 0.0275    mrr@10 : 0.0507    ndcg@10 : 0.0248    hit@10 : 0.1353    map@10 : 0.0111    precision@10 : 0.0159    gauc : 0.9428    itemcoverage@10 : 0.0459    averagepopularity@10 : 211.1257    giniindex@10 : -0.09    shannonentropy@10 : 0.0026    tailpercentage@10 : 0.0001
Thu 10 Apr 2025 09:19:23 INFO  Saving current: ./saved/amazon/LightGCN-Apr-10-2025_08-27-58.pth
Thu 10 Apr 2025 09:20:45 INFO  epoch 19 training [time: 81.92s, train loss: 54.9301]
Thu 10 Apr 2025 09:22:04 INFO  epoch 19 evaluating [time: 78.60s, valid_score: 0.051200]
Thu 10 Apr 2025 09:22:04 INFO  valid result: 
recall@10 : 0.0281    mrr@10 : 0.0512    ndcg@10 : 0.0252    hit@10 : 0.1376    map@10 : 0.0113    precision@10 : 0.0163    gauc : 0.9434    itemcoverage@10 : 0.0491    averagepopularity@10 : 208.5919    giniindex@10 : -0.0905    shannonentropy@10 : 0.0024    tailpercentage@10 : 0.0001
Thu 10 Apr 2025 09:22:04 INFO  Saving current: ./saved/amazon/LightGCN-Apr-10-2025_08-27-58.pth
Thu 10 Apr 2025 09:22:04 INFO  Loading model structure and parameters from ./saved/amazon/LightGCN-Apr-10-2025_08-27-58.pth
