Sat 19 Apr 2025 15:25:43 INFO  
General Hyper Parameters:
gpu_id = 0
use_gpu = True
seed = 2020
state = INFO
reproducibility = True
data_path = dataset/amazon
checkpoint_dir = ./saved/amazon/
show_progress = True
save_dataset = True
dataset_save_path = None
save_dataloaders = True
dataloaders_save_path = None
log_wandb = False

Training Hyper Parameters:
epochs = 20
train_batch_size = 2048
learner = adam
learning_rate = 0.001
train_neg_sample_args = {'distribution': 'uniform', 'sample_num': 1, 'alpha': 1.0, 'dynamic': False, 'candidate_num': 0}
eval_step = 1
stopping_step = 50
clip_grad_norm = None
weight_decay = 0.0
loss_decimal_place = 4

Evaluation Hyper Parameters:
eval_args = {'split': {'RS': [0.8, 0.1, 0.1]}, 'group_by': 'user', 'order': 'RO', 'mode': 'full'}
repeatable = False
metrics = ['MRR']
topk = [10]
valid_metric = MRR@10
valid_metric_bigger = True
eval_batch_size = 4096
metric_decimal_place = 4

Dataset Hyper Parameters:
field_separator = 	
seq_separator =  
USER_ID_FIELD = user_id
ITEM_ID_FIELD = item_id
RATING_FIELD = rating
TIME_FIELD = timestamp
seq_len = None
LABEL_FIELD = label
threshold = None
NEG_PREFIX = neg_
load_col = {'inter': ['user_id', 'item_id']}
unload_col = None
unused_col = None
additional_feat_suffix = None
rm_dup_inter = None
val_interval = None
filter_inter_by_user_or_item = True
user_inter_num_interval = [0,inf)
item_inter_num_interval = [0,inf)
alias_of_user_id = None
alias_of_item_id = None
alias_of_entity_id = None
alias_of_relation_id = None
preload_weight = None
normalize_field = None
normalize_all = None
ITEM_LIST_LENGTH_FIELD = item_length
LIST_SUFFIX = _list
MAX_ITEM_LIST_LENGTH = 50
POSITION_FIELD = position_id
HEAD_ENTITY_ID_FIELD = head_id
TAIL_ENTITY_ID_FIELD = tail_id
RELATION_ID_FIELD = relation_id
ENTITY_ID_FIELD = entity_id
benchmark_filename = None

Other Hyper Parameters: 
worker = 0
wandb_project = recbole
shuffle = True
require_pow = False
enable_amp = False
enable_scaler = False
transform = None
alpha = 0.2
l1_ratio = 0.02
positive_only = True
hide_item = True
numerical_features = []
discretization = None
kg_reverse_r = False
entity_kg_num_interval = [0,inf)
relation_kg_num_interval = [0,inf)
MODEL_TYPE = ModelType.TRADITIONAL
MODEL_INPUT_TYPE = InputType.POINTWISE
eval_type = EvaluatorType.RANKING
single_spec = True
local_rank = 0
device = cuda
eval_neg_sample_args = {'distribution': 'uniform', 'sample_num': 'none'}


Sat 19 Apr 2025 15:25:43 INFO  Load filtered dataset from: [./saved/amazon/amazon-Dataset.pth]
Sat 19 Apr 2025 15:25:43 INFO  amazon
The number of users: 22156
Average actions of users: 66.16434213495825
The number of items: 54459
Average actions of items: 26.917459326453415
The number of inters: 1465871
The sparsity of the dataset: 99.87851162187994%
Remain Fields: ['user_id', 'item_id']
Sat 19 Apr 2025 15:25:51 INFO  Load split dataloaders from: [./saved/amazon/amazon-for-SLIMElastic-dataloader.pth]
Sat 19 Apr 2025 15:25:51 INFO  [Training]: train_batch_size = [2048] train_neg_sample_args: [{'distribution': 'uniform', 'sample_num': 1, 'alpha': 1.0, 'dynamic': False, 'candidate_num': 0}]
Sat 19 Apr 2025 15:25:51 INFO  [Evaluation]: eval_batch_size = [4096] eval_args: [{'split': {'RS': [0.8, 0.1, 0.1]}, 'group_by': 'user', 'order': 'RO', 'mode': 'full'}]
Sat 19 Apr 2025 18:17:04 INFO  SLIMElastic()
Trainable parameters: 1
Sat 19 Apr 2025 18:17:11 INFO  epoch 0 training [time: 2.07s, train loss: 0.0000]
Sat 19 Apr 2025 18:17:50 INFO  epoch 0 evaluating [time: 39.80s, valid_score: 0.037400]
Sat 19 Apr 2025 18:17:50 INFO  valid result: 
mrr@10 : 0.0374
Sat 19 Apr 2025 18:17:52 INFO  Saving current: ./saved/amazon/SLIMElastic-Apr-19-2025_18-17-04.pth
Sat 19 Apr 2025 18:17:53 INFO  epoch 1 training [time: 1.96s, train loss: 0.0000]
Sat 19 Apr 2025 18:18:33 INFO  epoch 1 evaluating [time: 39.97s, valid_score: 0.037400]
Sat 19 Apr 2025 18:18:33 INFO  valid result: 
mrr@10 : 0.0374
Sat 19 Apr 2025 18:18:34 INFO  Saving current: ./saved/amazon/SLIMElastic-Apr-19-2025_18-17-04.pth
Sat 19 Apr 2025 18:18:36 INFO  epoch 2 training [time: 2.00s, train loss: 0.0000]
Sat 19 Apr 2025 18:19:15 INFO  epoch 2 evaluating [time: 38.49s, valid_score: 0.037400]
Sat 19 Apr 2025 18:19:15 INFO  valid result: 
mrr@10 : 0.0374
Sat 19 Apr 2025 18:19:16 INFO  Saving current: ./saved/amazon/SLIMElastic-Apr-19-2025_18-17-04.pth
Sat 19 Apr 2025 18:19:18 INFO  epoch 3 training [time: 2.02s, train loss: 0.0000]
Sat 19 Apr 2025 18:19:57 INFO  epoch 3 evaluating [time: 38.77s, valid_score: 0.037400]
Sat 19 Apr 2025 18:19:57 INFO  valid result: 
mrr@10 : 0.0374
Sat 19 Apr 2025 18:19:58 INFO  Saving current: ./saved/amazon/SLIMElastic-Apr-19-2025_18-17-04.pth
Sat 19 Apr 2025 18:20:00 INFO  epoch 4 training [time: 1.98s, train loss: 0.0000]
Sat 19 Apr 2025 18:20:39 INFO  epoch 4 evaluating [time: 39.05s, valid_score: 0.037400]
Sat 19 Apr 2025 18:20:39 INFO  valid result: 
mrr@10 : 0.0374
Sat 19 Apr 2025 18:20:40 INFO  Saving current: ./saved/amazon/SLIMElastic-Apr-19-2025_18-17-04.pth
Sat 19 Apr 2025 18:20:42 INFO  epoch 5 training [time: 1.99s, train loss: 0.0000]
Sat 19 Apr 2025 18:21:21 INFO  epoch 5 evaluating [time: 38.61s, valid_score: 0.037400]
Sat 19 Apr 2025 18:21:21 INFO  valid result: 
mrr@10 : 0.0374
Sat 19 Apr 2025 18:21:22 INFO  Saving current: ./saved/amazon/SLIMElastic-Apr-19-2025_18-17-04.pth
Sat 19 Apr 2025 18:21:24 INFO  epoch 6 training [time: 2.06s, train loss: 0.0000]
Sat 19 Apr 2025 18:22:02 INFO  epoch 6 evaluating [time: 38.81s, valid_score: 0.037400]
Sat 19 Apr 2025 18:22:02 INFO  valid result: 
mrr@10 : 0.0374
Sat 19 Apr 2025 18:22:03 INFO  Saving current: ./saved/amazon/SLIMElastic-Apr-19-2025_18-17-04.pth
Sat 19 Apr 2025 18:22:06 INFO  epoch 7 training [time: 2.17s, train loss: 0.0000]
Sat 19 Apr 2025 18:22:44 INFO  epoch 7 evaluating [time: 38.76s, valid_score: 0.037400]
Sat 19 Apr 2025 18:22:44 INFO  valid result: 
mrr@10 : 0.0374
Sat 19 Apr 2025 18:22:45 INFO  Saving current: ./saved/amazon/SLIMElastic-Apr-19-2025_18-17-04.pth
Sat 19 Apr 2025 18:22:47 INFO  epoch 8 training [time: 1.96s, train loss: 0.0000]
Sat 19 Apr 2025 18:23:26 INFO  epoch 8 evaluating [time: 38.56s, valid_score: 0.037400]
Sat 19 Apr 2025 18:23:26 INFO  valid result: 
mrr@10 : 0.0374
Sat 19 Apr 2025 18:23:27 INFO  Saving current: ./saved/amazon/SLIMElastic-Apr-19-2025_18-17-04.pth
Sat 19 Apr 2025 18:23:29 INFO  epoch 9 training [time: 1.96s, train loss: 0.0000]
Sat 19 Apr 2025 18:24:08 INFO  epoch 9 evaluating [time: 38.64s, valid_score: 0.037400]
Sat 19 Apr 2025 18:24:08 INFO  valid result: 
mrr@10 : 0.0374
Sat 19 Apr 2025 18:24:09 INFO  Saving current: ./saved/amazon/SLIMElastic-Apr-19-2025_18-17-04.pth
Sat 19 Apr 2025 18:24:11 INFO  epoch 10 training [time: 1.96s, train loss: 0.0000]
Sat 19 Apr 2025 18:24:49 INFO  epoch 10 evaluating [time: 38.72s, valid_score: 0.037400]
Sat 19 Apr 2025 18:24:49 INFO  valid result: 
mrr@10 : 0.0374
Sat 19 Apr 2025 18:24:50 INFO  Saving current: ./saved/amazon/SLIMElastic-Apr-19-2025_18-17-04.pth
Sat 19 Apr 2025 18:24:52 INFO  epoch 11 training [time: 1.93s, train loss: 0.0000]
Sat 19 Apr 2025 18:25:32 INFO  epoch 11 evaluating [time: 39.61s, valid_score: 0.037400]
Sat 19 Apr 2025 18:25:32 INFO  valid result: 
mrr@10 : 0.0374
Sat 19 Apr 2025 18:25:33 INFO  Saving current: ./saved/amazon/SLIMElastic-Apr-19-2025_18-17-04.pth
Sat 19 Apr 2025 18:25:35 INFO  epoch 12 training [time: 2.00s, train loss: 0.0000]
Sat 19 Apr 2025 18:26:14 INFO  epoch 12 evaluating [time: 39.09s, valid_score: 0.037400]
Sat 19 Apr 2025 18:26:14 INFO  valid result: 
mrr@10 : 0.0374
Sat 19 Apr 2025 18:26:15 INFO  Saving current: ./saved/amazon/SLIMElastic-Apr-19-2025_18-17-04.pth
Sat 19 Apr 2025 18:26:17 INFO  epoch 13 training [time: 1.95s, train loss: 0.0000]
Sat 19 Apr 2025 18:26:57 INFO  epoch 13 evaluating [time: 39.77s, valid_score: 0.037400]
Sat 19 Apr 2025 18:26:57 INFO  valid result: 
mrr@10 : 0.0374
Sat 19 Apr 2025 18:26:58 INFO  Saving current: ./saved/amazon/SLIMElastic-Apr-19-2025_18-17-04.pth
Sat 19 Apr 2025 18:27:00 INFO  epoch 14 training [time: 2.02s, train loss: 0.0000]
Sat 19 Apr 2025 18:27:39 INFO  epoch 14 evaluating [time: 39.29s, valid_score: 0.037400]
Sat 19 Apr 2025 18:27:39 INFO  valid result: 
mrr@10 : 0.0374
Sat 19 Apr 2025 18:27:40 INFO  Saving current: ./saved/amazon/SLIMElastic-Apr-19-2025_18-17-04.pth
Sat 19 Apr 2025 18:27:42 INFO  epoch 15 training [time: 1.96s, train loss: 0.0000]
Sat 19 Apr 2025 18:28:21 INFO  epoch 15 evaluating [time: 39.07s, valid_score: 0.037400]
Sat 19 Apr 2025 18:28:21 INFO  valid result: 
mrr@10 : 0.0374
Sat 19 Apr 2025 18:28:22 INFO  Saving current: ./saved/amazon/SLIMElastic-Apr-19-2025_18-17-04.pth
Sat 19 Apr 2025 18:28:24 INFO  epoch 16 training [time: 2.05s, train loss: 0.0000]
Sat 19 Apr 2025 18:29:03 INFO  epoch 16 evaluating [time: 38.48s, valid_score: 0.037400]
Sat 19 Apr 2025 18:29:03 INFO  valid result: 
mrr@10 : 0.0374
Sat 19 Apr 2025 18:29:04 INFO  Saving current: ./saved/amazon/SLIMElastic-Apr-19-2025_18-17-04.pth
Sat 19 Apr 2025 18:29:06 INFO  epoch 17 training [time: 2.03s, train loss: 0.0000]
Sat 19 Apr 2025 18:29:45 INFO  epoch 17 evaluating [time: 38.95s, valid_score: 0.037400]
Sat 19 Apr 2025 18:29:45 INFO  valid result: 
mrr@10 : 0.0374
Sat 19 Apr 2025 18:29:46 INFO  Saving current: ./saved/amazon/SLIMElastic-Apr-19-2025_18-17-04.pth
Sat 19 Apr 2025 18:29:48 INFO  epoch 18 training [time: 2.05s, train loss: 0.0000]
Sat 19 Apr 2025 18:30:27 INFO  epoch 18 evaluating [time: 38.84s, valid_score: 0.037400]
Sat 19 Apr 2025 18:30:27 INFO  valid result: 
mrr@10 : 0.0374
Sat 19 Apr 2025 18:30:28 INFO  Saving current: ./saved/amazon/SLIMElastic-Apr-19-2025_18-17-04.pth
Sat 19 Apr 2025 18:30:30 INFO  epoch 19 training [time: 1.92s, train loss: 0.0000]
Sat 19 Apr 2025 18:31:09 INFO  epoch 19 evaluating [time: 39.36s, valid_score: 0.037400]
Sat 19 Apr 2025 18:31:09 INFO  valid result: 
mrr@10 : 0.0374
Sat 19 Apr 2025 18:31:10 INFO  Saving current: ./saved/amazon/SLIMElastic-Apr-19-2025_18-17-04.pth
Sat 19 Apr 2025 18:31:10 INFO  Loading model structure and parameters from ./saved/amazon/SLIMElastic-Apr-19-2025_18-17-04.pth
