Sun 06 Apr 2025 16:25:13 INFO  
General Hyper Parameters:
gpu_id = 0
use_gpu = True
seed = 2020
state = INFO
reproducibility = True
data_path = dataset/mind
checkpoint_dir = ./saved/mind/
show_progress = True
save_dataset = True
dataset_save_path = None
save_dataloaders = True
dataloaders_save_path = None
log_wandb = False

Training Hyper Parameters:
epochs = 50
train_batch_size = 2048
learner = adam
learning_rate = 0.001
train_neg_sample_args = {'distribution': 'uniform', 'sample_num': 1, 'alpha': 1.0, 'dynamic': False, 'candidate_num': 0}
eval_step = 1
stopping_step = 50
clip_grad_norm = None
weight_decay = 0.0
loss_decimal_place = 4

Evaluation Hyper Parameters:
eval_args = {'split': {'RS': [0.8, 0.1, 0.1]}, 'group_by': 'user', 'order': 'RO', 'mode': 'full'}
repeatable = False
metrics = ['Recall', 'MRR', 'NDCG', 'Hit', 'MAP', 'Precision', 'GAUC', 'ItemCoverage', 'AveragePopularity', 'GiniIndex', 'ShannonEntropy', 'TailPercentage']
topk = [10]
valid_metric = MRR@10
valid_metric_bigger = True
eval_batch_size = 4096
metric_decimal_place = 4

Dataset Hyper Parameters:
field_separator = 	
seq_separator =  
USER_ID_FIELD = user_id
ITEM_ID_FIELD = item_id
RATING_FIELD = rating
TIME_FIELD = timestamp
seq_len = None
LABEL_FIELD = label
threshold = None
NEG_PREFIX = neg_
load_col = {'inter': ['user_id', 'item_id']}
unload_col = None
unused_col = None
additional_feat_suffix = None
rm_dup_inter = None
val_interval = None
filter_inter_by_user_or_item = True
user_inter_num_interval = [0,inf)
item_inter_num_interval = [0,inf)
alias_of_user_id = None
alias_of_item_id = None
alias_of_entity_id = None
alias_of_relation_id = None
preload_weight = None
normalize_field = None
normalize_all = None
ITEM_LIST_LENGTH_FIELD = item_length
LIST_SUFFIX = _list
MAX_ITEM_LIST_LENGTH = 50
POSITION_FIELD = position_id
HEAD_ENTITY_ID_FIELD = head_id
TAIL_ENTITY_ID_FIELD = tail_id
RELATION_ID_FIELD = relation_id
ENTITY_ID_FIELD = entity_id
benchmark_filename = None

Other Hyper Parameters: 
worker = 0
wandb_project = recbole
shuffle = True
require_pow = False
enable_amp = False
enable_scaler = False
transform = None
alpha = 0.2
l1_ratio = 0.02
positive_only = True
hide_item = True
numerical_features = []
discretization = None
kg_reverse_r = False
entity_kg_num_interval = [0,inf)
relation_kg_num_interval = [0,inf)
MODEL_TYPE = ModelType.TRADITIONAL
MODEL_INPUT_TYPE = InputType.POINTWISE
eval_type = EvaluatorType.RANKING
single_spec = True
local_rank = 0
device = cuda
eval_neg_sample_args = {'distribution': 'uniform', 'sample_num': 'none'}


Sun 06 Apr 2025 16:25:13 INFO  Load filtered dataset from: [./saved/mind/mind-Dataset.pth]
Sun 06 Apr 2025 16:25:13 INFO  mind
The number of users: 23680
Average actions of users: 44.282908906626126
The number of items: 4415
Average actions of items: 237.55663797009515
The number of inters: 1048575
The sparsity of the dataset: 98.9970319625968%
Remain Fields: ['user_id', 'item_id']
Sun 06 Apr 2025 16:25:17 INFO  Saving split dataloaders into: [./saved/mind/mind-for-SLIMElastic-dataloader.pth]
Sun 06 Apr 2025 16:25:25 INFO  [Training]: train_batch_size = [2048] train_neg_sample_args: [{'distribution': 'uniform', 'sample_num': 1, 'alpha': 1.0, 'dynamic': False, 'candidate_num': 0}]
Sun 06 Apr 2025 16:25:25 INFO  [Evaluation]: eval_batch_size = [4096] eval_args: [{'split': {'RS': [0.8, 0.1, 0.1]}, 'group_by': 'user', 'order': 'RO', 'mode': 'full'}]
Sun 06 Apr 2025 16:36:21 INFO  SLIMElastic()
Trainable parameters: 1
Sun 06 Apr 2025 16:36:27 INFO  epoch 0 training [time: 1.50s, train loss: 0.0000]
Sun 06 Apr 2025 16:37:37 INFO  epoch 0 evaluating [time: 69.88s, valid_score: 0.615700]
Sun 06 Apr 2025 16:37:37 INFO  valid result: 
recall@10 : 0.6567    mrr@10 : 0.6157    ndcg@10 : 0.5439    hit@10 : 0.914    map@10 : 0.4264    precision@10 : 0.1973    gauc : 0.9603    itemcoverage@10 : 0.0711    averagepopularity@10 : 5891.3947    giniindex@10 : 0.9828    shannonentropy@10 : 0.0148    tailpercentage@10 : 0.0
Sun 06 Apr 2025 16:37:38 INFO  Saving current: ./saved/mind/SLIMElastic-Apr-06-2025_16-36-21.pth
Sun 06 Apr 2025 16:37:39 INFO  epoch 1 training [time: 1.56s, train loss: 0.0000]
Sun 06 Apr 2025 16:38:49 INFO  epoch 1 evaluating [time: 69.66s, valid_score: 0.615700]
Sun 06 Apr 2025 16:38:49 INFO  valid result: 
recall@10 : 0.6567    mrr@10 : 0.6157    ndcg@10 : 0.5439    hit@10 : 0.914    map@10 : 0.4264    precision@10 : 0.1973    gauc : 0.9603    itemcoverage@10 : 0.0711    averagepopularity@10 : 5891.3947    giniindex@10 : 0.9828    shannonentropy@10 : 0.0148    tailpercentage@10 : 0.0
Sun 06 Apr 2025 16:38:50 INFO  Saving current: ./saved/mind/SLIMElastic-Apr-06-2025_16-36-21.pth
Sun 06 Apr 2025 16:38:51 INFO  epoch 2 training [time: 1.53s, train loss: 0.0000]
Sun 06 Apr 2025 16:40:02 INFO  epoch 2 evaluating [time: 70.64s, valid_score: 0.615700]
Sun 06 Apr 2025 16:40:02 INFO  valid result: 
recall@10 : 0.6567    mrr@10 : 0.6157    ndcg@10 : 0.5439    hit@10 : 0.914    map@10 : 0.4264    precision@10 : 0.1973    gauc : 0.9603    itemcoverage@10 : 0.0711    averagepopularity@10 : 5891.3947    giniindex@10 : 0.9828    shannonentropy@10 : 0.0148    tailpercentage@10 : 0.0
Sun 06 Apr 2025 16:40:02 INFO  Saving current: ./saved/mind/SLIMElastic-Apr-06-2025_16-36-21.pth
Sun 06 Apr 2025 16:40:04 INFO  epoch 3 training [time: 1.47s, train loss: 0.0000]
Sun 06 Apr 2025 16:41:12 INFO  epoch 3 evaluating [time: 68.58s, valid_score: 0.615700]
Sun 06 Apr 2025 16:41:12 INFO  valid result: 
recall@10 : 0.6567    mrr@10 : 0.6157    ndcg@10 : 0.5439    hit@10 : 0.914    map@10 : 0.4264    precision@10 : 0.1973    gauc : 0.9603    itemcoverage@10 : 0.0711    averagepopularity@10 : 5891.3947    giniindex@10 : 0.9828    shannonentropy@10 : 0.0148    tailpercentage@10 : 0.0
Sun 06 Apr 2025 16:41:13 INFO  Saving current: ./saved/mind/SLIMElastic-Apr-06-2025_16-36-21.pth
Sun 06 Apr 2025 16:41:15 INFO  epoch 4 training [time: 1.47s, train loss: 0.0000]
Sun 06 Apr 2025 16:42:24 INFO  epoch 4 evaluating [time: 69.68s, valid_score: 0.615700]
Sun 06 Apr 2025 16:42:24 INFO  valid result: 
recall@10 : 0.6567    mrr@10 : 0.6157    ndcg@10 : 0.5439    hit@10 : 0.914    map@10 : 0.4264    precision@10 : 0.1973    gauc : 0.9603    itemcoverage@10 : 0.0711    averagepopularity@10 : 5891.3947    giniindex@10 : 0.9828    shannonentropy@10 : 0.0148    tailpercentage@10 : 0.0
Sun 06 Apr 2025 16:42:25 INFO  Saving current: ./saved/mind/SLIMElastic-Apr-06-2025_16-36-21.pth
Sun 06 Apr 2025 16:42:27 INFO  epoch 5 training [time: 1.64s, train loss: 0.0000]
Sun 06 Apr 2025 16:43:37 INFO  epoch 5 evaluating [time: 70.43s, valid_score: 0.615700]
Sun 06 Apr 2025 16:43:37 INFO  valid result: 
recall@10 : 0.6567    mrr@10 : 0.6157    ndcg@10 : 0.5439    hit@10 : 0.914    map@10 : 0.4264    precision@10 : 0.1973    gauc : 0.9603    itemcoverage@10 : 0.0711    averagepopularity@10 : 5891.3947    giniindex@10 : 0.9828    shannonentropy@10 : 0.0148    tailpercentage@10 : 0.0
Sun 06 Apr 2025 16:43:38 INFO  Saving current: ./saved/mind/SLIMElastic-Apr-06-2025_16-36-21.pth
Sun 06 Apr 2025 16:43:39 INFO  epoch 6 training [time: 1.45s, train loss: 0.0000]
Sun 06 Apr 2025 16:44:49 INFO  epoch 6 evaluating [time: 69.93s, valid_score: 0.615700]
Sun 06 Apr 2025 16:44:49 INFO  valid result: 
recall@10 : 0.6567    mrr@10 : 0.6157    ndcg@10 : 0.5439    hit@10 : 0.914    map@10 : 0.4264    precision@10 : 0.1973    gauc : 0.9603    itemcoverage@10 : 0.0711    averagepopularity@10 : 5891.3947    giniindex@10 : 0.9828    shannonentropy@10 : 0.0148    tailpercentage@10 : 0.0
Sun 06 Apr 2025 16:44:50 INFO  Saving current: ./saved/mind/SLIMElastic-Apr-06-2025_16-36-21.pth
Sun 06 Apr 2025 16:44:51 INFO  epoch 7 training [time: 1.53s, train loss: 0.0000]
Sun 06 Apr 2025 16:46:02 INFO  epoch 7 evaluating [time: 71.13s, valid_score: 0.615700]
Sun 06 Apr 2025 16:46:02 INFO  valid result: 
recall@10 : 0.6567    mrr@10 : 0.6157    ndcg@10 : 0.5439    hit@10 : 0.914    map@10 : 0.4264    precision@10 : 0.1973    gauc : 0.9603    itemcoverage@10 : 0.0711    averagepopularity@10 : 5891.3947    giniindex@10 : 0.9828    shannonentropy@10 : 0.0148    tailpercentage@10 : 0.0
Sun 06 Apr 2025 16:46:03 INFO  Saving current: ./saved/mind/SLIMElastic-Apr-06-2025_16-36-21.pth
Sun 06 Apr 2025 16:46:04 INFO  epoch 8 training [time: 1.47s, train loss: 0.0000]
Sun 06 Apr 2025 16:47:16 INFO  epoch 8 evaluating [time: 71.05s, valid_score: 0.615700]
Sun 06 Apr 2025 16:47:16 INFO  valid result: 
recall@10 : 0.6567    mrr@10 : 0.6157    ndcg@10 : 0.5439    hit@10 : 0.914    map@10 : 0.4264    precision@10 : 0.1973    gauc : 0.9603    itemcoverage@10 : 0.0711    averagepopularity@10 : 5891.3947    giniindex@10 : 0.9828    shannonentropy@10 : 0.0148    tailpercentage@10 : 0.0
Sun 06 Apr 2025 16:47:16 INFO  Saving current: ./saved/mind/SLIMElastic-Apr-06-2025_16-36-21.pth
Sun 06 Apr 2025 16:47:18 INFO  epoch 9 training [time: 1.65s, train loss: 0.0000]
Sun 06 Apr 2025 16:48:28 INFO  epoch 9 evaluating [time: 70.31s, valid_score: 0.615700]
Sun 06 Apr 2025 16:48:28 INFO  valid result: 
recall@10 : 0.6567    mrr@10 : 0.6157    ndcg@10 : 0.5439    hit@10 : 0.914    map@10 : 0.4264    precision@10 : 0.1973    gauc : 0.9603    itemcoverage@10 : 0.0711    averagepopularity@10 : 5891.3947    giniindex@10 : 0.9828    shannonentropy@10 : 0.0148    tailpercentage@10 : 0.0
Sun 06 Apr 2025 16:48:29 INFO  Saving current: ./saved/mind/SLIMElastic-Apr-06-2025_16-36-21.pth
Sun 06 Apr 2025 16:48:30 INFO  epoch 10 training [time: 1.50s, train loss: 0.0000]
Sun 06 Apr 2025 16:49:41 INFO  epoch 10 evaluating [time: 70.87s, valid_score: 0.615700]
Sun 06 Apr 2025 16:49:41 INFO  valid result: 
recall@10 : 0.6567    mrr@10 : 0.6157    ndcg@10 : 0.5439    hit@10 : 0.914    map@10 : 0.4264    precision@10 : 0.1973    gauc : 0.9603    itemcoverage@10 : 0.0711    averagepopularity@10 : 5891.3947    giniindex@10 : 0.9828    shannonentropy@10 : 0.0148    tailpercentage@10 : 0.0
Sun 06 Apr 2025 16:49:42 INFO  Saving current: ./saved/mind/SLIMElastic-Apr-06-2025_16-36-21.pth
Sun 06 Apr 2025 16:49:43 INFO  epoch 11 training [time: 1.55s, train loss: 0.0000]
Sun 06 Apr 2025 16:50:54 INFO  epoch 11 evaluating [time: 70.61s, valid_score: 0.615700]
Sun 06 Apr 2025 16:50:54 INFO  valid result: 
recall@10 : 0.6567    mrr@10 : 0.6157    ndcg@10 : 0.5439    hit@10 : 0.914    map@10 : 0.4264    precision@10 : 0.1973    gauc : 0.9603    itemcoverage@10 : 0.0711    averagepopularity@10 : 5891.3947    giniindex@10 : 0.9828    shannonentropy@10 : 0.0148    tailpercentage@10 : 0.0
Sun 06 Apr 2025 16:50:55 INFO  Saving current: ./saved/mind/SLIMElastic-Apr-06-2025_16-36-21.pth
Sun 06 Apr 2025 16:50:56 INFO  epoch 12 training [time: 1.46s, train loss: 0.0000]
Sun 06 Apr 2025 16:52:07 INFO  epoch 12 evaluating [time: 71.30s, valid_score: 0.615700]
Sun 06 Apr 2025 16:52:07 INFO  valid result: 
recall@10 : 0.6567    mrr@10 : 0.6157    ndcg@10 : 0.5439    hit@10 : 0.914    map@10 : 0.4264    precision@10 : 0.1973    gauc : 0.9603    itemcoverage@10 : 0.0711    averagepopularity@10 : 5891.3947    giniindex@10 : 0.9828    shannonentropy@10 : 0.0148    tailpercentage@10 : 0.0
Sun 06 Apr 2025 16:52:08 INFO  Saving current: ./saved/mind/SLIMElastic-Apr-06-2025_16-36-21.pth
Sun 06 Apr 2025 16:52:10 INFO  epoch 13 training [time: 1.56s, train loss: 0.0000]
Sun 06 Apr 2025 16:53:19 INFO  epoch 13 evaluating [time: 69.27s, valid_score: 0.615700]
Sun 06 Apr 2025 16:53:19 INFO  valid result: 
recall@10 : 0.6567    mrr@10 : 0.6157    ndcg@10 : 0.5439    hit@10 : 0.914    map@10 : 0.4264    precision@10 : 0.1973    gauc : 0.9603    itemcoverage@10 : 0.0711    averagepopularity@10 : 5891.3947    giniindex@10 : 0.9828    shannonentropy@10 : 0.0148    tailpercentage@10 : 0.0
Sun 06 Apr 2025 16:53:20 INFO  Saving current: ./saved/mind/SLIMElastic-Apr-06-2025_16-36-21.pth
Sun 06 Apr 2025 16:53:21 INFO  epoch 14 training [time: 1.49s, train loss: 0.0000]
Sun 06 Apr 2025 16:54:33 INFO  epoch 14 evaluating [time: 72.12s, valid_score: 0.615700]
Sun 06 Apr 2025 16:54:33 INFO  valid result: 
recall@10 : 0.6567    mrr@10 : 0.6157    ndcg@10 : 0.5439    hit@10 : 0.914    map@10 : 0.4264    precision@10 : 0.1973    gauc : 0.9603    itemcoverage@10 : 0.0711    averagepopularity@10 : 5891.3947    giniindex@10 : 0.9828    shannonentropy@10 : 0.0148    tailpercentage@10 : 0.0
Sun 06 Apr 2025 16:54:34 INFO  Saving current: ./saved/mind/SLIMElastic-Apr-06-2025_16-36-21.pth
Sun 06 Apr 2025 16:54:35 INFO  epoch 15 training [time: 1.48s, train loss: 0.0000]
Sun 06 Apr 2025 16:55:44 INFO  epoch 15 evaluating [time: 68.89s, valid_score: 0.615700]
Sun 06 Apr 2025 16:55:44 INFO  valid result: 
recall@10 : 0.6567    mrr@10 : 0.6157    ndcg@10 : 0.5439    hit@10 : 0.914    map@10 : 0.4264    precision@10 : 0.1973    gauc : 0.9603    itemcoverage@10 : 0.0711    averagepopularity@10 : 5891.3947    giniindex@10 : 0.9828    shannonentropy@10 : 0.0148    tailpercentage@10 : 0.0
Sun 06 Apr 2025 16:55:45 INFO  Saving current: ./saved/mind/SLIMElastic-Apr-06-2025_16-36-21.pth
Sun 06 Apr 2025 16:55:46 INFO  epoch 16 training [time: 1.52s, train loss: 0.0000]
Sun 06 Apr 2025 16:56:57 INFO  epoch 16 evaluating [time: 70.41s, valid_score: 0.615700]
Sun 06 Apr 2025 16:56:57 INFO  valid result: 
recall@10 : 0.6567    mrr@10 : 0.6157    ndcg@10 : 0.5439    hit@10 : 0.914    map@10 : 0.4264    precision@10 : 0.1973    gauc : 0.9603    itemcoverage@10 : 0.0711    averagepopularity@10 : 5891.3947    giniindex@10 : 0.9828    shannonentropy@10 : 0.0148    tailpercentage@10 : 0.0
Sun 06 Apr 2025 16:56:57 INFO  Saving current: ./saved/mind/SLIMElastic-Apr-06-2025_16-36-21.pth
Sun 06 Apr 2025 16:56:59 INFO  epoch 17 training [time: 1.52s, train loss: 0.0000]
Sun 06 Apr 2025 16:58:09 INFO  epoch 17 evaluating [time: 70.48s, valid_score: 0.615700]
Sun 06 Apr 2025 16:58:09 INFO  valid result: 
recall@10 : 0.6567    mrr@10 : 0.6157    ndcg@10 : 0.5439    hit@10 : 0.914    map@10 : 0.4264    precision@10 : 0.1973    gauc : 0.9603    itemcoverage@10 : 0.0711    averagepopularity@10 : 5891.3947    giniindex@10 : 0.9828    shannonentropy@10 : 0.0148    tailpercentage@10 : 0.0
Sun 06 Apr 2025 16:58:10 INFO  Saving current: ./saved/mind/SLIMElastic-Apr-06-2025_16-36-21.pth
Sun 06 Apr 2025 16:58:12 INFO  epoch 18 training [time: 1.55s, train loss: 0.0000]
Sun 06 Apr 2025 16:59:23 INFO  epoch 18 evaluating [time: 71.47s, valid_score: 0.615700]
Sun 06 Apr 2025 16:59:23 INFO  valid result: 
recall@10 : 0.6567    mrr@10 : 0.6157    ndcg@10 : 0.5439    hit@10 : 0.914    map@10 : 0.4264    precision@10 : 0.1973    gauc : 0.9603    itemcoverage@10 : 0.0711    averagepopularity@10 : 5891.3947    giniindex@10 : 0.9828    shannonentropy@10 : 0.0148    tailpercentage@10 : 0.0
Sun 06 Apr 2025 16:59:24 INFO  Saving current: ./saved/mind/SLIMElastic-Apr-06-2025_16-36-21.pth
Sun 06 Apr 2025 16:59:25 INFO  epoch 19 training [time: 1.61s, train loss: 0.0000]
Sun 06 Apr 2025 17:00:37 INFO  epoch 19 evaluating [time: 71.26s, valid_score: 0.615700]
Sun 06 Apr 2025 17:00:37 INFO  valid result: 
recall@10 : 0.6567    mrr@10 : 0.6157    ndcg@10 : 0.5439    hit@10 : 0.914    map@10 : 0.4264    precision@10 : 0.1973    gauc : 0.9603    itemcoverage@10 : 0.0711    averagepopularity@10 : 5891.3947    giniindex@10 : 0.9828    shannonentropy@10 : 0.0148    tailpercentage@10 : 0.0
Sun 06 Apr 2025 17:00:37 INFO  Saving current: ./saved/mind/SLIMElastic-Apr-06-2025_16-36-21.pth
Sun 06 Apr 2025 17:00:39 INFO  epoch 20 training [time: 1.46s, train loss: 0.0000]
Sun 06 Apr 2025 17:01:49 INFO  epoch 20 evaluating [time: 70.21s, valid_score: 0.615700]
Sun 06 Apr 2025 17:01:49 INFO  valid result: 
recall@10 : 0.6567    mrr@10 : 0.6157    ndcg@10 : 0.5439    hit@10 : 0.914    map@10 : 0.4264    precision@10 : 0.1973    gauc : 0.9603    itemcoverage@10 : 0.0711    averagepopularity@10 : 5891.3947    giniindex@10 : 0.9828    shannonentropy@10 : 0.0148    tailpercentage@10 : 0.0
Sun 06 Apr 2025 17:01:50 INFO  Saving current: ./saved/mind/SLIMElastic-Apr-06-2025_16-36-21.pth
Sun 06 Apr 2025 17:01:51 INFO  epoch 21 training [time: 1.59s, train loss: 0.0000]
Sun 06 Apr 2025 17:03:03 INFO  epoch 21 evaluating [time: 71.52s, valid_score: 0.615700]
Sun 06 Apr 2025 17:03:03 INFO  valid result: 
recall@10 : 0.6567    mrr@10 : 0.6157    ndcg@10 : 0.5439    hit@10 : 0.914    map@10 : 0.4264    precision@10 : 0.1973    gauc : 0.9603    itemcoverage@10 : 0.0711    averagepopularity@10 : 5891.3947    giniindex@10 : 0.9828    shannonentropy@10 : 0.0148    tailpercentage@10 : 0.0
Sun 06 Apr 2025 17:03:03 INFO  Saving current: ./saved/mind/SLIMElastic-Apr-06-2025_16-36-21.pth
Sun 06 Apr 2025 17:03:05 INFO  epoch 22 training [time: 1.55s, train loss: 0.0000]
Sun 06 Apr 2025 17:04:15 INFO  epoch 22 evaluating [time: 69.95s, valid_score: 0.615700]
Sun 06 Apr 2025 17:04:15 INFO  valid result: 
recall@10 : 0.6567    mrr@10 : 0.6157    ndcg@10 : 0.5439    hit@10 : 0.914    map@10 : 0.4264    precision@10 : 0.1973    gauc : 0.9603    itemcoverage@10 : 0.0711    averagepopularity@10 : 5891.3947    giniindex@10 : 0.9828    shannonentropy@10 : 0.0148    tailpercentage@10 : 0.0
Sun 06 Apr 2025 17:04:16 INFO  Saving current: ./saved/mind/SLIMElastic-Apr-06-2025_16-36-21.pth
Sun 06 Apr 2025 17:04:17 INFO  epoch 23 training [time: 1.56s, train loss: 0.0000]
Sun 06 Apr 2025 17:05:27 INFO  epoch 23 evaluating [time: 69.58s, valid_score: 0.615700]
Sun 06 Apr 2025 17:05:27 INFO  valid result: 
recall@10 : 0.6567    mrr@10 : 0.6157    ndcg@10 : 0.5439    hit@10 : 0.914    map@10 : 0.4264    precision@10 : 0.1973    gauc : 0.9603    itemcoverage@10 : 0.0711    averagepopularity@10 : 5891.3947    giniindex@10 : 0.9828    shannonentropy@10 : 0.0148    tailpercentage@10 : 0.0
Sun 06 Apr 2025 17:05:27 INFO  Saving current: ./saved/mind/SLIMElastic-Apr-06-2025_16-36-21.pth
Sun 06 Apr 2025 17:05:29 INFO  epoch 24 training [time: 1.54s, train loss: 0.0000]
Sun 06 Apr 2025 17:06:40 INFO  epoch 24 evaluating [time: 71.24s, valid_score: 0.615700]
Sun 06 Apr 2025 17:06:40 INFO  valid result: 
recall@10 : 0.6567    mrr@10 : 0.6157    ndcg@10 : 0.5439    hit@10 : 0.914    map@10 : 0.4264    precision@10 : 0.1973    gauc : 0.9603    itemcoverage@10 : 0.0711    averagepopularity@10 : 5891.3947    giniindex@10 : 0.9828    shannonentropy@10 : 0.0148    tailpercentage@10 : 0.0
Sun 06 Apr 2025 17:06:41 INFO  Saving current: ./saved/mind/SLIMElastic-Apr-06-2025_16-36-21.pth
Sun 06 Apr 2025 17:06:42 INFO  epoch 25 training [time: 1.66s, train loss: 0.0000]
Sun 06 Apr 2025 17:07:52 INFO  epoch 25 evaluating [time: 69.65s, valid_score: 0.615700]
Sun 06 Apr 2025 17:07:52 INFO  valid result: 
recall@10 : 0.6567    mrr@10 : 0.6157    ndcg@10 : 0.5439    hit@10 : 0.914    map@10 : 0.4264    precision@10 : 0.1973    gauc : 0.9603    itemcoverage@10 : 0.0711    averagepopularity@10 : 5891.3947    giniindex@10 : 0.9828    shannonentropy@10 : 0.0148    tailpercentage@10 : 0.0
Sun 06 Apr 2025 17:07:53 INFO  Saving current: ./saved/mind/SLIMElastic-Apr-06-2025_16-36-21.pth
Sun 06 Apr 2025 17:07:54 INFO  epoch 26 training [time: 1.52s, train loss: 0.0000]
Sun 06 Apr 2025 17:09:05 INFO  epoch 26 evaluating [time: 70.45s, valid_score: 0.615700]
Sun 06 Apr 2025 17:09:05 INFO  valid result: 
recall@10 : 0.6567    mrr@10 : 0.6157    ndcg@10 : 0.5439    hit@10 : 0.914    map@10 : 0.4264    precision@10 : 0.1973    gauc : 0.9603    itemcoverage@10 : 0.0711    averagepopularity@10 : 5891.3947    giniindex@10 : 0.9828    shannonentropy@10 : 0.0148    tailpercentage@10 : 0.0
Sun 06 Apr 2025 17:09:05 INFO  Saving current: ./saved/mind/SLIMElastic-Apr-06-2025_16-36-21.pth
Sun 06 Apr 2025 17:09:07 INFO  epoch 27 training [time: 1.54s, train loss: 0.0000]
Sun 06 Apr 2025 17:10:20 INFO  epoch 27 evaluating [time: 72.75s, valid_score: 0.615700]
Sun 06 Apr 2025 17:10:20 INFO  valid result: 
recall@10 : 0.6567    mrr@10 : 0.6157    ndcg@10 : 0.5439    hit@10 : 0.914    map@10 : 0.4264    precision@10 : 0.1973    gauc : 0.9603    itemcoverage@10 : 0.0711    averagepopularity@10 : 5891.3947    giniindex@10 : 0.9828    shannonentropy@10 : 0.0148    tailpercentage@10 : 0.0
Sun 06 Apr 2025 17:10:20 INFO  Saving current: ./saved/mind/SLIMElastic-Apr-06-2025_16-36-21.pth
Sun 06 Apr 2025 17:10:22 INFO  epoch 28 training [time: 1.47s, train loss: 0.0000]
Sun 06 Apr 2025 17:11:36 INFO  epoch 28 evaluating [time: 73.83s, valid_score: 0.615700]
Sun 06 Apr 2025 17:11:36 INFO  valid result: 
recall@10 : 0.6567    mrr@10 : 0.6157    ndcg@10 : 0.5439    hit@10 : 0.914    map@10 : 0.4264    precision@10 : 0.1973    gauc : 0.9603    itemcoverage@10 : 0.0711    averagepopularity@10 : 5891.3947    giniindex@10 : 0.9828    shannonentropy@10 : 0.0148    tailpercentage@10 : 0.0
Sun 06 Apr 2025 17:11:36 INFO  Saving current: ./saved/mind/SLIMElastic-Apr-06-2025_16-36-21.pth
Sun 06 Apr 2025 17:11:38 INFO  epoch 29 training [time: 1.54s, train loss: 0.0000]
Sun 06 Apr 2025 17:12:48 INFO  epoch 29 evaluating [time: 69.92s, valid_score: 0.615700]
Sun 06 Apr 2025 17:12:48 INFO  valid result: 
recall@10 : 0.6567    mrr@10 : 0.6157    ndcg@10 : 0.5439    hit@10 : 0.914    map@10 : 0.4264    precision@10 : 0.1973    gauc : 0.9603    itemcoverage@10 : 0.0711    averagepopularity@10 : 5891.3947    giniindex@10 : 0.9828    shannonentropy@10 : 0.0148    tailpercentage@10 : 0.0
Sun 06 Apr 2025 17:12:48 INFO  Saving current: ./saved/mind/SLIMElastic-Apr-06-2025_16-36-21.pth
Sun 06 Apr 2025 17:12:50 INFO  epoch 30 training [time: 1.60s, train loss: 0.0000]
Sun 06 Apr 2025 17:14:02 INFO  epoch 30 evaluating [time: 71.58s, valid_score: 0.615700]
Sun 06 Apr 2025 17:14:02 INFO  valid result: 
recall@10 : 0.6567    mrr@10 : 0.6157    ndcg@10 : 0.5439    hit@10 : 0.914    map@10 : 0.4264    precision@10 : 0.1973    gauc : 0.9603    itemcoverage@10 : 0.0711    averagepopularity@10 : 5891.3947    giniindex@10 : 0.9828    shannonentropy@10 : 0.0148    tailpercentage@10 : 0.0
Sun 06 Apr 2025 17:14:02 INFO  Saving current: ./saved/mind/SLIMElastic-Apr-06-2025_16-36-21.pth
Sun 06 Apr 2025 17:14:04 INFO  epoch 31 training [time: 1.53s, train loss: 0.0000]
Sun 06 Apr 2025 17:15:16 INFO  epoch 31 evaluating [time: 71.80s, valid_score: 0.615700]
Sun 06 Apr 2025 17:15:16 INFO  valid result: 
recall@10 : 0.6567    mrr@10 : 0.6157    ndcg@10 : 0.5439    hit@10 : 0.914    map@10 : 0.4264    precision@10 : 0.1973    gauc : 0.9603    itemcoverage@10 : 0.0711    averagepopularity@10 : 5891.3947    giniindex@10 : 0.9828    shannonentropy@10 : 0.0148    tailpercentage@10 : 0.0
Sun 06 Apr 2025 17:15:16 INFO  Saving current: ./saved/mind/SLIMElastic-Apr-06-2025_16-36-21.pth
Sun 06 Apr 2025 17:15:18 INFO  epoch 32 training [time: 1.48s, train loss: 0.0000]
Sun 06 Apr 2025 17:16:27 INFO  epoch 32 evaluating [time: 69.51s, valid_score: 0.615700]
Sun 06 Apr 2025 17:16:27 INFO  valid result: 
recall@10 : 0.6567    mrr@10 : 0.6157    ndcg@10 : 0.5439    hit@10 : 0.914    map@10 : 0.4264    precision@10 : 0.1973    gauc : 0.9603    itemcoverage@10 : 0.0711    averagepopularity@10 : 5891.3947    giniindex@10 : 0.9828    shannonentropy@10 : 0.0148    tailpercentage@10 : 0.0
Sun 06 Apr 2025 17:16:28 INFO  Saving current: ./saved/mind/SLIMElastic-Apr-06-2025_16-36-21.pth
Sun 06 Apr 2025 17:16:29 INFO  epoch 33 training [time: 1.48s, train loss: 0.0000]
Sun 06 Apr 2025 17:17:39 INFO  epoch 33 evaluating [time: 69.49s, valid_score: 0.615700]
Sun 06 Apr 2025 17:17:39 INFO  valid result: 
recall@10 : 0.6567    mrr@10 : 0.6157    ndcg@10 : 0.5439    hit@10 : 0.914    map@10 : 0.4264    precision@10 : 0.1973    gauc : 0.9603    itemcoverage@10 : 0.0711    averagepopularity@10 : 5891.3947    giniindex@10 : 0.9828    shannonentropy@10 : 0.0148    tailpercentage@10 : 0.0
Sun 06 Apr 2025 17:17:40 INFO  Saving current: ./saved/mind/SLIMElastic-Apr-06-2025_16-36-21.pth
Sun 06 Apr 2025 17:17:41 INFO  epoch 34 training [time: 1.53s, train loss: 0.0000]
Sun 06 Apr 2025 17:18:52 INFO  epoch 34 evaluating [time: 71.30s, valid_score: 0.615700]
Sun 06 Apr 2025 17:18:52 INFO  valid result: 
recall@10 : 0.6567    mrr@10 : 0.6157    ndcg@10 : 0.5439    hit@10 : 0.914    map@10 : 0.4264    precision@10 : 0.1973    gauc : 0.9603    itemcoverage@10 : 0.0711    averagepopularity@10 : 5891.3947    giniindex@10 : 0.9828    shannonentropy@10 : 0.0148    tailpercentage@10 : 0.0
Sun 06 Apr 2025 17:18:53 INFO  Saving current: ./saved/mind/SLIMElastic-Apr-06-2025_16-36-21.pth
Sun 06 Apr 2025 17:18:55 INFO  epoch 35 training [time: 1.54s, train loss: 0.0000]
Sun 06 Apr 2025 17:20:04 INFO  epoch 35 evaluating [time: 69.46s, valid_score: 0.615700]
Sun 06 Apr 2025 17:20:04 INFO  valid result: 
recall@10 : 0.6567    mrr@10 : 0.6157    ndcg@10 : 0.5439    hit@10 : 0.914    map@10 : 0.4264    precision@10 : 0.1973    gauc : 0.9603    itemcoverage@10 : 0.0711    averagepopularity@10 : 5891.3947    giniindex@10 : 0.9828    shannonentropy@10 : 0.0148    tailpercentage@10 : 0.0
Sun 06 Apr 2025 17:20:05 INFO  Saving current: ./saved/mind/SLIMElastic-Apr-06-2025_16-36-21.pth
Sun 06 Apr 2025 17:20:06 INFO  epoch 36 training [time: 1.60s, train loss: 0.0000]
Sun 06 Apr 2025 17:21:18 INFO  epoch 36 evaluating [time: 71.64s, valid_score: 0.615700]
Sun 06 Apr 2025 17:21:18 INFO  valid result: 
recall@10 : 0.6567    mrr@10 : 0.6157    ndcg@10 : 0.5439    hit@10 : 0.914    map@10 : 0.4264    precision@10 : 0.1973    gauc : 0.9603    itemcoverage@10 : 0.0711    averagepopularity@10 : 5891.3947    giniindex@10 : 0.9828    shannonentropy@10 : 0.0148    tailpercentage@10 : 0.0
Sun 06 Apr 2025 17:21:19 INFO  Saving current: ./saved/mind/SLIMElastic-Apr-06-2025_16-36-21.pth
Sun 06 Apr 2025 17:21:20 INFO  epoch 37 training [time: 1.51s, train loss: 0.0000]
Sun 06 Apr 2025 17:22:32 INFO  epoch 37 evaluating [time: 71.48s, valid_score: 0.615700]
Sun 06 Apr 2025 17:22:32 INFO  valid result: 
recall@10 : 0.6567    mrr@10 : 0.6157    ndcg@10 : 0.5439    hit@10 : 0.914    map@10 : 0.4264    precision@10 : 0.1973    gauc : 0.9603    itemcoverage@10 : 0.0711    averagepopularity@10 : 5891.3947    giniindex@10 : 0.9828    shannonentropy@10 : 0.0148    tailpercentage@10 : 0.0
Sun 06 Apr 2025 17:22:32 INFO  Saving current: ./saved/mind/SLIMElastic-Apr-06-2025_16-36-21.pth
Sun 06 Apr 2025 17:22:34 INFO  epoch 38 training [time: 1.57s, train loss: 0.0000]
Sun 06 Apr 2025 17:23:45 INFO  epoch 38 evaluating [time: 71.39s, valid_score: 0.615700]
Sun 06 Apr 2025 17:23:45 INFO  valid result: 
recall@10 : 0.6567    mrr@10 : 0.6157    ndcg@10 : 0.5439    hit@10 : 0.914    map@10 : 0.4264    precision@10 : 0.1973    gauc : 0.9603    itemcoverage@10 : 0.0711    averagepopularity@10 : 5891.3947    giniindex@10 : 0.9828    shannonentropy@10 : 0.0148    tailpercentage@10 : 0.0
Sun 06 Apr 2025 17:23:46 INFO  Saving current: ./saved/mind/SLIMElastic-Apr-06-2025_16-36-21.pth
Sun 06 Apr 2025 17:23:47 INFO  epoch 39 training [time: 1.55s, train loss: 0.0000]
Sun 06 Apr 2025 17:24:59 INFO  epoch 39 evaluating [time: 71.22s, valid_score: 0.615700]
Sun 06 Apr 2025 17:24:59 INFO  valid result: 
recall@10 : 0.6567    mrr@10 : 0.6157    ndcg@10 : 0.5439    hit@10 : 0.914    map@10 : 0.4264    precision@10 : 0.1973    gauc : 0.9603    itemcoverage@10 : 0.0711    averagepopularity@10 : 5891.3947    giniindex@10 : 0.9828    shannonentropy@10 : 0.0148    tailpercentage@10 : 0.0
Sun 06 Apr 2025 17:24:59 INFO  Saving current: ./saved/mind/SLIMElastic-Apr-06-2025_16-36-21.pth
Sun 06 Apr 2025 17:25:01 INFO  epoch 40 training [time: 1.46s, train loss: 0.0000]
Sun 06 Apr 2025 17:26:11 INFO  epoch 40 evaluating [time: 69.83s, valid_score: 0.615700]
Sun 06 Apr 2025 17:26:11 INFO  valid result: 
recall@10 : 0.6567    mrr@10 : 0.6157    ndcg@10 : 0.5439    hit@10 : 0.914    map@10 : 0.4264    precision@10 : 0.1973    gauc : 0.9603    itemcoverage@10 : 0.0711    averagepopularity@10 : 5891.3947    giniindex@10 : 0.9828    shannonentropy@10 : 0.0148    tailpercentage@10 : 0.0
Sun 06 Apr 2025 17:26:11 INFO  Saving current: ./saved/mind/SLIMElastic-Apr-06-2025_16-36-21.pth
Sun 06 Apr 2025 17:26:13 INFO  epoch 41 training [time: 1.59s, train loss: 0.0000]
Sun 06 Apr 2025 17:27:25 INFO  epoch 41 evaluating [time: 71.75s, valid_score: 0.615700]
Sun 06 Apr 2025 17:27:25 INFO  valid result: 
recall@10 : 0.6567    mrr@10 : 0.6157    ndcg@10 : 0.5439    hit@10 : 0.914    map@10 : 0.4264    precision@10 : 0.1973    gauc : 0.9603    itemcoverage@10 : 0.0711    averagepopularity@10 : 5891.3947    giniindex@10 : 0.9828    shannonentropy@10 : 0.0148    tailpercentage@10 : 0.0
Sun 06 Apr 2025 17:27:25 INFO  Saving current: ./saved/mind/SLIMElastic-Apr-06-2025_16-36-21.pth
Sun 06 Apr 2025 17:27:27 INFO  epoch 42 training [time: 1.47s, train loss: 0.0000]
Sun 06 Apr 2025 17:28:37 INFO  epoch 42 evaluating [time: 70.34s, valid_score: 0.615700]
Sun 06 Apr 2025 17:28:37 INFO  valid result: 
recall@10 : 0.6567    mrr@10 : 0.6157    ndcg@10 : 0.5439    hit@10 : 0.914    map@10 : 0.4264    precision@10 : 0.1973    gauc : 0.9603    itemcoverage@10 : 0.0711    averagepopularity@10 : 5891.3947    giniindex@10 : 0.9828    shannonentropy@10 : 0.0148    tailpercentage@10 : 0.0
Sun 06 Apr 2025 17:28:38 INFO  Saving current: ./saved/mind/SLIMElastic-Apr-06-2025_16-36-21.pth
Sun 06 Apr 2025 17:28:39 INFO  epoch 43 training [time: 1.50s, train loss: 0.0000]
Sun 06 Apr 2025 17:29:51 INFO  epoch 43 evaluating [time: 71.54s, valid_score: 0.615700]
Sun 06 Apr 2025 17:29:51 INFO  valid result: 
recall@10 : 0.6567    mrr@10 : 0.6157    ndcg@10 : 0.5439    hit@10 : 0.914    map@10 : 0.4264    precision@10 : 0.1973    gauc : 0.9603    itemcoverage@10 : 0.0711    averagepopularity@10 : 5891.3947    giniindex@10 : 0.9828    shannonentropy@10 : 0.0148    tailpercentage@10 : 0.0
Sun 06 Apr 2025 17:29:51 INFO  Saving current: ./saved/mind/SLIMElastic-Apr-06-2025_16-36-21.pth
Sun 06 Apr 2025 17:29:53 INFO  epoch 44 training [time: 1.53s, train loss: 0.0000]
Sun 06 Apr 2025 17:31:05 INFO  epoch 44 evaluating [time: 71.82s, valid_score: 0.615700]
Sun 06 Apr 2025 17:31:05 INFO  valid result: 
recall@10 : 0.6567    mrr@10 : 0.6157    ndcg@10 : 0.5439    hit@10 : 0.914    map@10 : 0.4264    precision@10 : 0.1973    gauc : 0.9603    itemcoverage@10 : 0.0711    averagepopularity@10 : 5891.3947    giniindex@10 : 0.9828    shannonentropy@10 : 0.0148    tailpercentage@10 : 0.0
Sun 06 Apr 2025 17:31:05 INFO  Saving current: ./saved/mind/SLIMElastic-Apr-06-2025_16-36-21.pth
Sun 06 Apr 2025 17:31:07 INFO  epoch 45 training [time: 1.61s, train loss: 0.0000]
Sun 06 Apr 2025 17:32:18 INFO  epoch 45 evaluating [time: 70.96s, valid_score: 0.615700]
Sun 06 Apr 2025 17:32:18 INFO  valid result: 
recall@10 : 0.6567    mrr@10 : 0.6157    ndcg@10 : 0.5439    hit@10 : 0.914    map@10 : 0.4264    precision@10 : 0.1973    gauc : 0.9603    itemcoverage@10 : 0.0711    averagepopularity@10 : 5891.3947    giniindex@10 : 0.9828    shannonentropy@10 : 0.0148    tailpercentage@10 : 0.0
Sun 06 Apr 2025 17:32:19 INFO  Saving current: ./saved/mind/SLIMElastic-Apr-06-2025_16-36-21.pth
Sun 06 Apr 2025 17:32:20 INFO  epoch 46 training [time: 1.56s, train loss: 0.0000]
Sun 06 Apr 2025 17:33:31 INFO  epoch 46 evaluating [time: 70.69s, valid_score: 0.615700]
Sun 06 Apr 2025 17:33:31 INFO  valid result: 
recall@10 : 0.6567    mrr@10 : 0.6157    ndcg@10 : 0.5439    hit@10 : 0.914    map@10 : 0.4264    precision@10 : 0.1973    gauc : 0.9603    itemcoverage@10 : 0.0711    averagepopularity@10 : 5891.3947    giniindex@10 : 0.9828    shannonentropy@10 : 0.0148    tailpercentage@10 : 0.0
Sun 06 Apr 2025 17:33:32 INFO  Saving current: ./saved/mind/SLIMElastic-Apr-06-2025_16-36-21.pth
Sun 06 Apr 2025 17:33:33 INFO  epoch 47 training [time: 1.49s, train loss: 0.0000]
Sun 06 Apr 2025 17:34:43 INFO  epoch 47 evaluating [time: 70.33s, valid_score: 0.615700]
Sun 06 Apr 2025 17:34:43 INFO  valid result: 
recall@10 : 0.6567    mrr@10 : 0.6157    ndcg@10 : 0.5439    hit@10 : 0.914    map@10 : 0.4264    precision@10 : 0.1973    gauc : 0.9603    itemcoverage@10 : 0.0711    averagepopularity@10 : 5891.3947    giniindex@10 : 0.9828    shannonentropy@10 : 0.0148    tailpercentage@10 : 0.0
Sun 06 Apr 2025 17:34:44 INFO  Saving current: ./saved/mind/SLIMElastic-Apr-06-2025_16-36-21.pth
Sun 06 Apr 2025 17:34:46 INFO  epoch 48 training [time: 1.58s, train loss: 0.0000]
Sun 06 Apr 2025 17:35:55 INFO  epoch 48 evaluating [time: 69.02s, valid_score: 0.615700]
Sun 06 Apr 2025 17:35:55 INFO  valid result: 
recall@10 : 0.6567    mrr@10 : 0.6157    ndcg@10 : 0.5439    hit@10 : 0.914    map@10 : 0.4264    precision@10 : 0.1973    gauc : 0.9603    itemcoverage@10 : 0.0711    averagepopularity@10 : 5891.3947    giniindex@10 : 0.9828    shannonentropy@10 : 0.0148    tailpercentage@10 : 0.0
Sun 06 Apr 2025 17:35:55 INFO  Saving current: ./saved/mind/SLIMElastic-Apr-06-2025_16-36-21.pth
Sun 06 Apr 2025 17:35:57 INFO  epoch 49 training [time: 1.57s, train loss: 0.0000]
Sun 06 Apr 2025 17:37:08 INFO  epoch 49 evaluating [time: 70.75s, valid_score: 0.615700]
Sun 06 Apr 2025 17:37:08 INFO  valid result: 
recall@10 : 0.6567    mrr@10 : 0.6157    ndcg@10 : 0.5439    hit@10 : 0.914    map@10 : 0.4264    precision@10 : 0.1973    gauc : 0.9603    itemcoverage@10 : 0.0711    averagepopularity@10 : 5891.3947    giniindex@10 : 0.9828    shannonentropy@10 : 0.0148    tailpercentage@10 : 0.0
Sun 06 Apr 2025 17:37:08 INFO  Saving current: ./saved/mind/SLIMElastic-Apr-06-2025_16-36-21.pth
Sun 06 Apr 2025 17:37:08 INFO  Loading model structure and parameters from ./saved/mind/SLIMElastic-Apr-06-2025_16-36-21.pth
