Fri 18 Apr 2025 22:06:28 INFO  
General Hyper Parameters:
gpu_id = 0
use_gpu = True
seed = 2020
state = INFO
reproducibility = True
data_path = dataset/mind
checkpoint_dir = ./saved/mind/
show_progress = True
save_dataset = True
dataset_save_path = None
save_dataloaders = True
dataloaders_save_path = None
log_wandb = False

Training Hyper Parameters:
epochs = 50
train_batch_size = 2048
learner = adam
learning_rate = 0.001
train_neg_sample_args = {'distribution': 'uniform', 'sample_num': 1, 'alpha': 1.0, 'dynamic': False, 'candidate_num': 0}
eval_step = 1
stopping_step = 50
clip_grad_norm = None
weight_decay = 0.0
loss_decimal_place = 4

Evaluation Hyper Parameters:
eval_args = {'split': {'RS': [0.8, 0.1, 0.1]}, 'group_by': 'user', 'order': 'RO', 'mode': 'full'}
repeatable = False
metrics = ['MRR']
topk = [10]
valid_metric = MRR@10
valid_metric_bigger = True
eval_batch_size = 4096
metric_decimal_place = 4

Dataset Hyper Parameters:
field_separator = 	
seq_separator =  
USER_ID_FIELD = user_id
ITEM_ID_FIELD = item_id
RATING_FIELD = rating
TIME_FIELD = timestamp
seq_len = None
LABEL_FIELD = label
threshold = None
NEG_PREFIX = neg_
load_col = {'inter': ['user_id', 'item_id']}
unload_col = None
unused_col = None
additional_feat_suffix = None
rm_dup_inter = None
val_interval = None
filter_inter_by_user_or_item = True
user_inter_num_interval = [0,inf)
item_inter_num_interval = [0,inf)
alias_of_user_id = None
alias_of_item_id = None
alias_of_entity_id = None
alias_of_relation_id = None
preload_weight = None
normalize_field = None
normalize_all = None
ITEM_LIST_LENGTH_FIELD = item_length
LIST_SUFFIX = _list
MAX_ITEM_LIST_LENGTH = 50
POSITION_FIELD = position_id
HEAD_ENTITY_ID_FIELD = head_id
TAIL_ENTITY_ID_FIELD = tail_id
RELATION_ID_FIELD = relation_id
ENTITY_ID_FIELD = entity_id
benchmark_filename = None

Other Hyper Parameters: 
worker = 0
wandb_project = recbole
shuffle = True
require_pow = False
enable_amp = False
enable_scaler = False
transform = None
alpha = 0.2
l1_ratio = 0.02
positive_only = True
hide_item = True
numerical_features = []
discretization = None
kg_reverse_r = False
entity_kg_num_interval = [0,inf)
relation_kg_num_interval = [0,inf)
MODEL_TYPE = ModelType.TRADITIONAL
MODEL_INPUT_TYPE = InputType.POINTWISE
eval_type = EvaluatorType.RANKING
single_spec = True
local_rank = 0
device = cuda
eval_neg_sample_args = {'distribution': 'uniform', 'sample_num': 'none'}


Fri 18 Apr 2025 22:06:28 INFO  Load filtered dataset from: [./saved/mind/mind-Dataset.pth]
Fri 18 Apr 2025 22:06:28 INFO  mind
The number of users: 23680
Average actions of users: 44.282908906626126
The number of items: 4415
Average actions of items: 237.55663797009515
The number of inters: 1048575
The sparsity of the dataset: 98.9970319625968%
Remain Fields: ['user_id', 'item_id']
Fri 18 Apr 2025 22:06:36 INFO  Load split dataloaders from: [./saved/mind/mind-for-SLIMElastic-dataloader.pth]
Fri 18 Apr 2025 22:06:36 INFO  [Training]: train_batch_size = [2048] train_neg_sample_args: [{'distribution': 'uniform', 'sample_num': 1, 'alpha': 1.0, 'dynamic': False, 'candidate_num': 0}]
Fri 18 Apr 2025 22:06:36 INFO  [Evaluation]: eval_batch_size = [4096] eval_args: [{'split': {'RS': [0.8, 0.1, 0.1]}, 'group_by': 'user', 'order': 'RO', 'mode': 'full'}]
Fri 18 Apr 2025 22:16:46 INFO  SLIMElastic()
Trainable parameters: 1
Fri 18 Apr 2025 22:16:54 INFO  epoch 0 training [time: 1.51s, train loss: 0.0000]
Fri 18 Apr 2025 22:17:30 INFO  epoch 0 evaluating [time: 36.50s, valid_score: 0.615700]
Fri 18 Apr 2025 22:17:30 INFO  valid result: 
mrr@10 : 0.6157
Fri 18 Apr 2025 22:17:31 INFO  Saving current: ./saved/mind/SLIMElastic-Apr-18-2025_22-16-46.pth
Fri 18 Apr 2025 22:17:32 INFO  epoch 1 training [time: 1.50s, train loss: 0.0000]
Fri 18 Apr 2025 22:18:09 INFO  epoch 1 evaluating [time: 36.71s, valid_score: 0.615700]
Fri 18 Apr 2025 22:18:09 INFO  valid result: 
mrr@10 : 0.6157
Fri 18 Apr 2025 22:18:10 INFO  Saving current: ./saved/mind/SLIMElastic-Apr-18-2025_22-16-46.pth
Fri 18 Apr 2025 22:18:11 INFO  epoch 2 training [time: 1.33s, train loss: 0.0000]
Fri 18 Apr 2025 22:18:48 INFO  epoch 2 evaluating [time: 36.57s, valid_score: 0.615700]
Fri 18 Apr 2025 22:18:48 INFO  valid result: 
mrr@10 : 0.6157
Fri 18 Apr 2025 22:18:48 INFO  Saving current: ./saved/mind/SLIMElastic-Apr-18-2025_22-16-46.pth
Fri 18 Apr 2025 22:18:50 INFO  epoch 3 training [time: 1.46s, train loss: 0.0000]
Fri 18 Apr 2025 22:19:27 INFO  epoch 3 evaluating [time: 37.19s, valid_score: 0.615700]
Fri 18 Apr 2025 22:19:27 INFO  valid result: 
mrr@10 : 0.6157
Fri 18 Apr 2025 22:19:28 INFO  Saving current: ./saved/mind/SLIMElastic-Apr-18-2025_22-16-46.pth
Fri 18 Apr 2025 22:19:29 INFO  epoch 4 training [time: 1.50s, train loss: 0.0000]
Fri 18 Apr 2025 22:20:06 INFO  epoch 4 evaluating [time: 37.14s, valid_score: 0.615700]
Fri 18 Apr 2025 22:20:06 INFO  valid result: 
mrr@10 : 0.6157
Fri 18 Apr 2025 22:20:07 INFO  Saving current: ./saved/mind/SLIMElastic-Apr-18-2025_22-16-46.pth
Fri 18 Apr 2025 22:20:08 INFO  epoch 5 training [time: 1.50s, train loss: 0.0000]
Fri 18 Apr 2025 22:20:45 INFO  epoch 5 evaluating [time: 36.45s, valid_score: 0.615700]
Fri 18 Apr 2025 22:20:45 INFO  valid result: 
mrr@10 : 0.6157
Fri 18 Apr 2025 22:20:45 INFO  Saving current: ./saved/mind/SLIMElastic-Apr-18-2025_22-16-46.pth
Fri 18 Apr 2025 22:20:47 INFO  epoch 6 training [time: 1.44s, train loss: 0.0000]
Fri 18 Apr 2025 22:21:23 INFO  epoch 6 evaluating [time: 36.28s, valid_score: 0.615700]
Fri 18 Apr 2025 22:21:23 INFO  valid result: 
mrr@10 : 0.6157
Fri 18 Apr 2025 22:21:24 INFO  Saving current: ./saved/mind/SLIMElastic-Apr-18-2025_22-16-46.pth
Fri 18 Apr 2025 22:21:25 INFO  epoch 7 training [time: 1.58s, train loss: 0.0000]
Fri 18 Apr 2025 22:22:02 INFO  epoch 7 evaluating [time: 36.94s, valid_score: 0.615700]
Fri 18 Apr 2025 22:22:02 INFO  valid result: 
mrr@10 : 0.6157
Fri 18 Apr 2025 22:22:03 INFO  Saving current: ./saved/mind/SLIMElastic-Apr-18-2025_22-16-46.pth
Fri 18 Apr 2025 22:22:05 INFO  epoch 8 training [time: 1.57s, train loss: 0.0000]
Fri 18 Apr 2025 22:22:42 INFO  epoch 8 evaluating [time: 36.90s, valid_score: 0.615700]
Fri 18 Apr 2025 22:22:42 INFO  valid result: 
mrr@10 : 0.6157
Fri 18 Apr 2025 22:22:42 INFO  Saving current: ./saved/mind/SLIMElastic-Apr-18-2025_22-16-46.pth
Fri 18 Apr 2025 22:22:44 INFO  epoch 9 training [time: 1.48s, train loss: 0.0000]
Fri 18 Apr 2025 22:23:20 INFO  epoch 9 evaluating [time: 36.67s, valid_score: 0.615700]
Fri 18 Apr 2025 22:23:20 INFO  valid result: 
mrr@10 : 0.6157
Fri 18 Apr 2025 22:23:21 INFO  Saving current: ./saved/mind/SLIMElastic-Apr-18-2025_22-16-46.pth
Fri 18 Apr 2025 22:23:22 INFO  epoch 10 training [time: 1.32s, train loss: 0.0000]
Fri 18 Apr 2025 22:23:59 INFO  epoch 10 evaluating [time: 36.95s, valid_score: 0.615700]
Fri 18 Apr 2025 22:23:59 INFO  valid result: 
mrr@10 : 0.6157
Fri 18 Apr 2025 22:24:00 INFO  Saving current: ./saved/mind/SLIMElastic-Apr-18-2025_22-16-46.pth
Fri 18 Apr 2025 22:24:01 INFO  epoch 11 training [time: 1.48s, train loss: 0.0000]
Fri 18 Apr 2025 22:24:38 INFO  epoch 11 evaluating [time: 36.56s, valid_score: 0.615700]
Fri 18 Apr 2025 22:24:38 INFO  valid result: 
mrr@10 : 0.6157
Fri 18 Apr 2025 22:24:39 INFO  Saving current: ./saved/mind/SLIMElastic-Apr-18-2025_22-16-46.pth
Fri 18 Apr 2025 22:24:40 INFO  epoch 12 training [time: 1.41s, train loss: 0.0000]
Fri 18 Apr 2025 22:25:17 INFO  epoch 12 evaluating [time: 36.54s, valid_score: 0.615700]
Fri 18 Apr 2025 22:25:17 INFO  valid result: 
mrr@10 : 0.6157
Fri 18 Apr 2025 22:25:17 INFO  Saving current: ./saved/mind/SLIMElastic-Apr-18-2025_22-16-46.pth
Fri 18 Apr 2025 22:25:19 INFO  epoch 13 training [time: 1.46s, train loss: 0.0000]
Fri 18 Apr 2025 22:25:56 INFO  epoch 13 evaluating [time: 36.83s, valid_score: 0.615700]
Fri 18 Apr 2025 22:25:56 INFO  valid result: 
mrr@10 : 0.6157
Fri 18 Apr 2025 22:25:56 INFO  Saving current: ./saved/mind/SLIMElastic-Apr-18-2025_22-16-46.pth
Fri 18 Apr 2025 22:25:58 INFO  epoch 14 training [time: 1.46s, train loss: 0.0000]
Fri 18 Apr 2025 22:26:34 INFO  epoch 14 evaluating [time: 36.37s, valid_score: 0.615700]
Fri 18 Apr 2025 22:26:34 INFO  valid result: 
mrr@10 : 0.6157
Fri 18 Apr 2025 22:26:35 INFO  Saving current: ./saved/mind/SLIMElastic-Apr-18-2025_22-16-46.pth
Fri 18 Apr 2025 22:26:36 INFO  epoch 15 training [time: 1.54s, train loss: 0.0000]
Fri 18 Apr 2025 22:27:14 INFO  epoch 15 evaluating [time: 37.34s, valid_score: 0.615700]
Fri 18 Apr 2025 22:27:14 INFO  valid result: 
mrr@10 : 0.6157
Fri 18 Apr 2025 22:27:14 INFO  Saving current: ./saved/mind/SLIMElastic-Apr-18-2025_22-16-46.pth
Fri 18 Apr 2025 22:27:16 INFO  epoch 16 training [time: 1.49s, train loss: 0.0000]
Fri 18 Apr 2025 22:27:52 INFO  epoch 16 evaluating [time: 36.60s, valid_score: 0.615700]
Fri 18 Apr 2025 22:27:52 INFO  valid result: 
mrr@10 : 0.6157
Fri 18 Apr 2025 22:27:53 INFO  Saving current: ./saved/mind/SLIMElastic-Apr-18-2025_22-16-46.pth
Fri 18 Apr 2025 22:27:55 INFO  epoch 17 training [time: 1.46s, train loss: 0.0000]
Fri 18 Apr 2025 22:28:31 INFO  epoch 17 evaluating [time: 36.74s, valid_score: 0.615700]
Fri 18 Apr 2025 22:28:31 INFO  valid result: 
mrr@10 : 0.6157
Fri 18 Apr 2025 22:28:32 INFO  Saving current: ./saved/mind/SLIMElastic-Apr-18-2025_22-16-46.pth
Fri 18 Apr 2025 22:28:33 INFO  epoch 18 training [time: 1.32s, train loss: 0.0000]
Fri 18 Apr 2025 22:29:10 INFO  epoch 18 evaluating [time: 36.51s, valid_score: 0.615700]
Fri 18 Apr 2025 22:29:10 INFO  valid result: 
mrr@10 : 0.6157
Fri 18 Apr 2025 22:29:10 INFO  Saving current: ./saved/mind/SLIMElastic-Apr-18-2025_22-16-46.pth
Fri 18 Apr 2025 22:29:12 INFO  epoch 19 training [time: 1.42s, train loss: 0.0000]
Fri 18 Apr 2025 22:29:49 INFO  epoch 19 evaluating [time: 36.79s, valid_score: 0.615700]
Fri 18 Apr 2025 22:29:49 INFO  valid result: 
mrr@10 : 0.6157
Fri 18 Apr 2025 22:29:49 INFO  Saving current: ./saved/mind/SLIMElastic-Apr-18-2025_22-16-46.pth
Fri 18 Apr 2025 22:29:51 INFO  epoch 20 training [time: 1.48s, train loss: 0.0000]
Fri 18 Apr 2025 22:30:28 INFO  epoch 20 evaluating [time: 36.70s, valid_score: 0.615700]
Fri 18 Apr 2025 22:30:28 INFO  valid result: 
mrr@10 : 0.6157
Fri 18 Apr 2025 22:30:28 INFO  Saving current: ./saved/mind/SLIMElastic-Apr-18-2025_22-16-46.pth
Fri 18 Apr 2025 22:30:30 INFO  epoch 21 training [time: 1.42s, train loss: 0.0000]
Fri 18 Apr 2025 22:31:06 INFO  epoch 21 evaluating [time: 36.41s, valid_score: 0.615700]
Fri 18 Apr 2025 22:31:06 INFO  valid result: 
mrr@10 : 0.6157
Fri 18 Apr 2025 22:31:07 INFO  Saving current: ./saved/mind/SLIMElastic-Apr-18-2025_22-16-46.pth
Fri 18 Apr 2025 22:31:08 INFO  epoch 22 training [time: 1.49s, train loss: 0.0000]
Fri 18 Apr 2025 22:31:45 INFO  epoch 22 evaluating [time: 36.72s, valid_score: 0.615700]
Fri 18 Apr 2025 22:31:45 INFO  valid result: 
mrr@10 : 0.6157
Fri 18 Apr 2025 22:31:46 INFO  Saving current: ./saved/mind/SLIMElastic-Apr-18-2025_22-16-46.pth
Fri 18 Apr 2025 22:31:47 INFO  epoch 23 training [time: 1.45s, train loss: 0.0000]
Fri 18 Apr 2025 22:32:25 INFO  epoch 23 evaluating [time: 37.67s, valid_score: 0.615700]
Fri 18 Apr 2025 22:32:25 INFO  valid result: 
mrr@10 : 0.6157
Fri 18 Apr 2025 22:32:25 INFO  Saving current: ./saved/mind/SLIMElastic-Apr-18-2025_22-16-46.pth
Fri 18 Apr 2025 22:32:27 INFO  epoch 24 training [time: 1.50s, train loss: 0.0000]
Fri 18 Apr 2025 22:33:04 INFO  epoch 24 evaluating [time: 37.01s, valid_score: 0.615700]
Fri 18 Apr 2025 22:33:04 INFO  valid result: 
mrr@10 : 0.6157
Fri 18 Apr 2025 22:33:05 INFO  Saving current: ./saved/mind/SLIMElastic-Apr-18-2025_22-16-46.pth
Fri 18 Apr 2025 22:33:06 INFO  epoch 25 training [time: 1.48s, train loss: 0.0000]
Fri 18 Apr 2025 22:33:44 INFO  epoch 25 evaluating [time: 37.49s, valid_score: 0.615700]
Fri 18 Apr 2025 22:33:44 INFO  valid result: 
mrr@10 : 0.6157
Fri 18 Apr 2025 22:33:44 INFO  Saving current: ./saved/mind/SLIMElastic-Apr-18-2025_22-16-46.pth
Fri 18 Apr 2025 22:33:46 INFO  epoch 26 training [time: 1.49s, train loss: 0.0000]
Fri 18 Apr 2025 22:34:22 INFO  epoch 26 evaluating [time: 36.34s, valid_score: 0.615700]
Fri 18 Apr 2025 22:34:22 INFO  valid result: 
mrr@10 : 0.6157
Fri 18 Apr 2025 22:34:23 INFO  Saving current: ./saved/mind/SLIMElastic-Apr-18-2025_22-16-46.pth
Fri 18 Apr 2025 22:34:24 INFO  epoch 27 training [time: 1.50s, train loss: 0.0000]
Fri 18 Apr 2025 22:35:01 INFO  epoch 27 evaluating [time: 36.65s, valid_score: 0.615700]
Fri 18 Apr 2025 22:35:01 INFO  valid result: 
mrr@10 : 0.6157
Fri 18 Apr 2025 22:35:01 INFO  Saving current: ./saved/mind/SLIMElastic-Apr-18-2025_22-16-46.pth
Fri 18 Apr 2025 22:35:03 INFO  epoch 28 training [time: 1.43s, train loss: 0.0000]
Fri 18 Apr 2025 22:35:40 INFO  epoch 28 evaluating [time: 36.78s, valid_score: 0.615700]
Fri 18 Apr 2025 22:35:40 INFO  valid result: 
mrr@10 : 0.6157
Fri 18 Apr 2025 22:35:40 INFO  Saving current: ./saved/mind/SLIMElastic-Apr-18-2025_22-16-46.pth
Fri 18 Apr 2025 22:35:42 INFO  epoch 29 training [time: 1.51s, train loss: 0.0000]
Fri 18 Apr 2025 22:36:19 INFO  epoch 29 evaluating [time: 36.72s, valid_score: 0.615700]
Fri 18 Apr 2025 22:36:19 INFO  valid result: 
mrr@10 : 0.6157
Fri 18 Apr 2025 22:36:19 INFO  Saving current: ./saved/mind/SLIMElastic-Apr-18-2025_22-16-46.pth
Fri 18 Apr 2025 22:36:21 INFO  epoch 30 training [time: 1.42s, train loss: 0.0000]
Fri 18 Apr 2025 22:36:57 INFO  epoch 30 evaluating [time: 36.55s, valid_score: 0.615700]
Fri 18 Apr 2025 22:36:57 INFO  valid result: 
mrr@10 : 0.6157
Fri 18 Apr 2025 22:36:58 INFO  Saving current: ./saved/mind/SLIMElastic-Apr-18-2025_22-16-46.pth
Fri 18 Apr 2025 22:36:59 INFO  epoch 31 training [time: 1.47s, train loss: 0.0000]
Fri 18 Apr 2025 22:37:36 INFO  epoch 31 evaluating [time: 36.98s, valid_score: 0.615700]
Fri 18 Apr 2025 22:37:36 INFO  valid result: 
mrr@10 : 0.6157
Fri 18 Apr 2025 22:37:37 INFO  Saving current: ./saved/mind/SLIMElastic-Apr-18-2025_22-16-46.pth
Fri 18 Apr 2025 22:37:38 INFO  epoch 32 training [time: 1.48s, train loss: 0.0000]
Fri 18 Apr 2025 22:38:15 INFO  epoch 32 evaluating [time: 36.30s, valid_score: 0.615700]
Fri 18 Apr 2025 22:38:15 INFO  valid result: 
mrr@10 : 0.6157
Fri 18 Apr 2025 22:38:15 INFO  Saving current: ./saved/mind/SLIMElastic-Apr-18-2025_22-16-46.pth
Fri 18 Apr 2025 22:38:17 INFO  epoch 33 training [time: 1.54s, train loss: 0.0000]
Fri 18 Apr 2025 22:38:54 INFO  epoch 33 evaluating [time: 36.66s, valid_score: 0.615700]
Fri 18 Apr 2025 22:38:54 INFO  valid result: 
mrr@10 : 0.6157
Fri 18 Apr 2025 22:38:54 INFO  Saving current: ./saved/mind/SLIMElastic-Apr-18-2025_22-16-46.pth
Fri 18 Apr 2025 22:38:56 INFO  epoch 34 training [time: 1.31s, train loss: 0.0000]
Fri 18 Apr 2025 22:39:32 INFO  epoch 34 evaluating [time: 36.64s, valid_score: 0.615700]
Fri 18 Apr 2025 22:39:32 INFO  valid result: 
mrr@10 : 0.6157
Fri 18 Apr 2025 22:39:33 INFO  Saving current: ./saved/mind/SLIMElastic-Apr-18-2025_22-16-46.pth
Fri 18 Apr 2025 22:39:34 INFO  epoch 35 training [time: 1.31s, train loss: 0.0000]
Fri 18 Apr 2025 22:40:11 INFO  epoch 35 evaluating [time: 37.03s, valid_score: 0.615700]
Fri 18 Apr 2025 22:40:11 INFO  valid result: 
mrr@10 : 0.6157
Fri 18 Apr 2025 22:40:12 INFO  Saving current: ./saved/mind/SLIMElastic-Apr-18-2025_22-16-46.pth
Fri 18 Apr 2025 22:40:13 INFO  epoch 36 training [time: 1.50s, train loss: 0.0000]
Fri 18 Apr 2025 22:40:50 INFO  epoch 36 evaluating [time: 36.82s, valid_score: 0.615700]
Fri 18 Apr 2025 22:40:50 INFO  valid result: 
mrr@10 : 0.6157
Fri 18 Apr 2025 22:40:51 INFO  Saving current: ./saved/mind/SLIMElastic-Apr-18-2025_22-16-46.pth
Fri 18 Apr 2025 22:40:52 INFO  epoch 37 training [time: 1.48s, train loss: 0.0000]
Fri 18 Apr 2025 22:41:30 INFO  epoch 37 evaluating [time: 37.79s, valid_score: 0.615700]
Fri 18 Apr 2025 22:41:30 INFO  valid result: 
mrr@10 : 0.6157
Fri 18 Apr 2025 22:41:31 INFO  Saving current: ./saved/mind/SLIMElastic-Apr-18-2025_22-16-46.pth
Fri 18 Apr 2025 22:41:32 INFO  epoch 38 training [time: 1.48s, train loss: 0.0000]
Fri 18 Apr 2025 22:42:09 INFO  epoch 38 evaluating [time: 37.11s, valid_score: 0.615700]
Fri 18 Apr 2025 22:42:09 INFO  valid result: 
mrr@10 : 0.6157
Fri 18 Apr 2025 22:42:10 INFO  Saving current: ./saved/mind/SLIMElastic-Apr-18-2025_22-16-46.pth
Fri 18 Apr 2025 22:42:12 INFO  epoch 39 training [time: 1.53s, train loss: 0.0000]
Fri 18 Apr 2025 22:42:48 INFO  epoch 39 evaluating [time: 36.69s, valid_score: 0.615700]
Fri 18 Apr 2025 22:42:48 INFO  valid result: 
mrr@10 : 0.6157
Fri 18 Apr 2025 22:42:49 INFO  Saving current: ./saved/mind/SLIMElastic-Apr-18-2025_22-16-46.pth
Fri 18 Apr 2025 22:42:50 INFO  epoch 40 training [time: 1.32s, train loss: 0.0000]
Fri 18 Apr 2025 22:43:27 INFO  epoch 40 evaluating [time: 36.47s, valid_score: 0.615700]
Fri 18 Apr 2025 22:43:27 INFO  valid result: 
mrr@10 : 0.6157
Fri 18 Apr 2025 22:43:27 INFO  Saving current: ./saved/mind/SLIMElastic-Apr-18-2025_22-16-46.pth
Fri 18 Apr 2025 22:43:29 INFO  epoch 41 training [time: 1.47s, train loss: 0.0000]
Fri 18 Apr 2025 22:44:05 INFO  epoch 41 evaluating [time: 36.41s, valid_score: 0.615700]
Fri 18 Apr 2025 22:44:05 INFO  valid result: 
mrr@10 : 0.6157
Fri 18 Apr 2025 22:44:06 INFO  Saving current: ./saved/mind/SLIMElastic-Apr-18-2025_22-16-46.pth
Fri 18 Apr 2025 22:44:07 INFO  epoch 42 training [time: 1.49s, train loss: 0.0000]
Fri 18 Apr 2025 22:44:44 INFO  epoch 42 evaluating [time: 36.78s, valid_score: 0.615700]
Fri 18 Apr 2025 22:44:44 INFO  valid result: 
mrr@10 : 0.6157
Fri 18 Apr 2025 22:44:45 INFO  Saving current: ./saved/mind/SLIMElastic-Apr-18-2025_22-16-46.pth
Fri 18 Apr 2025 22:44:46 INFO  epoch 43 training [time: 1.53s, train loss: 0.0000]
Fri 18 Apr 2025 22:45:23 INFO  epoch 43 evaluating [time: 36.61s, valid_score: 0.615700]
Fri 18 Apr 2025 22:45:23 INFO  valid result: 
mrr@10 : 0.6157
Fri 18 Apr 2025 22:45:24 INFO  Saving current: ./saved/mind/SLIMElastic-Apr-18-2025_22-16-46.pth
Fri 18 Apr 2025 22:45:25 INFO  epoch 44 training [time: 1.45s, train loss: 0.0000]
Fri 18 Apr 2025 22:46:02 INFO  epoch 44 evaluating [time: 36.59s, valid_score: 0.615700]
Fri 18 Apr 2025 22:46:02 INFO  valid result: 
mrr@10 : 0.6157
Fri 18 Apr 2025 22:46:02 INFO  Saving current: ./saved/mind/SLIMElastic-Apr-18-2025_22-16-46.pth
Fri 18 Apr 2025 22:46:04 INFO  epoch 45 training [time: 1.45s, train loss: 0.0000]
Fri 18 Apr 2025 22:46:40 INFO  epoch 45 evaluating [time: 36.56s, valid_score: 0.615700]
Fri 18 Apr 2025 22:46:40 INFO  valid result: 
mrr@10 : 0.6157
Fri 18 Apr 2025 22:46:41 INFO  Saving current: ./saved/mind/SLIMElastic-Apr-18-2025_22-16-46.pth
Fri 18 Apr 2025 22:46:43 INFO  epoch 46 training [time: 1.42s, train loss: 0.0000]
Fri 18 Apr 2025 22:47:19 INFO  epoch 46 evaluating [time: 36.64s, valid_score: 0.615700]
Fri 18 Apr 2025 22:47:19 INFO  valid result: 
mrr@10 : 0.6157
Fri 18 Apr 2025 22:47:20 INFO  Saving current: ./saved/mind/SLIMElastic-Apr-18-2025_22-16-46.pth
Fri 18 Apr 2025 22:47:21 INFO  epoch 47 training [time: 1.49s, train loss: 0.0000]
Fri 18 Apr 2025 22:47:58 INFO  epoch 47 evaluating [time: 36.65s, valid_score: 0.615700]
Fri 18 Apr 2025 22:47:58 INFO  valid result: 
mrr@10 : 0.6157
Fri 18 Apr 2025 22:47:59 INFO  Saving current: ./saved/mind/SLIMElastic-Apr-18-2025_22-16-46.pth
Fri 18 Apr 2025 22:48:00 INFO  epoch 48 training [time: 1.47s, train loss: 0.0000]
Fri 18 Apr 2025 22:48:37 INFO  epoch 48 evaluating [time: 36.82s, valid_score: 0.615700]
Fri 18 Apr 2025 22:48:37 INFO  valid result: 
mrr@10 : 0.6157
Fri 18 Apr 2025 22:48:38 INFO  Saving current: ./saved/mind/SLIMElastic-Apr-18-2025_22-16-46.pth
Fri 18 Apr 2025 22:48:39 INFO  epoch 49 training [time: 1.58s, train loss: 0.0000]
Fri 18 Apr 2025 22:49:16 INFO  epoch 49 evaluating [time: 36.48s, valid_score: 0.615700]
Fri 18 Apr 2025 22:49:16 INFO  valid result: 
mrr@10 : 0.6157
Fri 18 Apr 2025 22:49:16 INFO  Saving current: ./saved/mind/SLIMElastic-Apr-18-2025_22-16-46.pth
Fri 18 Apr 2025 22:49:16 INFO  Loading model structure and parameters from ./saved/mind/SLIMElastic-Apr-18-2025_22-16-46.pth
