Wed 09 Apr 2025 07:44:58 INFO  
General Hyper Parameters:
gpu_id = 0
use_gpu = True
seed = 2020
state = INFO
reproducibility = True
data_path = dataset/amazon
checkpoint_dir = ./saved/amazon/
show_progress = True
save_dataset = True
dataset_save_path = None
save_dataloaders = True
dataloaders_save_path = None
log_wandb = False

Training Hyper Parameters:
epochs = 20
train_batch_size = 2048
learner = adam
learning_rate = 0.001
train_neg_sample_args = {'distribution': 'uniform', 'sample_num': 1, 'alpha': 1.0, 'dynamic': False, 'candidate_num': 0}
eval_step = 1
stopping_step = 50
clip_grad_norm = None
weight_decay = 0.0
loss_decimal_place = 4

Evaluation Hyper Parameters:
eval_args = {'split': {'RS': [0.8, 0.1, 0.1]}, 'group_by': 'user', 'order': 'RO', 'mode': 'full'}
repeatable = False
metrics = ['Recall', 'MRR', 'NDCG', 'Hit', 'MAP', 'Precision', 'GAUC', 'ItemCoverage', 'AveragePopularity', 'GiniIndex', 'ShannonEntropy', 'TailPercentage']
topk = [10]
valid_metric = MRR@10
valid_metric_bigger = True
eval_batch_size = 4096
metric_decimal_place = 4

Dataset Hyper Parameters:
field_separator = 	
seq_separator =  
USER_ID_FIELD = user_id
ITEM_ID_FIELD = item_id
RATING_FIELD = rating
TIME_FIELD = timestamp
seq_len = None
LABEL_FIELD = label
threshold = None
NEG_PREFIX = neg_
load_col = {'inter': ['user_id', 'item_id']}
unload_col = None
unused_col = None
additional_feat_suffix = None
rm_dup_inter = None
val_interval = None
filter_inter_by_user_or_item = True
user_inter_num_interval = [0,inf)
item_inter_num_interval = [0,inf)
alias_of_user_id = None
alias_of_item_id = None
alias_of_entity_id = None
alias_of_relation_id = None
preload_weight = None
normalize_field = None
normalize_all = None
ITEM_LIST_LENGTH_FIELD = item_length
LIST_SUFFIX = _list
MAX_ITEM_LIST_LENGTH = 50
POSITION_FIELD = position_id
HEAD_ENTITY_ID_FIELD = head_id
TAIL_ENTITY_ID_FIELD = tail_id
RELATION_ID_FIELD = relation_id
ENTITY_ID_FIELD = entity_id
benchmark_filename = None

Other Hyper Parameters: 
worker = 0
wandb_project = recbole
shuffle = True
require_pow = False
enable_amp = False
enable_scaler = False
transform = None
alpha = 0.2
l1_ratio = 0.02
positive_only = True
hide_item = True
numerical_features = []
discretization = None
kg_reverse_r = False
entity_kg_num_interval = [0,inf)
relation_kg_num_interval = [0,inf)
MODEL_TYPE = ModelType.TRADITIONAL
MODEL_INPUT_TYPE = InputType.POINTWISE
eval_type = EvaluatorType.RANKING
single_spec = True
local_rank = 0
device = cuda
eval_neg_sample_args = {'distribution': 'uniform', 'sample_num': 'none'}


Wed 09 Apr 2025 07:44:58 INFO  Load filtered dataset from: [./saved/amazon/amazon-Dataset.pth]
Wed 09 Apr 2025 07:44:58 INFO  amazon
The number of users: 22156
Average actions of users: 66.16434213495825
The number of items: 54459
Average actions of items: 26.917459326453415
The number of inters: 1465871
The sparsity of the dataset: 99.87851162187994%
Remain Fields: ['user_id', 'item_id']
Wed 09 Apr 2025 07:45:02 INFO  Saving split dataloaders into: [./saved/amazon/amazon-for-SLIMElastic-dataloader.pth]
Wed 09 Apr 2025 07:45:11 INFO  [Training]: train_batch_size = [2048] train_neg_sample_args: [{'distribution': 'uniform', 'sample_num': 1, 'alpha': 1.0, 'dynamic': False, 'candidate_num': 0}]
Wed 09 Apr 2025 07:45:11 INFO  [Evaluation]: eval_batch_size = [4096] eval_args: [{'split': {'RS': [0.8, 0.1, 0.1]}, 'group_by': 'user', 'order': 'RO', 'mode': 'full'}]
Wed 09 Apr 2025 10:38:53 INFO  SLIMElastic()
Trainable parameters: 1
Wed 09 Apr 2025 10:39:03 INFO  epoch 0 training [time: 2.00s, train loss: 0.0000]
Wed 09 Apr 2025 10:40:39 INFO  epoch 0 evaluating [time: 95.72s, valid_score: 0.037400]
Wed 09 Apr 2025 10:40:39 INFO  valid result: 
recall@10 : 0.0099    mrr@10 : 0.0374    ndcg@10 : 0.0138    hit@10 : 0.0654    map@10 : 0.0066    precision@10 : 0.0082    gauc : 0.5083    itemcoverage@10 : 0.0023    averagepopularity@10 : 123.8072    giniindex@10 : -0.0817    shannonentropy@10 : 0.0246    tailpercentage@10 : 0.0
Wed 09 Apr 2025 10:40:40 INFO  Saving current: ./saved/amazon/SLIMElastic-Apr-09-2025_10-38-53.pth
Wed 09 Apr 2025 10:40:42 INFO  epoch 1 training [time: 2.22s, train loss: 0.0000]
Wed 09 Apr 2025 10:42:17 INFO  epoch 1 evaluating [time: 94.78s, valid_score: 0.037400]
Wed 09 Apr 2025 10:42:17 INFO  valid result: 
recall@10 : 0.0099    mrr@10 : 0.0374    ndcg@10 : 0.0138    hit@10 : 0.0654    map@10 : 0.0066    precision@10 : 0.0082    gauc : 0.5083    itemcoverage@10 : 0.0023    averagepopularity@10 : 123.8072    giniindex@10 : -0.0817    shannonentropy@10 : 0.0246    tailpercentage@10 : 0.0
Wed 09 Apr 2025 10:42:18 INFO  Saving current: ./saved/amazon/SLIMElastic-Apr-09-2025_10-38-53.pth
Wed 09 Apr 2025 10:42:20 INFO  epoch 2 training [time: 2.14s, train loss: 0.0000]
Wed 09 Apr 2025 10:43:53 INFO  epoch 2 evaluating [time: 93.02s, valid_score: 0.037400]
Wed 09 Apr 2025 10:43:53 INFO  valid result: 
recall@10 : 0.0099    mrr@10 : 0.0374    ndcg@10 : 0.0138    hit@10 : 0.0654    map@10 : 0.0066    precision@10 : 0.0082    gauc : 0.5083    itemcoverage@10 : 0.0023    averagepopularity@10 : 123.8072    giniindex@10 : -0.0817    shannonentropy@10 : 0.0246    tailpercentage@10 : 0.0
Wed 09 Apr 2025 10:43:54 INFO  Saving current: ./saved/amazon/SLIMElastic-Apr-09-2025_10-38-53.pth
Wed 09 Apr 2025 10:43:57 INFO  epoch 3 training [time: 2.16s, train loss: 0.0000]
Wed 09 Apr 2025 10:45:29 INFO  epoch 3 evaluating [time: 92.91s, valid_score: 0.037400]
Wed 09 Apr 2025 10:45:29 INFO  valid result: 
recall@10 : 0.0099    mrr@10 : 0.0374    ndcg@10 : 0.0138    hit@10 : 0.0654    map@10 : 0.0066    precision@10 : 0.0082    gauc : 0.5083    itemcoverage@10 : 0.0023    averagepopularity@10 : 123.8072    giniindex@10 : -0.0817    shannonentropy@10 : 0.0246    tailpercentage@10 : 0.0
Wed 09 Apr 2025 10:45:30 INFO  Saving current: ./saved/amazon/SLIMElastic-Apr-09-2025_10-38-53.pth
Wed 09 Apr 2025 10:45:32 INFO  epoch 4 training [time: 2.03s, train loss: 0.0000]
Wed 09 Apr 2025 10:47:04 INFO  epoch 4 evaluating [time: 91.36s, valid_score: 0.037400]
Wed 09 Apr 2025 10:47:04 INFO  valid result: 
recall@10 : 0.0099    mrr@10 : 0.0374    ndcg@10 : 0.0138    hit@10 : 0.0654    map@10 : 0.0066    precision@10 : 0.0082    gauc : 0.5083    itemcoverage@10 : 0.0023    averagepopularity@10 : 123.8072    giniindex@10 : -0.0817    shannonentropy@10 : 0.0246    tailpercentage@10 : 0.0
Wed 09 Apr 2025 10:47:05 INFO  Saving current: ./saved/amazon/SLIMElastic-Apr-09-2025_10-38-53.pth
Wed 09 Apr 2025 10:47:07 INFO  epoch 5 training [time: 2.15s, train loss: 0.0000]
Wed 09 Apr 2025 10:48:39 INFO  epoch 5 evaluating [time: 92.11s, valid_score: 0.037400]
Wed 09 Apr 2025 10:48:39 INFO  valid result: 
recall@10 : 0.0099    mrr@10 : 0.0374    ndcg@10 : 0.0138    hit@10 : 0.0654    map@10 : 0.0066    precision@10 : 0.0082    gauc : 0.5083    itemcoverage@10 : 0.0023    averagepopularity@10 : 123.8072    giniindex@10 : -0.0817    shannonentropy@10 : 0.0246    tailpercentage@10 : 0.0
Wed 09 Apr 2025 10:48:40 INFO  Saving current: ./saved/amazon/SLIMElastic-Apr-09-2025_10-38-53.pth
Wed 09 Apr 2025 10:48:42 INFO  epoch 6 training [time: 2.03s, train loss: 0.0000]
Wed 09 Apr 2025 10:50:14 INFO  epoch 6 evaluating [time: 92.24s, valid_score: 0.037400]
Wed 09 Apr 2025 10:50:14 INFO  valid result: 
recall@10 : 0.0099    mrr@10 : 0.0374    ndcg@10 : 0.0138    hit@10 : 0.0654    map@10 : 0.0066    precision@10 : 0.0082    gauc : 0.5083    itemcoverage@10 : 0.0023    averagepopularity@10 : 123.8072    giniindex@10 : -0.0817    shannonentropy@10 : 0.0246    tailpercentage@10 : 0.0
Wed 09 Apr 2025 10:50:15 INFO  Saving current: ./saved/amazon/SLIMElastic-Apr-09-2025_10-38-53.pth
Wed 09 Apr 2025 10:50:18 INFO  epoch 7 training [time: 2.07s, train loss: 0.0000]
Wed 09 Apr 2025 10:51:50 INFO  epoch 7 evaluating [time: 92.35s, valid_score: 0.037400]
Wed 09 Apr 2025 10:51:50 INFO  valid result: 
recall@10 : 0.0099    mrr@10 : 0.0374    ndcg@10 : 0.0138    hit@10 : 0.0654    map@10 : 0.0066    precision@10 : 0.0082    gauc : 0.5083    itemcoverage@10 : 0.0023    averagepopularity@10 : 123.8072    giniindex@10 : -0.0817    shannonentropy@10 : 0.0246    tailpercentage@10 : 0.0
Wed 09 Apr 2025 10:51:51 INFO  Saving current: ./saved/amazon/SLIMElastic-Apr-09-2025_10-38-53.pth
Wed 09 Apr 2025 10:51:53 INFO  epoch 8 training [time: 2.06s, train loss: 0.0000]
Wed 09 Apr 2025 10:53:23 INFO  epoch 8 evaluating [time: 90.17s, valid_score: 0.037400]
Wed 09 Apr 2025 10:53:23 INFO  valid result: 
recall@10 : 0.0099    mrr@10 : 0.0374    ndcg@10 : 0.0138    hit@10 : 0.0654    map@10 : 0.0066    precision@10 : 0.0082    gauc : 0.5083    itemcoverage@10 : 0.0023    averagepopularity@10 : 123.8072    giniindex@10 : -0.0817    shannonentropy@10 : 0.0246    tailpercentage@10 : 0.0
Wed 09 Apr 2025 10:53:24 INFO  Saving current: ./saved/amazon/SLIMElastic-Apr-09-2025_10-38-53.pth
Wed 09 Apr 2025 10:53:26 INFO  epoch 9 training [time: 2.01s, train loss: 0.0000]
Wed 09 Apr 2025 10:54:58 INFO  epoch 9 evaluating [time: 92.14s, valid_score: 0.037400]
Wed 09 Apr 2025 10:54:58 INFO  valid result: 
recall@10 : 0.0099    mrr@10 : 0.0374    ndcg@10 : 0.0138    hit@10 : 0.0654    map@10 : 0.0066    precision@10 : 0.0082    gauc : 0.5083    itemcoverage@10 : 0.0023    averagepopularity@10 : 123.8072    giniindex@10 : -0.0817    shannonentropy@10 : 0.0246    tailpercentage@10 : 0.0
Wed 09 Apr 2025 10:54:59 INFO  Saving current: ./saved/amazon/SLIMElastic-Apr-09-2025_10-38-53.pth
Wed 09 Apr 2025 10:55:01 INFO  epoch 10 training [time: 2.09s, train loss: 0.0000]
Wed 09 Apr 2025 10:56:34 INFO  epoch 10 evaluating [time: 92.57s, valid_score: 0.037400]
Wed 09 Apr 2025 10:56:34 INFO  valid result: 
recall@10 : 0.0099    mrr@10 : 0.0374    ndcg@10 : 0.0138    hit@10 : 0.0654    map@10 : 0.0066    precision@10 : 0.0082    gauc : 0.5083    itemcoverage@10 : 0.0023    averagepopularity@10 : 123.8072    giniindex@10 : -0.0817    shannonentropy@10 : 0.0246    tailpercentage@10 : 0.0
Wed 09 Apr 2025 10:56:35 INFO  Saving current: ./saved/amazon/SLIMElastic-Apr-09-2025_10-38-53.pth
Wed 09 Apr 2025 10:56:37 INFO  epoch 11 training [time: 2.09s, train loss: 0.0000]
Wed 09 Apr 2025 10:58:10 INFO  epoch 11 evaluating [time: 92.59s, valid_score: 0.037400]
Wed 09 Apr 2025 10:58:10 INFO  valid result: 
recall@10 : 0.0099    mrr@10 : 0.0374    ndcg@10 : 0.0138    hit@10 : 0.0654    map@10 : 0.0066    precision@10 : 0.0082    gauc : 0.5083    itemcoverage@10 : 0.0023    averagepopularity@10 : 123.8072    giniindex@10 : -0.0817    shannonentropy@10 : 0.0246    tailpercentage@10 : 0.0
Wed 09 Apr 2025 10:58:11 INFO  Saving current: ./saved/amazon/SLIMElastic-Apr-09-2025_10-38-53.pth
Wed 09 Apr 2025 10:58:13 INFO  epoch 12 training [time: 2.05s, train loss: 0.0000]
Wed 09 Apr 2025 10:59:45 INFO  epoch 12 evaluating [time: 91.96s, valid_score: 0.037400]
Wed 09 Apr 2025 10:59:45 INFO  valid result: 
recall@10 : 0.0099    mrr@10 : 0.0374    ndcg@10 : 0.0138    hit@10 : 0.0654    map@10 : 0.0066    precision@10 : 0.0082    gauc : 0.5083    itemcoverage@10 : 0.0023    averagepopularity@10 : 123.8072    giniindex@10 : -0.0817    shannonentropy@10 : 0.0246    tailpercentage@10 : 0.0
Wed 09 Apr 2025 10:59:46 INFO  Saving current: ./saved/amazon/SLIMElastic-Apr-09-2025_10-38-53.pth
Wed 09 Apr 2025 10:59:48 INFO  epoch 13 training [time: 1.94s, train loss: 0.0000]
Wed 09 Apr 2025 11:01:22 INFO  epoch 13 evaluating [time: 93.57s, valid_score: 0.037400]
Wed 09 Apr 2025 11:01:22 INFO  valid result: 
recall@10 : 0.0099    mrr@10 : 0.0374    ndcg@10 : 0.0138    hit@10 : 0.0654    map@10 : 0.0066    precision@10 : 0.0082    gauc : 0.5083    itemcoverage@10 : 0.0023    averagepopularity@10 : 123.8072    giniindex@10 : -0.0817    shannonentropy@10 : 0.0246    tailpercentage@10 : 0.0
Wed 09 Apr 2025 11:01:23 INFO  Saving current: ./saved/amazon/SLIMElastic-Apr-09-2025_10-38-53.pth
Wed 09 Apr 2025 11:01:25 INFO  epoch 14 training [time: 2.04s, train loss: 0.0000]
Wed 09 Apr 2025 11:02:57 INFO  epoch 14 evaluating [time: 92.12s, valid_score: 0.037400]
Wed 09 Apr 2025 11:02:57 INFO  valid result: 
recall@10 : 0.0099    mrr@10 : 0.0374    ndcg@10 : 0.0138    hit@10 : 0.0654    map@10 : 0.0066    precision@10 : 0.0082    gauc : 0.5083    itemcoverage@10 : 0.0023    averagepopularity@10 : 123.8072    giniindex@10 : -0.0817    shannonentropy@10 : 0.0246    tailpercentage@10 : 0.0
Wed 09 Apr 2025 11:02:58 INFO  Saving current: ./saved/amazon/SLIMElastic-Apr-09-2025_10-38-53.pth
Wed 09 Apr 2025 11:03:00 INFO  epoch 15 training [time: 1.93s, train loss: 0.0000]
Wed 09 Apr 2025 11:04:33 INFO  epoch 15 evaluating [time: 92.57s, valid_score: 0.037400]
Wed 09 Apr 2025 11:04:33 INFO  valid result: 
recall@10 : 0.0099    mrr@10 : 0.0374    ndcg@10 : 0.0138    hit@10 : 0.0654    map@10 : 0.0066    precision@10 : 0.0082    gauc : 0.5083    itemcoverage@10 : 0.0023    averagepopularity@10 : 123.8072    giniindex@10 : -0.0817    shannonentropy@10 : 0.0246    tailpercentage@10 : 0.0
Wed 09 Apr 2025 11:04:34 INFO  Saving current: ./saved/amazon/SLIMElastic-Apr-09-2025_10-38-53.pth
Wed 09 Apr 2025 11:04:36 INFO  epoch 16 training [time: 2.11s, train loss: 0.0000]
Wed 09 Apr 2025 11:06:09 INFO  epoch 16 evaluating [time: 93.12s, valid_score: 0.037400]
Wed 09 Apr 2025 11:06:09 INFO  valid result: 
recall@10 : 0.0099    mrr@10 : 0.0374    ndcg@10 : 0.0138    hit@10 : 0.0654    map@10 : 0.0066    precision@10 : 0.0082    gauc : 0.5083    itemcoverage@10 : 0.0023    averagepopularity@10 : 123.8072    giniindex@10 : -0.0817    shannonentropy@10 : 0.0246    tailpercentage@10 : 0.0
Wed 09 Apr 2025 11:06:10 INFO  Saving current: ./saved/amazon/SLIMElastic-Apr-09-2025_10-38-53.pth
Wed 09 Apr 2025 11:06:12 INFO  epoch 17 training [time: 2.14s, train loss: 0.0000]
Wed 09 Apr 2025 11:07:45 INFO  epoch 17 evaluating [time: 93.18s, valid_score: 0.037400]
Wed 09 Apr 2025 11:07:45 INFO  valid result: 
recall@10 : 0.0099    mrr@10 : 0.0374    ndcg@10 : 0.0138    hit@10 : 0.0654    map@10 : 0.0066    precision@10 : 0.0082    gauc : 0.5083    itemcoverage@10 : 0.0023    averagepopularity@10 : 123.8072    giniindex@10 : -0.0817    shannonentropy@10 : 0.0246    tailpercentage@10 : 0.0
Wed 09 Apr 2025 11:07:46 INFO  Saving current: ./saved/amazon/SLIMElastic-Apr-09-2025_10-38-53.pth
Wed 09 Apr 2025 11:07:48 INFO  epoch 18 training [time: 2.09s, train loss: 0.0000]
Wed 09 Apr 2025 11:09:24 INFO  epoch 18 evaluating [time: 95.36s, valid_score: 0.037400]
Wed 09 Apr 2025 11:09:24 INFO  valid result: 
recall@10 : 0.0099    mrr@10 : 0.0374    ndcg@10 : 0.0138    hit@10 : 0.0654    map@10 : 0.0066    precision@10 : 0.0082    gauc : 0.5083    itemcoverage@10 : 0.0023    averagepopularity@10 : 123.8072    giniindex@10 : -0.0817    shannonentropy@10 : 0.0246    tailpercentage@10 : 0.0
Wed 09 Apr 2025 11:09:25 INFO  Saving current: ./saved/amazon/SLIMElastic-Apr-09-2025_10-38-53.pth
Wed 09 Apr 2025 11:09:27 INFO  epoch 19 training [time: 1.95s, train loss: 0.0000]
Wed 09 Apr 2025 11:11:03 INFO  epoch 19 evaluating [time: 96.06s, valid_score: 0.037400]
Wed 09 Apr 2025 11:11:03 INFO  valid result: 
recall@10 : 0.0099    mrr@10 : 0.0374    ndcg@10 : 0.0138    hit@10 : 0.0654    map@10 : 0.0066    precision@10 : 0.0082    gauc : 0.5083    itemcoverage@10 : 0.0023    averagepopularity@10 : 123.8072    giniindex@10 : -0.0817    shannonentropy@10 : 0.0246    tailpercentage@10 : 0.0
Wed 09 Apr 2025 11:11:04 INFO  Saving current: ./saved/amazon/SLIMElastic-Apr-09-2025_10-38-53.pth
Wed 09 Apr 2025 11:11:04 INFO  Loading model structure and parameters from ./saved/amazon/SLIMElastic-Apr-09-2025_10-38-53.pth
