Wed 16 Apr 2025 05:37:00 INFO  
General Hyper Parameters:
gpu_id = 0
use_gpu = True
seed = 2020
state = INFO
reproducibility = True
data_path = dataset/movielens
checkpoint_dir = ./saved/movielens/
show_progress = True
save_dataset = True
dataset_save_path = None
save_dataloaders = True
dataloaders_save_path = None
log_wandb = False

Training Hyper Parameters:
epochs = 50
train_batch_size = 2048
learner = adam
learning_rate = 0.001
train_neg_sample_args = {'distribution': 'uniform', 'sample_num': 1, 'alpha': 1.0, 'dynamic': False, 'candidate_num': 0}
eval_step = 1
stopping_step = 50
clip_grad_norm = None
weight_decay = 0.0
loss_decimal_place = 4

Evaluation Hyper Parameters:
eval_args = {'split': {'RS': [0.8, 0.1, 0.1]}, 'group_by': 'user', 'order': 'RO', 'mode': 'full'}
repeatable = False
metrics = ['MRR']
topk = [10]
valid_metric = MRR@10
valid_metric_bigger = True
eval_batch_size = 4096
metric_decimal_place = 4

Dataset Hyper Parameters:
field_separator = 	
seq_separator =  
USER_ID_FIELD = user_id
ITEM_ID_FIELD = item_id
RATING_FIELD = rating
TIME_FIELD = timestamp
seq_len = None
LABEL_FIELD = label
threshold = None
NEG_PREFIX = neg_
load_col = {'inter': ['user_id', 'item_id']}
unload_col = None
unused_col = None
additional_feat_suffix = None
rm_dup_inter = None
val_interval = None
filter_inter_by_user_or_item = True
user_inter_num_interval = [0,inf)
item_inter_num_interval = [0,inf)
alias_of_user_id = None
alias_of_item_id = None
alias_of_entity_id = None
alias_of_relation_id = None
preload_weight = None
normalize_field = None
normalize_all = None
ITEM_LIST_LENGTH_FIELD = item_length
LIST_SUFFIX = _list
MAX_ITEM_LIST_LENGTH = 50
POSITION_FIELD = position_id
HEAD_ENTITY_ID_FIELD = head_id
TAIL_ENTITY_ID_FIELD = tail_id
RELATION_ID_FIELD = relation_id
ENTITY_ID_FIELD = entity_id
benchmark_filename = None

Other Hyper Parameters: 
worker = 0
wandb_project = recbole
shuffle = True
require_pow = False
enable_amp = False
enable_scaler = False
transform = None
alpha = 0.2
l1_ratio = 0.02
positive_only = True
hide_item = True
numerical_features = []
discretization = None
kg_reverse_r = False
entity_kg_num_interval = [0,inf)
relation_kg_num_interval = [0,inf)
MODEL_TYPE = ModelType.TRADITIONAL
MODEL_INPUT_TYPE = InputType.POINTWISE
eval_type = EvaluatorType.RANKING
single_spec = True
local_rank = 0
device = cuda
eval_neg_sample_args = {'distribution': 'uniform', 'sample_num': 'none'}


Wed 16 Apr 2025 05:37:00 INFO  Load filtered dataset from: [./saved/movielens/movielens-Dataset.pth]
Wed 16 Apr 2025 05:37:00 INFO  movielens
The number of users: 6037
Average actions of users: 125.48889993373095
The number of items: 3193
Average actions of items: 237.296679197995
The number of inters: 757451
The sparsity of the dataset: 96.07052573437805%
Remain Fields: ['user_id', 'item_id']
Wed 16 Apr 2025 05:37:03 INFO  Load split dataloaders from: [./saved/movielens/movielens-for-SLIMElastic-dataloader.pth]
Wed 16 Apr 2025 05:37:03 INFO  [Training]: train_batch_size = [2048] train_neg_sample_args: [{'distribution': 'uniform', 'sample_num': 1, 'alpha': 1.0, 'dynamic': False, 'candidate_num': 0}]
Wed 16 Apr 2025 05:37:03 INFO  [Evaluation]: eval_batch_size = [4096] eval_args: [{'split': {'RS': [0.8, 0.1, 0.1]}, 'group_by': 'user', 'order': 'RO', 'mode': 'full'}]
Wed 16 Apr 2025 05:40:30 INFO  SLIMElastic()
Trainable parameters: 1
Wed 16 Apr 2025 05:40:36 INFO  epoch 0 training [time: 1.05s, train loss: 0.0000]
Wed 16 Apr 2025 05:40:49 INFO  epoch 0 evaluating [time: 13.28s, valid_score: 0.259100]
Wed 16 Apr 2025 05:40:49 INFO  valid result: 
mrr@10 : 0.2591
Wed 16 Apr 2025 05:40:50 INFO  Saving current: ./saved/movielens/SLIMElastic-Apr-16-2025_05-40-30.pth
Wed 16 Apr 2025 05:40:51 INFO  epoch 1 training [time: 1.02s, train loss: 0.0000]
Wed 16 Apr 2025 05:41:04 INFO  epoch 1 evaluating [time: 12.96s, valid_score: 0.259100]
Wed 16 Apr 2025 05:41:04 INFO  valid result: 
mrr@10 : 0.2591
Wed 16 Apr 2025 05:41:04 INFO  Saving current: ./saved/movielens/SLIMElastic-Apr-16-2025_05-40-30.pth
Wed 16 Apr 2025 05:41:05 INFO  epoch 2 training [time: 1.19s, train loss: 0.0000]
Wed 16 Apr 2025 05:41:18 INFO  epoch 2 evaluating [time: 12.97s, valid_score: 0.259100]
Wed 16 Apr 2025 05:41:18 INFO  valid result: 
mrr@10 : 0.2591
Wed 16 Apr 2025 05:41:19 INFO  Saving current: ./saved/movielens/SLIMElastic-Apr-16-2025_05-40-30.pth
Wed 16 Apr 2025 05:41:20 INFO  epoch 3 training [time: 0.99s, train loss: 0.0000]
Wed 16 Apr 2025 05:41:33 INFO  epoch 3 evaluating [time: 13.05s, valid_score: 0.259100]
Wed 16 Apr 2025 05:41:33 INFO  valid result: 
mrr@10 : 0.2591
Wed 16 Apr 2025 05:41:33 INFO  Saving current: ./saved/movielens/SLIMElastic-Apr-16-2025_05-40-30.pth
Wed 16 Apr 2025 05:41:34 INFO  epoch 4 training [time: 0.99s, train loss: 0.0000]
Wed 16 Apr 2025 05:41:47 INFO  epoch 4 evaluating [time: 12.89s, valid_score: 0.259100]
Wed 16 Apr 2025 05:41:47 INFO  valid result: 
mrr@10 : 0.2591
Wed 16 Apr 2025 05:41:48 INFO  Saving current: ./saved/movielens/SLIMElastic-Apr-16-2025_05-40-30.pth
Wed 16 Apr 2025 05:41:49 INFO  epoch 5 training [time: 1.16s, train loss: 0.0000]
Wed 16 Apr 2025 05:42:02 INFO  epoch 5 evaluating [time: 13.08s, valid_score: 0.259100]
Wed 16 Apr 2025 05:42:02 INFO  valid result: 
mrr@10 : 0.2591
Wed 16 Apr 2025 05:42:02 INFO  Saving current: ./saved/movielens/SLIMElastic-Apr-16-2025_05-40-30.pth
Wed 16 Apr 2025 05:42:03 INFO  epoch 6 training [time: 1.02s, train loss: 0.0000]
Wed 16 Apr 2025 05:42:17 INFO  epoch 6 evaluating [time: 13.47s, valid_score: 0.259100]
Wed 16 Apr 2025 05:42:17 INFO  valid result: 
mrr@10 : 0.2591
Wed 16 Apr 2025 05:42:17 INFO  Saving current: ./saved/movielens/SLIMElastic-Apr-16-2025_05-40-30.pth
Wed 16 Apr 2025 05:42:18 INFO  epoch 7 training [time: 1.02s, train loss: 0.0000]
Wed 16 Apr 2025 05:42:32 INFO  epoch 7 evaluating [time: 13.29s, valid_score: 0.259100]
Wed 16 Apr 2025 05:42:32 INFO  valid result: 
mrr@10 : 0.2591
Wed 16 Apr 2025 05:42:32 INFO  Saving current: ./saved/movielens/SLIMElastic-Apr-16-2025_05-40-30.pth
Wed 16 Apr 2025 05:42:33 INFO  epoch 8 training [time: 1.19s, train loss: 0.0000]
Wed 16 Apr 2025 05:42:47 INFO  epoch 8 evaluating [time: 13.29s, valid_score: 0.259100]
Wed 16 Apr 2025 05:42:47 INFO  valid result: 
mrr@10 : 0.2591
Wed 16 Apr 2025 05:42:47 INFO  Saving current: ./saved/movielens/SLIMElastic-Apr-16-2025_05-40-30.pth
Wed 16 Apr 2025 05:42:48 INFO  epoch 9 training [time: 1.13s, train loss: 0.0000]
Wed 16 Apr 2025 05:43:02 INFO  epoch 9 evaluating [time: 13.85s, valid_score: 0.259100]
Wed 16 Apr 2025 05:43:02 INFO  valid result: 
mrr@10 : 0.2591
Wed 16 Apr 2025 05:43:03 INFO  Saving current: ./saved/movielens/SLIMElastic-Apr-16-2025_05-40-30.pth
Wed 16 Apr 2025 05:43:04 INFO  epoch 10 training [time: 0.98s, train loss: 0.0000]
Wed 16 Apr 2025 05:43:17 INFO  epoch 10 evaluating [time: 13.62s, valid_score: 0.259100]
Wed 16 Apr 2025 05:43:17 INFO  valid result: 
mrr@10 : 0.2591
Wed 16 Apr 2025 05:43:18 INFO  Saving current: ./saved/movielens/SLIMElastic-Apr-16-2025_05-40-30.pth
Wed 16 Apr 2025 05:43:19 INFO  epoch 11 training [time: 1.15s, train loss: 0.0000]
Wed 16 Apr 2025 05:43:32 INFO  epoch 11 evaluating [time: 13.10s, valid_score: 0.259100]
Wed 16 Apr 2025 05:43:32 INFO  valid result: 
mrr@10 : 0.2591
Wed 16 Apr 2025 05:43:33 INFO  Saving current: ./saved/movielens/SLIMElastic-Apr-16-2025_05-40-30.pth
Wed 16 Apr 2025 05:43:34 INFO  epoch 12 training [time: 0.97s, train loss: 0.0000]
Wed 16 Apr 2025 05:43:46 INFO  epoch 12 evaluating [time: 12.91s, valid_score: 0.259100]
Wed 16 Apr 2025 05:43:46 INFO  valid result: 
mrr@10 : 0.2591
Wed 16 Apr 2025 05:43:47 INFO  Saving current: ./saved/movielens/SLIMElastic-Apr-16-2025_05-40-30.pth
Wed 16 Apr 2025 05:43:48 INFO  epoch 13 training [time: 1.15s, train loss: 0.0000]
Wed 16 Apr 2025 05:44:01 INFO  epoch 13 evaluating [time: 12.98s, valid_score: 0.259100]
Wed 16 Apr 2025 05:44:01 INFO  valid result: 
mrr@10 : 0.2591
Wed 16 Apr 2025 05:44:02 INFO  Saving current: ./saved/movielens/SLIMElastic-Apr-16-2025_05-40-30.pth
Wed 16 Apr 2025 05:44:03 INFO  epoch 14 training [time: 1.14s, train loss: 0.0000]
Wed 16 Apr 2025 05:44:16 INFO  epoch 14 evaluating [time: 12.99s, valid_score: 0.259100]
Wed 16 Apr 2025 05:44:16 INFO  valid result: 
mrr@10 : 0.2591
Wed 16 Apr 2025 05:44:16 INFO  Saving current: ./saved/movielens/SLIMElastic-Apr-16-2025_05-40-30.pth
Wed 16 Apr 2025 05:44:17 INFO  epoch 15 training [time: 0.97s, train loss: 0.0000]
Wed 16 Apr 2025 05:44:30 INFO  epoch 15 evaluating [time: 12.97s, valid_score: 0.259100]
Wed 16 Apr 2025 05:44:30 INFO  valid result: 
mrr@10 : 0.2591
Wed 16 Apr 2025 05:44:31 INFO  Saving current: ./saved/movielens/SLIMElastic-Apr-16-2025_05-40-30.pth
Wed 16 Apr 2025 05:44:32 INFO  epoch 16 training [time: 1.17s, train loss: 0.0000]
Wed 16 Apr 2025 05:44:45 INFO  epoch 16 evaluating [time: 13.06s, valid_score: 0.259100]
Wed 16 Apr 2025 05:44:45 INFO  valid result: 
mrr@10 : 0.2591
Wed 16 Apr 2025 05:44:45 INFO  Saving current: ./saved/movielens/SLIMElastic-Apr-16-2025_05-40-30.pth
Wed 16 Apr 2025 05:44:46 INFO  epoch 17 training [time: 1.03s, train loss: 0.0000]
Wed 16 Apr 2025 05:45:00 INFO  epoch 17 evaluating [time: 13.19s, valid_score: 0.259100]
Wed 16 Apr 2025 05:45:00 INFO  valid result: 
mrr@10 : 0.2591
Wed 16 Apr 2025 05:45:00 INFO  Saving current: ./saved/movielens/SLIMElastic-Apr-16-2025_05-40-30.pth
Wed 16 Apr 2025 05:45:01 INFO  epoch 18 training [time: 1.17s, train loss: 0.0000]
Wed 16 Apr 2025 05:45:14 INFO  epoch 18 evaluating [time: 13.03s, valid_score: 0.259100]
Wed 16 Apr 2025 05:45:14 INFO  valid result: 
mrr@10 : 0.2591
Wed 16 Apr 2025 05:45:15 INFO  Saving current: ./saved/movielens/SLIMElastic-Apr-16-2025_05-40-30.pth
Wed 16 Apr 2025 05:45:16 INFO  epoch 19 training [time: 0.97s, train loss: 0.0000]
Wed 16 Apr 2025 05:45:29 INFO  epoch 19 evaluating [time: 13.42s, valid_score: 0.259100]
Wed 16 Apr 2025 05:45:29 INFO  valid result: 
mrr@10 : 0.2591
Wed 16 Apr 2025 05:45:30 INFO  Saving current: ./saved/movielens/SLIMElastic-Apr-16-2025_05-40-30.pth
Wed 16 Apr 2025 05:45:31 INFO  epoch 20 training [time: 1.16s, train loss: 0.0000]
Wed 16 Apr 2025 05:45:44 INFO  epoch 20 evaluating [time: 13.00s, valid_score: 0.259100]
Wed 16 Apr 2025 05:45:44 INFO  valid result: 
mrr@10 : 0.2591
Wed 16 Apr 2025 05:45:44 INFO  Saving current: ./saved/movielens/SLIMElastic-Apr-16-2025_05-40-30.pth
Wed 16 Apr 2025 05:45:46 INFO  epoch 21 training [time: 1.17s, train loss: 0.0000]
Wed 16 Apr 2025 05:45:59 INFO  epoch 21 evaluating [time: 13.05s, valid_score: 0.259100]
Wed 16 Apr 2025 05:45:59 INFO  valid result: 
mrr@10 : 0.2591
Wed 16 Apr 2025 05:45:59 INFO  Saving current: ./saved/movielens/SLIMElastic-Apr-16-2025_05-40-30.pth
Wed 16 Apr 2025 05:46:00 INFO  epoch 22 training [time: 0.98s, train loss: 0.0000]
Wed 16 Apr 2025 05:46:13 INFO  epoch 22 evaluating [time: 12.96s, valid_score: 0.259100]
Wed 16 Apr 2025 05:46:13 INFO  valid result: 
mrr@10 : 0.2591
Wed 16 Apr 2025 05:46:14 INFO  Saving current: ./saved/movielens/SLIMElastic-Apr-16-2025_05-40-30.pth
Wed 16 Apr 2025 05:46:15 INFO  epoch 23 training [time: 0.96s, train loss: 0.0000]
Wed 16 Apr 2025 05:46:28 INFO  epoch 23 evaluating [time: 13.03s, valid_score: 0.259100]
Wed 16 Apr 2025 05:46:28 INFO  valid result: 
mrr@10 : 0.2591
Wed 16 Apr 2025 05:46:28 INFO  Saving current: ./saved/movielens/SLIMElastic-Apr-16-2025_05-40-30.pth
Wed 16 Apr 2025 05:46:29 INFO  epoch 24 training [time: 0.96s, train loss: 0.0000]
Wed 16 Apr 2025 05:46:42 INFO  epoch 24 evaluating [time: 12.96s, valid_score: 0.259100]
Wed 16 Apr 2025 05:46:42 INFO  valid result: 
mrr@10 : 0.2591
Wed 16 Apr 2025 05:46:42 INFO  Saving current: ./saved/movielens/SLIMElastic-Apr-16-2025_05-40-30.pth
Wed 16 Apr 2025 05:46:44 INFO  epoch 25 training [time: 1.16s, train loss: 0.0000]
Wed 16 Apr 2025 05:46:57 INFO  epoch 25 evaluating [time: 13.09s, valid_score: 0.259100]
Wed 16 Apr 2025 05:46:57 INFO  valid result: 
mrr@10 : 0.2591
Wed 16 Apr 2025 05:46:57 INFO  Saving current: ./saved/movielens/SLIMElastic-Apr-16-2025_05-40-30.pth
Wed 16 Apr 2025 05:46:58 INFO  epoch 26 training [time: 1.05s, train loss: 0.0000]
Wed 16 Apr 2025 05:47:11 INFO  epoch 26 evaluating [time: 12.88s, valid_score: 0.259100]
Wed 16 Apr 2025 05:47:11 INFO  valid result: 
mrr@10 : 0.2591
Wed 16 Apr 2025 05:47:12 INFO  Saving current: ./saved/movielens/SLIMElastic-Apr-16-2025_05-40-30.pth
Wed 16 Apr 2025 05:47:13 INFO  epoch 27 training [time: 0.98s, train loss: 0.0000]
Wed 16 Apr 2025 05:47:26 INFO  epoch 27 evaluating [time: 12.97s, valid_score: 0.259100]
Wed 16 Apr 2025 05:47:26 INFO  valid result: 
mrr@10 : 0.2591
Wed 16 Apr 2025 05:47:26 INFO  Saving current: ./saved/movielens/SLIMElastic-Apr-16-2025_05-40-30.pth
Wed 16 Apr 2025 05:47:27 INFO  epoch 28 training [time: 1.15s, train loss: 0.0000]
Wed 16 Apr 2025 05:47:40 INFO  epoch 28 evaluating [time: 13.05s, valid_score: 0.259100]
Wed 16 Apr 2025 05:47:40 INFO  valid result: 
mrr@10 : 0.2591
Wed 16 Apr 2025 05:47:41 INFO  Saving current: ./saved/movielens/SLIMElastic-Apr-16-2025_05-40-30.pth
Wed 16 Apr 2025 05:47:42 INFO  epoch 29 training [time: 1.00s, train loss: 0.0000]
Wed 16 Apr 2025 05:47:55 INFO  epoch 29 evaluating [time: 12.98s, valid_score: 0.259100]
Wed 16 Apr 2025 05:47:55 INFO  valid result: 
mrr@10 : 0.2591
Wed 16 Apr 2025 05:47:55 INFO  Saving current: ./saved/movielens/SLIMElastic-Apr-16-2025_05-40-30.pth
Wed 16 Apr 2025 05:47:56 INFO  epoch 30 training [time: 0.98s, train loss: 0.0000]
Wed 16 Apr 2025 05:48:09 INFO  epoch 30 evaluating [time: 12.76s, valid_score: 0.259100]
Wed 16 Apr 2025 05:48:09 INFO  valid result: 
mrr@10 : 0.2591
Wed 16 Apr 2025 05:48:10 INFO  Saving current: ./saved/movielens/SLIMElastic-Apr-16-2025_05-40-30.pth
Wed 16 Apr 2025 05:48:11 INFO  epoch 31 training [time: 1.00s, train loss: 0.0000]
Wed 16 Apr 2025 05:48:24 INFO  epoch 31 evaluating [time: 13.20s, valid_score: 0.259100]
Wed 16 Apr 2025 05:48:24 INFO  valid result: 
mrr@10 : 0.2591
Wed 16 Apr 2025 05:48:24 INFO  Saving current: ./saved/movielens/SLIMElastic-Apr-16-2025_05-40-30.pth
Wed 16 Apr 2025 05:48:25 INFO  epoch 32 training [time: 1.17s, train loss: 0.0000]
Wed 16 Apr 2025 05:48:38 INFO  epoch 32 evaluating [time: 12.80s, valid_score: 0.259100]
Wed 16 Apr 2025 05:48:38 INFO  valid result: 
mrr@10 : 0.2591
Wed 16 Apr 2025 05:48:39 INFO  Saving current: ./saved/movielens/SLIMElastic-Apr-16-2025_05-40-30.pth
Wed 16 Apr 2025 05:48:40 INFO  epoch 33 training [time: 1.13s, train loss: 0.0000]
Wed 16 Apr 2025 05:48:53 INFO  epoch 33 evaluating [time: 12.96s, valid_score: 0.259100]
Wed 16 Apr 2025 05:48:53 INFO  valid result: 
mrr@10 : 0.2591
Wed 16 Apr 2025 05:48:53 INFO  Saving current: ./saved/movielens/SLIMElastic-Apr-16-2025_05-40-30.pth
Wed 16 Apr 2025 05:48:54 INFO  epoch 34 training [time: 1.14s, train loss: 0.0000]
Wed 16 Apr 2025 05:49:07 INFO  epoch 34 evaluating [time: 12.80s, valid_score: 0.259100]
Wed 16 Apr 2025 05:49:07 INFO  valid result: 
mrr@10 : 0.2591
Wed 16 Apr 2025 05:49:08 INFO  Saving current: ./saved/movielens/SLIMElastic-Apr-16-2025_05-40-30.pth
Wed 16 Apr 2025 05:49:09 INFO  epoch 35 training [time: 1.18s, train loss: 0.0000]
Wed 16 Apr 2025 05:49:22 INFO  epoch 35 evaluating [time: 12.94s, valid_score: 0.259100]
Wed 16 Apr 2025 05:49:22 INFO  valid result: 
mrr@10 : 0.2591
Wed 16 Apr 2025 05:49:22 INFO  Saving current: ./saved/movielens/SLIMElastic-Apr-16-2025_05-40-30.pth
Wed 16 Apr 2025 05:49:24 INFO  epoch 36 training [time: 1.16s, train loss: 0.0000]
Wed 16 Apr 2025 05:49:36 INFO  epoch 36 evaluating [time: 12.85s, valid_score: 0.259100]
Wed 16 Apr 2025 05:49:36 INFO  valid result: 
mrr@10 : 0.2591
Wed 16 Apr 2025 05:49:37 INFO  Saving current: ./saved/movielens/SLIMElastic-Apr-16-2025_05-40-30.pth
Wed 16 Apr 2025 05:49:38 INFO  epoch 37 training [time: 1.16s, train loss: 0.0000]
Wed 16 Apr 2025 05:49:51 INFO  epoch 37 evaluating [time: 13.02s, valid_score: 0.259100]
Wed 16 Apr 2025 05:49:51 INFO  valid result: 
mrr@10 : 0.2591
Wed 16 Apr 2025 05:49:52 INFO  Saving current: ./saved/movielens/SLIMElastic-Apr-16-2025_05-40-30.pth
Wed 16 Apr 2025 05:49:53 INFO  epoch 38 training [time: 1.14s, train loss: 0.0000]
Wed 16 Apr 2025 05:50:06 INFO  epoch 38 evaluating [time: 12.89s, valid_score: 0.259100]
Wed 16 Apr 2025 05:50:06 INFO  valid result: 
mrr@10 : 0.2591
Wed 16 Apr 2025 05:50:06 INFO  Saving current: ./saved/movielens/SLIMElastic-Apr-16-2025_05-40-30.pth
Wed 16 Apr 2025 05:50:07 INFO  epoch 39 training [time: 0.96s, train loss: 0.0000]
Wed 16 Apr 2025 05:50:21 INFO  epoch 39 evaluating [time: 13.47s, valid_score: 0.259100]
Wed 16 Apr 2025 05:50:21 INFO  valid result: 
mrr@10 : 0.2591
Wed 16 Apr 2025 05:50:21 INFO  Saving current: ./saved/movielens/SLIMElastic-Apr-16-2025_05-40-30.pth
Wed 16 Apr 2025 05:50:22 INFO  epoch 40 training [time: 1.14s, train loss: 0.0000]
Wed 16 Apr 2025 05:50:35 INFO  epoch 40 evaluating [time: 13.13s, valid_score: 0.259100]
Wed 16 Apr 2025 05:50:35 INFO  valid result: 
mrr@10 : 0.2591
Wed 16 Apr 2025 05:50:36 INFO  Saving current: ./saved/movielens/SLIMElastic-Apr-16-2025_05-40-30.pth
Wed 16 Apr 2025 05:50:37 INFO  epoch 41 training [time: 0.98s, train loss: 0.0000]
Wed 16 Apr 2025 05:50:50 INFO  epoch 41 evaluating [time: 13.05s, valid_score: 0.259100]
Wed 16 Apr 2025 05:50:50 INFO  valid result: 
mrr@10 : 0.2591
Wed 16 Apr 2025 05:50:50 INFO  Saving current: ./saved/movielens/SLIMElastic-Apr-16-2025_05-40-30.pth
Wed 16 Apr 2025 05:50:51 INFO  epoch 42 training [time: 0.98s, train loss: 0.0000]
Wed 16 Apr 2025 05:51:04 INFO  epoch 42 evaluating [time: 12.88s, valid_score: 0.259100]
Wed 16 Apr 2025 05:51:04 INFO  valid result: 
mrr@10 : 0.2591
Wed 16 Apr 2025 05:51:05 INFO  Saving current: ./saved/movielens/SLIMElastic-Apr-16-2025_05-40-30.pth
Wed 16 Apr 2025 05:51:06 INFO  epoch 43 training [time: 1.17s, train loss: 0.0000]
Wed 16 Apr 2025 05:51:19 INFO  epoch 43 evaluating [time: 12.81s, valid_score: 0.259100]
Wed 16 Apr 2025 05:51:19 INFO  valid result: 
mrr@10 : 0.2591
Wed 16 Apr 2025 05:51:19 INFO  Saving current: ./saved/movielens/SLIMElastic-Apr-16-2025_05-40-30.pth
Wed 16 Apr 2025 05:51:20 INFO  epoch 44 training [time: 1.15s, train loss: 0.0000]
Wed 16 Apr 2025 05:51:33 INFO  epoch 44 evaluating [time: 12.84s, valid_score: 0.259100]
Wed 16 Apr 2025 05:51:33 INFO  valid result: 
mrr@10 : 0.2591
Wed 16 Apr 2025 05:51:34 INFO  Saving current: ./saved/movielens/SLIMElastic-Apr-16-2025_05-40-30.pth
Wed 16 Apr 2025 05:51:35 INFO  epoch 45 training [time: 1.18s, train loss: 0.0000]
Wed 16 Apr 2025 05:51:48 INFO  epoch 45 evaluating [time: 12.95s, valid_score: 0.259100]
Wed 16 Apr 2025 05:51:48 INFO  valid result: 
mrr@10 : 0.2591
Wed 16 Apr 2025 05:51:48 INFO  Saving current: ./saved/movielens/SLIMElastic-Apr-16-2025_05-40-30.pth
Wed 16 Apr 2025 05:51:50 INFO  epoch 46 training [time: 1.18s, train loss: 0.0000]
Wed 16 Apr 2025 05:52:02 INFO  epoch 46 evaluating [time: 12.88s, valid_score: 0.259100]
Wed 16 Apr 2025 05:52:02 INFO  valid result: 
mrr@10 : 0.2591
Wed 16 Apr 2025 05:52:03 INFO  Saving current: ./saved/movielens/SLIMElastic-Apr-16-2025_05-40-30.pth
Wed 16 Apr 2025 05:52:04 INFO  epoch 47 training [time: 1.15s, train loss: 0.0000]
Wed 16 Apr 2025 05:52:17 INFO  epoch 47 evaluating [time: 13.09s, valid_score: 0.259100]
Wed 16 Apr 2025 05:52:17 INFO  valid result: 
mrr@10 : 0.2591
Wed 16 Apr 2025 05:52:18 INFO  Saving current: ./saved/movielens/SLIMElastic-Apr-16-2025_05-40-30.pth
Wed 16 Apr 2025 05:52:19 INFO  epoch 48 training [time: 1.00s, train loss: 0.0000]
Wed 16 Apr 2025 05:52:32 INFO  epoch 48 evaluating [time: 13.06s, valid_score: 0.259100]
Wed 16 Apr 2025 05:52:32 INFO  valid result: 
mrr@10 : 0.2591
Wed 16 Apr 2025 05:52:32 INFO  Saving current: ./saved/movielens/SLIMElastic-Apr-16-2025_05-40-30.pth
Wed 16 Apr 2025 05:52:33 INFO  epoch 49 training [time: 0.99s, train loss: 0.0000]
Wed 16 Apr 2025 05:52:47 INFO  epoch 49 evaluating [time: 13.18s, valid_score: 0.259100]
Wed 16 Apr 2025 05:52:47 INFO  valid result: 
mrr@10 : 0.2591
Wed 16 Apr 2025 05:52:47 INFO  Saving current: ./saved/movielens/SLIMElastic-Apr-16-2025_05-40-30.pth
Wed 16 Apr 2025 05:52:47 INFO  Loading model structure and parameters from ./saved/movielens/SLIMElastic-Apr-16-2025_05-40-30.pth
