Wed 09 Apr 2025 11:18:19 INFO  
General Hyper Parameters:
gpu_id = 0
use_gpu = True
seed = 2020
state = INFO
reproducibility = True
data_path = dataset/amazon
checkpoint_dir = ./saved/amazon/
show_progress = True
save_dataset = True
dataset_save_path = None
save_dataloaders = True
dataloaders_save_path = None
log_wandb = False

Training Hyper Parameters:
epochs = 20
train_batch_size = 2048
learner = adam
learning_rate = 0.001
train_neg_sample_args = {'distribution': 'uniform', 'sample_num': 1, 'alpha': 1.0, 'dynamic': False, 'candidate_num': 0}
eval_step = 1
stopping_step = 50
clip_grad_norm = None
weight_decay = 0.0
loss_decimal_place = 4

Evaluation Hyper Parameters:
eval_args = {'split': {'RS': [0.8, 0.1, 0.1]}, 'group_by': 'user', 'order': 'RO', 'mode': 'full'}
repeatable = False
metrics = ['Recall', 'MRR', 'NDCG', 'Hit', 'MAP', 'Precision', 'GAUC', 'ItemCoverage', 'AveragePopularity', 'GiniIndex', 'ShannonEntropy', 'TailPercentage']
topk = [10]
valid_metric = MRR@10
valid_metric_bigger = True
eval_batch_size = 4096
metric_decimal_place = 4

Dataset Hyper Parameters:
field_separator = 	
seq_separator =  
USER_ID_FIELD = user_id
ITEM_ID_FIELD = item_id
RATING_FIELD = rating
TIME_FIELD = timestamp
seq_len = None
LABEL_FIELD = label
threshold = None
NEG_PREFIX = neg_
load_col = {'inter': ['user_id', 'item_id']}
unload_col = None
unused_col = None
additional_feat_suffix = None
rm_dup_inter = None
val_interval = None
filter_inter_by_user_or_item = True
user_inter_num_interval = [0,inf)
item_inter_num_interval = [0,inf)
alias_of_user_id = None
alias_of_item_id = None
alias_of_entity_id = None
alias_of_relation_id = None
preload_weight = None
normalize_field = None
normalize_all = None
ITEM_LIST_LENGTH_FIELD = item_length
LIST_SUFFIX = _list
MAX_ITEM_LIST_LENGTH = 50
POSITION_FIELD = position_id
HEAD_ENTITY_ID_FIELD = head_id
TAIL_ENTITY_ID_FIELD = tail_id
RELATION_ID_FIELD = relation_id
ENTITY_ID_FIELD = entity_id
benchmark_filename = None

Other Hyper Parameters: 
worker = 0
wandb_project = recbole
shuffle = True
require_pow = False
enable_amp = False
enable_scaler = False
transform = None
mf_embedding_size = 64
mlp_embedding_size = 64
mlp_hidden_size = [128, 64]
dropout_prob = 0.1
mf_train = True
mlp_train = True
use_pretrain = False
mf_pretrain_path = None
mlp_pretrain_path = None
numerical_features = []
discretization = None
kg_reverse_r = False
entity_kg_num_interval = [0,inf)
relation_kg_num_interval = [0,inf)
MODEL_TYPE = ModelType.GENERAL
MODEL_INPUT_TYPE = InputType.POINTWISE
eval_type = EvaluatorType.RANKING
single_spec = True
local_rank = 0
device = cuda
eval_neg_sample_args = {'distribution': 'uniform', 'sample_num': 'none'}


Wed 09 Apr 2025 11:18:19 INFO  Load filtered dataset from: [./saved/amazon/amazon-Dataset.pth]
Wed 09 Apr 2025 11:18:19 INFO  amazon
The number of users: 22156
Average actions of users: 66.16434213495825
The number of items: 54459
Average actions of items: 26.917459326453415
The number of inters: 1465871
The sparsity of the dataset: 99.87851162187994%
Remain Fields: ['user_id', 'item_id']
Wed 09 Apr 2025 11:18:23 INFO  Saving split dataloaders into: [./saved/amazon/amazon-for-NeuMF-dataloader.pth]
Wed 09 Apr 2025 11:18:33 INFO  [Training]: train_batch_size = [2048] train_neg_sample_args: [{'distribution': 'uniform', 'sample_num': 1, 'alpha': 1.0, 'dynamic': False, 'candidate_num': 0}]
Wed 09 Apr 2025 11:18:33 INFO  [Evaluation]: eval_batch_size = [4096] eval_args: [{'split': {'RS': [0.8, 0.1, 0.1]}, 'group_by': 'user', 'order': 'RO', 'mode': 'full'}]
Wed 09 Apr 2025 11:18:35 INFO  NeuMF(
  (user_mf_embedding): Embedding(22156, 64)
  (item_mf_embedding): Embedding(54459, 64)
  (user_mlp_embedding): Embedding(22156, 64)
  (item_mlp_embedding): Embedding(54459, 64)
  (mlp_layers): MLPLayers(
    (mlp_layers): Sequential(
      (0): Dropout(p=0.1, inplace=False)
      (1): Linear(in_features=128, out_features=128, bias=True)
      (2): ReLU()
      (3): Dropout(p=0.1, inplace=False)
      (4): Linear(in_features=128, out_features=64, bias=True)
      (5): ReLU()
    )
  )
  (predict_layer): Linear(in_features=128, out_features=1, bias=True)
  (sigmoid): Sigmoid()
  (loss): BCEWithLogitsLoss()
)
Trainable parameters: 9831617
Wed 09 Apr 2025 11:18:51 INFO  epoch 0 training [time: 10.07s, train loss: 657.7190]
Wed 09 Apr 2025 11:23:16 INFO  epoch 0 evaluating [time: 265.52s, valid_score: 0.024400]
Wed 09 Apr 2025 11:23:16 INFO  valid result: 
recall@10 : 0.0095    mrr@10 : 0.0244    ndcg@10 : 0.0103    hit@10 : 0.0668    map@10 : 0.0041    precision@10 : 0.0077    gauc : 0.853    itemcoverage@10 : 0.008    averagepopularity@10 : 389.5259    giniindex@10 : -0.0822    shannonentropy@10 : 0.0093    tailpercentage@10 : 0.0
Wed 09 Apr 2025 11:23:16 INFO  Saving current: ./saved/amazon/NeuMF-Apr-09-2025_11-18-35.pth
Wed 09 Apr 2025 11:23:24 INFO  epoch 1 training [time: 8.14s, train loss: 429.9326]
Wed 09 Apr 2025 11:27:51 INFO  epoch 1 evaluating [time: 266.13s, valid_score: 0.035200]
Wed 09 Apr 2025 11:27:51 INFO  valid result: 
recall@10 : 0.0158    mrr@10 : 0.0352    ndcg@10 : 0.0158    hit@10 : 0.0968    map@10 : 0.0065    precision@10 : 0.0112    gauc : 0.9205    itemcoverage@10 : 0.0363    averagepopularity@10 : 280.3909    giniindex@10 : -0.0853    shannonentropy@10 : 0.0027    tailpercentage@10 : 0.0
Wed 09 Apr 2025 11:27:51 INFO  Saving current: ./saved/amazon/NeuMF-Apr-09-2025_11-18-35.pth
Wed 09 Apr 2025 11:27:59 INFO  epoch 2 training [time: 8.10s, train loss: 310.9802]
Wed 09 Apr 2025 11:32:29 INFO  epoch 2 evaluating [time: 270.59s, valid_score: 0.040200]
Wed 09 Apr 2025 11:32:29 INFO  valid result: 
recall@10 : 0.0202    mrr@10 : 0.0402    ndcg@10 : 0.019    hit@10 : 0.1128    map@10 : 0.0081    precision@10 : 0.0131    gauc : 0.9339    itemcoverage@10 : 0.0883    averagepopularity@10 : 210.5627    giniindex@10 : -0.094    shannonentropy@10 : 0.0014    tailpercentage@10 : 0.0
Wed 09 Apr 2025 11:32:30 INFO  Saving current: ./saved/amazon/NeuMF-Apr-09-2025_11-18-35.pth
Wed 09 Apr 2025 11:32:38 INFO  epoch 3 training [time: 8.23s, train loss: 244.4469]
Wed 09 Apr 2025 11:37:11 INFO  epoch 3 evaluating [time: 272.88s, valid_score: 0.043100]
Wed 09 Apr 2025 11:37:11 INFO  valid result: 
recall@10 : 0.0235    mrr@10 : 0.0431    ndcg@10 : 0.0211    hit@10 : 0.1223    map@10 : 0.0091    precision@10 : 0.0141    gauc : 0.9378    itemcoverage@10 : 0.1456    averagepopularity@10 : 150.2003    giniindex@10 : -0.1076    shannonentropy@10 : 0.0009    tailpercentage@10 : 0.0
Wed 09 Apr 2025 11:37:11 INFO  Saving current: ./saved/amazon/NeuMF-Apr-09-2025_11-18-35.pth
Wed 09 Apr 2025 11:37:19 INFO  epoch 4 training [time: 8.14s, train loss: 198.2019]
Wed 09 Apr 2025 11:41:50 INFO  epoch 4 evaluating [time: 270.57s, valid_score: 0.045300]
Wed 09 Apr 2025 11:41:50 INFO  valid result: 
recall@10 : 0.0259    mrr@10 : 0.0453    ndcg@10 : 0.0228    hit@10 : 0.1284    map@10 : 0.0101    precision@10 : 0.015    gauc : 0.9392    itemcoverage@10 : 0.1876    averagepopularity@10 : 144.8801    giniindex@10 : -0.1179    shannonentropy@10 : 0.0007    tailpercentage@10 : 0.0001
Wed 09 Apr 2025 11:41:50 INFO  Saving current: ./saved/amazon/NeuMF-Apr-09-2025_11-18-35.pth
Wed 09 Apr 2025 11:41:58 INFO  epoch 5 training [time: 8.22s, train loss: 166.5530]
Wed 09 Apr 2025 11:46:27 INFO  epoch 5 evaluating [time: 268.92s, valid_score: 0.045900]
Wed 09 Apr 2025 11:46:27 INFO  valid result: 
recall@10 : 0.0262    mrr@10 : 0.0459    ndcg@10 : 0.0231    hit@10 : 0.1277    map@10 : 0.0104    precision@10 : 0.015    gauc : 0.9393    itemcoverage@10 : 0.236    averagepopularity@10 : 121.3366    giniindex@10 : -0.1342    shannonentropy@10 : 0.0006    tailpercentage@10 : 0.0001
Wed 09 Apr 2025 11:46:27 INFO  Saving current: ./saved/amazon/NeuMF-Apr-09-2025_11-18-35.pth
Wed 09 Apr 2025 11:46:35 INFO  epoch 6 training [time: 8.17s, train loss: 143.2930]
Wed 09 Apr 2025 11:51:07 INFO  epoch 6 evaluating [time: 271.91s, valid_score: 0.045400]
Wed 09 Apr 2025 11:51:07 INFO  valid result: 
recall@10 : 0.0262    mrr@10 : 0.0454    ndcg@10 : 0.0231    hit@10 : 0.1283    map@10 : 0.0104    precision@10 : 0.0151    gauc : 0.9393    itemcoverage@10 : 0.2663    averagepopularity@10 : 112.9923    giniindex@10 : -0.1451    shannonentropy@10 : 0.0006    tailpercentage@10 : 0.0001
Wed 09 Apr 2025 11:51:16 INFO  epoch 7 training [time: 8.60s, train loss: 125.9185]
Wed 09 Apr 2025 11:55:45 INFO  epoch 7 evaluating [time: 269.00s, valid_score: 0.047300]
Wed 09 Apr 2025 11:55:45 INFO  valid result: 
recall@10 : 0.0275    mrr@10 : 0.0473    ndcg@10 : 0.0242    hit@10 : 0.1346    map@10 : 0.011    precision@10 : 0.0158    gauc : 0.9391    itemcoverage@10 : 0.2994    averagepopularity@10 : 110.9134    giniindex@10 : -0.1564    shannonentropy@10 : 0.0005    tailpercentage@10 : 0.0002
Wed 09 Apr 2025 11:55:45 INFO  Saving current: ./saved/amazon/NeuMF-Apr-09-2025_11-18-35.pth
Wed 09 Apr 2025 11:55:53 INFO  epoch 8 training [time: 8.14s, train loss: 112.5854]
Wed 09 Apr 2025 12:00:25 INFO  epoch 8 evaluating [time: 271.39s, valid_score: 0.046800]
Wed 09 Apr 2025 12:00:25 INFO  valid result: 
recall@10 : 0.0273    mrr@10 : 0.0468    ndcg@10 : 0.0239    hit@10 : 0.1318    map@10 : 0.0107    precision@10 : 0.0155    gauc : 0.9389    itemcoverage@10 : 0.3041    averagepopularity@10 : 111.5973    giniindex@10 : -0.158    shannonentropy@10 : 0.0005    tailpercentage@10 : 0.0001
Wed 09 Apr 2025 12:00:33 INFO  epoch 9 training [time: 8.64s, train loss: 102.5168]
Wed 09 Apr 2025 12:04:59 INFO  epoch 9 evaluating [time: 266.05s, valid_score: 0.046200]
Wed 09 Apr 2025 12:04:59 INFO  valid result: 
recall@10 : 0.028    mrr@10 : 0.0462    ndcg@10 : 0.024    hit@10 : 0.1317    map@10 : 0.0108    precision@10 : 0.0154    gauc : 0.9386    itemcoverage@10 : 0.3361    averagepopularity@10 : 100.6575    giniindex@10 : -0.1716    shannonentropy@10 : 0.0005    tailpercentage@10 : 0.0001
Wed 09 Apr 2025 12:05:07 INFO  epoch 10 training [time: 8.16s, train loss: 95.1349]
Wed 09 Apr 2025 12:09:30 INFO  epoch 10 evaluating [time: 262.78s, valid_score: 0.046300]
Wed 09 Apr 2025 12:09:30 INFO  valid result: 
recall@10 : 0.0281    mrr@10 : 0.0463    ndcg@10 : 0.0241    hit@10 : 0.1325    map@10 : 0.0108    precision@10 : 0.0156    gauc : 0.9382    itemcoverage@10 : 0.3502    averagepopularity@10 : 101.9676    giniindex@10 : -0.1775    shannonentropy@10 : 0.0005    tailpercentage@10 : 0.0001
Wed 09 Apr 2025 12:09:38 INFO  epoch 11 training [time: 8.22s, train loss: 88.3761]
Wed 09 Apr 2025 12:14:06 INFO  epoch 11 evaluating [time: 267.70s, valid_score: 0.046200]
Wed 09 Apr 2025 12:14:06 INFO  valid result: 
recall@10 : 0.0284    mrr@10 : 0.0462    ndcg@10 : 0.0241    hit@10 : 0.1334    map@10 : 0.0108    precision@10 : 0.0156    gauc : 0.938    itemcoverage@10 : 0.3669    averagepopularity@10 : 98.7452    giniindex@10 : 0.1751    shannonentropy@10 : 0.0004    tailpercentage@10 : 0.0001
Wed 09 Apr 2025 12:14:14 INFO  epoch 12 training [time: 8.11s, train loss: 83.2176]
Wed 09 Apr 2025 12:18:46 INFO  epoch 12 evaluating [time: 271.31s, valid_score: 0.046100]
Wed 09 Apr 2025 12:18:46 INFO  valid result: 
recall@10 : 0.0278    mrr@10 : 0.0461    ndcg@10 : 0.0238    hit@10 : 0.1322    map@10 : 0.0107    precision@10 : 0.0154    gauc : 0.9375    itemcoverage@10 : 0.3789    averagepopularity@10 : 93.3123    giniindex@10 : 0.1678    shannonentropy@10 : 0.0004    tailpercentage@10 : 0.0001
Wed 09 Apr 2025 12:18:54 INFO  epoch 13 training [time: 8.10s, train loss: 78.6420]
Wed 09 Apr 2025 12:23:23 INFO  epoch 13 evaluating [time: 269.43s, valid_score: 0.046600]
Wed 09 Apr 2025 12:23:23 INFO  valid result: 
recall@10 : 0.0279    mrr@10 : 0.0466    ndcg@10 : 0.024    hit@10 : 0.132    map@10 : 0.0109    precision@10 : 0.0154    gauc : 0.9372    itemcoverage@10 : 0.3896    averagepopularity@10 : 90.7958    giniindex@10 : 0.1622    shannonentropy@10 : 0.0004    tailpercentage@10 : 0.0001
Wed 09 Apr 2025 12:23:32 INFO  epoch 14 training [time: 8.62s, train loss: 74.5435]
Wed 09 Apr 2025 12:28:03 INFO  epoch 14 evaluating [time: 270.89s, valid_score: 0.048100]
Wed 09 Apr 2025 12:28:03 INFO  valid result: 
recall@10 : 0.0287    mrr@10 : 0.0481    ndcg@10 : 0.0247    hit@10 : 0.1369    map@10 : 0.0112    precision@10 : 0.0159    gauc : 0.937    itemcoverage@10 : 0.3912    averagepopularity@10 : 95.7799    giniindex@10 : 0.1616    shannonentropy@10 : 0.0004    tailpercentage@10 : 0.0001
Wed 09 Apr 2025 12:28:03 INFO  Saving current: ./saved/amazon/NeuMF-Apr-09-2025_11-18-35.pth
Wed 09 Apr 2025 12:28:11 INFO  epoch 15 training [time: 8.13s, train loss: 71.5977]
Wed 09 Apr 2025 12:32:42 INFO  epoch 15 evaluating [time: 271.16s, valid_score: 0.045500]
Wed 09 Apr 2025 12:32:42 INFO  valid result: 
recall@10 : 0.0278    mrr@10 : 0.0455    ndcg@10 : 0.0236    hit@10 : 0.1306    map@10 : 0.0107    precision@10 : 0.0151    gauc : 0.9368    itemcoverage@10 : 0.4225    averagepopularity@10 : 84.0747    giniindex@10 : 0.1427    shannonentropy@10 : 0.0004    tailpercentage@10 : 0.0001
Wed 09 Apr 2025 12:32:51 INFO  epoch 16 training [time: 8.63s, train loss: 68.1428]
Wed 09 Apr 2025 12:37:17 INFO  epoch 16 evaluating [time: 266.34s, valid_score: 0.046900]
Wed 09 Apr 2025 12:37:17 INFO  valid result: 
recall@10 : 0.0278    mrr@10 : 0.0469    ndcg@10 : 0.0241    hit@10 : 0.1325    map@10 : 0.011    precision@10 : 0.0153    gauc : 0.9368    itemcoverage@10 : 0.432    averagepopularity@10 : 83.034    giniindex@10 : 0.1383    shannonentropy@10 : 0.0004    tailpercentage@10 : 0.0001
Wed 09 Apr 2025 12:37:25 INFO  epoch 17 training [time: 8.12s, train loss: 66.1782]
Wed 09 Apr 2025 12:41:53 INFO  epoch 17 evaluating [time: 267.53s, valid_score: 0.045400]
Wed 09 Apr 2025 12:41:53 INFO  valid result: 
recall@10 : 0.0284    mrr@10 : 0.0454    ndcg@10 : 0.0239    hit@10 : 0.1344    map@10 : 0.0107    precision@10 : 0.0156    gauc : 0.9366    itemcoverage@10 : 0.4407    averagepopularity@10 : 80.9092    giniindex@10 : 0.1309    shannonentropy@10 : 0.0004    tailpercentage@10 : 0.0001
Wed 09 Apr 2025 12:42:01 INFO  epoch 18 training [time: 8.26s, train loss: 63.4761]
Wed 09 Apr 2025 12:46:32 INFO  epoch 18 evaluating [time: 271.35s, valid_score: 0.046300]
Wed 09 Apr 2025 12:46:32 INFO  valid result: 
recall@10 : 0.0284    mrr@10 : 0.0463    ndcg@10 : 0.0242    hit@10 : 0.1339    map@10 : 0.0109    precision@10 : 0.0156    gauc : 0.9364    itemcoverage@10 : 0.4255    averagepopularity@10 : 85.6701    giniindex@10 : 0.1423    shannonentropy@10 : 0.0004    tailpercentage@10 : 0.0001
Wed 09 Apr 2025 12:46:40 INFO  epoch 19 training [time: 8.25s, train loss: 61.7577]
Wed 09 Apr 2025 12:51:10 INFO  epoch 19 evaluating [time: 269.44s, valid_score: 0.046600]
Wed 09 Apr 2025 12:51:10 INFO  valid result: 
recall@10 : 0.0281    mrr@10 : 0.0466    ndcg@10 : 0.0243    hit@10 : 0.1346    map@10 : 0.011    precision@10 : 0.0157    gauc : 0.9365    itemcoverage@10 : 0.4271    averagepopularity@10 : 89.5171    giniindex@10 : 0.1415    shannonentropy@10 : 0.0004    tailpercentage@10 : 0.0001
Wed 09 Apr 2025 12:51:10 INFO  Loading model structure and parameters from ./saved/amazon/NeuMF-Apr-09-2025_11-18-35.pth
