Tue 15 Apr 2025 21:15:50 INFO  
General Hyper Parameters:
gpu_id = 0
use_gpu = True
seed = 2020
state = INFO
reproducibility = True
data_path = dataset/movielens
checkpoint_dir = ./saved/movielens/
show_progress = True
save_dataset = True
dataset_save_path = None
save_dataloaders = True
dataloaders_save_path = None
log_wandb = False

Training Hyper Parameters:
epochs = 50
train_batch_size = 2048
learner = adam
learning_rate = 0.001
train_neg_sample_args = {'distribution': 'uniform', 'sample_num': 1, 'alpha': 1.0, 'dynamic': False, 'candidate_num': 0}
eval_step = 1
stopping_step = 50
clip_grad_norm = None
weight_decay = 0.0
loss_decimal_place = 4

Evaluation Hyper Parameters:
eval_args = {'split': {'RS': [0.8, 0.1, 0.1]}, 'group_by': 'user', 'order': 'RO', 'mode': 'full'}
repeatable = False
metrics = ['MRR']
topk = [10]
valid_metric = MRR@10
valid_metric_bigger = True
eval_batch_size = 4096
metric_decimal_place = 4

Dataset Hyper Parameters:
field_separator = 	
seq_separator =  
USER_ID_FIELD = user_id
ITEM_ID_FIELD = item_id
RATING_FIELD = rating
TIME_FIELD = timestamp
seq_len = None
LABEL_FIELD = label
threshold = None
NEG_PREFIX = neg_
load_col = {'inter': ['user_id', 'item_id']}
unload_col = None
unused_col = None
additional_feat_suffix = None
rm_dup_inter = None
val_interval = None
filter_inter_by_user_or_item = True
user_inter_num_interval = [0,inf)
item_inter_num_interval = [0,inf)
alias_of_user_id = None
alias_of_item_id = None
alias_of_entity_id = None
alias_of_relation_id = None
preload_weight = None
normalize_field = None
normalize_all = None
ITEM_LIST_LENGTH_FIELD = item_length
LIST_SUFFIX = _list
MAX_ITEM_LIST_LENGTH = 50
POSITION_FIELD = position_id
HEAD_ENTITY_ID_FIELD = head_id
TAIL_ENTITY_ID_FIELD = tail_id
RELATION_ID_FIELD = relation_id
ENTITY_ID_FIELD = entity_id
benchmark_filename = None

Other Hyper Parameters: 
worker = 0
wandb_project = recbole
shuffle = True
require_pow = False
enable_amp = False
enable_scaler = False
transform = None
embedding_size = 64
numerical_features = []
discretization = None
kg_reverse_r = False
entity_kg_num_interval = [0,inf)
relation_kg_num_interval = [0,inf)
MODEL_TYPE = ModelType.GENERAL
MODEL_INPUT_TYPE = InputType.PAIRWISE
eval_type = EvaluatorType.RANKING
single_spec = True
local_rank = 0
device = cuda
eval_neg_sample_args = {'distribution': 'uniform', 'sample_num': 'none'}


Tue 15 Apr 2025 21:15:50 INFO  Load filtered dataset from: [./saved/movielens/movielens-Dataset.pth]
Tue 15 Apr 2025 21:15:50 INFO  movielens
The number of users: 6037
Average actions of users: 125.48889993373095
The number of items: 3193
Average actions of items: 237.296679197995
The number of inters: 757451
The sparsity of the dataset: 96.07052573437805%
Remain Fields: ['user_id', 'item_id']
Tue 15 Apr 2025 21:15:52 INFO  Load split dataloaders from: [./saved/movielens/movielens-for-BPR-dataloader.pth]
Tue 15 Apr 2025 21:15:52 INFO  [Training]: train_batch_size = [2048] train_neg_sample_args: [{'distribution': 'uniform', 'sample_num': 1, 'alpha': 1.0, 'dynamic': False, 'candidate_num': 0}]
Tue 15 Apr 2025 21:15:52 INFO  [Evaluation]: eval_batch_size = [4096] eval_args: [{'split': {'RS': [0.8, 0.1, 0.1]}, 'group_by': 'user', 'order': 'RO', 'mode': 'full'}]
Tue 15 Apr 2025 21:15:54 INFO  BPR(
  (user_embedding): Embedding(6037, 64)
  (item_embedding): Embedding(3193, 64)
  (loss): BPRLoss()
)
Trainable parameters: 590720
Tue 15 Apr 2025 21:16:02 INFO  epoch 0 training [time: 1.36s, train loss: 197.2632]
Tue 15 Apr 2025 21:16:08 INFO  epoch 0 evaluating [time: 6.60s, valid_score: 0.150500]
Tue 15 Apr 2025 21:16:08 INFO  valid result: 
mrr@10 : 0.1505
Tue 15 Apr 2025 21:16:08 INFO  Saving current: ./saved/movielens/BPR-Apr-15-2025_21-15-54.pth
Tue 15 Apr 2025 21:16:10 INFO  epoch 1 training [time: 1.26s, train loss: 123.0708]
Tue 15 Apr 2025 21:16:15 INFO  epoch 1 evaluating [time: 5.62s, valid_score: 0.154100]
Tue 15 Apr 2025 21:16:15 INFO  valid result: 
mrr@10 : 0.1541
Tue 15 Apr 2025 21:16:15 INFO  Saving current: ./saved/movielens/BPR-Apr-15-2025_21-15-54.pth
Tue 15 Apr 2025 21:16:16 INFO  epoch 2 training [time: 1.27s, train loss: 107.5624]
Tue 15 Apr 2025 21:16:22 INFO  epoch 2 evaluating [time: 5.85s, valid_score: 0.163800]
Tue 15 Apr 2025 21:16:22 INFO  valid result: 
mrr@10 : 0.1638
Tue 15 Apr 2025 21:16:22 INFO  Saving current: ./saved/movielens/BPR-Apr-15-2025_21-15-54.pth
Tue 15 Apr 2025 21:16:24 INFO  epoch 3 training [time: 1.26s, train loss: 99.3862]
Tue 15 Apr 2025 21:16:29 INFO  epoch 3 evaluating [time: 5.26s, valid_score: 0.173400]
Tue 15 Apr 2025 21:16:29 INFO  valid result: 
mrr@10 : 0.1734
Tue 15 Apr 2025 21:16:29 INFO  Saving current: ./saved/movielens/BPR-Apr-15-2025_21-15-54.pth
Tue 15 Apr 2025 21:16:30 INFO  epoch 4 training [time: 1.22s, train loss: 93.0221]
Tue 15 Apr 2025 21:16:35 INFO  epoch 4 evaluating [time: 5.21s, valid_score: 0.187200]
Tue 15 Apr 2025 21:16:35 INFO  valid result: 
mrr@10 : 0.1872
Tue 15 Apr 2025 21:16:35 INFO  Saving current: ./saved/movielens/BPR-Apr-15-2025_21-15-54.pth
Tue 15 Apr 2025 21:16:37 INFO  epoch 5 training [time: 1.22s, train loss: 87.9478]
Tue 15 Apr 2025 21:16:42 INFO  epoch 5 evaluating [time: 5.62s, valid_score: 0.197700]
Tue 15 Apr 2025 21:16:42 INFO  valid result: 
mrr@10 : 0.1977
Tue 15 Apr 2025 21:16:42 INFO  Saving current: ./saved/movielens/BPR-Apr-15-2025_21-15-54.pth
Tue 15 Apr 2025 21:16:43 INFO  epoch 6 training [time: 1.28s, train loss: 84.2763]
Tue 15 Apr 2025 21:16:49 INFO  epoch 6 evaluating [time: 5.25s, valid_score: 0.203100]
Tue 15 Apr 2025 21:16:49 INFO  valid result: 
mrr@10 : 0.2031
Tue 15 Apr 2025 21:16:49 INFO  Saving current: ./saved/movielens/BPR-Apr-15-2025_21-15-54.pth
Tue 15 Apr 2025 21:16:50 INFO  epoch 7 training [time: 1.22s, train loss: 81.2058]
Tue 15 Apr 2025 21:16:55 INFO  epoch 7 evaluating [time: 5.37s, valid_score: 0.205700]
Tue 15 Apr 2025 21:16:55 INFO  valid result: 
mrr@10 : 0.2057
Tue 15 Apr 2025 21:16:55 INFO  Saving current: ./saved/movielens/BPR-Apr-15-2025_21-15-54.pth
Tue 15 Apr 2025 21:16:57 INFO  epoch 8 training [time: 1.24s, train loss: 78.3839]
Tue 15 Apr 2025 21:17:02 INFO  epoch 8 evaluating [time: 5.24s, valid_score: 0.209800]
Tue 15 Apr 2025 21:17:02 INFO  valid result: 
mrr@10 : 0.2098
Tue 15 Apr 2025 21:17:02 INFO  Saving current: ./saved/movielens/BPR-Apr-15-2025_21-15-54.pth
Tue 15 Apr 2025 21:17:03 INFO  epoch 9 training [time: 1.22s, train loss: 76.3833]
Tue 15 Apr 2025 21:17:08 INFO  epoch 9 evaluating [time: 5.31s, valid_score: 0.213200]
Tue 15 Apr 2025 21:17:08 INFO  valid result: 
mrr@10 : 0.2132
Tue 15 Apr 2025 21:17:08 INFO  Saving current: ./saved/movielens/BPR-Apr-15-2025_21-15-54.pth
Tue 15 Apr 2025 21:17:10 INFO  epoch 10 training [time: 1.25s, train loss: 74.4680]
Tue 15 Apr 2025 21:17:15 INFO  epoch 10 evaluating [time: 5.33s, valid_score: 0.215300]
Tue 15 Apr 2025 21:17:15 INFO  valid result: 
mrr@10 : 0.2153
Tue 15 Apr 2025 21:17:15 INFO  Saving current: ./saved/movielens/BPR-Apr-15-2025_21-15-54.pth
Tue 15 Apr 2025 21:17:16 INFO  epoch 11 training [time: 1.30s, train loss: 72.8298]
Tue 15 Apr 2025 21:17:21 INFO  epoch 11 evaluating [time: 5.27s, valid_score: 0.219900]
Tue 15 Apr 2025 21:17:21 INFO  valid result: 
mrr@10 : 0.2199
Tue 15 Apr 2025 21:17:21 INFO  Saving current: ./saved/movielens/BPR-Apr-15-2025_21-15-54.pth
Tue 15 Apr 2025 21:17:23 INFO  epoch 12 training [time: 1.22s, train loss: 71.0045]
Tue 15 Apr 2025 21:17:28 INFO  epoch 12 evaluating [time: 5.30s, valid_score: 0.218500]
Tue 15 Apr 2025 21:17:28 INFO  valid result: 
mrr@10 : 0.2185
Tue 15 Apr 2025 21:17:29 INFO  epoch 13 training [time: 1.22s, train loss: 69.8176]
Tue 15 Apr 2025 21:17:35 INFO  epoch 13 evaluating [time: 5.36s, valid_score: 0.223000]
Tue 15 Apr 2025 21:17:35 INFO  valid result: 
mrr@10 : 0.223
Tue 15 Apr 2025 21:17:35 INFO  Saving current: ./saved/movielens/BPR-Apr-15-2025_21-15-54.pth
Tue 15 Apr 2025 21:17:36 INFO  epoch 14 training [time: 1.27s, train loss: 68.1892]
Tue 15 Apr 2025 21:17:41 INFO  epoch 14 evaluating [time: 5.38s, valid_score: 0.224500]
Tue 15 Apr 2025 21:17:41 INFO  valid result: 
mrr@10 : 0.2245
Tue 15 Apr 2025 21:17:41 INFO  Saving current: ./saved/movielens/BPR-Apr-15-2025_21-15-54.pth
Tue 15 Apr 2025 21:17:42 INFO  epoch 15 training [time: 1.24s, train loss: 66.9928]
Tue 15 Apr 2025 21:17:48 INFO  epoch 15 evaluating [time: 5.30s, valid_score: 0.228800]
Tue 15 Apr 2025 21:17:48 INFO  valid result: 
mrr@10 : 0.2288
Tue 15 Apr 2025 21:17:48 INFO  Saving current: ./saved/movielens/BPR-Apr-15-2025_21-15-54.pth
Tue 15 Apr 2025 21:17:49 INFO  epoch 16 training [time: 1.28s, train loss: 65.6003]
Tue 15 Apr 2025 21:17:54 INFO  epoch 16 evaluating [time: 5.35s, valid_score: 0.227800]
Tue 15 Apr 2025 21:17:54 INFO  valid result: 
mrr@10 : 0.2278
Tue 15 Apr 2025 21:17:56 INFO  epoch 17 training [time: 1.27s, train loss: 64.3511]
Tue 15 Apr 2025 21:18:01 INFO  epoch 17 evaluating [time: 5.22s, valid_score: 0.227100]
Tue 15 Apr 2025 21:18:01 INFO  valid result: 
mrr@10 : 0.2271
Tue 15 Apr 2025 21:18:02 INFO  epoch 18 training [time: 1.22s, train loss: 62.9592]
Tue 15 Apr 2025 21:18:07 INFO  epoch 18 evaluating [time: 5.12s, valid_score: 0.230000]
Tue 15 Apr 2025 21:18:07 INFO  valid result: 
mrr@10 : 0.23
Tue 15 Apr 2025 21:18:07 INFO  Saving current: ./saved/movielens/BPR-Apr-15-2025_21-15-54.pth
Tue 15 Apr 2025 21:18:09 INFO  epoch 19 training [time: 1.27s, train loss: 62.0306]
Tue 15 Apr 2025 21:18:14 INFO  epoch 19 evaluating [time: 5.30s, valid_score: 0.230100]
Tue 15 Apr 2025 21:18:14 INFO  valid result: 
mrr@10 : 0.2301
Tue 15 Apr 2025 21:18:14 INFO  Saving current: ./saved/movielens/BPR-Apr-15-2025_21-15-54.pth
Tue 15 Apr 2025 21:18:15 INFO  epoch 20 training [time: 1.22s, train loss: 60.7903]
Tue 15 Apr 2025 21:18:20 INFO  epoch 20 evaluating [time: 5.25s, valid_score: 0.228000]
Tue 15 Apr 2025 21:18:20 INFO  valid result: 
mrr@10 : 0.228
Tue 15 Apr 2025 21:18:22 INFO  epoch 21 training [time: 1.27s, train loss: 59.7960]
Tue 15 Apr 2025 21:18:27 INFO  epoch 21 evaluating [time: 5.21s, valid_score: 0.232100]
Tue 15 Apr 2025 21:18:27 INFO  valid result: 
mrr@10 : 0.2321
Tue 15 Apr 2025 21:18:27 INFO  Saving current: ./saved/movielens/BPR-Apr-15-2025_21-15-54.pth
Tue 15 Apr 2025 21:18:28 INFO  epoch 22 training [time: 1.24s, train loss: 58.3847]
Tue 15 Apr 2025 21:18:33 INFO  epoch 22 evaluating [time: 5.29s, valid_score: 0.233100]
Tue 15 Apr 2025 21:18:33 INFO  valid result: 
mrr@10 : 0.2331
Tue 15 Apr 2025 21:18:33 INFO  Saving current: ./saved/movielens/BPR-Apr-15-2025_21-15-54.pth
Tue 15 Apr 2025 21:18:35 INFO  epoch 23 training [time: 1.21s, train loss: 57.6891]
Tue 15 Apr 2025 21:18:40 INFO  epoch 23 evaluating [time: 5.33s, valid_score: 0.236900]
Tue 15 Apr 2025 21:18:40 INFO  valid result: 
mrr@10 : 0.2369
Tue 15 Apr 2025 21:18:40 INFO  Saving current: ./saved/movielens/BPR-Apr-15-2025_21-15-54.pth
Tue 15 Apr 2025 21:18:41 INFO  epoch 24 training [time: 1.23s, train loss: 56.9543]
Tue 15 Apr 2025 21:18:46 INFO  epoch 24 evaluating [time: 5.31s, valid_score: 0.237600]
Tue 15 Apr 2025 21:18:46 INFO  valid result: 
mrr@10 : 0.2376
Tue 15 Apr 2025 21:18:46 INFO  Saving current: ./saved/movielens/BPR-Apr-15-2025_21-15-54.pth
Tue 15 Apr 2025 21:18:48 INFO  epoch 25 training [time: 1.26s, train loss: 56.0171]
Tue 15 Apr 2025 21:18:53 INFO  epoch 25 evaluating [time: 5.24s, valid_score: 0.237100]
Tue 15 Apr 2025 21:18:53 INFO  valid result: 
mrr@10 : 0.2371
Tue 15 Apr 2025 21:18:54 INFO  epoch 26 training [time: 1.22s, train loss: 54.7219]
Tue 15 Apr 2025 21:18:59 INFO  epoch 26 evaluating [time: 5.33s, valid_score: 0.239100]
Tue 15 Apr 2025 21:18:59 INFO  valid result: 
mrr@10 : 0.2391
Tue 15 Apr 2025 21:18:59 INFO  Saving current: ./saved/movielens/BPR-Apr-15-2025_21-15-54.pth
Tue 15 Apr 2025 21:19:01 INFO  epoch 27 training [time: 1.29s, train loss: 53.7193]
Tue 15 Apr 2025 21:19:06 INFO  epoch 27 evaluating [time: 5.47s, valid_score: 0.239300]
Tue 15 Apr 2025 21:19:06 INFO  valid result: 
mrr@10 : 0.2393
Tue 15 Apr 2025 21:19:06 INFO  Saving current: ./saved/movielens/BPR-Apr-15-2025_21-15-54.pth
Tue 15 Apr 2025 21:19:08 INFO  epoch 28 training [time: 1.29s, train loss: 52.9704]
Tue 15 Apr 2025 21:19:13 INFO  epoch 28 evaluating [time: 5.25s, valid_score: 0.239500]
Tue 15 Apr 2025 21:19:13 INFO  valid result: 
mrr@10 : 0.2395
Tue 15 Apr 2025 21:19:13 INFO  Saving current: ./saved/movielens/BPR-Apr-15-2025_21-15-54.pth
Tue 15 Apr 2025 21:19:14 INFO  epoch 29 training [time: 1.22s, train loss: 52.0376]
Tue 15 Apr 2025 21:19:20 INFO  epoch 29 evaluating [time: 5.72s, valid_score: 0.238000]
Tue 15 Apr 2025 21:19:20 INFO  valid result: 
mrr@10 : 0.238
Tue 15 Apr 2025 21:19:21 INFO  epoch 30 training [time: 1.26s, train loss: 51.1086]
Tue 15 Apr 2025 21:19:27 INFO  epoch 30 evaluating [time: 5.59s, valid_score: 0.237800]
Tue 15 Apr 2025 21:19:27 INFO  valid result: 
mrr@10 : 0.2378
Tue 15 Apr 2025 21:19:28 INFO  epoch 31 training [time: 1.24s, train loss: 50.5370]
Tue 15 Apr 2025 21:19:33 INFO  epoch 31 evaluating [time: 5.56s, valid_score: 0.240600]
Tue 15 Apr 2025 21:19:33 INFO  valid result: 
mrr@10 : 0.2406
Tue 15 Apr 2025 21:19:33 INFO  Saving current: ./saved/movielens/BPR-Apr-15-2025_21-15-54.pth
Tue 15 Apr 2025 21:19:35 INFO  epoch 32 training [time: 1.25s, train loss: 49.7379]
Tue 15 Apr 2025 21:19:40 INFO  epoch 32 evaluating [time: 5.47s, valid_score: 0.240600]
Tue 15 Apr 2025 21:19:40 INFO  valid result: 
mrr@10 : 0.2406
Tue 15 Apr 2025 21:19:40 INFO  Saving current: ./saved/movielens/BPR-Apr-15-2025_21-15-54.pth
Tue 15 Apr 2025 21:19:41 INFO  epoch 33 training [time: 1.23s, train loss: 48.9808]
Tue 15 Apr 2025 21:19:47 INFO  epoch 33 evaluating [time: 5.46s, valid_score: 0.242700]
Tue 15 Apr 2025 21:19:47 INFO  valid result: 
mrr@10 : 0.2427
Tue 15 Apr 2025 21:19:47 INFO  Saving current: ./saved/movielens/BPR-Apr-15-2025_21-15-54.pth
Tue 15 Apr 2025 21:19:48 INFO  epoch 34 training [time: 1.27s, train loss: 48.5855]
Tue 15 Apr 2025 21:19:54 INFO  epoch 34 evaluating [time: 5.51s, valid_score: 0.241700]
Tue 15 Apr 2025 21:19:54 INFO  valid result: 
mrr@10 : 0.2417
Tue 15 Apr 2025 21:19:55 INFO  epoch 35 training [time: 1.28s, train loss: 47.6939]
Tue 15 Apr 2025 21:20:00 INFO  epoch 35 evaluating [time: 5.34s, valid_score: 0.239100]
Tue 15 Apr 2025 21:20:00 INFO  valid result: 
mrr@10 : 0.2391
Tue 15 Apr 2025 21:20:02 INFO  epoch 36 training [time: 1.26s, train loss: 47.0169]
Tue 15 Apr 2025 21:20:07 INFO  epoch 36 evaluating [time: 5.32s, valid_score: 0.240200]
Tue 15 Apr 2025 21:20:07 INFO  valid result: 
mrr@10 : 0.2402
Tue 15 Apr 2025 21:20:08 INFO  epoch 37 training [time: 1.21s, train loss: 46.4832]
Tue 15 Apr 2025 21:20:13 INFO  epoch 37 evaluating [time: 5.23s, valid_score: 0.240600]
Tue 15 Apr 2025 21:20:13 INFO  valid result: 
mrr@10 : 0.2406
Tue 15 Apr 2025 21:20:15 INFO  epoch 38 training [time: 1.22s, train loss: 46.1109]
Tue 15 Apr 2025 21:20:20 INFO  epoch 38 evaluating [time: 5.27s, valid_score: 0.243700]
Tue 15 Apr 2025 21:20:20 INFO  valid result: 
mrr@10 : 0.2437
Tue 15 Apr 2025 21:20:20 INFO  Saving current: ./saved/movielens/BPR-Apr-15-2025_21-15-54.pth
Tue 15 Apr 2025 21:20:21 INFO  epoch 39 training [time: 1.25s, train loss: 45.1283]
Tue 15 Apr 2025 21:20:26 INFO  epoch 39 evaluating [time: 5.29s, valid_score: 0.242200]
Tue 15 Apr 2025 21:20:26 INFO  valid result: 
mrr@10 : 0.2422
Tue 15 Apr 2025 21:20:28 INFO  epoch 40 training [time: 1.21s, train loss: 44.3381]
Tue 15 Apr 2025 21:20:33 INFO  epoch 40 evaluating [time: 5.28s, valid_score: 0.241600]
Tue 15 Apr 2025 21:20:33 INFO  valid result: 
mrr@10 : 0.2416
Tue 15 Apr 2025 21:20:34 INFO  epoch 41 training [time: 1.26s, train loss: 44.1790]
Tue 15 Apr 2025 21:20:39 INFO  epoch 41 evaluating [time: 5.24s, valid_score: 0.239400]
Tue 15 Apr 2025 21:20:39 INFO  valid result: 
mrr@10 : 0.2394
Tue 15 Apr 2025 21:20:41 INFO  epoch 42 training [time: 1.22s, train loss: 43.5270]
Tue 15 Apr 2025 21:20:46 INFO  epoch 42 evaluating [time: 5.43s, valid_score: 0.242100]
Tue 15 Apr 2025 21:20:46 INFO  valid result: 
mrr@10 : 0.2421
Tue 15 Apr 2025 21:20:47 INFO  epoch 43 training [time: 1.21s, train loss: 42.9117]
Tue 15 Apr 2025 21:20:53 INFO  epoch 43 evaluating [time: 5.44s, valid_score: 0.242300]
Tue 15 Apr 2025 21:20:53 INFO  valid result: 
mrr@10 : 0.2423
Tue 15 Apr 2025 21:20:54 INFO  epoch 44 training [time: 1.20s, train loss: 42.5800]
Tue 15 Apr 2025 21:20:59 INFO  epoch 44 evaluating [time: 5.25s, valid_score: 0.244300]
Tue 15 Apr 2025 21:20:59 INFO  valid result: 
mrr@10 : 0.2443
Tue 15 Apr 2025 21:20:59 INFO  Saving current: ./saved/movielens/BPR-Apr-15-2025_21-15-54.pth
Tue 15 Apr 2025 21:21:00 INFO  epoch 45 training [time: 1.22s, train loss: 42.0880]
Tue 15 Apr 2025 21:21:06 INFO  epoch 45 evaluating [time: 5.31s, valid_score: 0.239500]
Tue 15 Apr 2025 21:21:06 INFO  valid result: 
mrr@10 : 0.2395
Tue 15 Apr 2025 21:21:07 INFO  epoch 46 training [time: 1.23s, train loss: 41.6144]
Tue 15 Apr 2025 21:21:12 INFO  epoch 46 evaluating [time: 5.27s, valid_score: 0.240800]
Tue 15 Apr 2025 21:21:12 INFO  valid result: 
mrr@10 : 0.2408
Tue 15 Apr 2025 21:21:13 INFO  epoch 47 training [time: 1.22s, train loss: 41.4581]
Tue 15 Apr 2025 21:21:19 INFO  epoch 47 evaluating [time: 5.21s, valid_score: 0.240200]
Tue 15 Apr 2025 21:21:19 INFO  valid result: 
mrr@10 : 0.2402
Tue 15 Apr 2025 21:21:20 INFO  epoch 48 training [time: 1.22s, train loss: 40.8314]
Tue 15 Apr 2025 21:21:26 INFO  epoch 48 evaluating [time: 5.94s, valid_score: 0.239300]
Tue 15 Apr 2025 21:21:26 INFO  valid result: 
mrr@10 : 0.2393
Tue 15 Apr 2025 21:21:27 INFO  epoch 49 training [time: 1.22s, train loss: 40.5729]
Tue 15 Apr 2025 21:21:32 INFO  epoch 49 evaluating [time: 5.39s, valid_score: 0.240700]
Tue 15 Apr 2025 21:21:32 INFO  valid result: 
mrr@10 : 0.2407
Tue 15 Apr 2025 21:21:32 INFO  Loading model structure and parameters from ./saved/movielens/BPR-Apr-15-2025_21-15-54.pth
