Sat 19 Apr 2025 14:50:01 INFO  
General Hyper Parameters:
gpu_id = 0
use_gpu = True
seed = 2020
state = INFO
reproducibility = True
data_path = dataset/amazon
checkpoint_dir = ./saved/amazon/
show_progress = True
save_dataset = True
dataset_save_path = None
save_dataloaders = True
dataloaders_save_path = None
log_wandb = False

Training Hyper Parameters:
epochs = 20
train_batch_size = 2048
learner = adam
learning_rate = 0.001
train_neg_sample_args = {'distribution': 'uniform', 'sample_num': 1, 'alpha': 1.0, 'dynamic': False, 'candidate_num': 0}
eval_step = 1
stopping_step = 50
clip_grad_norm = None
weight_decay = 0.0
loss_decimal_place = 4

Evaluation Hyper Parameters:
eval_args = {'split': {'RS': [0.8, 0.1, 0.1]}, 'group_by': 'user', 'order': 'RO', 'mode': 'full'}
repeatable = False
metrics = ['MRR']
topk = [10]
valid_metric = MRR@10
valid_metric_bigger = True
eval_batch_size = 4096
metric_decimal_place = 4

Dataset Hyper Parameters:
field_separator = 	
seq_separator =  
USER_ID_FIELD = user_id
ITEM_ID_FIELD = item_id
RATING_FIELD = rating
TIME_FIELD = timestamp
seq_len = None
LABEL_FIELD = label
threshold = None
NEG_PREFIX = neg_
load_col = {'inter': ['user_id', 'item_id']}
unload_col = None
unused_col = None
additional_feat_suffix = None
rm_dup_inter = None
val_interval = None
filter_inter_by_user_or_item = True
user_inter_num_interval = [0,inf)
item_inter_num_interval = [0,inf)
alias_of_user_id = None
alias_of_item_id = None
alias_of_entity_id = None
alias_of_relation_id = None
preload_weight = None
normalize_field = None
normalize_all = None
ITEM_LIST_LENGTH_FIELD = item_length
LIST_SUFFIX = _list
MAX_ITEM_LIST_LENGTH = 50
POSITION_FIELD = position_id
HEAD_ENTITY_ID_FIELD = head_id
TAIL_ENTITY_ID_FIELD = tail_id
RELATION_ID_FIELD = relation_id
ENTITY_ID_FIELD = entity_id
benchmark_filename = None

Other Hyper Parameters: 
worker = 0
wandb_project = recbole
shuffle = True
require_pow = False
enable_amp = False
enable_scaler = False
transform = None
embedding_size = 64
numerical_features = []
discretization = None
kg_reverse_r = False
entity_kg_num_interval = [0,inf)
relation_kg_num_interval = [0,inf)
MODEL_TYPE = ModelType.GENERAL
MODEL_INPUT_TYPE = InputType.PAIRWISE
eval_type = EvaluatorType.RANKING
single_spec = True
local_rank = 0
device = cuda
eval_neg_sample_args = {'distribution': 'uniform', 'sample_num': 'none'}


Sat 19 Apr 2025 14:50:01 INFO  Load filtered dataset from: [./saved/amazon/amazon-Dataset.pth]
Sat 19 Apr 2025 14:50:01 INFO  amazon
The number of users: 22156
Average actions of users: 66.16434213495825
The number of items: 54459
Average actions of items: 26.917459326453415
The number of inters: 1465871
The sparsity of the dataset: 99.87851162187994%
Remain Fields: ['user_id', 'item_id']
Sat 19 Apr 2025 14:50:09 INFO  Load split dataloaders from: [./saved/amazon/amazon-for-BPR-dataloader.pth]
Sat 19 Apr 2025 14:50:09 INFO  [Training]: train_batch_size = [2048] train_neg_sample_args: [{'distribution': 'uniform', 'sample_num': 1, 'alpha': 1.0, 'dynamic': False, 'candidate_num': 0}]
Sat 19 Apr 2025 14:50:09 INFO  [Evaluation]: eval_batch_size = [4096] eval_args: [{'split': {'RS': [0.8, 0.1, 0.1]}, 'group_by': 'user', 'order': 'RO', 'mode': 'full'}]
Sat 19 Apr 2025 14:50:10 INFO  BPR(
  (user_embedding): Embedding(22156, 64)
  (item_embedding): Embedding(54459, 64)
  (loss): BPRLoss()
)
Trainable parameters: 4903360
Sat 19 Apr 2025 14:50:17 INFO  epoch 0 training [time: 2.68s, train loss: 382.5074]
Sat 19 Apr 2025 14:50:44 INFO  epoch 0 evaluating [time: 27.42s, valid_score: 0.028800]
Sat 19 Apr 2025 14:50:44 INFO  valid result: 
mrr@10 : 0.0288
Sat 19 Apr 2025 14:50:44 INFO  Saving current: ./saved/amazon/BPR-Apr-19-2025_14-50-10.pth
Sat 19 Apr 2025 14:50:47 INFO  epoch 1 training [time: 2.56s, train loss: 236.1887]
Sat 19 Apr 2025 14:51:12 INFO  epoch 1 evaluating [time: 25.04s, valid_score: 0.031900]
Sat 19 Apr 2025 14:51:12 INFO  valid result: 
mrr@10 : 0.0319
Sat 19 Apr 2025 14:51:12 INFO  Saving current: ./saved/amazon/BPR-Apr-19-2025_14-50-10.pth
Sat 19 Apr 2025 14:51:15 INFO  epoch 2 training [time: 2.58s, train loss: 158.7624]
Sat 19 Apr 2025 14:51:40 INFO  epoch 2 evaluating [time: 24.89s, valid_score: 0.034600]
Sat 19 Apr 2025 14:51:40 INFO  valid result: 
mrr@10 : 0.0346
Sat 19 Apr 2025 14:51:40 INFO  Saving current: ./saved/amazon/BPR-Apr-19-2025_14-50-10.pth
Sat 19 Apr 2025 14:51:42 INFO  epoch 3 training [time: 2.57s, train loss: 126.3136]
Sat 19 Apr 2025 14:52:07 INFO  epoch 3 evaluating [time: 24.99s, valid_score: 0.037600]
Sat 19 Apr 2025 14:52:07 INFO  valid result: 
mrr@10 : 0.0376
Sat 19 Apr 2025 14:52:07 INFO  Saving current: ./saved/amazon/BPR-Apr-19-2025_14-50-10.pth
Sat 19 Apr 2025 14:52:10 INFO  epoch 4 training [time: 2.48s, train loss: 107.7318]
Sat 19 Apr 2025 14:52:36 INFO  epoch 4 evaluating [time: 25.89s, valid_score: 0.038600]
Sat 19 Apr 2025 14:52:36 INFO  valid result: 
mrr@10 : 0.0386
Sat 19 Apr 2025 14:52:36 INFO  Saving current: ./saved/amazon/BPR-Apr-19-2025_14-50-10.pth
Sat 19 Apr 2025 14:52:38 INFO  epoch 5 training [time: 2.60s, train loss: 95.0298]
Sat 19 Apr 2025 14:53:04 INFO  epoch 5 evaluating [time: 25.99s, valid_score: 0.040300]
Sat 19 Apr 2025 14:53:04 INFO  valid result: 
mrr@10 : 0.0403
Sat 19 Apr 2025 14:53:04 INFO  Saving current: ./saved/amazon/BPR-Apr-19-2025_14-50-10.pth
Sat 19 Apr 2025 14:53:07 INFO  epoch 6 training [time: 2.58s, train loss: 85.7006]
Sat 19 Apr 2025 14:53:32 INFO  epoch 6 evaluating [time: 25.32s, valid_score: 0.041000]
Sat 19 Apr 2025 14:53:32 INFO  valid result: 
mrr@10 : 0.041
Sat 19 Apr 2025 14:53:32 INFO  Saving current: ./saved/amazon/BPR-Apr-19-2025_14-50-10.pth
Sat 19 Apr 2025 14:53:35 INFO  epoch 7 training [time: 2.53s, train loss: 77.5901]
Sat 19 Apr 2025 14:54:02 INFO  epoch 7 evaluating [time: 27.18s, valid_score: 0.042800]
Sat 19 Apr 2025 14:54:02 INFO  valid result: 
mrr@10 : 0.0428
Sat 19 Apr 2025 14:54:02 INFO  Saving current: ./saved/amazon/BPR-Apr-19-2025_14-50-10.pth
Sat 19 Apr 2025 14:54:05 INFO  epoch 8 training [time: 2.48s, train loss: 71.6992]
Sat 19 Apr 2025 14:54:31 INFO  epoch 8 evaluating [time: 26.80s, valid_score: 0.045000]
Sat 19 Apr 2025 14:54:31 INFO  valid result: 
mrr@10 : 0.045
Sat 19 Apr 2025 14:54:31 INFO  Saving current: ./saved/amazon/BPR-Apr-19-2025_14-50-10.pth
Sat 19 Apr 2025 14:54:34 INFO  epoch 9 training [time: 2.57s, train loss: 66.9045]
Sat 19 Apr 2025 14:55:00 INFO  epoch 9 evaluating [time: 25.65s, valid_score: 0.044800]
Sat 19 Apr 2025 14:55:00 INFO  valid result: 
mrr@10 : 0.0448
Sat 19 Apr 2025 14:55:02 INFO  epoch 10 training [time: 2.49s, train loss: 62.3791]
Sat 19 Apr 2025 14:55:27 INFO  epoch 10 evaluating [time: 25.12s, valid_score: 0.045600]
Sat 19 Apr 2025 14:55:27 INFO  valid result: 
mrr@10 : 0.0456
Sat 19 Apr 2025 14:55:27 INFO  Saving current: ./saved/amazon/BPR-Apr-19-2025_14-50-10.pth
Sat 19 Apr 2025 14:55:30 INFO  epoch 11 training [time: 2.57s, train loss: 58.6555]
Sat 19 Apr 2025 14:55:55 INFO  epoch 11 evaluating [time: 25.17s, valid_score: 0.047400]
Sat 19 Apr 2025 14:55:55 INFO  valid result: 
mrr@10 : 0.0474
Sat 19 Apr 2025 14:55:55 INFO  Saving current: ./saved/amazon/BPR-Apr-19-2025_14-50-10.pth
Sat 19 Apr 2025 14:55:58 INFO  epoch 12 training [time: 2.51s, train loss: 55.3479]
Sat 19 Apr 2025 14:56:23 INFO  epoch 12 evaluating [time: 25.32s, valid_score: 0.048700]
Sat 19 Apr 2025 14:56:23 INFO  valid result: 
mrr@10 : 0.0487
Sat 19 Apr 2025 14:56:23 INFO  Saving current: ./saved/amazon/BPR-Apr-19-2025_14-50-10.pth
Sat 19 Apr 2025 14:56:25 INFO  epoch 13 training [time: 2.51s, train loss: 52.0482]
Sat 19 Apr 2025 14:56:51 INFO  epoch 13 evaluating [time: 25.89s, valid_score: 0.048100]
Sat 19 Apr 2025 14:56:51 INFO  valid result: 
mrr@10 : 0.0481
Sat 19 Apr 2025 14:56:54 INFO  epoch 14 training [time: 2.53s, train loss: 49.3036]
Sat 19 Apr 2025 14:57:19 INFO  epoch 14 evaluating [time: 24.99s, valid_score: 0.048200]
Sat 19 Apr 2025 14:57:19 INFO  valid result: 
mrr@10 : 0.0482
Sat 19 Apr 2025 14:57:21 INFO  epoch 15 training [time: 2.52s, train loss: 46.8711]
Sat 19 Apr 2025 14:57:49 INFO  epoch 15 evaluating [time: 27.15s, valid_score: 0.049600]
Sat 19 Apr 2025 14:57:49 INFO  valid result: 
mrr@10 : 0.0496
Sat 19 Apr 2025 14:57:49 INFO  Saving current: ./saved/amazon/BPR-Apr-19-2025_14-50-10.pth
Sat 19 Apr 2025 14:57:51 INFO  epoch 16 training [time: 2.60s, train loss: 44.5130]
Sat 19 Apr 2025 14:58:17 INFO  epoch 16 evaluating [time: 25.84s, valid_score: 0.050000]
Sat 19 Apr 2025 14:58:17 INFO  valid result: 
mrr@10 : 0.05
Sat 19 Apr 2025 14:58:17 INFO  Saving current: ./saved/amazon/BPR-Apr-19-2025_14-50-10.pth
Sat 19 Apr 2025 14:58:20 INFO  epoch 17 training [time: 2.58s, train loss: 42.6299]
Sat 19 Apr 2025 14:58:45 INFO  epoch 17 evaluating [time: 25.76s, valid_score: 0.051100]
Sat 19 Apr 2025 14:58:45 INFO  valid result: 
mrr@10 : 0.0511
Sat 19 Apr 2025 14:58:45 INFO  Saving current: ./saved/amazon/BPR-Apr-19-2025_14-50-10.pth
Sat 19 Apr 2025 14:58:48 INFO  epoch 18 training [time: 2.57s, train loss: 40.5013]
Sat 19 Apr 2025 14:59:13 INFO  epoch 18 evaluating [time: 25.12s, valid_score: 0.051600]
Sat 19 Apr 2025 14:59:13 INFO  valid result: 
mrr@10 : 0.0516
Sat 19 Apr 2025 14:59:13 INFO  Saving current: ./saved/amazon/BPR-Apr-19-2025_14-50-10.pth
Sat 19 Apr 2025 14:59:16 INFO  epoch 19 training [time: 2.53s, train loss: 38.9237]
Sat 19 Apr 2025 14:59:42 INFO  epoch 19 evaluating [time: 25.87s, valid_score: 0.053000]
Sat 19 Apr 2025 14:59:42 INFO  valid result: 
mrr@10 : 0.053
Sat 19 Apr 2025 14:59:42 INFO  Saving current: ./saved/amazon/BPR-Apr-19-2025_14-50-10.pth
Sat 19 Apr 2025 14:59:42 INFO  Loading model structure and parameters from ./saved/amazon/BPR-Apr-19-2025_14-50-10.pth
